number,value,state,params_batch_size,params_cnn_kernel_size,params_cnn_num_blocks,params_dropout,params_hidden_dim,params_lr,params_weight_decay,user_attrs_latest_running_objective,user_attrs_params,user_attrs_rows
7,0.05426332255204518,PRUNED,8,3,2,0.07561064512368885,96,0.0004369605981464635,1.4063366777718187e-06,,"{'model_name': 'DeepSets', 'hidden_dim': 96, 'dropout': 0.07561064512368885, 'lr': 0.0004369605981464635, 'weight_decay': 1.4063366777718187e-06, 'batch_size': 8, 'num_heads': 4, 'num_sab_layers': 2, 'num_seeds': 1, 'num_inducing_points': 32, 'cnn_num_blocks': 2, 'cnn_kernel_size': 3}",
8,0.0730281853959674,PRUNED,16,3,2,0.06738017242196918,128,0.0005131526253600154,8.798929749689028e-06,,"{'model_name': 'DeepSets', 'hidden_dim': 128, 'dropout': 0.06738017242196918, 'lr': 0.0005131526253600154, 'weight_decay': 8.798929749689028e-06, 'batch_size': 16, 'num_heads': 4, 'num_sab_layers': 2, 'num_seeds': 1, 'num_inducing_points': 32, 'cnn_num_blocks': 2, 'cnn_kernel_size': 3}",
9,0.06028362817707516,PRUNED,16,5,2,0.019710228429397403,64,0.00015667998248172538,1.874221098555571e-05,,"{'model_name': 'DeepSets', 'hidden_dim': 64, 'dropout': 0.019710228429397403, 'lr': 0.00015667998248172538, 'weight_decay': 1.874221098555571e-05, 'batch_size': 16, 'num_heads': 4, 'num_sab_layers': 2, 'num_seeds': 1, 'num_inducing_points': 32, 'cnn_num_blocks': 2, 'cnn_kernel_size': 5}",
10,0.08042646501035917,PRUNED,16,5,3,0.042735490625946795,128,0.0002989036364578837,4.22324048018235e-06,,"{'model_name': 'DeepSets', 'hidden_dim': 128, 'dropout': 0.042735490625946795, 'lr': 0.0002989036364578837, 'weight_decay': 4.22324048018235e-06, 'batch_size': 16, 'num_heads': 4, 'num_sab_layers': 2, 'num_seeds': 1, 'num_inducing_points': 32, 'cnn_num_blocks': 3, 'cnn_kernel_size': 5}",
11,0.059162332153036484,PRUNED,16,3,3,0.09522656887511347,128,0.0002538842656688538,2.55053801422877e-05,,"{'model_name': 'DeepSets', 'hidden_dim': 128, 'dropout': 0.09522656887511347, 'lr': 0.0002538842656688538, 'weight_decay': 2.55053801422877e-05, 'batch_size': 16, 'num_heads': 4, 'num_sab_layers': 2, 'num_seeds': 1, 'num_inducing_points': 32, 'cnn_num_blocks': 3, 'cnn_kernel_size': 3}",
12,0.05300730168819427,PRUNED,16,3,3,0.044098977189230726,128,0.00015182243165384016,4.550785336327574e-06,,"{'model_name': 'DeepSets', 'hidden_dim': 128, 'dropout': 0.044098977189230726, 'lr': 0.00015182243165384016, 'weight_decay': 4.550785336327574e-06, 'batch_size': 16, 'num_heads': 4, 'num_sab_layers': 2, 'num_seeds': 1, 'num_inducing_points': 32, 'cnn_num_blocks': 3, 'cnn_kernel_size': 3}",
13,0.051433635964280085,PRUNED,16,3,3,0.039859290516250506,128,0.0002133570936113887,6.353397138130181e-06,,"{'model_name': 'DeepSets', 'hidden_dim': 128, 'dropout': 0.039859290516250506, 'lr': 0.0002133570936113887, 'weight_decay': 6.353397138130181e-06, 'batch_size': 16, 'num_heads': 4, 'num_sab_layers': 2, 'num_seeds': 1, 'num_inducing_points': 32, 'cnn_num_blocks': 3, 'cnn_kernel_size': 3}",
