number,value,state,params_batch_size,params_cnn_kernel_size,params_cnn_num_blocks,params_dropout,params_hidden_dim,params_lr,params_weight_decay,user_attrs_latest_running_objective,user_attrs_params,user_attrs_rows
3,0.9003247268386426,COMPLETE,8,3,3,0.05628109945722505,96,0.00034100470346980536,1.2385137298860933e-06,0.9003247268386426,"{'model_name': 'DeepSets', 'hidden_dim': 96, 'dropout': 0.05628109945722505, 'lr': 0.00034100470346980536, 'weight_decay': 1.2385137298860933e-06, 'batch_size': 8, 'num_heads': 4, 'num_sab_layers': 2, 'num_seeds': 1, 'num_inducing_points': 32, 'cnn_num_blocks': 3, 'cnn_kernel_size': 3}","[{'stage': 'stage1', 'task': 'store_dept', 'fold': 0, 'model': 'DeepSets', 'train_samples': 1624, 'valid_samples': 210, 'eval_samples': 210, 'base_model': 'DeepSets', 'wrmsse': 0.9003247268386426, 'wape': 0.15387125959678025, 'series_rows': [{'task': 'store_dept', 'fold': -1, 'model': 'DeepSets', 'base_model': 'DeepSets', 'agg_id': 'CA_1__FOODS_1', 'origin_time': 1708, 'row_id': 0, 'revenue_28': 10937.1396484375, 'weight': 0.006453626642117327, 'metric': 'rmsse', 'metric_value': 0.6692299003112401}, {'task': 'store_dept', 'fold': -1, 'model': 'DeepSets', 'base_model': 'DeepSets', 'agg_id': 'CA_1__FOODS_2', 'origin_time': 1708, 'row_id': 1, 'revenue_28': 23643.80859375, 'weight': 0.013951391128442495, 'metric': 'rmsse', 'metric_value': 0.934970860031703}, {'task': 'store_dept', 'fold': -1, 'model': 'DeepSets', 'base_model': 'DeepSets', 'agg_id': 'CA_1__FOODS_3', 'origin_time': 1708, 'row_id': 2, 'revenue_28': 74294.453125, 'weight': 0.04383857914052827, 'metric': 'rmsse', 'metric_value': 0.7279671265461626}, {'task': 'store_dept', 'fold': -1, 'model': 'DeepSets', 'base_model': 'DeepSets', 'agg_id': 'CA_1__HOBBIES_1', 'origin_time': 1708, 'row_id': 3, 'revenue_28': 34339.87890625, 'weight': 0.020262771119331772, 'metric': 'rmsse', 'metric_value': 0.559333870226513}, {'task': 'store_dept', 'fold': -1, 'model': 'DeepSets', 'base_model': 'DeepSets', 'agg_id': 'CA_1__HOBBIES_2', 'origin_time': 1708, 'row_id': 4, 'revenue_28': 883.6799926757812, 'weight': 0.0005214289043710984, 'metric': 'rmsse', 'metric_value': 2.178538932460587}, {'task': 'store_dept', 'fold': -1, 'model': 'DeepSets', 'base_model': 'DeepSets', 'agg_id': 'CA_1__HOUSEHOLD_1', 'origin_time': 1708, 'row_id': 5, 'revenue_28': 42580.37109375, 'weight': 0.025125199655023665, 'metric': 'rmsse', 'metric_value': 0.6754324120755565}, {'task': 'store_dept', 'fold': -1, 'model': 'DeepSets', 'base_model': 'DeepSets', 'agg_id': 'CA_1__HOUSEHOLD_2', 'origin_time': 1708, 'row_id': 6, 'revenue_28': 12268.728515625, 'weight': 0.00723935103312442, 'metric': 'rmsse', 'metric_value': 0.9854697694220506}, {'task': 'store_dept', 'fold': -1, 'model': 'DeepSets', 'base_model': 'DeepSets', 'agg_id': 'CA_2__FOODS_1', 'origin_time': 1708, 'row_id': 7, 'revenue_28': 17342.310546875, 'weight': 0.010233095761666903, 'metric': 'rmsse', 'metric_value': 0.9034718163134141}, {'task': 'store_dept', 'fold': -1, 'model': 'DeepSets', 'base_model': 'DeepSets', 'agg_id': 'CA_2__FOODS_2', 'origin_time': 1708, 'row_id': 8, 'revenue_28': 19691.0703125, 'weight': 0.011619017409063646, 'metric': 'rmsse', 'metric_value': 2.7123432387681414}, {'task': 'store_dept', 'fold': -1, 'model': 'DeepSets', 'base_model': 'DeepSets', 'agg_id': 'CA_2__FOODS_3', 'origin_time': 1708, 'row_id': 9, 'revenue_28': 66930.5859375, 'weight': 0.03949341660280271, 'metric': 'rmsse', 'metric_value': 0.7882558444494218}, {'task': 'store_dept', 'fold': -1, 'model': 'DeepSets', 'base_model': 'DeepSets', 'agg_id': 'CA_2__HOBBIES_1', 'origin_time': 1708, 'row_id': 10, 'revenue_28': 18162.6796875, 'weight': 0.010717167128814962, 'metric': 'rmsse', 'metric_value': 1.023208463970667}, {'task': 'store_dept', 'fold': -1, 'model': 'DeepSets', 'base_model': 'DeepSets', 'agg_id': 'CA_2__HOBBIES_2', 'origin_time': 1708, 'row_id': 11, 'revenue_28': 1375.47998046875, 'weight': 0.000811623014150716, 'metric': 'rmsse', 'metric_value': 3.0483314420160266}, {'task': 'store_dept', 'fold': -1, 'model': 'DeepSets', 'base_model': 'DeepSets', 'agg_id': 'CA_2__HOUSEHOLD_1', 'origin_time': 1708, 'row_id': 12, 'revenue_28': 44339.19921875, 'weight': 0.026163023108985585, 'metric': 'rmsse', 'metric_value': 0.8602669875319614}, {'task': 'store_dept', 'fold': -1, 'model': 'DeepSets', 'base_model': 'DeepSets', 'agg_id': 'CA_2__HOUSEHOLD_2', 'origin_time': 1708, 'row_id': 13, 'revenue_28': 21699.818359375, 'weight': 0.012804309937943962, 'metric': 'rmsse', 'metric_value': 0.8036058102423992}, {'task': 'store_dept', 'fold': -1, 'model': 'DeepSets', 'base_model': 'DeepSets', 'agg_id': 'CA_3__FOODS_1', 'origin_time': 1708, 'row_id': 14, 'revenue_28': 16035.810546875, 'weight': 0.009462175440728068, 'metric': 'rmsse', 'metric_value': 0.6282777863954111}, {'task': 'store_dept', 'fold': -1, 'model': 'DeepSets', 'base_model': 'DeepSets', 'agg_id': 'CA_3__FOODS_2', 'origin_time': 1708, 'row_id': 15, 'revenue_28': 33442.44140625, 'weight': 0.019733224387205827, 'metric': 'rmsse', 'metric_value': 1.0251214946948308}, {'task': 'store_dept', 'fold': -1, 'model': 'DeepSets', 'base_model': 'DeepSets', 'agg_id': 'CA_3__FOODS_3', 'origin_time': 1708, 'row_id': 16, 'revenue_28': 111588.71875, 'weight': 0.06584463136004848, 'metric': 'rmsse', 'metric_value': 0.5613571741878375}, {'task': 'store_dept', 'fold': -1, 'model': 'DeepSets', 'base_model': 'DeepSets', 'agg_id': 'CA_3__HOBBIES_1', 'origin_time': 1708, 'row_id': 17, 'revenue_28': 31154.150390625, 'weight': 0.01838298325121878, 'metric': 'rmsse', 'metric_value': 0.641397901019612}, {'task': 'store_dept', 'fold': -1, 'model': 'DeepSets', 'base_model': 'DeepSets', 'agg_id': 'CA_3__HOBBIES_2', 'origin_time': 1708, 'row_id': 18, 'revenue_28': 1627.3699951171875, 'weight': 0.0009602545724622821, 'metric': 'rmsse', 'metric_value': 2.0128137970670847}, {'task': 'store_dept', 'fold': -1, 'model': 'DeepSets', 'base_model': 'DeepSets', 'agg_id': 'CA_3__HOUSEHOLD_1', 'origin_time': 1708, 'row_id': 19, 'revenue_28': 76849.5625, 'weight': 0.04534626053311061, 'metric': 'rmsse', 'metric_value': 0.6604738349871775}, {'task': 'store_dept', 'fold': -1, 'model': 'DeepSets', 'base_model': 'DeepSets', 'agg_id': 'CA_3__HOUSEHOLD_2', 'origin_time': 1708, 'row_id': 20, 'revenue_28': 21890.970703125, 'weight': 0.012917102303953881, 'metric': 'rmsse', 'metric_value': 0.6630899502508274}, {'task': 'store_dept', 'fold': -1, 'model': 'DeepSets', 'base_model': 'DeepSets', 'agg_id': 'CA_4__FOODS_1', 'origin_time': 1708, 'row_id': 21, 'revenue_28': 8255.33984375, 'weight': 0.004871189622505088, 'metric': 'rmsse', 'metric_value': 0.8423832889208583}, {'task': 'store_dept', 'fold': -1, 'model': 'DeepSets', 'base_model': 'DeepSets', 'agg_id': 'CA_4__FOODS_2', 'origin_time': 1708, 'row_id': 22, 'revenue_28': 18009.359375, 'weight': 0.010626698131862079, 'metric': 'rmsse', 'metric_value': 0.8611525229995097}, {'task': 'store_dept', 'fold': -1, 'model': 'DeepSets', 'base_model': 'DeepSets', 'agg_id': 'CA_4__FOODS_3', 'origin_time': 1708, 'row_id': 23, 'revenue_28': 39775.58984375, 'weight': 0.023470195551377873, 'metric': 'rmsse', 'metric_value': 0.7520890725923906}, {'task': 'store_dept', 'fold': -1, 'model': 'DeepSets', 'base_model': 'DeepSets', 'agg_id': 'CA_4__HOBBIES_1', 'origin_time': 1708, 'row_id': 24, 'revenue_28': 19575.23046875, 'weight': 0.011550664336334022, 'metric': 'rmsse', 'metric_value': 0.8922532273266316}, {'task': 'store_dept', 'fold': -1, 'model': 'DeepSets', 'base_model': 'DeepSets', 'agg_id': 'CA_4__HOBBIES_2', 'origin_time': 1708, 'row_id': 25, 'revenue_28': 409.760009765625, 'weight': 0.00024178516512546157, 'metric': 'rmsse', 'metric_value': 2.1570673156522733}, {'task': 'store_dept', 'fold': -1, 'model': 'DeepSets', 'base_model': 'DeepSets', 'agg_id': 'CA_4__HOUSEHOLD_1', 'origin_time': 1708, 'row_id': 26, 'revenue_28': 23046.552734375, 'weight': 0.01359897116763731, 'metric': 'rmsse', 'metric_value': 1.0975160137597273}, {'task': 'store_dept', 'fold': -1, 'model': 'DeepSets', 'base_model': 'DeepSets', 'agg_id': 'CA_4__HOUSEHOLD_2', 'origin_time': 1708, 'row_id': 27, 'revenue_28': 6950.60009765625, 'weight': 0.004101307966324263, 'metric': 'rmsse', 'metric_value': 1.3641871208505243}, {'task': 'store_dept', 'fold': -1, 'model': 'DeepSets', 'base_model': 'DeepSets', 'agg_id': 'TX_1__FOODS_1', 'origin_time': 1708, 'row_id': 28, 'revenue_28': 9016.75, 'weight': 0.005320471338557394, 'metric': 'rmsse', 'metric_value': 0.8118560641485819}, {'task': 'store_dept', 'fold': -1, 'model': 'DeepSets', 'base_model': 'DeepSets', 'agg_id': 'TX_1__FOODS_2', 'origin_time': 1708, 'row_id': 29, 'revenue_28': 17827.740234375, 'weight': 0.01051953097826142, 'metric': 'rmsse', 'metric_value': 0.5555659565051098}, {'task': 'store_dept', 'fold': -1, 'model': 'DeepSets', 'base_model': 'DeepSets', 'agg_id': 'TX_1__FOODS_3', 'origin_time': 1708, 'row_id': 30, 'revenue_28': 42695.1015625, 'weight': 0.02519289812405559, 'metric': 'rmsse', 'metric_value': 0.3848562763431357}, {'task': 'store_dept', 'fold': -1, 'model': 'DeepSets', 'base_model': 'DeepSets', 'agg_id': 'TX_1__HOBBIES_1', 'origin_time': 1708, 'row_id': 31, 'revenue_28': 17720.099609375, 'weight': 0.010456015980044002, 'metric': 'rmsse', 'metric_value': 0.7538919922567733}, {'task': 'store_dept', 'fold': -1, 'model': 'DeepSets', 'base_model': 'DeepSets', 'agg_id': 'TX_1__HOBBIES_2', 'origin_time': 1708, 'row_id': 32, 'revenue_28': 1160.7801513671875, 'weight': 0.0006849360940156303, 'metric': 'rmsse', 'metric_value': 2.4648093406384666}, {'task': 'store_dept', 'fold': -1, 'model': 'DeepSets', 'base_model': 'DeepSets', 'agg_id': 'TX_1__HOUSEHOLD_1', 'origin_time': 1708, 'row_id': 33, 'revenue_28': 46490.3671875, 'weight': 0.027432352692500387, 'metric': 'rmsse', 'metric_value': 0.49386226644395875}, {'task': 'store_dept', 'fold': -1, 'model': 'DeepSets', 'base_model': 'DeepSets', 'agg_id': 'TX_1__HOUSEHOLD_2', 'origin_time': 1708, 'row_id': 34, 'revenue_28': 9823.6396484375, 'weight': 0.005796588925037043, 'metric': 'rmsse', 'metric_value': 1.6460506204317138}, {'task': 'store_dept', 'fold': -1, 'model': 'DeepSets', 'base_model': 'DeepSets', 'agg_id': 'TX_2__FOODS_1', 'origin_time': 1708, 'row_id': 35, 'revenue_28': 8490.7998046875, 'weight': 0.005010126376163092, 'metric': 'rmsse', 'metric_value': 0.7018788105591992}, {'task': 'store_dept', 'fold': -1, 'model': 'DeepSets', 'base_model': 'DeepSets', 'agg_id': 'TX_2__FOODS_2', 'origin_time': 1708, 'row_id': 36, 'revenue_28': 20495.01953125, 'weight': 0.012093399950003008, 'metric': 'rmsse', 'metric_value': 0.7436021767162437}, {'task': 'store_dept', 'fold': -1, 'model': 'DeepSets', 'base_model': 'DeepSets', 'agg_id': 'TX_2__FOODS_3', 'origin_time': 1708, 'row_id': 37, 'revenue_28': 59141.5390625, 'weight': 0.03489737028310686, 'metric': 'rmsse', 'metric_value': 0.45248529648434394}, {'task': 'store_dept', 'fold': -1, 'model': 'DeepSets', 'base_model': 'DeepSets', 'agg_id': 'TX_2__HOBBIES_1', 'origin_time': 1708, 'row_id': 38, 'revenue_28': 23595.609375, 'weight': 0.013922950441731627, 'metric': 'rmsse', 'metric_value': 0.8059767549115718}, {'task': 'store_dept', 'fold': -1, 'model': 'DeepSets', 'base_model': 'DeepSets', 'agg_id': 'TX_2__HOBBIES_2', 'origin_time': 1708, 'row_id': 39, 'revenue_28': 1123.8199462890625, 'weight': 0.0006631271593345792, 'metric': 'rmsse', 'metric_value': 1.3513927235897032}, {'task': 'store_dept', 'fold': -1, 'model': 'DeepSets', 'base_model': 'DeepSets', 'agg_id': 'TX_2__HOUSEHOLD_1', 'origin_time': 1708, 'row_id': 40, 'revenue_28': 41207.65234375, 'weight': 0.024315205947171573, 'metric': 'rmsse', 'metric_value': 0.592647173159541}, {'task': 'store_dept', 'fold': -1, 'model': 'DeepSets', 'base_model': 'DeepSets', 'agg_id': 'TX_2__HOUSEHOLD_2', 'origin_time': 1708, 'row_id': 41, 'revenue_28': 11714.7109375, 'weight': 0.006912444481931247, 'metric': 'rmsse', 'metric_value': 0.665027142530518}, {'task': 'store_dept', 'fold': -1, 'model': 'DeepSets', 'base_model': 'DeepSets', 'agg_id': 'TX_3__FOODS_1', 'origin_time': 1708, 'row_id': 42, 'revenue_28': 8560.7705078125, 'weight': 0.005051413660441271, 'metric': 'rmsse', 'metric_value': 0.9434323451832233}, {'task': 'store_dept', 'fold': -1, 'model': 'DeepSets', 'base_model': 'DeepSets', 'agg_id': 'TX_3__FOODS_2', 'origin_time': 1708, 'row_id': 43, 'revenue_28': 22707.96875, 'weight': 0.013399184505640278, 'metric': 'rmsse', 'metric_value': 1.1506533293533494}, {'task': 'store_dept', 'fold': -1, 'model': 'DeepSets', 'base_model': 'DeepSets', 'agg_id': 'TX_3__FOODS_3', 'origin_time': 1708, 'row_id': 44, 'revenue_28': 50708.7578125, 'weight': 0.029921478643109168, 'metric': 'rmsse', 'metric_value': 0.5929750263755227}, {'task': 'store_dept', 'fold': -1, 'model': 'DeepSets', 'base_model': 'DeepSets', 'agg_id': 'TX_3__HOBBIES_1', 'origin_time': 1708, 'row_id': 45, 'revenue_28': 18084.9296875, 'weight': 0.01067128955135381, 'metric': 'rmsse', 'metric_value': 0.6141212762877567}, {'task': 'store_dept', 'fold': -1, 'model': 'DeepSets', 'base_model': 'DeepSets', 'agg_id': 'TX_3__HOBBIES_2', 'origin_time': 1708, 'row_id': 46, 'revenue_28': 1213.0101318359375, 'weight': 0.0007157551933693216, 'metric': 'rmsse', 'metric_value': 2.5801619530223685}, {'task': 'store_dept', 'fold': -1, 'model': 'DeepSets', 'base_model': 'DeepSets', 'agg_id': 'TX_3__HOUSEHOLD_1', 'origin_time': 1708, 'row_id': 47, 'revenue_28': 36640.28125, 'weight': 0.021620158729842447, 'metric': 'rmsse', 'metric_value': 0.8881687955082984}, {'task': 'store_dept', 'fold': -1, 'model': 'DeepSets', 'base_model': 'DeepSets', 'agg_id': 'TX_3__HOUSEHOLD_2', 'origin_time': 1708, 'row_id': 48, 'revenue_28': 10712.6103515625, 'weight': 0.006321139694082849, 'metric': 'rmsse', 'metric_value': 0.7534971148050632}, {'task': 'store_dept', 'fold': -1, 'model': 'DeepSets', 'base_model': 'DeepSets', 'agg_id': 'WI_1__FOODS_1', 'origin_time': 1708, 'row_id': 49, 'revenue_28': 11420.849609375, 'weight': 0.006739047107733285, 'metric': 'rmsse', 'metric_value': 0.8166786506833705}, {'task': 'store_dept', 'fold': -1, 'model': 'DeepSets', 'base_model': 'DeepSets', 'agg_id': 'WI_1__FOODS_2', 'origin_time': 1708, 'row_id': 50, 'revenue_28': 22482.98046875, 'weight': 0.01326642672685059, 'metric': 'rmsse', 'metric_value': 1.6813372719260276}, {'task': 'store_dept', 'fold': -1, 'model': 'DeepSets', 'base_model': 'DeepSets', 'agg_id': 'WI_1__FOODS_3', 'origin_time': 1708, 'row_id': 51, 'revenue_28': 50626.3359375, 'weight': 0.029872844354301376, 'metric': 'rmsse', 'metric_value': 0.7090408578516818}, {'task': 'store_dept', 'fold': -1, 'model': 'DeepSets', 'base_model': 'DeepSets', 'agg_id': 'WI_1__HOBBIES_1', 'origin_time': 1708, 'row_id': 52, 'revenue_28': 21661.267578125, 'weight': 0.01278156245944898, 'metric': 'rmsse', 'metric_value': 0.8882070248038426}, {'task': 'store_dept', 'fold': -1, 'model': 'DeepSets', 'base_model': 'DeepSets', 'agg_id': 'WI_1__HOBBIES_2', 'origin_time': 1708, 'row_id': 53, 'revenue_28': 1029.5399169921875, 'weight': 0.0006074957850952607, 'metric': 'rmsse', 'metric_value': 1.2141206180271744}, {'task': 'store_dept', 'fold': -1, 'model': 'DeepSets', 'base_model': 'DeepSets', 'agg_id': 'WI_1__HOUSEHOLD_1', 'origin_time': 1708, 'row_id': 54, 'revenue_28': 28650.44921875, 'weight': 0.01690563605569118, 'metric': 'rmsse', 'metric_value': 0.7005102667056786}, {'task': 'store_dept', 'fold': -1, 'model': 'DeepSets', 'base_model': 'DeepSets', 'agg_id': 'WI_1__HOUSEHOLD_2', 'origin_time': 1708, 'row_id': 55, 'revenue_28': 8374.6796875, 'weight': 0.004941607923802095, 'metric': 'rmsse', 'metric_value': 1.116332210143391}, {'task': 'store_dept', 'fold': -1, 'model': 'DeepSets', 'base_model': 'DeepSets', 'agg_id': 'WI_2__FOODS_1', 'origin_time': 1708, 'row_id': 56, 'revenue_28': 18043.818359375, 'weight': 0.010647031182986152, 'metric': 'rmsse', 'metric_value': 0.7829707740218448}, {'task': 'store_dept', 'fold': -1, 'model': 'DeepSets', 'base_model': 'DeepSets', 'agg_id': 'WI_2__FOODS_2', 'origin_time': 1708, 'row_id': 57, 'revenue_28': 37504.59375, 'weight': 0.02213015954874137, 'metric': 'rmsse', 'metric_value': 1.1134720262365905}, {'task': 'store_dept', 'fold': -1, 'model': 'DeepSets', 'base_model': 'DeepSets', 'agg_id': 'WI_2__FOODS_3', 'origin_time': 1708, 'row_id': 58, 'revenue_28': 57971.8515625, 'weight': 0.03420717827170376, 'metric': 'rmsse', 'metric_value': 0.5536853080612164}, {'task': 'store_dept', 'fold': -1, 'model': 'DeepSets', 'base_model': 'DeepSets', 'agg_id': 'WI_2__HOBBIES_1', 'origin_time': 1708, 'row_id': 59, 'revenue_28': 12600.0595703125, 'weight': 0.007434857992953498, 'metric': 'rmsse', 'metric_value': 0.8015804814939462}, {'task': 'store_dept', 'fold': -1, 'model': 'DeepSets', 'base_model': 'DeepSets', 'agg_id': 'WI_2__HOBBIES_2', 'origin_time': 1708, 'row_id': 60, 'revenue_28': 824.8500366210938, 'weight': 0.00048671538841051884, 'metric': 'rmsse', 'metric_value': 2.8320570651315107}, {'task': 'store_dept', 'fold': -1, 'model': 'DeepSets', 'base_model': 'DeepSets', 'agg_id': 'WI_2__HOUSEHOLD_1', 'origin_time': 1708, 'row_id': 61, 'revenue_28': 38620.359375, 'weight': 0.02278853413252822, 'metric': 'rmsse', 'metric_value': 1.1279467930293365}, {'task': 'store_dept', 'fold': -1, 'model': 'DeepSets', 'base_model': 'DeepSets', 'agg_id': 'WI_2__HOUSEHOLD_2', 'origin_time': 1708, 'row_id': 62, 'revenue_28': 7688.2802734375, 'weight': 0.004536587444214426, 'metric': 'rmsse', 'metric_value': 1.1554426445220132}, {'task': 'store_dept', 'fold': -1, 'model': 'DeepSets', 'base_model': 'DeepSets', 'agg_id': 'WI_3__FOODS_1', 'origin_time': 1708, 'row_id': 63, 'revenue_28': 7223.06982421875, 'weight': 0.004262082898622525, 'metric': 'rmsse', 'metric_value': 0.8055130749498023}, {'task': 'store_dept', 'fold': -1, 'model': 'DeepSets', 'base_model': 'DeepSets', 'agg_id': 'WI_3__FOODS_2', 'origin_time': 1708, 'row_id': 64, 'revenue_28': 16893.880859375, 'weight': 0.009968492961356148, 'metric': 'rmsse', 'metric_value': 1.20990298028592}, {'task': 'store_dept', 'fold': -1, 'model': 'DeepSets', 'base_model': 'DeepSets', 'agg_id': 'WI_3__FOODS_3', 'origin_time': 1708, 'row_id': 65, 'revenue_28': 50271.3203125, 'weight': 0.02966336195126785, 'metric': 'rmsse', 'metric_value': 0.45755341528140664}, {'task': 'store_dept', 'fold': -1, 'model': 'DeepSets', 'base_model': 'DeepSets', 'agg_id': 'WI_3__HOBBIES_1', 'origin_time': 1708, 'row_id': 66, 'revenue_28': 11546.21875, 'weight': 0.006813023087929573, 'metric': 'rmsse', 'metric_value': 0.558022857493363}, {'task': 'store_dept', 'fold': -1, 'model': 'DeepSets', 'base_model': 'DeepSets', 'agg_id': 'WI_3__HOBBIES_2', 'origin_time': 1708, 'row_id': 67, 'revenue_28': 636.1200561523438, 'weight': 0.00037535237492888955, 'metric': 'rmsse', 'metric_value': 1.5617039216440325}, {'task': 'store_dept', 'fold': -1, 'model': 'DeepSets', 'base_model': 'DeepSets', 'agg_id': 'WI_3__HOUSEHOLD_1', 'origin_time': 1708, 'row_id': 68, 'revenue_28': 28524.6171875, 'weight': 0.016831386939797084, 'metric': 'rmsse', 'metric_value': 0.7384834430409821}, {'task': 'store_dept', 'fold': -1, 'model': 'DeepSets', 'base_model': 'DeepSets', 'agg_id': 'WI_3__HOUSEHOLD_2', 'origin_time': 1708, 'row_id': 69, 'revenue_28': 5899.91015625, 'weight': 0.0034813322856230683, 'metric': 'rmsse', 'metric_value': 1.5448197110250292}, {'task': 'store_dept', 'fold': -1, 'model': 'DeepSets', 'base_model': 'DeepSets', 'agg_id': 'CA_1__FOODS_1', 'origin_time': 1736, 'row_id': 70, 'revenue_28': 10539.8408203125, 'weight': 0.006013468240950569, 'metric': 'rmsse', 'metric_value': 1.0958482875502227}, {'task': 'store_dept', 'fold': -1, 'model': 'DeepSets', 'base_model': 'DeepSets', 'agg_id': 'CA_1__FOODS_2', 'origin_time': 1736, 'row_id': 71, 'revenue_28': 23881.779296875, 'weight': 0.013625663213279023, 'metric': 'rmsse', 'metric_value': 0.8589523916521685}, {'task': 'store_dept', 'fold': -1, 'model': 'DeepSets', 'base_model': 'DeepSets', 'agg_id': 'CA_1__FOODS_3', 'origin_time': 1736, 'row_id': 72, 'revenue_28': 78847.9765625, 'weight': 0.044986429207547585, 'metric': 'rmsse', 'metric_value': 0.5938183177738465}, {'task': 'store_dept', 'fold': -1, 'model': 'DeepSets', 'base_model': 'DeepSets', 'agg_id': 'CA_1__HOBBIES_1', 'origin_time': 1736, 'row_id': 73, 'revenue_28': 32153.53125, 'weight': 0.018345081515239982, 'metric': 'rmsse', 'metric_value': 0.6839830348776932}, {'task': 'store_dept', 'fold': -1, 'model': 'DeepSets', 'base_model': 'DeepSets', 'agg_id': 'CA_1__HOBBIES_2', 'origin_time': 1736, 'row_id': 74, 'revenue_28': 1284.4200439453125, 'weight': 0.000732821232690729, 'metric': 'rmsse', 'metric_value': 1.361439425511571}, {'task': 'store_dept', 'fold': -1, 'model': 'DeepSets', 'base_model': 'DeepSets', 'agg_id': 'CA_1__HOUSEHOLD_1', 'origin_time': 1736, 'row_id': 75, 'revenue_28': 42292.09765625, 'weight': 0.024129604083669536, 'metric': 'rmsse', 'metric_value': 0.8460169935113515}, {'task': 'store_dept', 'fold': -1, 'model': 'DeepSets', 'base_model': 'DeepSets', 'agg_id': 'CA_1__HOUSEHOLD_2', 'origin_time': 1736, 'row_id': 76, 'revenue_28': 12330.3095703125, 'weight': 0.007035013741314229, 'metric': 'rmsse', 'metric_value': 1.1259172303231166}, {'task': 'store_dept', 'fold': -1, 'model': 'DeepSets', 'base_model': 'DeepSets', 'agg_id': 'CA_2__FOODS_1', 'origin_time': 1736, 'row_id': 77, 'revenue_28': 17784.080078125, 'weight': 0.010146642873222783, 'metric': 'rmsse', 'metric_value': 1.0116477057229207}, {'task': 'store_dept', 'fold': -1, 'model': 'DeepSets', 'base_model': 'DeepSets', 'agg_id': 'CA_2__FOODS_2', 'origin_time': 1736, 'row_id': 78, 'revenue_28': 21622.099609375, 'weight': 0.012336411101490538, 'metric': 'rmsse', 'metric_value': 1.9894384331734205}, {'task': 'store_dept', 'fold': -1, 'model': 'DeepSets', 'base_model': 'DeepSets', 'agg_id': 'CA_2__FOODS_3', 'origin_time': 1736, 'row_id': 79, 'revenue_28': 72510.2421875, 'weight': 0.04137045767312045, 'metric': 'rmsse', 'metric_value': 1.070677291543529}, {'task': 'store_dept', 'fold': -1, 'model': 'De