number,value,state,params_batch_size,params_cnn_kernel_size,params_cnn_num_blocks,params_dropout,params_hidden_dim,params_lr,params_weight_decay,user_attrs_latest_running_objective,user_attrs_params,user_attrs_rows
15,0.058590596169233324,PRUNED,16,3,3,0.04908080903147166,64,0.00017685291467479028,1.1107973787225044e-05,,"{'model_name': 'DeepSets', 'hidden_dim': 64, 'dropout': 0.04908080903147166, 'lr': 0.00017685291467479028, 'weight_decay': 1.1107973787225044e-05, 'batch_size': 16, 'num_heads': 4, 'num_sab_layers': 2, 'num_seeds': 1, 'num_inducing_points': 32, 'cnn_num_blocks': 3, 'cnn_kernel_size': 3}",
16,0.053221702788557326,PRUNED,16,5,3,0.03316554748696221,128,0.0002380223826968975,3.152574205696559e-06,,"{'model_name': 'DeepSets', 'hidden_dim': 128, 'dropout': 0.03316554748696221, 'lr': 0.0002380223826968975, 'weight_decay': 3.152574205696559e-06, 'batch_size': 16, 'num_heads': 4, 'num_sab_layers': 2, 'num_seeds': 1, 'num_inducing_points': 32, 'cnn_num_blocks': 3, 'cnn_kernel_size': 5}",
17,0.08201452472380229,PRUNED,16,3,3,0.05260270272735717,128,0.00033958277417361763,3.327528914795917e-05,,"{'model_name': 'DeepSets', 'hidden_dim': 128, 'dropout': 0.05260270272735717, 'lr': 0.00033958277417361763, 'weight_decay': 3.327528914795917e-05, 'batch_size': 16, 'num_heads': 4, 'num_sab_layers': 2, 'num_seeds': 1, 'num_inducing_points': 32, 'cnn_num_blocks': 3, 'cnn_kernel_size': 3}",
18,0.06437648087739944,PRUNED,8,5,3,0.06633981323438216,64,0.0001726228094822672,1.4839207328152542e-05,,"{'model_name': 'DeepSets', 'hidden_dim': 64, 'dropout': 0.06633981323438216, 'lr': 0.0001726228094822672, 'weight_decay': 1.4839207328152542e-05, 'batch_size': 8, 'num_heads': 4, 'num_sab_layers': 2, 'num_seeds': 1, 'num_inducing_points': 32, 'cnn_num_blocks': 3, 'cnn_kernel_size': 5}",
19,0.05971326260339646,PRUNED,16,3,3,0.09056677570889134,96,0.0002045738778823913,7.238467806696807e-06,,"{'model_name': 'DeepSets', 'hidden_dim': 96, 'dropout': 0.09056677570889134, 'lr': 0.0002045738778823913, 'weight_decay': 7.238467806696807e-06, 'batch_size': 16, 'num_heads': 4, 'num_sab_layers': 2, 'num_seeds': 1, 'num_inducing_points': 32, 'cnn_num_blocks': 3, 'cnn_kernel_size': 3}",
