number,value,state,params_batch_size,params_cnn_kernel_size,params_cnn_num_blocks,params_dropout,params_hidden_dim,params_lr,params_weight_decay,user_attrs_latest_running_objective,user_attrs_params,user_attrs_rows
11,0.08942446080701692,PRUNED,4,3,2,0.025953463272329995,128,0.0004980447510891861,6.389753902140107e-06,,"{'model_name': 'SkuTemporalCNN', 'hidden_dim': 128, 'dropout': 0.025953463272329995, 'lr': 0.0004980447510891861, 'weight_decay': 6.389753902140107e-06, 'batch_size': 4, 'num_heads': 4, 'num_sab_layers': 2, 'num_seeds': 1, 'num_inducing_points': 32, 'cnn_num_blocks': 2, 'cnn_kernel_size': 3}",
