number,value,state,params_batch_size,params_cnn_kernel_size,params_cnn_num_blocks,params_dropout,params_hidden_dim,params_lr,params_weight_decay,user_attrs_latest_running_objective,user_attrs_params,user_attrs_rows
1,0.934140437060193,COMPLETE,8,3,2,0.05190609389379257,96,0.00012854415975274456,2.0511104188433975e-06,0.934140437060193,"{'model_name': 'SkuTemporalCNN', 'hidden_dim': 96, 'dropout': 0.05190609389379257, 'lr': 0.00012854415975274456, 'weight_decay': 2.0511104188433975e-06, 'batch_size': 8, 'num_heads': 4, 'num_sab_layers': 2, 'num_seeds': 1, 'num_inducing_points': 32, 'cnn_num_blocks': 2, 'cnn_kernel_size': 3}","[{'stage': 'stage1', 'task': 'store_dept', 'fold': 0, 'model': 'SkuTemporalCNN', 'train_samples': 1218, 'valid_samples': 210, 'eval_samples': 210, 'base_model': 'SkuTemporalCNN', 'wrmsse': 0.934140437060193, 'wape': 0.14697889267359218, 'series_rows': [{'task': 'store_dept', 'fold': -1, 'model': 'SkuTemporalCNN', 'base_model': 'SkuTemporalCNN', 'agg_id': 'CA_1__FOODS_1', 'origin_time': 1708, 'row_id': 0, 'revenue_28': 20094.0703125, 'weight': 0.005979414870906137, 'metric': 'rmsse', 'metric_value': 0.6536488388423451}, {'task': 'store_dept', 'fold': -1, 'model': 'SkuTemporalCNN', 'base_model': 'SkuTemporalCNN', 'agg_id': 'CA_1__FOODS_2', 'origin_time': 1708, 'row_id': 1, 'revenue_28': 51141.12890625, 'weight': 0.015218122657146891, 'metric': 'rmsse', 'metric_value': 0.9755351262187216}, {'task': 'store_dept', 'fold': -1, 'model': 'SkuTemporalCNN', 'base_model': 'SkuTemporalCNN', 'agg_id': 'CA_1__FOODS_3', 'origin_time': 1708, 'row_id': 2, 'revenue_28': 146649.53125, 'weight': 0.04363866425918601, 'metric': 'rmsse', 'metric_value': 0.6058609900991219}, {'task': 'store_dept', 'fold': -1, 'model': 'SkuTemporalCNN', 'base_model': 'SkuTemporalCNN', 'agg_id': 'CA_1__HOBBIES_1', 'origin_time': 1708, 'row_id': 3, 'revenue_28': 62278.515625, 'weight': 0.018532287220794266, 'metric': 'rmsse', 'metric_value': 0.5251840470799063}, {'task': 'store_dept', 'fold': -1, 'model': 'SkuTemporalCNN', 'base_model': 'SkuTemporalCNN', 'agg_id': 'CA_1__HOBBIES_2', 'origin_time': 1708, 'row_id': 4, 'revenue_28': 2228.699951171875, 'weight': 0.0006631967253809664, 'metric': 'rmsse', 'metric_value': 1.8275927807466181}, {'task': 'store_dept', 'fold': -1, 'model': 'SkuTemporalCNN', 'base_model': 'SkuTemporalCNN', 'agg_id': 'CA_1__HOUSEHOLD_1', 'origin_time': 1708, 'row_id': 5, 'revenue_28': 87015.8671875, 'weight': 0.025893408462001017, 'metric': 'rmsse', 'metric_value': 0.5786441753482623}, {'task': 'store_dept', 'fold': -1, 'model': 'SkuTemporalCNN', 'base_model': 'SkuTemporalCNN', 'agg_id': 'CA_1__HOUSEHOLD_2', 'origin_time': 1708, 'row_id': 6, 'revenue_28': 28756.0390625, 'weight': 0.008556966554043966, 'metric': 'rmsse', 'metric_value': 0.8193066946012149}, {'task': 'store_dept', 'fold': -1, 'model': 'SkuTemporalCNN', 'base_model': 'SkuTemporalCNN', 'agg_id': 'CA_2__FOODS_1', 'origin_time': 1708, 'row_id': 7, 'revenue_28': 33248.16015625, 'weight': 0.009893692028383071, 'metric': 'rmsse', 'metric_value': 0.9720134125555946}, {'task': 'store_dept', 'fold': -1, 'model': 'SkuTemporalCNN', 'base_model': 'SkuTemporalCNN', 'agg_id': 'CA_2__FOODS_2', 'origin_time': 1708, 'row_id': 8, 'revenue_28': 41069.9609375, 'weight': 0.012221233993814397, 'metric': 'rmsse', 'metric_value': 2.5176411224635227}, {'task': 'store_dept', 'fold': -1, 'model': 'SkuTemporalCNN', 'base_model': 'SkuTemporalCNN', 'agg_id': 'CA_2__FOODS_3', 'origin_time': 1708, 'row_id': 9, 'revenue_28': 119566.7265625, 'weight': 0.03557960392069671, 'metric': 'rmsse', 'metric_value': 0.7533005706844353}, {'task': 'store_dept', 'fold': -1, 'model': 'SkuTemporalCNN', 'base_model': 'SkuTemporalCNN', 'agg_id': 'CA_2__HOBBIES_1', 'origin_time': 1708, 'row_id': 10, 'revenue_28': 39882.4296875, 'weight': 0.011867858997833687, 'metric': 'rmsse', 'metric_value': 0.7853658264014887}, {'task': 'store_dept', 'fold': -1, 'model': 'SkuTemporalCNN', 'base_model': 'SkuTemporalCNN', 'agg_id': 'CA_2__HOBBIES_2', 'origin_time': 1708, 'row_id': 11, 'revenue_28': 2705.3798828125, 'weight': 0.000805042903262677, 'metric': 'rmsse', 'metric_value': 2.3843219977688976}, {'task': 'store_dept', 'fold': -1, 'model': 'SkuTemporalCNN', 'base_model': 'SkuTemporalCNN', 'agg_id': 'CA_2__HOUSEHOLD_1', 'origin_time': 1708, 'row_id': 12, 'revenue_28': 87776.3046875, 'weight': 0.026119692695368416, 'metric': 'rmsse', 'metric_value': 0.6598243880739699}, {'task': 'store_dept', 'fold': -1, 'model': 'SkuTemporalCNN', 'base_model': 'SkuTemporalCNN', 'agg_id': 'CA_2__HOUSEHOLD_2', 'origin_time': 1708, 'row_id': 13, 'revenue_28': 40965.078125, 'weight': 0.012190023898546896, 'metric': 'rmsse', 'metric_value': 1.0736819674992715}, {'task': 'store_dept', 'fold': -1, 'model': 'SkuTemporalCNN', 'base_model': 'SkuTemporalCNN', 'agg_id': 'CA_3__FOODS_1', 'origin_time': 1708, 'row_id': 14, 'revenue_28': 30758.517578125, 'weight': 0.009152846315027467, 'metric': 'rmsse', 'metric_value': 0.510859565978028}, {'task': 'store_dept', 'fold': -1, 'model': 'SkuTemporalCNN', 'base_model': 'SkuTemporalCNN', 'agg_id': 'CA_3__FOODS_2', 'origin_time': 1708, 'row_id': 15, 'revenue_28': 65721.4296875, 'weight': 0.01955679899090378, 'metric': 'rmsse', 'metric_value': 1.1024029793632426}, {'task': 'store_dept', 'fold': -1, 'model': 'SkuTemporalCNN', 'base_model': 'SkuTemporalCNN', 'agg_id': 'CA_3__FOODS_3', 'origin_time': 1708, 'row_id': 16, 'revenue_28': 195482.859375, 'weight': 0.05817005206889331, 'metric': 'rmsse', 'metric_value': 0.55999577404065}, {'task': 'store_dept', 'fold': -1, 'model': 'SkuTemporalCNN', 'base_model': 'SkuTemporalCNN', 'agg_id': 'CA_3__HOBBIES_1', 'origin_time': 1708, 'row_id': 17, 'revenue_28': 62691.91015625, 'weight': 0.01865530149163465, 'metric': 'rmsse', 'metric_value': 0.5514915622576939}, {'task': 'store_dept', 'fold': -1, 'model': 'SkuTemporalCNN', 'base_model': 'SkuTemporalCNN', 'agg_id': 'CA_3__HOBBIES_2', 'origin_time': 1708, 'row_id': 18, 'revenue_28': 3165.809814453125, 'weight': 0.0009420535505554565, 'metric': 'rmsse', 'metric_value': 1.7859626587159352}, {'task': 'store_dept', 'fold': -1, 'model': 'SkuTemporalCNN', 'base_model': 'SkuTemporalCNN', 'agg_id': 'CA_3__HOUSEHOLD_1', 'origin_time': 1708, 'row_id': 19, 'revenue_28': 156067.59375, 'weight': 0.04644120760116842, 'metric': 'rmsse', 'metric_value': 0.6416872865208625}, {'task': 'store_dept', 'fold': -1, 'model': 'SkuTemporalCNN', 'base_model': 'SkuTemporalCNN', 'agg_id': 'CA_3__HOUSEHOLD_2', 'origin_time': 1708, 'row_id': 20, 'revenue_28': 43907.59765625, 'weight': 0.013065632710970674, 'metric': 'rmsse', 'metric_value': 0.6300362183781884}, {'task': 'store_dept', 'fold': -1, 'model': 'SkuTemporalCNN', 'base_model': 'SkuTemporalCNN', 'agg_id': 'CA_4__FOODS_1', 'origin_time': 1708, 'row_id': 21, 'revenue_28': 16169.9208984375, 'weight': 0.004811701361537829, 'metric': 'rmsse', 'metric_value': 0.6803504834279437}, {'task': 'store_dept', 'fold': -1, 'model': 'SkuTemporalCNN', 'base_model': 'SkuTemporalCNN', 'agg_id': 'CA_4__FOODS_2', 'origin_time': 1708, 'row_id': 22, 'revenue_28': 34080.58984375, 'weight': 0.010141399057124028, 'metric': 'rmsse', 'metric_value': 0.8672466830995493}, {'task': 'store_dept', 'fold': -1, 'model': 'SkuTemporalCNN', 'base_model': 'SkuTemporalCNN', 'agg_id': 'CA_4__FOODS_3', 'origin_time': 1708, 'row_id': 23, 'revenue_28': 74924.90625, 'weight': 0.02229548775659477, 'metric': 'rmsse', 'metric_value': 0.8049072489111164}, {'task': 'store_dept', 'fold': -1, 'model': 'SkuTemporalCNN', 'base_model': 'SkuTemporalCNN', 'agg_id': 'CA_4__HOBBIES_1', 'origin_time': 1708, 'row_id': 24, 'revenue_28': 36384.44140625, 'weight': 0.010826958731144047, 'metric': 'rmsse', 'metric_value': 0.9102844570487592}, {'task': 'store_dept', 'fold': -1, 'model': 'SkuTemporalCNN', 'base_model': 'SkuTemporalCNN', 'agg_id': 'CA_4__HOBBIES_2', 'origin_time': 1708, 'row_id': 25, 'revenue_28': 1014.0499877929688, 'weight': 0.0003017519836724949, 'metric': 'rmsse', 'metric_value': 2.4519528239370767}, {'task': 'store_dept', 'fold': -1, 'model': 'SkuTemporalCNN', 'base_model': 'SkuTemporalCNN', 'agg_id': 'CA_4__HOUSEHOLD_1', 'origin_time': 1708, 'row_id': 26, 'revenue_28': 43543.71875, 'weight': 0.012957352859780603, 'metric': 'rmsse', 'metric_value': 1.1266920278951067}, {'task': 'store_dept', 'fold': -1, 'model': 'SkuTemporalCNN', 'base_model': 'SkuTemporalCNN', 'agg_id': 'CA_4__HOUSEHOLD_2', 'origin_time': 1708, 'row_id': 27, 'revenue_28': 14664.490234375, 'weight': 0.004363728683040045, 'metric': 'rmsse', 'metric_value': 1.3506136004069342}, {'task': 'store_dept', 'fold': -1, 'model': 'SkuTemporalCNN', 'base_model': 'SkuTemporalCNN', 'agg_id': 'TX_1__FOODS_1', 'origin_time': 1708, 'row_id': 28, 'revenue_28': 17400.521484375, 'weight': 0.005177892547756736, 'metric': 'rmsse', 'metric_value': 0.7015783041324427}, {'task': 'store_dept', 'fold': -1, 'model': 'SkuTemporalCNN', 'base_model': 'SkuTemporalCNN', 'agg_id': 'TX_1__FOODS_2', 'origin_time': 1708, 'row_id': 29, 'revenue_28': 35452.5078125, 'weight': 0.010549642214256012, 'metric': 'rmsse', 'metric_value': 0.6470278557589216}, {'task': 'store_dept', 'fold': -1, 'model': 'SkuTemporalCNN', 'base_model': 'SkuTemporalCNN', 'agg_id': 'TX_1__FOODS_3', 'origin_time': 1708, 'row_id': 30, 'revenue_28': 86868.2734375, 'weight': 0.02584948882551732, 'metric': 'rmsse', 'metric_value': 0.3824260127178045}, {'task': 'store_dept', 'fold': -1, 'model': 'SkuTemporalCNN', 'base_model': 'SkuTemporalCNN', 'agg_id': 'TX_1__HOBBIES_1', 'origin_time': 1708, 'row_id': 31, 'revenue_28': 30838.84765625, 'weight': 0.009176750225795755, 'metric': 'rmsse', 'metric_value': 1.0658949696047821}, {'task': 'store_dept', 'fold': -1, 'model': 'SkuTemporalCNN', 'base_model': 'SkuTemporalCNN', 'agg_id': 'TX_1__HOBBIES_2', 'origin_time': 1708, 'row_id': 32, 'revenue_28': 1983.1500244140625, 'weight': 0.0005901281603380631, 'metric': 'rmsse', 'metric_value': 2.414656888476362}, {'task': 'store_dept', 'fold': -1, 'model': 'SkuTemporalCNN', 'base_model': 'SkuTemporalCNN', 'agg_id': 'TX_1__HOUSEHOLD_1', 'origin_time': 1708, 'row_id': 33, 'revenue_28': 76191.7890625, 'weight': 0.022672475485359982, 'metric': 'rmsse', 'metric_value': 0.4302221272107976}, {'task': 'store_dept', 'fold': -1, 'model': 'SkuTemporalCNN', 'base_model': 'SkuTemporalCNN', 'agg_id': 'TX_1__HOUSEHOLD_2', 'origin_time': 1708, 'row_id': 34, 'revenue_28': 19528.9296875, 'weight': 0.005811245346030131, 'metric': 'rmsse', 'metric_value': 1.0822651383427833}, {'task': 'store_dept', 'fold': -1, 'model': 'SkuTemporalCNN', 'base_model': 'SkuTemporalCNN', 'agg_id': 'TX_2__FOODS_1', 'origin_time': 1708, 'row_id': 35, 'revenue_28': 20716.2890625, 'weight': 0.006164569196975764, 'metric': 'rmsse', 'metric_value': 0.8414354096920671}, {'task': 'store_dept', 'fold': -1, 'model': 'SkuTemporalCNN', 'base_model': 'SkuTemporalCNN', 'agg_id': 'TX_2__FOODS_2', 'origin_time': 1708, 'row_id': 36, 'revenue_28': 41457.16796875, 'weight': 0.012336455621128768, 'metric': 'rmsse', 'metric_value': 0.7894516746428211}, {'task': 'store_dept', 'fold': -1, 'model': 'SkuTemporalCNN', 'base_model': 'SkuTemporalCNN', 'agg_id': 'TX_2__FOODS_3', 'origin_time': 1708, 'row_id': 37, 'revenue_28': 114994.2109375, 'weight': 0.03421895535620116, 'metric': 'rmsse', 'metric_value': 0.3547606008306307}, {'task': 'store_dept', 'fold': -1, 'model': 'SkuTemporalCNN', 'base_model': 'SkuTemporalCNN', 'agg_id': 'TX_2__HOBBIES_1', 'origin_time': 1708, 'row_id': 38, 'revenue_28': 48419.31640625, 'weight': 0.014408189881695517, 'metric': 'rmsse', 'metric_value': 0.6461633498496394}, {'task': 'store_dept', 'fold': -1, 'model': 'SkuTemporalCNN', 'base_model': 'SkuTemporalCNN', 'agg_id': 'TX_2__HOBBIES_2', 'origin_time': 1708, 'row_id': 39, 'revenue_28': 2763.60009765625, 'weight': 0.0008223675574024362, 'metric': 'rmsse', 'metric_value': 1.6157332469147716}, {'task': 'store_dept', 'fold': -1, 'model': 'SkuTemporalCNN', 'base_model': 'SkuTemporalCNN', 'agg_id': 'TX_2__HOUSEHOLD_1', 'origin_time': 1708, 'row_id': 40, 'revenue_28': 81754.4140625, 'weight': 0.024327751998729368, 'metric': 'rmsse', 'metric_value': 0.49434694091972636}, {'task': 'store_dept', 'fold': -1, 'model': 'SkuTemporalCNN', 'base_model': 'SkuTemporalCNN', 'agg_id': 'TX_2__HOUSEHOLD_2', 'origin_time': 1708, 'row_id': 41, 'revenue_28': 22166.5703125, 'weight': 0.006596131002940572, 'metric': 'rmsse', 'metric_value': 0.7065940135265828}, {'task': 'store_dept', 'fold': -1, 'model': 'SkuTemporalCNN', 'base_model': 'SkuTemporalCNN', 'agg_id': 'TX_3__FOODS_1', 'origin_time': 1708, 'row_id': 42, 'revenue_28': 23854.072265625, 'weight': 0.0070982828376000675, 'metric': 'rmsse', 'metric_value': 0.8890265645144748}, {'task': 'store_dept', 'fold': -1, 'model': 'SkuTemporalCNN', 'base_model': 'SkuTemporalCNN', 'agg_id': 'TX_3__FOODS_2', 'origin_time': 1708, 'row_id': 43, 'revenue_28': 47163.9921875, 'weight': 0.014034641656539112, 'metric': 'rmsse', 'metric_value': 1.1658472304222347}, {'task': 'store_dept', 'fold': -1, 'model': 'SkuTemporalCNN', 'base_model': 'SkuTemporalCNN', 'agg_id': 'TX_3__FOODS_3', 'origin_time': 1708, 'row_id': 44, 'revenue_28': 103246.6484375, 'weight': 0.030723220106100912, 'metric': 'rmsse', 'metric_value': 0.6203916321434716}, {'task': 'store_dept', 'fold': -1, 'model': 'SkuTemporalCNN', 'base_model': 'SkuTemporalCNN', 'agg_id': 'TX_3__HOBBIES_1', 'origin_time': 1708, 'row_id': 45, 'revenue_28': 56582.10546875, 'weight': 0.01683720010955462, 'metric': 'rmsse', 'metric_value': 0.767604132422246}, {'task': 'store_dept', 'fold': -1, 'model': 'SkuTemporalCNN', 'base_model': 'SkuTemporalCNN', 'agg_id': 'TX_3__HOBBIES_2', 'origin_time': 1708, 'row_id': 46, 'revenue_28': 2374.439697265625, 'weight': 0.000706564663858466, 'metric': 'rmsse', 'metric_value': 2.611368361808492}, {'task': 'store_dept', 'fold': -1, 'model': 'SkuTemporalCNN', 'base_model': 'SkuTemporalCNN', 'agg_id': 'TX_3__HOUSEHOLD_1', 'origin_time': 1708, 'row_id': 47, 'revenue_28': 83126.890625, 'weight': 0.024736161377225348, 'metric': 'rmsse', 'metric_value': 0.8692867046271191}, {'task': 'store_dept', 'fold': -1, 'model': 'SkuTemporalCNN', 'base_model': 'SkuTemporalCNN', 'agg_id': 'TX_3__HOUSEHOLD_2', 'origin_time': 1708, 'row_id': 48, 'revenue_28': 19398.05078125, 'weight': 0.005772299564207503, 'metric': 'rmsse', 'metric_value': 1.035714141562839}, {'task': 'store_dept', 'fold': -1, 'model': 'SkuTemporalCNN', 'base_model': 'SkuTemporalCNN', 'agg_id': 'WI_1__FOODS_1', 'origin_time': 1708, 'row_id': 49, 'revenue_28': 23188.94921875, 'weight': 0.006900361432149786, 'metric': 'rmsse', 'metric_value': 0.6541005368435773}, {'task': 'store_dept', 'fold': -1, 'model': 'SkuTemporalCNN', 'base_model': 'SkuTemporalCNN', 'agg_id': 'WI_1__FOODS_2', 'origin_time': 1708, 'row_id': 50, 'revenue_28': 47648.8046875, 'weight': 0.014178907851840412, 'metric': 'rmsse', 'metric_value': 1.460716549194788}, {'task': 'store_dept', 'fold': -1, 'model': 'SkuTemporalCNN', 'base_model': 'SkuTemporalCNN', 'agg_id': 'WI_1__FOODS_3', 'origin_time': 1708, 'row_id': 51, 'revenue_28': 95323.0234375, 'weight': 0.02836537819454899, 'metric': 'rmsse', 'metric_value': 0.5581483627327689}, {'task': 'store_dept', 'fold': -1, 'model': 'SkuTemporalCNN', 'base_model': 'SkuTemporalCNN', 'agg_id': 'WI_1__HOBBIES_1', 'origin_time': 1708, 'row_id': 52, 'revenue_28': 39253.109375, 'weight': 0.011680591451905725, 'metric': 'rmsse', 'metric_value': 0.7070768303833904}, {'task': 'store_dept', 'fold': -1, 'model': 'SkuTemporalCNN', 'base_model': 'SkuTemporalCNN', 'agg_id': 'WI_1__HOBBIES_2', 'origin_time': 1708, 'row_id': 53, 'revenue_28': 2028.0198974609375, 'weight': 0.0006034801384081933, 'metric': 'rmsse', 'metric_value': 1.4196895838478458}, {'task': 'store_dept', 'fold': -1, 'model': 'SkuTemporalCNN', 'base_model': 'SkuTemporalCNN', 'agg_id': 'WI_1__HOUSEHOLD_1', 'origin_time': 1708, 'row_id': 54, 'revenue_28': 57270.859375, 'weight': 0.017042153376134166, 'metric': 'rmsse', 'metric_value': 0.7030495606888267}, {'task': 'store_dept', 'fold': -1, 'model': 'SkuTemporalCNN', 'base_model': 'SkuTemporalCNN', 'agg_id': 'WI_1__HOUSEHOLD_2', 'origin_time': 1708, 'row_id': 55, 'revenue_28': 18067.169921875, 'weight': 0.00537626786539331, 'metric': 'rmsse', 'metric_value': 1.1197814416741911}, {'task': 'store_dept', 'fold': -1, 'model': 'SkuTemporalCNN', 'base_model': 'SkuTemporalCNN', 'agg_id': 'WI_2__FOODS_1', 'origin_time': 1708, 'row_id': 56, 'revenue_28': 27025.37109375, 'weight': 0.008041969760064042, 'metric': 'rmsse', 'metric_value': 0.9236903328344968}, {'task': 'store_dept', 'fold': -1, 'model': 'SkuTemporalCNN', 'base_model': 'SkuTemporalCNN', 'agg_id': 'WI_2__FOODS_2', 'origin_time': 1708, 'row_id': 57, 'revenue_28': 81557.7890625, 'weight': 0.0242692420786033, 'metric': 'rmsse', 'metric_value': 1.9516304185251925}, {'task': 'store_dept', 'fold': -1, 'model': 'SkuTemporalCNN', 'base_model': 'SkuTemporalCNN', 'agg_id': 'WI_2__FOODS_3', 'origin_time': 1708, 'row_id': 58, 'revenue_28': 111396.6796875, 'weight': 0.03314843397749284, 'metric': 'rmsse', 'metric_value': 0.9386201744509391}, {'task': 'store_dept', 'fold': -1, 'model': 'SkuTemporalCNN', 'base_model': 'SkuTemporalCNN', 'agg_id': 'WI_2__HOBBIES_1', 'origin_time': 1708, 'row_id': 59, 'revenue_28': 25681.0390625, 'weight': 0.007641935381061632, 'metric': 'rmsse', 'metric_value': 0.8412469070531102}, {'task': 'store_dept', 'fold': -1, 'model': 'SkuTemporalCNN', 'base_model': 'SkuTemporalCNN', 'agg_id': 'WI_2__HOBBIES_2', 'origin_time': 1708, 'row_id': 60, 'revenue_28': 1525.85986328125, 'weight': 0.000454051818050376, 'metric': 'rmsse', 'metric_value': 2.639847421413849}, {'task': 'store_dept', 'fold': -1, 'model': 'SkuTemporalCNN', 'base_model': 'SkuTemporalCNN', 'agg_id': 'WI_2__HOUSEHOLD_1', 'origin_time': 1708, 'row_id': 61, 'revenue_28': 85718.9453125, 'weight': 0.025507481975969245, 'metric': 'rmsse', 'metric_value': 1.2596944105254686}, {'task': 'store_dept', 'fold': -1, 'model': 'SkuTemporalCNN', 'base_model': 'SkuTemporalCNN', 'agg_id': 'WI_2__HOUSEHOLD_2', 'origin_time': 1708, 'row_id': 62, 'revenue_28': 14203.3193359375, 'weight': 0.004226497545432702, 'metric': 'rmsse', 'metric_value': 1.5966073709696023}, {'task': 'store_dept', 'fold': -1, 'model': 'SkuTemporalCNN', 'base_model': 'SkuTemporalCNN', 'agg_id': 'WI_3__FOODS_1', 'origin_time': 1708, 'row_id': 63, 'revenue_28': 16065.431640625, 'weight': 0.0047806083767767795, 'metric': 'rmsse', 'metric_value': 0.6807772605705082}, {'task': 'store_dept', 'fold': -1, 'model': 'SkuTemporalCNN', 'base_model': 'SkuTemporalCNN', 'agg_id': 'WI_3__FOODS_2', 'origin_time': 1708, 'row_id': 64, 'revenue_28': 37495.25, 'weight': 0.011157503280899468, 'metric': 'rmsse', 'metric_value': 1.1955762477216278}, {'task': 'store_dept', 'fold': -1, 'model': 'SkuTemporalCNN', 'base_model': 'SkuTemporalCNN', 'agg_id': 'WI_3__FOODS_3', 'origin_time': 1708, 'row_id': 65, 'revenue_28': 102297.640625, 'weight': 0.030440822794933018, 'metric': 'rmsse', 'metric_value': 0.572396261869168}, {'task': 'store_dept', 'fold': -1, 'model': 'SkuTemporalCNN', 'base_model': 'SkuTemporalCNN', 'agg_id': 'WI_3__HOBBIES_1', 'origin_time': 1708, 'row_id': 66, 'revenue_28': 24624.810546875, 'weight': 0.007327632285910499, 'metric': 'rmsse', 'metric_value': 0.6818565950628489}, {'task': 'store_dept', 'fold': -1, 'model': 'SkuTemporalCNN', 'base_model': 'SkuTemporalCNN', 'agg_id': 'WI_3__HOBBIES_2', 'origin_time': 1708, 'row_id': 67, 'revenue_28': 1506.64013671875, 'weight': 0.0004483325826224462, 'metric': 'rmsse', 'metric_value': 1.519853844176211}, {'task': 'store_dept', 'fold': -1, 'model': 'SkuTemporalCNN', 'base_model': 'SkuTemporalCNN', 'agg_id': 'WI_3__HOUSEHOLD_1', 'origin_time': 1708, 'row_id': 68, 'revenue_28': 57292.73046875, 'weight': 0.017048661581847487, 'metric': 'rmsse', 'metric_value': 0.6664127824195929}, {'task': 'store_dept', 'fold': -1, 'model': 'SkuTemporalCNN', 'base_model': 'SkuTemporalCNN', 'agg_id': 'WI_3__HOUSEHOLD_2', 'origin_time': 1708, 'row_id': 69, 'revenue_28': 13132.2900390625, 'weight': 0.003907790165329295, 'metric': 'rmsse', 'metric_value': 1.480568380831122}, {'task': 'store_dept', 'fold': -1, 'model': 'SkuTemporalCNN', 'base_model': 'SkuTemporalCNN', 'agg_id': 'CA_1__FOODS_1', 'origin_time': 1736, 'row_id': 70, 'revenue_28': 19198.861328125, 'weight': 0.0055487847651129185, 'metric': 'rmsse', 'metric_value': 0.8272613756996385}, {'task': 'store_dept', 'fold': -1, 'model': 'SkuTemporalCNN', 'base_model': 'SkuTemporalCNN', 'agg_id': 'CA_1__FOODS_2', 'origin_time': 1736, 'row_id': 71, 'revenue_28': 52354.78515625, 'weight': 0.01513138874700812, 'metric': 'rmsse', 'metric_value': 0.8410775885818383}, {'task': 'store_dept', 'fold': -1, 'model': 'SkuTemporalCNN', 'base_model': 'SkuTemporalCNN', 'agg_id': 'CA_1__FOODS_3', 'origin_time': 1736, 'row_id': 72, 'revenue_28': 146952.71875, 'weight': 0.04247173793569757, 'metric': 'rmsse', 'metric_value': 0.6358297362659078}, {'task': 'store_dept', 'fold': -1, 'model': 'SkuTemporalCNN', 'base_model': 'SkuTemporalCNN', 'agg_id': 'CA_1__HOBBIES_1', 'origin_time': 1736, 'row_id': 73, 'revenue_28': 61050.875, 'weight': 0.017644700865699567, 'metric': 'rmsse', 'metric_value': 0.6901487314407507}, {'task': 'store_dept', 'fold': -1, 'model': 'SkuTemporalCNN', 'base_model': 'SkuTemporalCNN', 'agg_id': 'CA_1__HOBBIES_2', 'origin_time': 1736, 'row_id': 74, 'revenue_28': 2951.48974609375, 'weight': 0.0008530287842394362, 'metric': 'rmsse', 'metric_value': 1.5701852693540097}, {'task': 'store_dept', 'fold': -1, 'model': 'SkuTemporalCNN', 'base_model': 'SkuTemporalCNN', 'agg_id': 'CA_1__HOUSEHOLD_1', 'origin_time': 1736, 'row_id': 75, 'revenue_28': 86046.5390625, 'weight': 0.02486885638062592, 'metric': 'rmsse', 'metric_value': 0.737882187833064}, {'task': 'store_dept', 'fold': -1, 'model': 'SkuTemporalCNN', 'base_model': 'SkuTemporalCNN', 'agg_id': 'CA_1__HOUSEHOLD_2', 'origin_time': 1736, 'row_id': 76, 'revenue_28': 29331.708984375, 'weight': 0.