number,value,state,params_batch_size,params_cnn_kernel_size,params_cnn_num_blocks,params_dropout,params_hidden_dim,params_lr,params_weight_decay,user_attrs_latest_running_objective,user_attrs_params,user_attrs_rows
9,0.07883272430016881,PRUNED,16,3,2,0.06288857969801341,64,0.00014451837004705447,1.4254757044027448e-06,,"{'model_name': 'SkuTemporalCNN', 'hidden_dim': 64, 'dropout': 0.06288857969801341, 'lr': 0.00014451837004705447, 'weight_decay': 1.4254757044027448e-06, 'batch_size': 16, 'num_heads': 4, 'num_sab_layers': 2, 'num_seeds': 1, 'num_inducing_points': 32, 'cnn_num_blocks': 2, 'cnn_kernel_size': 3}",
