number,value,state,params_batch_size,params_cnn_kernel_size,params_cnn_num_blocks,params_dropout,params_hidden_dim,params_lr,params_weight_decay,user_attrs_latest_running_objective,user_attrs_params,user_attrs_rows
45,0.10242106495868591,PRUNED,16,3,4,0.08099748994248641,96,0.00045904258900893077,3.978131414485059e-06,,"{'model_name': 'SkuTemporalCNN', 'hidden_dim': 96, 'dropout': 0.08099748994248641, 'lr': 0.00045904258900893077, 'weight_decay': 3.978131414485059e-06, 'batch_size': 16, 'num_heads': 4, 'num_sab_layers': 2, 'num_seeds': 1, 'num_inducing_points': 32, 'cnn_num_blocks': 4, 'cnn_kernel_size': 3}",
