number,value,state,params_batch_size,params_cnn_kernel_size,params_cnn_num_blocks,params_dropout,params_hidden_dim,params_lr,params_weight_decay,user_attrs_latest_running_objective,user_attrs_params,user_attrs_rows
23,0.0952085309794971,PRUNED,32,3,4,0.09978866583220142,160,0.0002717080773416497,5.036656221981737e-06,,"{'model_name': 'SkuTemporalCNN', 'hidden_dim': 160, 'dropout': 0.09978866583220142, 'lr': 0.0002717080773416497, 'weight_decay': 5.036656221981737e-06, 'batch_size': 32, 'num_heads': 4, 'num_sab_layers': 2, 'num_seeds': 1, 'num_inducing_points': 32, 'cnn_num_blocks': 4, 'cnn_kernel_size': 3}",
