number,value,state,params_batch_size,params_cnn_kernel_size,params_cnn_num_blocks,params_dropout,params_hidden_dim,params_lr,params_weight_decay,user_attrs_latest_running_objective,user_attrs_params,user_attrs_rows
13,0.09435407611585798,PRUNED,32,3,3,0.11717630472196054,64,0.00041973743974255037,1.0957693795908647e-06,,"{'model_name': 'SkuTemporalCNN', 'hidden_dim': 64, 'dropout': 0.11717630472196054, 'lr': 0.00041973743974255037, 'weight_decay': 1.0957693795908647e-06, 'batch_size': 32, 'num_heads': 4, 'num_sab_layers': 2, 'num_seeds': 1, 'num_inducing_points': 32, 'cnn_num_blocks': 3, 'cnn_kernel_size': 3}",
14,0.10151313270131747,PRUNED,16,3,4,0.16521393132307166,64,0.0003432792840295594,1.3733549881010438e-05,,"{'model_name': 'SkuTemporalCNN', 'hidden_dim': 64, 'dropout': 0.16521393132307166, 'lr': 0.0003432792840295594, 'weight_decay': 1.3733549881010438e-05, 'batch_size': 16, 'num_heads': 4, 'num_sab_layers': 2, 'num_seeds': 1, 'num_inducing_points': 32, 'cnn_num_blocks': 4, 'cnn_kernel_size': 3}",
15,0.13619377634355,PRUNED,64,3,2,0.09516136890435742,64,0.00020838805722803118,1.0901562350884814e-06,,"{'model_name': 'SkuTemporalCNN', 'hidden_dim': 64, 'dropout': 0.09516136890435742, 'lr': 0.00020838805722803118, 'weight_decay': 1.0901562350884814e-06, 'batch_size': 64, 'num_heads': 4, 'num_sab_layers': 2, 'num_seeds': 1, 'num_inducing_points': 32, 'cnn_num_blocks': 2, 'cnn_kernel_size': 3}",
