number,value,state,params_batch_size,params_cnn_kernel_size,params_cnn_num_blocks,params_dropout,params_hidden_dim,params_lr,params_weight_decay,user_attrs_latest_running_objective,user_attrs_params,user_attrs_rows
17,0.09591438362286205,PRUNED,16,3,2,0.09682700446179204,64,0.0003178783542471664,0.0004635673703700551,,"{'model_name': 'SkuTemporalCNN', 'hidden_dim': 64, 'dropout': 0.09682700446179204, 'lr': 0.0003178783542471664, 'weight_decay': 0.0004635673703700551, 'batch_size': 16, 'num_heads': 4, 'num_sab_layers': 2, 'num_seeds': 1, 'num_inducing_points': 32, 'cnn_num_blocks': 2, 'cnn_kernel_size': 3}",
18,0.13417049582515445,PRUNED,64,5,3,0.15649948120661705,96,0.0011966165205002774,3.7487197265520135e-06,,"{'model_name': 'SkuTemporalCNN', 'hidden_dim': 96, 'dropout': 0.15649948120661705, 'lr': 0.0011966165205002774, 'weight_decay': 3.7487197265520135e-06, 'batch_size': 64, 'num_heads': 4, 'num_sab_layers': 2, 'num_seeds': 1, 'num_inducing_points': 32, 'cnn_num_blocks': 3, 'cnn_kernel_size': 5}",
