number,value,state,params_batch_size,params_cnn_kernel_size,params_cnn_num_blocks,params_dropout,params_hidden_dim,params_lr,params_weight_decay,user_attrs_latest_running_objective,user_attrs_params,user_attrs_rows
40,0.9109422649947764,COMPLETE,16,3,4,0.04557699256751578,96,0.0005058751296905538,2.2687005736627434e-06,0.9109422649947764,"{'model_name': 'SkuTemporalCNN', 'hidden_dim': 96, 'dropout': 0.04557699256751578, 'lr': 0.0005058751296905538, 'weight_decay': 2.2687005736627434e-06, 'batch_size': 16, 'num_heads': 4, 'num_sab_layers': 2, 'num_seeds': 1, 'num_inducing_points': 32, 'cnn_num_blocks': 4, 'cnn_kernel_size': 3}","[{'stage': 'stage1', 'task': 'store_dept', 'fold': 0, 'model': 'SkuTemporalCNN', 'train_samples': 1015, 'valid_samples': 210, 'eval_samples': 210, 'base_model': 'SkuTemporalCNN', 'wrmsse': 0.9109422649947764, 'wape': 0.21953119980158234, 'series_rows': [{'task': 'store_dept', 'fold': -1, 'model': 'SkuTemporalCNN', 'base_model': 'SkuTemporalCNN', 'agg_id': 'CA_1__FOODS_1', 'origin_time': 1708, 'row_id': 0, 'revenue_28': 2354.2900390625, 'weight': 0.00672629301433993, 'metric': 'rmsse', 'metric_value': 0.6904537910892551}, {'task': 'store_dept', 'fold': -1, 'model': 'SkuTemporalCNN', 'base_model': 'SkuTemporalCNN', 'agg_id': 'CA_1__FOODS_2', 'origin_time': 1708, 'row_id': 1, 'revenue_28': 3504.670166015625, 'weight': 0.01001297124148035, 'metric': 'rmsse', 'metric_value': 1.0157836207190118}, {'task': 'store_dept', 'fold': -1, 'model': 'SkuTemporalCNN', 'base_model': 'SkuTemporalCNN', 'agg_id': 'CA_1__FOODS_3', 'origin_time': 1708, 'row_id': 2, 'revenue_28': 15070.7109375, 'weight': 0.04305757405336902, 'metric': 'rmsse', 'metric_value': 1.3000389103841286}, {'task': 'store_dept', 'fold': -1, 'model': 'SkuTemporalCNN', 'base_model': 'SkuTemporalCNN', 'agg_id': 'CA_1__HOBBIES_1', 'origin_time': 1708, 'row_id': 3, 'revenue_28': 6784.52099609375, 'weight': 0.01938362539215437, 'metric': 'rmsse', 'metric_value': 0.6364579841485266}, {'task': 'store_dept', 'fold': -1, 'model': 'SkuTemporalCNN', 'base_model': 'SkuTemporalCNN', 'agg_id': 'CA_1__HOBBIES_2', 'origin_time': 1708, 'row_id': 4, 'revenue_28': 111.55001068115234, 'weight': 0.00031870247299392357, 'metric': 'rmsse', 'metric_value': 1.365815613956639}, {'task': 'store_dept', 'fold': -1, 'model': 'SkuTemporalCNN', 'base_model': 'SkuTemporalCNN', 'agg_id': 'CA_1__HOUSEHOLD_1', 'origin_time': 1708, 'row_id': 5, 'revenue_28': 9023.8798828125, 'weight': 0.025781555887725096, 'metric': 'rmsse', 'metric_value': 0.8766097114357222}, {'task': 'store_dept', 'fold': -1, 'model': 'SkuTemporalCNN', 'base_model': 'SkuTemporalCNN', 'agg_id': 'CA_1__HOUSEHOLD_2', 'origin_time': 1708, 'row_id': 6, 'revenue_28': 2391.800048828125, 'weight': 0.006833460488384384, 'metric': 'rmsse', 'metric_value': 0.8773747396230631}, {'task': 'store_dept', 'fold': -1, 'model': 'SkuTemporalCNN', 'base_model': 'SkuTemporalCNN', 'agg_id': 'CA_2__FOODS_1', 'origin_time': 1708, 'row_id': 7, 'revenue_28': 7293.529296875, 'weight': 0.020837880781668452, 'metric': 'rmsse', 'metric_value': 0.9485371037224497}, {'task': 'store_dept', 'fold': -1, 'model': 'SkuTemporalCNN', 'base_model': 'SkuTemporalCNN', 'agg_id': 'CA_2__FOODS_2', 'origin_time': 1708, 'row_id': 8, 'revenue_28': 4431.35009765625, 'weight': 0.012660529803638403, 'metric': 'rmsse', 'metric_value': 1.5368042703112905}, {'task': 'store_dept', 'fold': -1, 'model': 'SkuTemporalCNN', 'base_model': 'SkuTemporalCNN', 'agg_id': 'CA_2__FOODS_3', 'origin_time': 1708, 'row_id': 9, 'revenue_28': 10807.83984375, 'weight': 0.030878394944944373, 'metric': 'rmsse', 'metric_value': 0.8761963239114564}, {'task': 'store_dept', 'fold': -1, 'model': 'SkuTemporalCNN', 'base_model': 'SkuTemporalCNN', 'agg_id': 'CA_2__HOBBIES_1', 'origin_time': 1708, 'row_id': 10, 'revenue_28': 3684.760009765625, 'weight': 0.01052749453209902, 'metric': 'rmsse', 'metric_value': 1.3092696831578825}, {'task': 'store_dept', 'fold': -1, 'model': 'SkuTemporalCNN', 'base_model': 'SkuTemporalCNN', 'agg_id': 'CA_2__HOBBIES_2', 'origin_time': 1708, 'row_id': 11, 'revenue_28': 208.17999267578125, 'weight': 0.0005947778766536555, 'metric': 'rmsse', 'metric_value': 2.072015047203229}, {'task': 'store_dept', 'fold': -1, 'model': 'SkuTemporalCNN', 'base_model': 'SkuTemporalCNN', 'agg_id': 'CA_2__HOUSEHOLD_1', 'origin_time': 1708, 'row_id': 12, 'revenue_28': 7297.67041015625, 'weight': 0.020849712094239588, 'metric': 'rmsse', 'metric_value': 0.8597128969784771}, {'task': 'store_dept', 'fold': -1, 'model': 'SkuTemporalCNN', 'base_model': 'SkuTemporalCNN', 'agg_id': 'CA_2__HOUSEHOLD_2', 'origin_time': 1708, 'row_id': 13, 'revenue_28': 4297.31982421875, 'weight': 0.012277600395207604, 'metric': 'rmsse', 'metric_value': 0.879666469566344}, {'task': 'store_dept', 'fold': -1, 'model': 'SkuTemporalCNN', 'base_model': 'SkuTemporalCNN', 'agg_id': 'CA_3__FOODS_1', 'origin_time': 1708, 'row_id': 14, 'revenue_28': 2037.020263671875, 'weight': 0.005819841626251419, 'metric': 'rmsse', 'metric_value': 0.9214441049463769}, {'task': 'store_dept', 'fold': -1, 'model': 'SkuTemporalCNN', 'base_model': 'SkuTemporalCNN', 'agg_id': 'CA_3__FOODS_2', 'origin_time': 1708, 'row_id': 15, 'revenue_28': 5473.76025390625, 'weight': 0.01563873386334442, 'metric': 'rmsse', 'metric_value': 0.9598744879422506}, {'task': 'store_dept', 'fold': -1, 'model': 'SkuTemporalCNN', 'base_model': 'SkuTemporalCNN', 'agg_id': 'CA_3__FOODS_3', 'origin_time': 1708, 'row_id': 16, 'revenue_28': 23709.330078125, 'weight': 0.06773842586645636, 'metric': 'rmsse', 'metric_value': 0.46771195797934145}, {'task': 'store_dept', 'fold': -1, 'model': 'SkuTemporalCNN', 'base_model': 'SkuTemporalCNN', 'agg_id': 'CA_3__HOBBIES_1', 'origin_time': 1708, 'row_id': 17, 'revenue_28': 4353.6396484375, 'weight': 0.012438508199227486, 'metric': 'rmsse', 'metric_value': 0.6154768994299218}, {'task': 'store_dept', 'fold': -1, 'model': 'SkuTemporalCNN', 'base_model': 'SkuTemporalCNN', 'agg_id': 'CA_3__HOBBIES_2', 'origin_time': 1708, 'row_id': 18, 'revenue_28': 117.08000946044922, 'weight': 0.00033450188238755323, 'metric': 'rmsse', 'metric_value': 1.559458576624894}, {'task': 'store_dept', 'fold': -1, 'model': 'SkuTemporalCNN', 'base_model': 'SkuTemporalCNN', 'agg_id': 'CA_3__HOUSEHOLD_1', 'origin_time': 1708, 'row_id': 19, 'revenue_28': 17030.759765625, 'weight': 0.04865750546438254, 'metric': 'rmsse', 'metric_value': 0.7459305911582818}, {'task': 'store_dept', 'fold': -1, 'model': 'SkuTemporalCNN', 'base_model': 'SkuTemporalCNN', 'agg_id': 'CA_3__HOUSEHOLD_2', 'origin_time': 1708, 'row_id': 20, 'revenue_28': 4214.96044921875, 'weight': 0.012042296639282739, 'metric': 'rmsse', 'metric_value': 0.512362623087289}, {'task': 'store_dept', 'fold': -1, 'model': 'SkuTemporalCNN', 'base_model': 'SkuTemporalCNN', 'agg_id': 'CA_4__FOODS_1', 'origin_time': 1708, 'row_id': 21, 'revenue_28': 1043.760009765625, 'weight': 0.0029820606407227473, 'metric': 'rmsse', 'metric_value': 0.9930380540654272}, {'task': 'store_dept', 'fold': -1, 'model': 'SkuTemporalCNN', 'base_model': 'SkuTemporalCNN', 'agg_id': 'CA_4__FOODS_2', 'origin_time': 1708, 'row_id': 22, 'revenue_28': 3713.85986328125, 'weight': 0.010610633881190608, 'metric': 'rmsse', 'metric_value': 0.5956556357080168}, {'task': 'store_dept', 'fold': -1, 'model': 'SkuTemporalCNN', 'base_model': 'SkuTemporalCNN', 'agg_id': 'CA_4__FOODS_3', 'origin_time': 1708, 'row_id': 23, 'revenue_28': 10821.44140625, 'weight': 0.030917255108012593, 'metric': 'rmsse', 'metric_value': 0.7512888197614255}, {'task': 'store_dept', 'fold': -1, 'model': 'SkuTemporalCNN', 'base_model': 'SkuTemporalCNN', 'agg_id': 'CA_4__HOBBIES_1', 'origin_time': 1708, 'row_id': 24, 'revenue_28': 4728.69970703125, 'weight': 0.013510068546601531, 'metric': 'rmsse', 'metric_value': 0.8376642103897125}, {'task': 'store_dept', 'fold': -1, 'model': 'SkuTemporalCNN', 'base_model': 'SkuTemporalCNN', 'agg_id': 'CA_4__HOBBIES_2', 'origin_time': 1708, 'row_id': 25, 'revenue_28': 95.7300033569336, 'weight': 0.0002735041316739762, 'metric': 'rmsse', 'metric_value': 1.2956285583569893}, {'task': 'store_dept', 'fold': -1, 'model': 'SkuTemporalCNN', 'base_model': 'SkuTemporalCNN', 'agg_id': 'CA_4__HOUSEHOLD_1', 'origin_time': 1708, 'row_id': 26, 'revenue_28': 4069.969970703125, 'weight': 0.011628053522842505, 'metric': 'rmsse', 'metric_value': 0.9937001719058424}, {'task': 'store_dept', 'fold': -1, 'model': 'SkuTemporalCNN', 'base_model': 'SkuTemporalCNN', 'agg_id': 'CA_4__HOUSEHOLD_2', 'origin_time': 1708, 'row_id': 27, 'revenue_28': 1437.900146484375, 'weight': 0.004108133471298034, 'metric': 'rmsse', 'metric_value': 1.0103680717537475}, {'task': 'store_dept', 'fold': -1, 'model': 'SkuTemporalCNN', 'base_model': 'SkuTemporalCNN', 'agg_id': 'TX_1__FOODS_1', 'origin_time': 1708, 'row_id': 28, 'revenue_28': 1073.0400390625, 'weight': 0.0030657147586315436, 'metric': 'rmsse', 'metric_value': 0.7900333095642951}, {'task': 'store_dept', 'fold': -1, 'model': 'SkuTemporalCNN', 'base_model': 'SkuTemporalCNN', 'agg_id': 'TX_1__FOODS_2', 'origin_time': 1708, 'row_id': 29, 'revenue_28': 5225.14013671875, 'weight': 0.01492841706731848, 'metric': 'rmsse', 'metric_value': 0.7628258538146191}, {'task': 'store_dept', 'fold': -1, 'model': 'SkuTemporalCNN', 'base_model': 'SkuTemporalCNN', 'agg_id': 'TX_1__FOODS_3', 'origin_time': 1708, 'row_id': 30, 'revenue_28': 11660.0908203125, 'weight': 0.0333133072518407, 'metric': 'rmsse', 'metric_value': 0.7147355739348679}, {'task': 'store_dept', 'fold': -1, 'model': 'SkuTemporalCNN', 'base_model': 'SkuTemporalCNN', 'agg_id': 'TX_1__HOBBIES_1', 'origin_time': 1708, 'row_id': 31, 'revenue_28': 4595.099609375, 'weight': 0.013128368166159787, 'metric': 'rmsse', 'metric_value': 1.0273070423608652}, {'task': 'store_dept', 'fold': -1, 'model': 'SkuTemporalCNN', 'base_model': 'SkuTemporalCNN', 'agg_id': 'TX_1__HOBBIES_2', 'origin_time': 1708, 'row_id': 32, 'revenue_28': 96.20000457763672, 'weight': 0.0002748469424046394, 'metric': 'rmsse', 'metric_value': 1.050961887782502}, {'task': 'store_dept', 'fold': -1, 'model': 'SkuTemporalCNN', 'base_model': 'SkuTemporalCNN', 'agg_id': 'TX_1__HOUSEHOLD_1', 'origin_time': 1708, 'row_id': 33, 'revenue_28': 11967.7998046875, 'weight': 0.034192443109237185, 'metric': 'rmsse', 'metric_value': 0.5230330980286401}, {'task': 'store_dept', 'fold': -1, 'model': 'SkuTemporalCNN', 'base_model': 'SkuTemporalCNN', 'agg_id': 'TX_1__HOUSEHOLD_2', 'origin_time': 1708, 'row_id': 34, 'revenue_28': 2081.780029296875, 'weight': 0.00594772191876067, 'metric': 'rmsse', 'metric_value': 0.9276775041930329}, {'task': 'store_dept', 'fold': -1, 'model': 'SkuTemporalCNN', 'base_model': 'SkuTemporalCNN', 'agg_id': 'TX_2__FOODS_1', 'origin_time': 1708, 'row_id': 35, 'revenue_28': 478.6199951171875, 'weight': 0.0013674348853644728, 'metric': 'rmsse', 'metric_value': 0.7281804933303239}, {'task': 'store_dept', 'fold': -1, 'model': 'SkuTemporalCNN', 'base_model': 'SkuTemporalCNN', 'agg_id': 'TX_2__FOODS_2', 'origin_time': 1708, 'row_id': 36, 'revenue_28': 4991.48974609375, 'weight': 0.014260869329281684, 'metric': 'rmsse', 'metric_value': 0.6864531852034339}, {'task': 'store_dept', 'fold': -1, 'model': 'SkuTemporalCNN', 'base_model': 'SkuTemporalCNN', 'agg_id': 'TX_2__FOODS_3', 'origin_time': 1708, 'row_id': 37, 'revenue_28': 9153.9296875, 'weight': 0.02615311295090417, 'metric': 'rmsse', 'metric_value': 0.4899525328260076}, {'task': 'store_dept', 'fold': -1, 'model': 'SkuTemporalCNN', 'base_model': 'SkuTemporalCNN', 'agg_id': 'TX_2__HOBBIES_1', 'origin_time': 1708, 'row_id': 38, 'revenue_28': 4488.7998046875, 'weight': 0.012824665724306041, 'metric': 'rmsse', 'metric_value': 0.7351638551617156}, {'task': 'store_dept', 'fold': -1, 'model': 'SkuTemporalCNN', 'base_model': 'SkuTemporalCNN', 'agg_id': 'TX_2__HOBBIES_2', 'origin_time': 1708, 'row_id': 39, 'revenue_28': 106.89000701904297, 'weight': 0.00030538867156794185, 'metric': 'rmsse', 'metric_value': 1.5472000726005617}, {'task': 'store_dept', 'fold': -1, 'model': 'SkuTemporalCNN', 'base_model': 'SkuTemporalCNN', 'agg_id': 'TX_2__HOUSEHOLD_1', 'origin_time': 1708, 'row_id': 40, 'revenue_28': 7779.02978515625, 'weight': 0.022224973488429934, 'metric': 'rmsse', 'metric_value': 0.6580457215283287}, {'task': 'store_dept', 'fold': -1, 'model': 'SkuTemporalCNN', 'base_model': 'SkuTemporalCNN', 'agg_id': 'TX_2__HOUSEHOLD_2', 'origin_time': 1708, 'row_id': 41, 'revenue_28': 2405.5, 'weight': 0.0068726017514977745, 'metric': 'rmsse', 'metric_value': 0.7625195070988168}, {'task': 'store_dept', 'fold': -1, 'model': 'SkuTemporalCNN', 'base_model': 'SkuTemporalCNN', 'agg_id': 'TX_3__FOODS_1', 'origin_time': 1708, 'row_id': 42, 'revenue_28': 2326.159912109375, 'weight': 0.006645924209614134, 'metric': 'rmsse', 'metric_value': 0.9665325515456606}, {'task': 'store_dept', 'fold': -1, 'model': 'SkuTemporalCNN', 'base_model': 'SkuTemporalCNN', 'agg_id': 'TX_3__FOODS_2', 'origin_time': 1708, 'row_id': 43, 'revenue_28': 6259.36083984375, 'weight': 0.017883223558996773, 'metric': 'rmsse', 'metric_value': 1.175088407615778}, {'task': 'store_dept', 'fold': -1, 'model': 'SkuTemporalCNN', 'base_model': 'SkuTemporalCNN', 'agg_id': 'TX_3__FOODS_3', 'origin_time': 1708, 'row_id': 44, 'revenue_28': 10799.1806640625, 'weight': 0.03085365535089455, 'metric': 'rmsse', 'metric_value': 0.5445085554959535}, {'task': 'store_dept', 'fold': -1, 'model': 'SkuTemporalCNN', 'base_model': 'SkuTemporalCNN', 'agg_id': 'TX_3__HOBBIES_1', 'origin_time': 1708, 'row_id': 45, 'revenue_28': 3801.2099609375, 'weight': 0.010860196314840927, 'metric': 'rmsse', 'metric_value': 0.7546287600018441}, {'task': 'store_dept', 'fold': -1, 'model': 'SkuTemporalCNN', 'base_model': 'SkuTemporalCNN', 'agg_id': 'TX_3__HOBBIES_2', 'origin_time': 1708, 'row_id': 46, 'revenue_28': 248.95001220703125, 'weight': 0.0007112593181997237, 'metric': 'rmsse', 'metric_value': 0.9095013826574463}, {'task': 'store_dept', 'fold': -1, 'model': 'SkuTemporalCNN', 'base_model': 'SkuTemporalCNN', 'agg_id': 'TX_3__HOUSEHOLD_1', 'origin_time': 1708, 'row_id': 47, 'revenue_28': 7539.970703125, 'weight': 0.02154197292061475, 'metric': 'rmsse', 'metric_value': 0.8824260244906149}, {'task': 'store_dept', 'fold': -1, 'model': 'SkuTemporalCNN', 'base_model': 'SkuTemporalCNN', 'agg_id': 'TX_3__HOUSEHOLD_2', 'origin_time': 1708, 'row_id': 48, 'revenue_28': 1770.510009765625, 'weight': 0.0050584120532777286, 'metric': 'rmsse', 'metric_value': 0.7561841761193767}, {'task': 'store_dept', 'fold': -1, 'model': 'SkuTemporalCNN', 'base_model': 'SkuTemporalCNN', 'agg_id': 'WI_1__FOODS_1', 'origin_time': 1708, 'row_id': 49, 'revenue_28': 2926.960205078125, 'weight': 0.008362432688415801, 'metric': 'rmsse', 'metric_value': 0.6870705206816986}, {'task': 'store_dept', 'fold': -1, 'model': 'SkuTemporalCNN', 'base_model': 'SkuTemporalCNN', 'agg_id': 'WI_1__FOODS_2', 'origin_time': 1708, 'row_id': 50, 'revenue_28': 4155.56982421875, 'weight': 0.011872615444771183, 'metric': 'rmsse', 'metric_value': 1.759025017506083}, {'task': 'store_dept', 'fold': -1, 'model': 'SkuTemporalCNN', 'base_model': 'SkuTemporalCNN', 'agg_id': 'WI_1__FOODS_3', 'origin_time': 1708, 'row_id': 51, 'revenue_28': 9793.0693359375, 'weight': 0.02797915837485064, 'metric': 'rmsse', 'metric_value': 0.5706465122488217}, {'task': 'store_dept', 'fold': -1, 'model': 'SkuTemporalCNN', 'base_model': 'SkuTemporalCNN', 'agg_id': 'WI_1__HOBBIES_1', 'origin_time': 1708, 'row_id': 52, 'revenue_28': 3119.93017578125, 'weight': 0.008913754974277687, 'metric': 'rmsse', 'metric_value': 0.8307790705013411}, {'task': 'store_dept', 'fold': -1, 'model': 'SkuTemporalCNN', 'base_model': 'SkuTemporalCNN', 'agg_id': 'WI_1__HOBBIES_2', 'origin_time': 1708, 'row_id': 53, 'revenue_28': 163.74000549316406, 'weight': 0.0004678112028861254, 'metric': 'rmsse', 'metric_value': 0.8212267035234391}, {'task': 'store_dept', 'fold': -1, 'model': 'SkuTemporalCNN', 'base_model': 'SkuTemporalCNN', 'agg_id': 'WI_1__HOUSEHOLD_1', 'origin_time': 1708, 'row_id': 54, 'revenue_28': 5966.89013671875, 'weight': 0.017047624030184193, 'metric': 'rmsse', 'metric_value': 0.8011367344846742}, {'task': 'store_dept', 'fold': -1, 'model': 'SkuTemporalCNN', 'base_model': 'SkuTemporalCNN', 'agg_id': 'WI_1__HOUSEHOLD_2', 'origin_time': 1708, 'row_id': 55, 'revenue_28': 1234.610107421875, 'weight': 0.003527326371517121, 'metric': 'rmsse', 'metric_value': 0.6502905085429287}, {'task': 'store_dept', 'fold': -1, 'model': 'SkuTemporalCNN', 'base_model': 'SkuTemporalCNN', 'agg_id': 'WI_2__FOODS_1', 'origin_time': 1708, 'row_id': 56, 'revenue_28': 10760.2900390625, 'weight': 0.030742543408474328, 'metric': 'rmsse', 'metric_value': 1.081018010833346}, {'task': 'store_dept', 'fold': -1, 'model': 'SkuTemporalCNN', 'base_model': 'SkuTemporalCNN', 'agg_id': 'WI_2__FOODS_2', 'origin_time': 1708, 'row_id': 57, 'revenue_28': 5265.87060546875, 'weight': 0.015044785510831502, 'metric': 'rmsse', 'metric_value': 1.560329446382657}, {'task': 'store_dept', 'fold': -1, 'model': 'SkuTemporalCNN', 'base_model': 'SkuTemporalCNN', 'agg_id': 'WI_2__FOODS_3', 'origin_time': 1708, 'row_id': 58, 'revenue_28': 10658.37890625, 'weight': 0.03045137956317634, 'metric': 'rmsse', 'metric_value': 0.6642478893804891}, {'task': 'store_dept', 'fold': -1, 'model': 'SkuTemporalCNN', 'base_model': 'SkuTemporalCNN', 'agg_id': 'WI_2__HOBBIES_1', 'origin_time': 1708, 'row_id': 59, 'revenue_28': 3197.070068359375, 'weight': 0.00913414647743411, 'metric': 'rmsse', 'metric_value': 0.4863094360633934}, {'task': 'store_dept', 'fold': -1, 'model': 'SkuTemporalCNN', 'base_model': 'SkuTemporalCNN', 'agg_id': 'WI_2__HOBBIES_2', 'origin_time': 1708, 'row_id': 60, 'revenue_28': 263.59002685546875, 'weight': 0.0007530863771541218, 'metric': 'rmsse', 'metric_value': 1.1901380789220797}, {'task': 'store_dept', 'fold': -1, 'model': 'SkuTemporalCNN', 'base_model': 'SkuTemporalCNN', 'agg_id': 'WI_2__HOUSEHOLD_1', 'origin_time': 1708, 'row_id': 61, 'revenue_28': 9898.310546875, 'weight': 0.0282798363755236, 'metric': 'rmsse', 'metric_value': 1.2200282148962076}, {'task': 'store_dept', 'fold': -1, 'model': 'SkuTemporalCNN', 'base_model': 'SkuTemporalCNN', 'agg_id': 'WI_2__HOUSEHOLD_2', 'origin_time': 1708, 'row_id': 62, 'revenue_28': 1296.1199951171875, 'weight': 0.003703062377299385, 'metric': 'rmsse', 'metric_value': 0.7020306042317334}, {'task': 'store_dept', 'fold': -1, 'model': 'SkuTemporalCNN', 'base_model': 'SkuTemporalCNN', 'agg_id': 'WI_3__FOODS_1', 'origin_time': 1708, 'row_id': 63, 'revenue_28': 1197.5599365234375, 'weight': 0.003421472673986506, 'metric': 'rmsse', 'metric_value': 0.8993584687043576}, {'task': 'store_dept', 'fold': -1, 'model': 'SkuTemporalCNN', 'base_model': 'SkuTemporalCNN', 'agg_id': 'WI_3__FOODS_2', 'origin_time': 1708, 'row_id': 64, 'revenue_28': 2744.72998046875, 'weight': 0.007841794251156926, 'metric': 'rmsse', 'metric_value': 0.9083737799448712}, {'task': 'store_dept', 'fold': -1, 'model': 'SkuTemporalCNN', 'base_model': 'SkuTemporalCNN', 'agg_id': 'WI_3__FOODS_3', 'origin_time': 1708, 'row_id': 65, 'revenue_28': 9562.7109375, 'weight': 0.027321015979268105, 'metric': 'rmsse', 'metric_value': 0.5926079810438687}, {'task': 'store_dept', 'fold': -1, 'model': 'SkuTemporalCNN', 'base_model': 'SkuTemporalCNN', 'agg_id': 'WI_3__HOBBIES_1', 'origin_time': 1708, 'row_id': 66, 'revenue_28': 2060.580078125, 'weight': 0.0058871528804919126, 'metric': 'rmsse', 'metric_value': 0.7955928777977614}, {'task': 'store_dept', 'fold': -1, 'model': 'SkuTemporalCNN', 'base_model': 'SkuTemporalCNN', 'agg_id': 'WI_3__HOBBIES_2', 'origin_time': 1708, 'row_id': 67, 'revenue_28': 177.99000549316406, 'weight': 0.0005085239756813211, 'metric': 'rmsse', 'metric_value': 0.8378494590601961}, {'task': 'store_dept', 'fold': -1, 'model': 'SkuTemporalCNN', 'base_model': 'SkuTemporalCNN', 'agg_id': 'WI_3__HOUSEHOLD_1', 'origin_time': 1708, 'row_id': 68, 'revenue_28': 5443.83056640625, 'weight': 0.015553223648115035, 'metric': 'rmsse', 'metric_value': 0.7122398545050305}, {'task': 'store_dept', 'fold': -1, 'model': 'SkuTemporalCNN', 'base_model': 'SkuTemporalCNN', 'agg_id': 'WI_3__HOUSEHOLD_2', 'origin_time': 1708, 'row_id': 69, 'revenue_28': 1166.4700927734375, 'weight': 0.0033326478497877773, 'metric': 'rmsse', 'metric_value': 0.7449993101649975}, {'task': 'store_dept', 'fold': -1, 'model': 'SkuTemporalCNN', 'base_model': 'SkuTemporalCNN', 'agg_id': 'CA_1__FOODS_1', 'origin_time': 1736, 'row_id': 70, 'revenue_28': 2498.89990234375, 'weight': 0.006916084871210092, 'metric': 'rmsse', 'metric_value': 1.0749910759591421}, {'task': 'store_dept', 'fold': -1, 'model': 'SkuTemporalCNN', 'base_model': 'SkuTemporalCNN', 'agg_id': 'CA_1__FOODS_2', 'origin_time': 1736, 'row_id': 71, 'revenue_28': 3230.419921875, 'weight': 0.0089406775871177, 'metric': 'rmsse', 'metric_value': 1.0130023670729669}, {'task': 'store_dept', 'fold': -1, 'model': 'SkuTemporalCNN', 'base_model': 'SkuTemporalCNN', 'agg_id': 'CA_1__FOODS_3', 'origin_time': 1736, 'row_id': 72, 'revenue_28': 18167.908203125, 'weight': 0.050282444265701505, 'metric': 'rmsse', 'metric_value': 0.39073164642031744}, {'task': 'store_dept', 'fold': -1, 'model': 'SkuTemporalCNN', 'base_model': 'SkuTemporalCNN', 'agg_id': 'CA_1__HOBBIES_1', 'origin_time': 1736, 'row_id': 73, 'revenue_28': 6597.3095703125, 'weight': 0.01825905586179469, 'metric': 'rmsse', 'metric_value': 0.7801417921620022}, {'task': 'store_dept', 'fold': -1, 'model': 'SkuTemporalCNN', 'base_model': 'SkuTemporalCNN', 'agg_id': 'CA_1__HOBBIES_2', 'origin_time': 1736, 'row_id': 74, 'revenue_28': 184.1699981689453, 'weight': 0.0005097184312474383, 'metric': 'rmsse', 'metric_value': 1.6943898180500814}, {'task': 'store_dept', 'fold': -1, 'model': 'SkuTemporalCNN', 'base_model': 'SkuTemporalCNN', 'agg_id': 'CA_1__HOUSEHOLD_1', 'origin_time': 1736, 'row_id': 75, 'revenue_28': 10063.9697265625, 'weight': 0.027853564164340268, 'metric': 'rmsse', 'metric_value': 0.8846363313375788}, {'task': 'store_dept', 'fold': -1, 'mo