number,value,state,params_batch_size,params_cnn_kernel_size,params_cnn_num_blocks,params_dropout,params_hidden_dim,params_lr,params_weight_decay,user_attrs_latest_running_objective,user_attrs_params,user_attrs_rows
20,0.11287818196273985,PRUNED,32,3,4,0.20462754340408776,160,0.00024230334727064635,1.2706819588728582e-05,,"{'model_name': 'SkuTemporalCNN', 'hidden_dim': 160, 'dropout': 0.20462754340408776, 'lr': 0.00024230334727064635, 'weight_decay': 1.2706819588728582e-05, 'batch_size': 32, 'num_heads': 4, 'num_sab_layers': 2, 'num_seeds': 1, 'num_inducing_points': 32, 'cnn_num_blocks': 4, 'cnn_kernel_size': 3}",
