number,value,state,params_batch_size,params_cnn_kernel_size,params_cnn_num_blocks,params_dropout,params_hidden_dim,params_lr,params_weight_decay,user_attrs_latest_running_objective,user_attrs_params,user_attrs_rows
54,0.11741095777778399,PRUNED,16,3,4,0.08905049891393127,96,0.00038960445386889813,4.0468133054042255e-06,,"{'model_name': 'SkuTemporalCNN', 'hidden_dim': 96, 'dropout': 0.08905049891393127, 'lr': 0.00038960445386889813, 'weight_decay': 4.0468133054042255e-06, 'batch_size': 16, 'num_heads': 4, 'num_sab_layers': 2, 'num_seeds': 1, 'num_inducing_points': 32, 'cnn_num_blocks': 4, 'cnn_kernel_size': 3}",
55,0.11231022629709471,PRUNED,16,3,4,0.13136344360588512,96,0.0003338934662205731,1.3554970961592753e-06,,"{'model_name': 'SkuTemporalCNN', 'hidden_dim': 96, 'dropout': 0.13136344360588512, 'lr': 0.0003338934662205731, 'weight_decay': 1.3554970961592753e-06, 'batch_size': 16, 'num_heads': 4, 'num_sab_layers': 2, 'num_seeds': 1, 'num_inducing_points': 32, 'cnn_num_blocks': 4, 'cnn_kernel_size': 3}",
56,0.11382152956156504,PRUNED,64,3,2,0.06650566190994538,96,0.0002829051876530248,1.873478068175431e-06,,"{'model_name': 'SkuTemporalCNN', 'hidden_dim': 96, 'dropout': 0.06650566190994538, 'lr': 0.0002829051876530248, 'weight_decay': 1.873478068175431e-06, 'batch_size': 64, 'num_heads': 4, 'num_sab_layers': 2, 'num_seeds': 1, 'num_inducing_points': 32, 'cnn_num_blocks': 2, 'cnn_kernel_size': 3}",
