number,value,state,params_batch_size,params_cnn_kernel_size,params_cnn_num_blocks,params_dropout,params_hidden_dim,params_lr,params_weight_decay,user_attrs_latest_running_objective,user_attrs_params,user_attrs_rows
32,0.1488682462345986,PRUNED,32,3,4,0.2238841037907166,160,0.001311422294595007,1.5913796688998188e-05,,"{'model_name': 'SkuTemporalCNN', 'hidden_dim': 160, 'dropout': 0.2238841037907166, 'lr': 0.001311422294595007, 'weight_decay': 1.5913796688998188e-05, 'batch_size': 32, 'num_heads': 4, 'num_sab_layers': 2, 'num_seeds': 1, 'num_inducing_points': 32, 'cnn_num_blocks': 4, 'cnn_kernel_size': 3}",
