number,value,state,params_batch_size,params_cnn_kernel_size,params_cnn_num_blocks,params_dropout,params_hidden_dim,params_lr,params_weight_decay,user_attrs_latest_running_objective,user_attrs_params,user_attrs_rows
12,0.9386505486263971,COMPLETE,16,3,2,0.1133938829967057,64,0.0003602856425489245,1.0534129257463037e-06,0.9386505486263971,"{'model_name': 'SkuTemporalCNN', 'hidden_dim': 64, 'dropout': 0.1133938829967057, 'lr': 0.0003602856425489245, 'weight_decay': 1.0534129257463037e-06, 'batch_size': 16, 'num_heads': 4, 'num_sab_layers': 2, 'num_seeds': 1, 'num_inducing_points': 32, 'cnn_num_blocks': 2, 'cnn_kernel_size': 3}","[{'stage': 'stage1', 'task': 'store_dept', 'fold': 0, 'model': 'SkuTemporalCNN', 'train_samples': 1015, 'valid_samples': 210, 'eval_samples': 210, 'base_model': 'SkuTemporalCNN', 'wrmsse': 0.9386505486263971, 'wape': 0.2241363874514846, 'series_rows': [{'task': 'store_dept', 'fold': -1, 'model': 'SkuTemporalCNN', 'base_model': 'SkuTemporalCNN', 'agg_id': 'CA_1__FOODS_1', 'origin_time': 1708, 'row_id': 0, 'revenue_28': 2354.2900390625, 'weight': 0.00672629301433993, 'metric': 'rmsse', 'metric_value': 0.6997257630619377}, {'task': 'store_dept', 'fold': -1, 'model': 'SkuTemporalCNN', 'base_model': 'SkuTemporalCNN', 'agg_id': 'CA_1__FOODS_2', 'origin_time': 1708, 'row_id': 1, 'revenue_28': 3504.670166015625, 'weight': 0.01001297124148035, 'metric': 'rmsse', 'metric_value': 1.0090115033415405}, {'task': 'store_dept', 'fold': -1, 'model': 'SkuTemporalCNN', 'base_model': 'SkuTemporalCNN', 'agg_id': 'CA_1__FOODS_3', 'origin_time': 1708, 'row_id': 2, 'revenue_28': 15070.7109375, 'weight': 0.04305757405336902, 'metric': 'rmsse', 'metric_value': 1.4501281084275939}, {'task': 'store_dept', 'fold': -1, 'model': 'SkuTemporalCNN', 'base_model': 'SkuTemporalCNN', 'agg_id': 'CA_1__HOBBIES_1', 'origin_time': 1708, 'row_id': 3, 'revenue_28': 6784.52099609375, 'weight': 0.01938362539215437, 'metric': 'rmsse', 'metric_value': 0.6061515384682323}, {'task': 'store_dept', 'fold': -1, 'model': 'SkuTemporalCNN', 'base_model': 'SkuTemporalCNN', 'agg_id': 'CA_1__HOBBIES_2', 'origin_time': 1708, 'row_id': 4, 'revenue_28': 111.55001068115234, 'weight': 0.00031870247299392357, 'metric': 'rmsse', 'metric_value': 1.408649555345895}, {'task': 'store_dept', 'fold': -1, 'model': 'SkuTemporalCNN', 'base_model': 'SkuTemporalCNN', 'agg_id': 'CA_1__HOUSEHOLD_1', 'origin_time': 1708, 'row_id': 5, 'revenue_28': 9023.8798828125, 'weight': 0.025781555887725096, 'metric': 'rmsse', 'metric_value': 0.9573491197038686}, {'task': 'store_dept', 'fold': -1, 'model': 'SkuTemporalCNN', 'base_model': 'SkuTemporalCNN', 'agg_id': 'CA_1__HOUSEHOLD_2', 'origin_time': 1708, 'row_id': 6, 'revenue_28': 2391.800048828125, 'weight': 0.006833460488384384, 'metric': 'rmsse', 'metric_value': 0.9242076154954459}, {'task': 'store_dept', 'fold': -1, 'model': 'SkuTemporalCNN', 'base_model': 'SkuTemporalCNN', 'agg_id': 'CA_2__FOODS_1', 'origin_time': 1708, 'row_id': 7, 'revenue_28': 7293.529296875, 'weight': 0.020837880781668452, 'metric': 'rmsse', 'metric_value': 0.9972218457160582}, {'task': 'store_dept', 'fold': -1, 'model': 'SkuTemporalCNN', 'base_model': 'SkuTemporalCNN', 'agg_id': 'CA_2__FOODS_2', 'origin_time': 1708, 'row_id': 8, 'revenue_28': 4431.35009765625, 'weight': 0.012660529803638403, 'metric': 'rmsse', 'metric_value': 1.585314735117495}, {'task': 'store_dept', 'fold': -1, 'model': 'SkuTemporalCNN', 'base_model': 'SkuTemporalCNN', 'agg_id': 'CA_2__FOODS_3', 'origin_time': 1708, 'row_id': 9, 'revenue_28': 10807.83984375, 'weight': 0.030878394944944373, 'metric': 'rmsse', 'metric_value': 1.0344448253575496}, {'task': 'store_dept', 'fold': -1, 'model': 'SkuTemporalCNN', 'base_model': 'SkuTemporalCNN', 'agg_id': 'CA_2__HOBBIES_1', 'origin_time': 1708, 'row_id': 10, 'revenue_28': 3684.760009765625, 'weight': 0.01052749453209902, 'metric': 'rmsse', 'metric_value': 1.3797127246925518}, {'task': 'store_dept', 'fold': -1, 'model': 'SkuTemporalCNN', 'base_model': 'SkuTemporalCNN', 'agg_id': 'CA_2__HOBBIES_2', 'origin_time': 1708, 'row_id': 11, 'revenue_28': 208.17999267578125, 'weight': 0.0005947778766536555, 'metric': 'rmsse', 'metric_value': 1.9275595020077336}, {'task': 'store_dept', 'fold': -1, 'model': 'SkuTemporalCNN', 'base_model': 'SkuTemporalCNN', 'agg_id': 'CA_2__HOUSEHOLD_1', 'origin_time': 1708, 'row_id': 12, 'revenue_28': 7297.67041015625, 'weight': 0.020849712094239588, 'metric': 'rmsse', 'metric_value': 0.8707539681554471}, {'task': 'store_dept', 'fold': -1, 'model': 'SkuTemporalCNN', 'base_model': 'SkuTemporalCNN', 'agg_id': 'CA_2__HOUSEHOLD_2', 'origin_time': 1708, 'row_id': 13, 'revenue_28': 4297.31982421875, 'weight': 0.012277600395207604, 'metric': 'rmsse', 'metric_value': 1.1199574937251515}, {'task': 'store_dept', 'fold': -1, 'model': 'SkuTemporalCNN', 'base_model': 'SkuTemporalCNN', 'agg_id': 'CA_3__FOODS_1', 'origin_time': 1708, 'row_id': 14, 'revenue_28': 2037.020263671875, 'weight': 0.005819841626251419, 'metric': 'rmsse', 'metric_value': 0.8536819832627528}, {'task': 'store_dept', 'fold': -1, 'model': 'SkuTemporalCNN', 'base_model': 'SkuTemporalCNN', 'agg_id': 'CA_3__FOODS_2', 'origin_time': 1708, 'row_id': 15, 'revenue_28': 5473.76025390625, 'weight': 0.01563873386334442, 'metric': 'rmsse', 'metric_value': 1.085888489959965}, {'task': 'store_dept', 'fold': -1, 'model': 'SkuTemporalCNN', 'base_model': 'SkuTemporalCNN', 'agg_id': 'CA_3__FOODS_3', 'origin_time': 1708, 'row_id': 16, 'revenue_28': 23709.330078125, 'weight': 0.06773842586645636, 'metric': 'rmsse', 'metric_value': 0.47549489376618115}, {'task': 'store_dept', 'fold': -1, 'model': 'SkuTemporalCNN', 'base_model': 'SkuTemporalCNN', 'agg_id': 'CA_3__HOBBIES_1', 'origin_time': 1708, 'row_id': 17, 'revenue_28': 4353.6396484375, 'weight': 0.012438508199227486, 'metric': 'rmsse', 'metric_value': 0.603235714671894}, {'task': 'store_dept', 'fold': -1, 'model': 'SkuTemporalCNN', 'base_model': 'SkuTemporalCNN', 'agg_id': 'CA_3__HOBBIES_2', 'origin_time': 1708, 'row_id': 18, 'revenue_28': 117.08000946044922, 'weight': 0.00033450188238755323, 'metric': 'rmsse', 'metric_value': 1.5918087677683563}, {'task': 'store_dept', 'fold': -1, 'model': 'SkuTemporalCNN', 'base_model': 'SkuTemporalCNN', 'agg_id': 'CA_3__HOUSEHOLD_1', 'origin_time': 1708, 'row_id': 19, 'revenue_28': 17030.759765625, 'weight': 0.04865750546438254, 'metric': 'rmsse', 'metric_value': 0.8086354523663543}, {'task': 'store_dept', 'fold': -1, 'model': 'SkuTemporalCNN', 'base_model': 'SkuTemporalCNN', 'agg_id': 'CA_3__HOUSEHOLD_2', 'origin_time': 1708, 'row_id': 20, 'revenue_28': 4214.96044921875, 'weight': 0.012042296639282739, 'metric': 'rmsse', 'metric_value': 0.6031211950283611}, {'task': 'store_dept', 'fold': -1, 'model': 'SkuTemporalCNN', 'base_model': 'SkuTemporalCNN', 'agg_id': 'CA_4__FOODS_1', 'origin_time': 1708, 'row_id': 21, 'revenue_28': 1043.760009765625, 'weight': 0.0029820606407227473, 'metric': 'rmsse', 'metric_value': 1.0073107920206688}, {'task': 'store_dept', 'fold': -1, 'model': 'SkuTemporalCNN', 'base_model': 'SkuTemporalCNN', 'agg_id': 'CA_4__FOODS_2', 'origin_time': 1708, 'row_id': 22, 'revenue_28': 3713.85986328125, 'weight': 0.010610633881190608, 'metric': 'rmsse', 'metric_value': 0.6194080616963922}, {'task': 'store_dept', 'fold': -1, 'model': 'SkuTemporalCNN', 'base_model': 'SkuTemporalCNN', 'agg_id': 'CA_4__FOODS_3', 'origin_time': 1708, 'row_id': 23, 'revenue_28': 10821.44140625, 'weight': 0.030917255108012593, 'metric': 'rmsse', 'metric_value': 0.7779114232876428}, {'task': 'store_dept', 'fold': -1, 'model': 'SkuTemporalCNN', 'base_model': 'SkuTemporalCNN', 'agg_id': 'CA_4__HOBBIES_1', 'origin_time': 1708, 'row_id': 24, 'revenue_28': 4728.69970703125, 'weight': 0.013510068546601531, 'metric': 'rmsse', 'metric_value': 0.8951706722403341}, {'task': 'store_dept', 'fold': -1, 'model': 'SkuTemporalCNN', 'base_model': 'SkuTemporalCNN', 'agg_id': 'CA_4__HOBBIES_2', 'origin_time': 1708, 'row_id': 25, 'revenue_28': 95.7300033569336, 'weight': 0.0002735041316739762, 'metric': 'rmsse', 'metric_value': 1.2357831696659392}, {'task': 'store_dept', 'fold': -1, 'model': 'SkuTemporalCNN', 'base_model': 'SkuTemporalCNN', 'agg_id': 'CA_4__HOUSEHOLD_1', 'origin_time': 1708, 'row_id': 26, 'revenue_28': 4069.969970703125, 'weight': 0.011628053522842505, 'metric': 'rmsse', 'metric_value': 1.1607736705191771}, {'task': 'store_dept', 'fold': -1, 'model': 'SkuTemporalCNN', 'base_model': 'SkuTemporalCNN', 'agg_id': 'CA_4__HOUSEHOLD_2', 'origin_time': 1708, 'row_id': 27, 'revenue_28': 1437.900146484375, 'weight': 0.004108133471298034, 'metric': 'rmsse', 'metric_value': 1.3632490296489863}, {'task': 'store_dept', 'fold': -1, 'model': 'SkuTemporalCNN', 'base_model': 'SkuTemporalCNN', 'agg_id': 'TX_1__FOODS_1', 'origin_time': 1708, 'row_id': 28, 'revenue_28': 1073.0400390625, 'weight': 0.0030657147586315436, 'metric': 'rmsse', 'metric_value': 0.8740016537275863}, {'task': 'store_dept', 'fold': -1, 'model': 'SkuTemporalCNN', 'base_model': 'SkuTemporalCNN', 'agg_id': 'TX_1__FOODS_2', 'origin_time': 1708, 'row_id': 29, 'revenue_28': 5225.14013671875, 'weight': 0.01492841706731848, 'metric': 'rmsse', 'metric_value': 0.7946605798904399}, {'task': 'store_dept', 'fold': -1, 'model': 'SkuTemporalCNN', 'base_model': 'SkuTemporalCNN', 'agg_id': 'TX_1__FOODS_3', 'origin_time': 1708, 'row_id': 30, 'revenue_28': 11660.0908203125, 'weight': 0.0333133072518407, 'metric': 'rmsse', 'metric_value': 0.7063522236074825}, {'task': 'store_dept', 'fold': -1, 'model': 'SkuTemporalCNN', 'base_model': 'SkuTemporalCNN', 'agg_id': 'TX_1__HOBBIES_1', 'origin_time': 1708, 'row_id': 31, 'revenue_28': 4595.099609375, 'weight': 0.013128368166159787, 'metric': 'rmsse', 'metric_value': 0.9801170119376562}, {'task': 'store_dept', 'fold': -1, 'model': 'SkuTemporalCNN', 'base_model': 'SkuTemporalCNN', 'agg_id': 'TX_1__HOBBIES_2', 'origin_time': 1708, 'row_id': 32, 'revenue_28': 96.20000457763672, 'weight': 0.0002748469424046394, 'metric': 'rmsse', 'metric_value': 1.0571639815422125}, {'task': 'store_dept', 'fold': -1, 'model': 'SkuTemporalCNN', 'base_model': 'SkuTemporalCNN', 'agg_id': 'TX_1__HOUSEHOLD_1', 'origin_time': 1708, 'row_id': 33, 'revenue_28': 11967.7998046875, 'weight': 0.034192443109237185, 'metric': 'rmsse', 'metric_value': 0.5296506911933577}, {'task': 'store_dept', 'fold': -1, 'model': 'SkuTemporalCNN', 'base_model': 'SkuTemporalCNN', 'agg_id': 'TX_1__HOUSEHOLD_2', 'origin_time': 1708, 'row_id': 34, 'revenue_28': 2081.780029296875, 'weight': 0.00594772191876067, 'metric': 'rmsse', 'metric_value': 1.000628028997737}, {'task': 'store_dept', 'fold': -1, 'model': 'SkuTemporalCNN', 'base_model': 'SkuTemporalCNN', 'agg_id': 'TX_2__FOODS_1', 'origin_time': 1708, 'row_id': 35, 'revenue_28': 478.6199951171875, 'weight': 0.0013674348853644728, 'metric': 'rmsse', 'metric_value': 0.687301744945764}, {'task': 'store_dept', 'fold': -1, 'model': 'SkuTemporalCNN', 'base_model': 'SkuTemporalCNN', 'agg_id': 'TX_2__FOODS_2', 'origin_time': 1708, 'row_id': 36, 'revenue_28': 4991.48974609375, 'weight': 0.014260869329281684, 'metric': 'rmsse', 'metric_value': 0.8211994959394043}, {'task': 'store_dept', 'fold': -1, 'model': 'SkuTemporalCNN', 'base_model': 'SkuTemporalCNN', 'agg_id': 'TX_2__FOODS_3', 'origin_time': 1708, 'row_id': 37, 'revenue_28': 9153.9296875, 'weight': 0.02615311295090417, 'metric': 'rmsse', 'metric_value': 0.5387799163402441}, {'task': 'store_dept', 'fold': -1, 'model': 'SkuTemporalCNN', 'base_model': 'SkuTemporalCNN', 'agg_id': 'TX_2__HOBBIES_1', 'origin_time': 1708, 'row_id': 38, 'revenue_28': 4488.7998046875, 'weight': 0.012824665724306041, 'metric': 'rmsse', 'metric_value': 0.8078606104603654}, {'task': 'store_dept', 'fold': -1, 'model': 'SkuTemporalCNN', 'base_model': 'SkuTemporalCNN', 'agg_id': 'TX_2__HOBBIES_2', 'origin_time': 1708, 'row_id': 39, 'revenue_28': 106.89000701904297, 'weight': 0.00030538867156794185, 'metric': 'rmsse', 'metric_value': 1.543438422316314}, {'task': 'store_dept', 'fold': -1, 'model': 'SkuTemporalCNN', 'base_model': 'SkuTemporalCNN', 'agg_id': 'TX_2__HOUSEHOLD_1', 'origin_time': 1708, 'row_id': 40, 'revenue_28': 7779.02978515625, 'weight': 0.022224973488429934, 'metric': 'rmsse', 'metric_value': 0.6453449616244941}, {'task': 'store_dept', 'fold': -1, 'model': 'SkuTemporalCNN', 'base_model': 'SkuTemporalCNN', 'agg_id': 'TX_2__HOUSEHOLD_2', 'origin_time': 1708, 'row_id': 41, 'revenue_28': 2405.5, 'weight': 0.0068726017514977745, 'metric': 'rmsse', 'metric_value': 0.7337202113855034}, {'task': 'store_dept', 'fold': -1, 'model': 'SkuTemporalCNN', 'base_model': 'SkuTemporalCNN', 'agg_id': 'TX_3__FOODS_1', 'origin_time': 1708, 'row_id': 42, 'revenue_28': 2326.159912109375, 'weight': 0.006645924209614134, 'metric': 'rmsse', 'metric_value': 0.9218222044011241}, {'task': 'store_dept', 'fold': -1, 'model': 'SkuTemporalCNN', 'base_model': 'SkuTemporalCNN', 'agg_id': 'TX_3__FOODS_2', 'origin_time': 1708, 'row_id': 43, 'revenue_28': 6259.36083984375, 'weight': 0.017883223558996773, 'metric': 'rmsse', 'metric_value': 1.2220507407341463}, {'task': 'store_dept', 'fold': -1, 'model': 'SkuTemporalCNN', 'base_model': 'SkuTemporalCNN', 'agg_id': 'TX_3__FOODS_3', 'origin_time': 1708, 'row_id': 44, 'revenue_28': 10799.1806640625, 'weight': 0.03085365535089455, 'metric': 'rmsse', 'metric_value': 0.5330615902547445}, {'task': 'store_dept', 'fold': -1, 'model': 'SkuTemporalCNN', 'base_model': 'SkuTemporalCNN', 'agg_id': 'TX_3__HOBBIES_1', 'origin_time': 1708, 'row_id': 45, 'revenue_28': 3801.2099609375, 'weight': 0.010860196314840927, 'metric': 'rmsse', 'metric_value': 0.6984157580494438}, {'task': 'store_dept', 'fold': -1, 'model': 'SkuTemporalCNN', 'base_model': 'SkuTemporalCNN', 'agg_id': 'TX_3__HOBBIES_2', 'origin_time': 1708, 'row_id': 46, 'revenue_28': 248.95001220703125, 'weight': 0.0007112593181997237, 'metric': 'rmsse', 'metric_value': 0.8920120309811788}, {'task': 'store_dept', 'fold': -1, 'model': 'SkuTemporalCNN', 'base_model': 'SkuTemporalCNN', 'agg_id': 'TX_3__HOUSEHOLD_1', 'origin_time': 1708, 'row_id': 47, 'revenue_28': 7539.970703125, 'weight': 0.02154197292061475, 'metric': 'rmsse', 'metric_value': 0.926820087880485}, {'task': 'store_dept', 'fold': -1, 'model': 'SkuTemporalCNN', 'base_model': 'SkuTemporalCNN', 'agg_id': 'TX_3__HOUSEHOLD_2', 'origin_time': 1708, 'row_id': 48, 'revenue_28': 1770.510009765625, 'weight': 0.0050584120532777286, 'metric': 'rmsse', 'metric_value': 0.8170909104310341}, {'task': 'store_dept', 'fold': -1, 'model': 'SkuTemporalCNN', 'base_model': 'SkuTemporalCNN', 'agg_id': 'WI_1__FOODS_1', 'origin_time': 1708, 'row_id': 49, 'revenue_28': 2926.960205078125, 'weight': 0.008362432688415801, 'metric': 'rmsse', 'metric_value': 0.762092588312002}, {'task': 'store_dept', 'fold': -1, 'model': 'SkuTemporalCNN', 'base_model': 'SkuTemporalCNN', 'agg_id': 'WI_1__FOODS_2', 'origin_time': 1708, 'row_id': 50, 'revenue_28': 4155.56982421875, 'weight': 0.011872615444771183, 'metric': 'rmsse', 'metric_value': 1.9452222283979104}, {'task': 'store_dept', 'fold': -1, 'model': 'SkuTemporalCNN', 'base_model': 'SkuTemporalCNN', 'agg_id': 'WI_1__FOODS_3', 'origin_time': 1708, 'row_id': 51, 'revenue_28': 9793.0693359375, 'weight': 0.02797915837485064, 'metric': 'rmsse', 'metric_value': 0.5613432676058027}, {'task': 'store_dept', 'fold': -1, 'model': 'SkuTemporalCNN', 'base_model': 'SkuTemporalCNN', 'agg_id': 'WI_1__HOBBIES_1', 'origin_time': 1708, 'row_id': 52, 'revenue_28': 3119.93017578125, 'weight': 0.008913754974277687, 'metric': 'rmsse', 'metric_value': 0.8811070693044883}, {'task': 'store_dept', 'fold': -1, 'model': 'SkuTemporalCNN', 'base_model': 'SkuTemporalCNN', 'agg_id': 'WI_1__HOBBIES_2', 'origin_time': 1708, 'row_id': 53, 'revenue_28': 163.74000549316406, 'weight': 0.0004678112028861254, 'metric': 'rmsse', 'metric_value': 0.7824685303980771}, {'task': 'store_dept', 'fold': -1, 'model': 'SkuTemporalCNN', 'base_model': 'SkuTemporalCNN', 'agg_id': 'WI_1__HOUSEHOLD_1', 'origin_time': 1708, 'row_id': 54, 'revenue_28': 5966.89013671875, 'weight': 0.017047624030184193, 'metric': 'rmsse', 'metric_value': 0.8137697787340462}, {'task': 'store_dept', 'fold': -1, 'model': 'SkuTemporalCNN', 'base_model': 'SkuTemporalCNN', 'agg_id': 'WI_1__HOUSEHOLD_2', 'origin_time': 1708, 'row_id': 55, 'revenue_28': 1234.610107421875, 'weight': 0.003527326371517121, 'metric': 'rmsse', 'metric_value': 0.9553521692198252}, {'task': 'store_dept', 'fold': -1, 'model': 'SkuTemporalCNN', 'base_model': 'SkuTemporalCNN', 'agg_id': 'WI_2__FOODS_1', 'origin_time': 1708, 'row_id': 56, 'revenue_28': 10760.2900390625, 'weight': 0.030742543408474328, 'metric': 'rmsse', 'metric_value': 1.0183453480930298}, {'task': 'store_dept', 'fold': -1, 'model': 'SkuTemporalCNN', 'base_model': 'SkuTemporalCNN', 'agg_id': 'WI_2__FOODS_2', 'origin_time': 1708, 'row_id': 57, 'revenue_28': 5265.87060546875, 'weight': 0.015044785510831502, 'metric': 'rmsse', 'metric_value': 1.5830556483466085}, {'task': 'store_dept', 'fold': -1, 'model': 'SkuTemporalCNN', 'base_model': 'SkuTemporalCNN', 'agg_id': 'WI_2__FOODS_3', 'origin_time': 1708, 'row_id': 58, 'revenue_28': 10658.37890625, 'weight': 0.03045137956317634, 'metric': 'rmsse', 'metric_value': 0.7195093215408842}, {'task': 'store_dept', 'fold': -1, 'model': 'SkuTemporalCNN', 'base_model': 'SkuTemporalCNN', 'agg_id': 'WI_2__HOBBIES_1', 'origin_time': 1708, 'row_id': 59, 'revenue_28': 3197.070068359375, 'weight': 0.00913414647743411, 'metric': 'rmsse', 'metric_value': 0.4549958380561193}, {'task': 'store_dept', 'fold': -1, 'model': 'SkuTemporalCNN', 'base_model': 'SkuTemporalCNN', 'agg_id': 'WI_2__HOBBIES_2', 'origin_time': 1708, 'row_id': 60, 'revenue_28': 263.59002685546875, 'weight': 0.0007530863771541218, 'metric': 'rmsse', 'metric_value': 1.0866275490867696}, {'task': 'store_dept', 'fold': -1, 'model': 'SkuTemporalCNN', 'base_model': 'SkuTemporalCNN', 'agg_id': 'WI_2__HOUSEHOLD_1', 'origin_time': 1708, 'row_id': 61, 'revenue_28': 9898.310546875, 'weight': 0.0282798363755236, 'metric': 'rmsse', 'metric_value': 1.1519078325382657}, {'task': 'store_dept', 'fold': -1, 'model': 'SkuTemporalCNN', 'base_model': 'SkuTemporalCNN', 'agg_id': 'WI_2__HOUSEHOLD_2', 'origin_time': 1708, 'row_id': 62, 'revenue_28': 1296.1199951171875, 'weight': 0.003703062377299385, 'metric': 'rmsse', 'metric_value': 0.9844419394369341}, {'task': 'store_dept', 'fold': -1, 'model': 'SkuTemporalCNN', 'base_model': 'SkuTemporalCNN', 'agg_id': 'WI_3__FOODS_1', 'origin_time': 1708, 'row_id': 63, 'revenue_28': 1197.5599365234375, 'weight': 0.003421472673986506, 'metric': 'rmsse', 'metric_value': 0.803378462331051}, {'task': 'store_dept', 'fold': -1, 'model': 'SkuTemporalCNN', 'base_model': 'SkuTemporalCNN', 'agg_id': 'WI_3__FOODS_2', 'origin_time': 1708, 'row_id': 64, 'revenue_28': 2744.72998046875, 'weight': 0.007841794251156926, 'metric': 'rmsse', 'metric_value': 1.0170654088311035}, {'task': 'store_dept', 'fold': -1, 'model': 'SkuTemporalCNN', 'base_model': 'SkuTemporalCNN', 'agg_id': 'WI_3__FOODS_3', 'origin_time': 1708, 'row_id': 65, 'revenue_28': 9562.7109375, 'weight': 0.027321015979268105, 'metric': 'rmsse', 'metric_value': 0.6286791673728118}, {'task': 'store_dept', 'fold': -1, 'model': 'SkuTemporalCNN', 'base_model': 'SkuTemporalCNN', 'agg_id': 'WI_3__HOBBIES_1', 'origin_time': 1708, 'row_id': 66, 'revenue_28': 2060.580078125, 'weight': 0.0058871528804919126, 'metric': 'rmsse', 'metric_value': 0.8082603007958864}, {'task': 'store_dept', 'fold': -1, 'model': 'SkuTemporalCNN', 'base_model': 'SkuTemporalCNN', 'agg_id': 'WI_3__HOBBIES_2', 'origin_time': 1708, 'row_id': 67, 'revenue_28': 177.99000549316406, 'weight': 0.0005085239756813211, 'metric': 'rmsse', 'metric_value': 0.8997670079195753}, {'task': 'store_dept', 'fold': -1, 'model': 'SkuTemporalCNN', 'base_model': 'SkuTemporalCNN', 'agg_id': 'WI_3__HOUSEHOLD_1', 'origin_time': 1708, 'row_id': 68, 'revenue_28': 5443.83056640625, 'weight': 0.015553223648115035, 'metric': 'rmsse', 'metric_value': 0.6956963492585718}, {'task': 'store_dept', 'fold': -1, 'model': 'SkuTemporalCNN', 'base_model': 'SkuTemporalCNN', 'agg_id': 'WI_3__HOUSEHOLD_2', 'origin_time': 1708, 'row_id': 69, 'revenue_28': 1166.4700927734375, 'weight': 0.0033326478497877773, 'metric': 'rmsse', 'metric_value': 0.8288506078392454}, {'task': 'store_dept', 'fold': -1, 'model': 'SkuTemporalCNN', 'base_model': 'SkuTemporalCNN', 'agg_id': 'CA_1__FOODS_1', 'origin_time': 1736, 'row_id': 70, 'revenue_28': 2498.89990234375, 'weight': 0.006916084871210092, 'metric': 'rmsse', 'metric_value': 1.0693716275804537}, {'task': 'store_dept', 'fold': -1, 'model': 'SkuTemporalCNN', 'base_model': 'SkuTemporalCNN', 'agg_id': 'CA_1__FOODS_2', 'origin_time': 1736, 'row_id': 71, 'revenue_28': 3230.419921875, 'weight': 0.0089406775871177, 'metric': 'rmsse', 'metric_value': 1.0581634708999554}, {'task': 'store_dept', 'fold': -1, 'model': 'SkuTemporalCNN', 'base_model': 'SkuTemporalCNN', 'agg_id': 'CA_1__FOODS_3', 'origin_time': 1736, 'row_id': 72, 'revenue_28': 18167.908203125, 'weight': 0.050282444265701505, 'metric': 'rmsse', 'metric_value': 0.5093541754368799}, {'task': 'store_dept', 'fold': -1, 'model': 'SkuTemporalCNN', 'base_model': 'SkuTemporalCNN', 'agg_id': 'CA_1__HOBBIES_1', 'origin_time': 1736, 'row_id': 73, 'revenue_28': 6597.3095703125, 'weight': 0.01825905586179469, 'metric': 'rmsse', 'metric_value': 0.7895078222743962}, {'task': 'store_dept', 'fold': -1, 'model': 'SkuTemporalCNN', 'base_model': 'SkuTemporalCNN', 'agg_id': 'CA_1__HOBBIES_2', 'origin_time': 1736, 'row_id': 74, 'revenue_28': 184.1699981689453, 'weight': 0.0005097184312474383, 'metric': 'rmsse', 'metric_value': 1.3395648278705992}, {'task': 'store_dept', 'fold': -1, 'model': 'SkuTemporalCNN', 'base_model': 'SkuTemporalCNN', 'agg_id': 'CA_1__HOUSEHOLD_1', 'origin_time': 1736, 'row_id': 75, 'revenue_28': 10063.9697265625, 'weight': 0.027853564164340268, 'metric': 'rmsse', 'metric_value': 0.87812580296161}, {'task': 'store_dept', 'fold': -1, 'model': 