number,value,state,params_batch_size,params_cnn_kernel_size,params_cnn_num_blocks,params_dropout,params_hidden_dim,params_lr,params_weight_decay,user_attrs_latest_running_objective,user_attrs_params,user_attrs_rows
34,0.09780249787228448,PRUNED,32,3,4,0.23434546414306662,160,0.0009606530820869934,8.219651681750547e-06,,"{'model_name': 'SkuTemporalCNN', 'hidden_dim': 160, 'dropout': 0.23434546414306662, 'lr': 0.0009606530820869934, 'weight_decay': 8.219651681750547e-06, 'batch_size': 32, 'num_heads': 4, 'num_sab_layers': 2, 'num_seeds': 1, 'num_inducing_points': 32, 'cnn_num_blocks': 4, 'cnn_kernel_size': 3}",
35,0.126309977046081,PRUNED,32,3,4,0.19338408692662204,160,0.001624251226673877,7.789992296733375e-05,,"{'model_name': 'SkuTemporalCNN', 'hidden_dim': 160, 'dropout': 0.19338408692662204, 'lr': 0.001624251226673877, 'weight_decay': 7.789992296733375e-05, 'batch_size': 32, 'num_heads': 4, 'num_sab_layers': 2, 'num_seeds': 1, 'num_inducing_points': 32, 'cnn_num_blocks': 4, 'cnn_kernel_size': 3}",
36,0.10059183679875873,PRUNED,16,5,3,0.20531013424461309,160,0.0008921497972201712,2.019152911117213e-05,,"{'model_name': 'SkuTemporalCNN', 'hidden_dim': 160, 'dropout': 0.20531013424461309, 'lr': 0.0008921497972201712, 'weight_decay': 2.019152911117213e-05, 'batch_size': 16, 'num_heads': 4, 'num_sab_layers': 2, 'num_seeds': 1, 'num_inducing_points': 32, 'cnn_num_blocks': 3, 'cnn_kernel_size': 5}",
37,0.10038509042490096,PRUNED,32,3,3,0.23143510872692094,128,0.0019312538683440704,5.137102114899153e-06,,"{'model_name': 'SkuTemporalCNN', 'hidden_dim': 128, 'dropout': 0.23143510872692094, 'lr': 0.0019312538683440704, 'weight_decay': 5.137102114899153e-06, 'batch_size': 32, 'num_heads': 4, 'num_sab_layers': 2, 'num_seeds': 1, 'num_inducing_points': 32, 'cnn_num_blocks': 3, 'cnn_kernel_size': 3}",
