number,value,state,params_batch_size,params_cnn_kernel_size,params_cnn_num_blocks,params_dropout,params_hidden_dim,params_lr,params_weight_decay,user_attrs_latest_running_objective,user_attrs_params,user_attrs_rows
30,0.11061853248448598,PRUNED,64,3,4,0.17978790564283528,160,0.0014929813505940213,3.5245075139782993e-06,,"{'model_name': 'SkuTemporalCNN', 'hidden_dim': 160, 'dropout': 0.17978790564283528, 'lr': 0.0014929813505940213, 'weight_decay': 3.5245075139782993e-06, 'batch_size': 64, 'num_heads': 4, 'num_sab_layers': 2, 'num_seeds': 1, 'num_inducing_points': 32, 'cnn_num_blocks': 4, 'cnn_kernel_size': 3}",
