number,value,state,params_batch_size,params_cnn_kernel_size,params_cnn_num_blocks,params_dropout,params_hidden_dim,params_lr,params_weight_decay,user_attrs_latest_running_objective,user_attrs_params,user_attrs_rows
58,0.10314173311704682,PRUNED,16,3,4,0.10439202982771623,96,0.00028727608289940755,2.6791263290131887e-06,,"{'model_name': 'SkuTemporalCNN', 'hidden_dim': 96, 'dropout': 0.10439202982771623, 'lr': 0.00028727608289940755, 'weight_decay': 2.6791263290131887e-06, 'batch_size': 16, 'num_heads': 4, 'num_sab_layers': 2, 'num_seeds': 1, 'num_inducing_points': 32, 'cnn_num_blocks': 4, 'cnn_kernel_size': 3}",
