number,value,state,params_batch_size,params_cnn_kernel_size,params_cnn_num_blocks,params_dropout,params_hidden_dim,params_lr,params_weight_decay,user_attrs_latest_running_objective,user_attrs_params,user_attrs_rows
8,0.10818037216862043,PRUNED,16,5,2,0.05698379063548542,96,0.0006358398347237379,0.000161360531728048,,"{'model_name': 'SkuTemporalCNN', 'hidden_dim': 96, 'dropout': 0.05698379063548542, 'lr': 0.0006358398347237379, 'weight_decay': 0.000161360531728048, 'batch_size': 16, 'num_heads': 4, 'num_sab_layers': 2, 'num_seeds': 1, 'num_inducing_points': 32, 'cnn_num_blocks': 2, 'cnn_kernel_size': 5}",
9,0.10752677236284529,PRUNED,16,5,3,0.24294552068024017,128,0.0027099161086213226,4.781375634172092e-06,,"{'model_name': 'SkuTemporalCNN', 'hidden_dim': 128, 'dropout': 0.24294552068024017, 'lr': 0.0027099161086213226, 'weight_decay': 4.781375634172092e-06, 'batch_size': 16, 'num_heads': 4, 'num_sab_layers': 2, 'num_seeds': 1, 'num_inducing_points': 32, 'cnn_num_blocks': 3, 'cnn_kernel_size': 5}",
10,0.09825082605793363,PRUNED,32,3,4,0.12214088590125362,96,0.0002041297632817653,1.1180946347960756e-06,,"{'model_name': 'SkuTemporalCNN', 'hidden_dim': 96, 'dropout': 0.12214088590125362, 'lr': 0.0002041297632817653, 'weight_decay': 1.1180946347960756e-06, 'batch_size': 32, 'num_heads': 4, 'num_sab_layers': 2, 'num_seeds': 1, 'num_inducing_points': 32, 'cnn_num_blocks': 4, 'cnn_kernel_size': 3}",
