number,value,state,params_batch_size,params_cnn_kernel_size,params_cnn_num_blocks,params_dropout,params_hidden_dim,params_lr,params_weight_decay,user_attrs_latest_running_objective,user_attrs_params,user_attrs_rows
28,0.09914307253701346,PRUNED,64,3,4,0.21801002846217438,160,0.0006430947354162534,7.243039058570742e-06,,"{'model_name': 'SkuTemporalCNN', 'hidden_dim': 160, 'dropout': 0.21801002846217438, 'lr': 0.0006430947354162534, 'weight_decay': 7.243039058570742e-06, 'batch_size': 64, 'num_heads': 4, 'num_sab_layers': 2, 'num_seeds': 1, 'num_inducing_points': 32, 'cnn_num_blocks': 4, 'cnn_kernel_size': 3}",
