number,value,state,params_batch_size,params_cnn_kernel_size,params_cnn_num_blocks,params_dropout,params_hidden_dim,params_lr,params_weight_decay,user_attrs_latest_running_objective,user_attrs_params,user_attrs_rows
25,0.0914454895116034,PRUNED,32,3,3,0.13204956064194295,96,0.00031405398550667134,1.799043554439485e-06,,"{'model_name': 'SkuTemporalCNN', 'hidden_dim': 96, 'dropout': 0.13204956064194295, 'lr': 0.00031405398550667134, 'weight_decay': 1.799043554439485e-06, 'batch_size': 32, 'num_heads': 4, 'num_sab_layers': 2, 'num_seeds': 1, 'num_inducing_points': 32, 'cnn_num_blocks': 3, 'cnn_kernel_size': 3}",
