number,value,state,params_batch_size,params_cnn_kernel_size,params_cnn_num_blocks,params_dropout,params_hidden_dim,params_lr,params_weight_decay,user_attrs_latest_running_objective,user_attrs_params,user_attrs_rows
43,0.10825086690130688,PRUNED,16,5,2,0.013037633186309119,160,0.0005431488053340718,0.000250240148541261,,"{'model_name': 'DeepSets', 'hidden_dim': 160, 'dropout': 0.013037633186309119, 'lr': 0.0005431488053340718, 'weight_decay': 0.000250240148541261, 'batch_size': 16, 'num_heads': 4, 'num_sab_layers': 2, 'num_seeds': 1, 'num_inducing_points': 32, 'cnn_num_blocks': 2, 'cnn_kernel_size': 5}",
