number,value,state,params_batch_size,params_cnn_kernel_size,params_cnn_num_blocks,params_dropout,params_hidden_dim,params_lr,params_weight_decay,user_attrs_latest_running_objective,user_attrs_params,user_attrs_rows
31,0.09507705835359437,PRUNED,16,5,2,0.0577540210224131,160,0.0005091564026119985,2.7053519488562515e-05,,"{'model_name': 'DeepSets', 'hidden_dim': 160, 'dropout': 0.0577540210224131, 'lr': 0.0005091564026119985, 'weight_decay': 2.7053519488562515e-05, 'batch_size': 16, 'num_heads': 4, 'num_sab_layers': 2, 'num_seeds': 1, 'num_inducing_points': 32, 'cnn_num_blocks': 2, 'cnn_kernel_size': 5}",
32,0.11947698011284782,PRUNED,16,5,2,0.03705849773666526,160,0.00036541641161385094,1.719354648005953e-05,,"{'model_name': 'DeepSets', 'hidden_dim': 160, 'dropout': 0.03705849773666526, 'lr': 0.00036541641161385094, 'weight_decay': 1.719354648005953e-05, 'batch_size': 16, 'num_heads': 4, 'num_sab_layers': 2, 'num_seeds': 1, 'num_inducing_points': 32, 'cnn_num_blocks': 2, 'cnn_kernel_size': 5}",
33,0.09384709451170195,PRUNED,16,5,2,0.08066949577201604,160,0.0008718291696726005,3.400498563036984e-05,,"{'model_name': 'DeepSets', 'hidden_dim': 160, 'dropout': 0.08066949577201604, 'lr': 0.0008718291696726005, 'weight_decay': 3.400498563036984e-05, 'batch_size': 16, 'num_heads': 4, 'num_sab_layers': 2, 'num_seeds': 1, 'num_inducing_points': 32, 'cnn_num_blocks': 2, 'cnn_kernel_size': 5}",
34,0.10108603139718374,PRUNED,16,5,2,0.10452033223292162,160,0.00023702252220690414,8.219651681750547e-06,,"{'model_name': 'DeepSets', 'hidden_dim': 160, 'dropout': 0.10452033223292162, 'lr': 0.00023702252220690414, 'weight_decay': 8.219651681750547e-06, 'batch_size': 16, 'num_heads': 4, 'num_sab_layers': 2, 'num_seeds': 1, 'num_inducing_points': 32, 'cnn_num_blocks': 2, 'cnn_kernel_size': 5}",
