number,value,state,params_batch_size,params_cnn_kernel_size,params_cnn_num_blocks,params_dropout,params_hidden_dim,params_lr,params_weight_decay,user_attrs_latest_running_objective,user_attrs_params,user_attrs_rows
95,0.10853190592357091,PRUNED,16,5,2,0.02776613257638598,160,0.0004785786739642939,0.00030650317412788005,,"{'model_name': 'DeepSets', 'hidden_dim': 160, 'dropout': 0.02776613257638598, 'lr': 0.0004785786739642939, 'weight_decay': 0.00030650317412788005, 'batch_size': 16, 'num_heads': 4, 'num_sab_layers': 2, 'num_seeds': 1, 'num_inducing_points': 32, 'cnn_num_blocks': 2, 'cnn_kernel_size': 5}",
