number,value,state,params_batch_size,params_cnn_kernel_size,params_cnn_num_blocks,params_dropout,params_hidden_dim,params_lr,params_weight_decay,user_attrs_latest_running_objective,user_attrs_params,user_attrs_rows
93,0.0908659709706193,PRUNED,16,5,2,0.01598404408753234,160,0.00039661921091210816,0.00020611273590610493,,"{'model_name': 'DeepSets', 'hidden_dim': 160, 'dropout': 0.01598404408753234, 'lr': 0.00039661921091210816, 'weight_decay': 0.00020611273590610493, 'batch_size': 16, 'num_heads': 4, 'num_sab_layers': 2, 'num_seeds': 1, 'num_inducing_points': 32, 'cnn_num_blocks': 2, 'cnn_kernel_size': 5}",
