number,value,state,params_batch_size,params_cnn_kernel_size,params_cnn_num_blocks,params_dropout,params_hidden_dim,params_lr,params_weight_decay,user_attrs_latest_running_objective,user_attrs_params,user_attrs_rows
48,0.10405471917419207,PRUNED,16,5,2,0.032972154952156926,160,0.0006223695461745343,0.0004979670124594097,,"{'model_name': 'DeepSets', 'hidden_dim': 160, 'dropout': 0.032972154952156926, 'lr': 0.0006223695461745343, 'weight_decay': 0.0004979670124594097, 'batch_size': 16, 'num_heads': 4, 'num_sab_layers': 2, 'num_seeds': 1, 'num_inducing_points': 32, 'cnn_num_blocks': 2, 'cnn_kernel_size': 5}",
49,0.09529032881061236,PRUNED,16,5,2,0.06090718831760155,160,0.0003234630474722346,4.6950653899567885e-05,,"{'model_name': 'DeepSets', 'hidden_dim': 160, 'dropout': 0.06090718831760155, 'lr': 0.0003234630474722346, 'weight_decay': 4.6950653899567885e-05, 'batch_size': 16, 'num_heads': 4, 'num_sab_layers': 2, 'num_seeds': 1, 'num_inducing_points': 32, 'cnn_num_blocks': 2, 'cnn_kernel_size': 5}",
50,0.09708669597194308,PRUNED,16,5,2,0.012452942265453057,64,0.0004890105348091419,0.000294373653270622,,"{'model_name': 'DeepSets', 'hidden_dim': 64, 'dropout': 0.012452942265453057, 'lr': 0.0004890105348091419, 'weight_decay': 0.000294373653270622, 'batch_size': 16, 'num_heads': 4, 'num_sab_layers': 2, 'num_seeds': 1, 'num_inducing_points': 32, 'cnn_num_blocks': 2, 'cnn_kernel_size': 5}",
51,0.0910014448421342,PRUNED,16,5,2,0.018699514129786092,160,0.0005860276213328047,0.00036177801941971393,,"{'model_name': 'DeepSets', 'hidden_dim': 160, 'dropout': 0.018699514129786092, 'lr': 0.0005860276213328047, 'weight_decay': 0.00036177801941971393, 'batch_size': 16, 'num_heads': 4, 'num_sab_layers': 2, 'num_seeds': 1, 'num_inducing_points': 32, 'cnn_num_blocks': 2, 'cnn_kernel_size': 5}",
