number,value,state,params_batch_size,params_cnn_kernel_size,params_cnn_num_blocks,params_dropout,params_hidden_dim,params_lr,params_weight_decay,user_attrs_latest_running_objective,user_attrs_params,user_attrs_rows
36,0.09541417935064861,PRUNED,32,5,2,0.0763713643493455,160,0.0003041238339655917,7.333778723340099e-05,,"{'model_name': 'DeepSets', 'hidden_dim': 160, 'dropout': 0.0763713643493455, 'lr': 0.0003041238339655917, 'weight_decay': 7.333778723340099e-05, 'batch_size': 32, 'num_heads': 4, 'num_sab_layers': 2, 'num_seeds': 1, 'num_inducing_points': 32, 'cnn_num_blocks': 2, 'cnn_kernel_size': 5}",
37,0.1028531870671681,PRUNED,16,5,2,0.21163776295085385,160,0.00039545830233978966,4.8991179445846494e-05,,"{'model_name': 'DeepSets', 'hidden_dim': 160, 'dropout': 0.21163776295085385, 'lr': 0.00039545830233978966, 'weight_decay': 4.8991179445846494e-05, 'batch_size': 16, 'num_heads': 4, 'num_sab_layers': 2, 'num_seeds': 1, 'num_inducing_points': 32, 'cnn_num_blocks': 2, 'cnn_kernel_size': 5}",
38,0.11313734959278787,PRUNED,16,5,2,0.0418209855092557,160,0.00047577919341469226,1.8363504026547143e-05,,"{'model_name': 'DeepSets', 'hidden_dim': 160, 'dropout': 0.0418209855092557, 'lr': 0.00047577919341469226, 'weight_decay': 1.8363504026547143e-05, 'batch_size': 16, 'num_heads': 4, 'num_sab_layers': 2, 'num_seeds': 1, 'num_inducing_points': 32, 'cnn_num_blocks': 2, 'cnn_kernel_size': 5}",
39,0.0945805464826879,PRUNED,16,5,4,0.06497452693870616,160,0.0018910458346885024,3.0454372801418544e-05,,"{'model_name': 'DeepSets', 'hidden_dim': 160, 'dropout': 0.06497452693870616, 'lr': 0.0018910458346885024, 'weight_decay': 3.0454372801418544e-05, 'batch_size': 16, 'num_heads': 4, 'num_sab_layers': 2, 'num_seeds': 1, 'num_inducing_points': 32, 'cnn_num_blocks': 4, 'cnn_kernel_size': 5}",
40,0.16576951185152644,PRUNED,16,5,2,0.1417730997226555,160,0.0008278071020826594,0.0001145905401856566,,"{'model_name': 'DeepSets', 'hidden_dim': 160, 'dropout': 0.1417730997226555, 'lr': 0.0008278071020826594, 'weight_decay': 0.0001145905401856566, 'batch_size': 16, 'num_heads': 4, 'num_sab_layers': 2, 'num_seeds': 1, 'num_inducing_points': 32, 'cnn_num_blocks': 2, 'cnn_kernel_size': 5}",
