number,value,state,params_batch_size,params_cnn_kernel_size,params_cnn_num_blocks,params_dropout,params_hidden_dim,params_lr,params_weight_decay,user_attrs_latest_running_objective,user_attrs_params,user_attrs_rows
84,0.28903586722555613,PRUNED,16,5,2,0.029913960233289523,160,0.0009710687965210485,1.797843330936844e-05,,"{'model_name': 'DeepSets', 'hidden_dim': 160, 'dropout': 0.029913960233289523, 'lr': 0.0009710687965210485, 'weight_decay': 1.797843330936844e-05, 'batch_size': 16, 'num_heads': 4, 'num_sab_layers': 2, 'num_seeds': 1, 'num_inducing_points': 32, 'cnn_num_blocks': 2, 'cnn_kernel_size': 5}",
85,0.09392614364624023,PRUNED,16,5,2,0.021547997619612777,160,0.0006701457809236888,0.00016676291864591142,,"{'model_name': 'DeepSets', 'hidden_dim': 160, 'dropout': 0.021547997619612777, 'lr': 0.0006701457809236888, 'weight_decay': 0.00016676291864591142, 'batch_size': 16, 'num_heads': 4, 'num_sab_layers': 2, 'num_seeds': 1, 'num_inducing_points': 32, 'cnn_num_blocks': 2, 'cnn_kernel_size': 5}",
86,0.09271361756892431,PRUNED,16,5,2,0.0016607632593044347,160,0.0004913419914747649,3.216557582333753e-05,,"{'model_name': 'DeepSets', 'hidden_dim': 160, 'dropout': 0.0016607632593044347, 'lr': 0.0004913419914747649, 'weight_decay': 3.216557582333753e-05, 'batch_size': 16, 'num_heads': 4, 'num_sab_layers': 2, 'num_seeds': 1, 'num_inducing_points': 32, 'cnn_num_blocks': 2, 'cnn_kernel_size': 5}",
87,0.10421528014398757,PRUNED,16,5,2,0.03882713014687337,128,0.00035429904743624236,2.4317129123546807e-05,,"{'model_name': 'DeepSets', 'hidden_dim': 128, 'dropout': 0.03882713014687337, 'lr': 0.00035429904743624236, 'weight_decay': 2.4317129123546807e-05, 'batch_size': 16, 'num_heads': 4, 'num_sab_layers': 2, 'num_seeds': 1, 'num_inducing_points': 32, 'cnn_num_blocks': 2, 'cnn_kernel_size': 5}",
