number,value,state,params_batch_size,params_cnn_kernel_size,params_cnn_num_blocks,params_dropout,params_hidden_dim,params_lr,params_weight_decay,user_attrs_latest_running_objective,user_attrs_params,user_attrs_rows
35,0.9034870993029428,COMPLETE,16,5,2,0.06741825637553034,160,0.0004067244779067841,8.018001844528348e-05,0.9034870993029428,"{'model_name': 'DeepSets', 'hidden_dim': 160, 'dropout': 0.06741825637553034, 'lr': 0.0004067244779067841, 'weight_decay': 8.018001844528348e-05, 'batch_size': 16, 'num_heads': 4, 'num_sab_layers': 2, 'num_seeds': 1, 'num_inducing_points': 32, 'cnn_num_blocks': 2, 'cnn_kernel_size': 5}","[{'stage': 'stage1', 'task': 'store_dept', 'fold': 0, 'model': 'DeepSets', 'train_samples': 1015, 'valid_samples': 210, 'eval_samples': 210, 'base_model': 'DeepSets', 'wrmsse': 0.9034870993029428, 'wape': 0.21916098873645987, 'series_rows': [{'task': 'store_dept', 'fold': -1, 'model': 'DeepSets', 'base_model': 'DeepSets', 'agg_id': 'CA_1__FOODS_1', 'origin_time': 1708, 'row_id': 0, 'revenue_28': 2354.2900390625, 'weight': 0.00672629301433993, 'metric': 'rmsse', 'metric_value': 0.6869155066622534}, {'task': 'store_dept', 'fold': -1, 'model': 'DeepSets', 'base_model': 'DeepSets', 'agg_id': 'CA_1__FOODS_2', 'origin_time': 1708, 'row_id': 1, 'revenue_28': 3504.670166015625, 'weight': 0.01001297124148035, 'metric': 'rmsse', 'metric_value': 0.9150881468511193}, {'task': 'store_dept', 'fold': -1, 'model': 'DeepSets', 'base_model': 'DeepSets', 'agg_id': 'CA_1__FOODS_3', 'origin_time': 1708, 'row_id': 2, 'revenue_28': 15070.7109375, 'weight': 0.04305757405336902, 'metric': 'rmsse', 'metric_value': 1.1289367736243443}, {'task': 'store_dept', 'fold': -1, 'model': 'DeepSets', 'base_model': 'DeepSets', 'agg_id': 'CA_1__HOBBIES_1', 'origin_time': 1708, 'row_id': 3, 'revenue_28': 6784.52099609375, 'weight': 0.01938362539215437, 'metric': 'rmsse', 'metric_value': 0.6461842250334952}, {'task': 'store_dept', 'fold': -1, 'model': 'DeepSets', 'base_model': 'DeepSets', 'agg_id': 'CA_1__HOBBIES_2', 'origin_time': 1708, 'row_id': 4, 'revenue_28': 111.55001068115234, 'weight': 0.00031870247299392357, 'metric': 'rmsse', 'metric_value': 1.4599320507537734}, {'task': 'store_dept', 'fold': -1, 'model': 'DeepSets', 'base_model': 'DeepSets', 'agg_id': 'CA_1__HOUSEHOLD_1', 'origin_time': 1708, 'row_id': 5, 'revenue_28': 9023.8798828125, 'weight': 0.025781555887725096, 'metric': 'rmsse', 'metric_value': 0.7957404943555779}, {'task': 'store_dept', 'fold': -1, 'model': 'DeepSets', 'base_model': 'DeepSets', 'agg_id': 'CA_1__HOUSEHOLD_2', 'origin_time': 1708, 'row_id': 6, 'revenue_28': 2391.800048828125, 'weight': 0.006833460488384384, 'metric': 'rmsse', 'metric_value': 0.7942461370921446}, {'task': 'store_dept', 'fold': -1, 'model': 'DeepSets', 'base_model': 'DeepSets', 'agg_id': 'CA_2__FOODS_1', 'origin_time': 1708, 'row_id': 7, 'revenue_28': 7293.529296875, 'weight': 0.020837880781668452, 'metric': 'rmsse', 'metric_value': 1.0181895949471134}, {'task': 'store_dept', 'fold': -1, 'model': 'DeepSets', 'base_model': 'DeepSets', 'agg_id': 'CA_2__FOODS_2', 'origin_time': 1708, 'row_id': 8, 'revenue_28': 4431.35009765625, 'weight': 0.012660529803638403, 'metric': 'rmsse', 'metric_value': 1.5792572089977321}, {'task': 'store_dept', 'fold': -1, 'model': 'DeepSets', 'base_model': 'DeepSets', 'agg_id': 'CA_2__FOODS_3', 'origin_time': 1708, 'row_id': 9, 'revenue_28': 10807.83984375, 'weight': 0.030878394944944373, 'metric': 'rmsse', 'metric_value': 0.7894682768636173}, {'task': 'store_dept', 'fold': -1, 'model': 'DeepSets', 'base_model': 'DeepSets', 'agg_id': 'CA_2__HOBBIES_1', 'origin_time': 1708, 'row_id': 10, 'revenue_28': 3684.760009765625, 'weight': 0.01052749453209902, 'metric': 'rmsse', 'metric_value': 1.2816810878383866}, {'task': 'store_dept', 'fold': -1, 'model': 'DeepSets', 'base_model': 'DeepSets', 'agg_id': 'CA_2__HOBBIES_2', 'origin_time': 1708, 'row_id': 11, 'revenue_28': 208.17999267578125, 'weight': 0.0005947778766536555, 'metric': 'rmsse', 'metric_value': 2.2301588902513574}, {'task': 'store_dept', 'fold': -1, 'model': 'DeepSets', 'base_model': 'DeepSets', 'agg_id': 'CA_2__HOUSEHOLD_1', 'origin_time': 1708, 'row_id': 12, 'revenue_28': 7297.67041015625, 'weight': 0.020849712094239588, 'metric': 'rmsse', 'metric_value': 0.8475459072500646}, {'task': 'store_dept', 'fold': -1, 'model': 'DeepSets', 'base_model': 'DeepSets', 'agg_id': 'CA_2__HOUSEHOLD_2', 'origin_time': 1708, 'row_id': 13, 'revenue_28': 4297.31982421875, 'weight': 0.012277600395207604, 'metric': 'rmsse', 'metric_value': 0.6826922283798419}, {'task': 'store_dept', 'fold': -1, 'model': 'DeepSets', 'base_model': 'DeepSets', 'agg_id': 'CA_3__FOODS_1', 'origin_time': 1708, 'row_id': 14, 'revenue_28': 2037.020263671875, 'weight': 0.005819841626251419, 'metric': 'rmsse', 'metric_value': 0.9007342660658351}, {'task': 'store_dept', 'fold': -1, 'model': 'DeepSets', 'base_model': 'DeepSets', 'agg_id': 'CA_3__FOODS_2', 'origin_time': 1708, 'row_id': 15, 'revenue_28': 5473.76025390625, 'weight': 0.01563873386334442, 'metric': 'rmsse', 'metric_value': 0.9547285808534152}, {'task': 'store_dept', 'fold': -1, 'model': 'DeepSets', 'base_model': 'DeepSets', 'agg_id': 'CA_3__FOODS_3', 'origin_time': 1708, 'row_id': 16, 'revenue_28': 23709.330078125, 'weight': 0.06773842586645636, 'metric': 'rmsse', 'metric_value': 0.4149079563920387}, {'task': 'store_dept', 'fold': -1, 'model': 'DeepSets', 'base_model': 'DeepSets', 'agg_id': 'CA_3__HOBBIES_1', 'origin_time': 1708, 'row_id': 17, 'revenue_28': 4353.6396484375, 'weight': 0.012438508199227486, 'metric': 'rmsse', 'metric_value': 0.6173137494407382}, {'task': 'store_dept', 'fold': -1, 'model': 'DeepSets', 'base_model': 'DeepSets', 'agg_id': 'CA_3__HOBBIES_2', 'origin_time': 1708, 'row_id': 18, 'revenue_28': 117.08000946044922, 'weight': 0.00033450188238755323, 'metric': 'rmsse', 'metric_value': 1.284225772695943}, {'task': 'store_dept', 'fold': -1, 'model': 'DeepSets', 'base_model': 'DeepSets', 'agg_id': 'CA_3__HOUSEHOLD_1', 'origin_time': 1708, 'row_id': 19, 'revenue_28': 17030.759765625, 'weight': 0.04865750546438254, 'metric': 'rmsse', 'metric_value': 0.7724318512882362}, {'task': 'store_dept', 'fold': -1, 'model': 'DeepSets', 'base_model': 'DeepSets', 'agg_id': 'CA_3__HOUSEHOLD_2', 'origin_time': 1708, 'row_id': 20, 'revenue_28': 4214.96044921875, 'weight': 0.012042296639282739, 'metric': 'rmsse', 'metric_value': 0.605765916336046}, {'task': 'store_dept', 'fold': -1, 'model': 'DeepSets', 'base_model': 'DeepSets', 'agg_id': 'CA_4__FOODS_1', 'origin_time': 1708, 'row_id': 21, 'revenue_28': 1043.760009765625, 'weight': 0.0029820606407227473, 'metric': 'rmsse', 'metric_value': 0.9986109151032626}, {'task': 'store_dept', 'fold': -1, 'model': 'DeepSets', 'base_model': 'DeepSets', 'agg_id': 'CA_4__FOODS_2', 'origin_time': 1708, 'row_id': 22, 'revenue_28': 3713.85986328125, 'weight': 0.010610633881190608, 'metric': 'rmsse', 'metric_value': 0.6408532672976514}, {'task': 'store_dept', 'fold': -1, 'model': 'DeepSets', 'base_model': 'DeepSets', 'agg_id': 'CA_4__FOODS_3', 'origin_time': 1708, 'row_id': 23, 'revenue_28': 10821.44140625, 'weight': 0.030917255108012593, 'metric': 'rmsse', 'metric_value': 0.7737148462895512}, {'task': 'store_dept', 'fold': -1, 'model': 'DeepSets', 'base_model': 'DeepSets', 'agg_id': 'CA_4__HOBBIES_1', 'origin_time': 1708, 'row_id': 24, 'revenue_28': 4728.69970703125, 'weight': 0.013510068546601531, 'metric': 'rmsse', 'metric_value': 0.8487050613384071}, {'task': 'store_dept', 'fold': -1, 'model': 'DeepSets', 'base_model': 'DeepSets', 'agg_id': 'CA_4__HOBBIES_2', 'origin_time': 1708, 'row_id': 25, 'revenue_28': 95.7300033569336, 'weight': 0.0002735041316739762, 'metric': 'rmsse', 'metric_value': 1.3986334293016327}, {'task': 'store_dept', 'fold': -1, 'model': 'DeepSets', 'base_model': 'DeepSets', 'agg_id': 'CA_4__HOUSEHOLD_1', 'origin_time': 1708, 'row_id': 26, 'revenue_28': 4069.969970703125, 'weight': 0.011628053522842505, 'metric': 'rmsse', 'metric_value': 1.002051450646946}, {'task': 'store_dept', 'fold': -1, 'model': 'DeepSets', 'base_model': 'DeepSets', 'agg_id': 'CA_4__HOUSEHOLD_2', 'origin_time': 1708, 'row_id': 27, 'revenue_28': 1437.900146484375, 'weight': 0.004108133471298034, 'metric': 'rmsse', 'metric_value': 1.072524973766967}, {'task': 'store_dept', 'fold': -1, 'model': 'DeepSets', 'base_model': 'DeepSets', 'agg_id': 'TX_1__FOODS_1', 'origin_time': 1708, 'row_id': 28, 'revenue_28': 1073.0400390625, 'weight': 0.0030657147586315436, 'metric': 'rmsse', 'metric_value': 0.8420315980276742}, {'task': 'store_dept', 'fold': -1, 'model': 'DeepSets', 'base_model': 'DeepSets', 'agg_id': 'TX_1__FOODS_2', 'origin_time': 1708, 'row_id': 29, 'revenue_28': 5225.14013671875, 'weight': 0.01492841706731848, 'metric': 'rmsse', 'metric_value': 0.7544880081069666}, {'task': 'store_dept', 'fold': -1, 'model': 'DeepSets', 'base_model': 'DeepSets', 'agg_id': 'TX_1__FOODS_3', 'origin_time': 1708, 'row_id': 30, 'revenue_28': 11660.0908203125, 'weight': 0.0333133072518407, 'metric': 'rmsse', 'metric_value': 0.7512195381586096}, {'task': 'store_dept', 'fold': -1, 'model': 'DeepSets', 'base_model': 'DeepSets', 'agg_id': 'TX_1__HOBBIES_1', 'origin_time': 1708, 'row_id': 31, 'revenue_28': 4595.099609375, 'weight': 0.013128368166159787, 'metric': 'rmsse', 'metric_value': 1.0775131259902}, {'task': 'store_dept', 'fold': -1, 'model': 'DeepSets', 'base_model': 'DeepSets', 'agg_id': 'TX_1__HOBBIES_2', 'origin_time': 1708, 'row_id': 32, 'revenue_28': 96.20000457763672, 'weight': 0.0002748469424046394, 'metric': 'rmsse', 'metric_value': 1.0419983543156355}, {'task': 'store_dept', 'fold': -1, 'model': 'DeepSets', 'base_model': 'DeepSets', 'agg_id': 'TX_1__HOUSEHOLD_1', 'origin_time': 1708, 'row_id': 33, 'revenue_28': 11967.7998046875, 'weight': 0.034192443109237185, 'metric': 'rmsse', 'metric_value': 0.5738927542319122}, {'task': 'store_dept', 'fold': -1, 'model': 'DeepSets', 'base_model': 'DeepSets', 'agg_id': 'TX_1__HOUSEHOLD_2', 'origin_time': 1708, 'row_id': 34, 'revenue_28': 2081.780029296875, 'weight': 0.00594772191876067, 'metric': 'rmsse', 'metric_value': 1.100838751370281}, {'task': 'store_dept', 'fold': -1, 'model': 'DeepSets', 'base_model': 'DeepSets', 'agg_id': 'TX_2__FOODS_1', 'origin_time': 1708, 'row_id': 35, 'revenue_28': 478.6199951171875, 'weight': 0.0013674348853644728, 'metric': 'rmsse', 'metric_value': 0.7318469916946742}, {'task': 'store_dept', 'fold': -1, 'model': 'DeepSets', 'base_model': 'DeepSets', 'agg_id': 'TX_2__FOODS_2', 'origin_time': 1708, 'row_id': 36, 'revenue_28': 4991.48974609375, 'weight': 0.014260869329281684, 'metric': 'rmsse', 'metric_value': 0.6001314593571139}, {'task': 'store_dept', 'fold': -1, 'model': 'DeepSets', 'base_model': 'DeepSets', 'agg_id': 'TX_2__FOODS_3', 'origin_time': 1708, 'row_id': 37, 'revenue_28': 9153.9296875, 'weight': 0.02615311295090417, 'metric': 'rmsse', 'metric_value': 0.505274178100575}, {'task': 'store_dept', 'fold': -1, 'model': 'DeepSets', 'base_model': 'DeepSets', 'agg_id': 'TX_2__HOBBIES_1', 'origin_time': 1708, 'row_id': 38, 'revenue_28': 4488.7998046875, 'weight': 0.012824665724306041, 'metric': 'rmsse', 'metric_value': 0.6978132062976687}, {'task': 'store_dept', 'fold': -1, 'model': 'DeepSets', 'base_model': 'DeepSets', 'agg_id': 'TX_2__HOBBIES_2', 'origin_time': 1708, 'row_id': 39, 'revenue_28': 106.89000701904297, 'weight': 0.00030538867156794185, 'metric': 'rmsse', 'metric_value': 1.6779766267433425}, {'task': 'store_dept', 'fold': -1, 'model': 'DeepSets', 'base_model': 'DeepSets', 'agg_id': 'TX_2__HOUSEHOLD_1', 'origin_time': 1708, 'row_id': 40, 'revenue_28': 7779.02978515625, 'weight': 0.022224973488429934, 'metric': 'rmsse', 'metric_value': 0.6609974692812893}, {'task': 'store_dept', 'fold': -1, 'model': 'DeepSets', 'base_model': 'DeepSets', 'agg_id': 'TX_2__HOUSEHOLD_2', 'origin_time': 1708, 'row_id': 41, 'revenue_28': 2405.5, 'weight': 0.0068726017514977745, 'metric': 'rmsse', 'metric_value': 0.7832492734940503}, {'task': 'store_dept', 'fold': -1, 'model': 'DeepSets', 'base_model': 'DeepSets', 'agg_id': 'TX_3__FOODS_1', 'origin_time': 1708, 'row_id': 42, 'revenue_28': 2326.159912109375, 'weight': 0.006645924209614134, 'metric': 'rmsse', 'metric_value': 1.0139454374039103}, {'task': 'store_dept', 'fold': -1, 'model': 'DeepSets', 'base_model': 'DeepSets', 'agg_id': 'TX_3__FOODS_2', 'origin_time': 1708, 'row_id': 43, 'revenue_28': 6259.36083984375, 'weight': 0.017883223558996773, 'metric': 'rmsse', 'metric_value': 1.1074538908685954}, {'task': 'store_dept', 'fold': -1, 'model': 'DeepSets', 'base_model': 'DeepSets', 'agg_id': 'TX_3__FOODS_3', 'origin_time': 1708, 'row_id': 44, 'revenue_28': 10799.1806640625, 'weight': 0.03085365535089455, 'metric': 'rmsse', 'metric_value': 0.6618216245101164}, {'task': 'store_dept', 'fold': -1, 'model': 'DeepSets', 'base_model': 'DeepSets', 'agg_id': 'TX_3__HOBBIES_1', 'origin_time': 1708, 'row_id': 45, 'revenue_28': 3801.2099609375, 'weight': 0.010860196314840927, 'metric': 'rmsse', 'metric_value': 0.8352058267576045}, {'task': 'store_dept', 'fold': -1, 'model': 'DeepSets', 'base_model': 'DeepSets', 'agg_id': 'TX_3__HOBBIES_2', 'origin_time': 1708, 'row_id': 46, 'revenue_28': 248.95001220703125, 'weight': 0.0007112593181997237, 'metric': 'rmsse', 'metric_value': 0.9417612404261541}, {'task': 'store_dept', 'fold': -1, 'model': 'DeepSets', 'base_model': 'DeepSets', 'agg_id': 'TX_3__HOUSEHOLD_1', 'origin_time': 1708, 'row_id': 47, 'revenue_28': 7539.970703125, 'weight': 0.02154197292061475, 'metric': 'rmsse', 'metric_value': 0.9357462675106737}, {'task': 'store_dept', 'fold': -1, 'model': 'DeepSets', 'base_model': 'DeepSets', 'agg_id': 'TX_3__HOUSEHOLD_2', 'origin_time': 1708, 'row_id': 48, 'revenue_28': 1770.510009765625, 'weight': 0.0050584120532777286, 'metric': 'rmsse', 'metric_value': 0.779927673495344}, {'task': 'store_dept', 'fold': -1, 'model': 'DeepSets', 'base_model': 'DeepSets', 'agg_id': 'WI_1__FOODS_1', 'origin_time': 1708, 'row_id': 49, 'revenue_28': 2926.960205078125, 'weight': 0.008362432688415801, 'metric': 'rmsse', 'metric_value': 0.7107872436300404}, {'task': 'store_dept', 'fold': -1, 'model': 'DeepSets', 'base_model': 'DeepSets', 'agg_id': 'WI_1__FOODS_2', 'origin_time': 1708, 'row_id': 50, 'revenue_28': 4155.56982421875, 'weight': 0.011872615444771183, 'metric': 'rmsse', 'metric_value': 1.686544421588095}, {'task': 'store_dept', 'fold': -1, 'model': 'DeepSets', 'base_model': 'DeepSets', 'agg_id': 'WI_1__FOODS_3', 'origin_time': 1708, 'row_id': 51, 'revenue_28': 9793.0693359375, 'weight': 0.02797915837485064, 'metric': 'rmsse', 'metric_value': 0.5589734532115119}, {'task': 'store_dept', 'fold': -1, 'model': 'DeepSets', 'base_model': 'DeepSets', 'agg_id': 'WI_1__HOBBIES_1', 'origin_time': 1708, 'row_id': 52, 'revenue_28': 3119.93017578125, 'weight': 0.008913754974277687, 'metric': 'rmsse', 'metric_value': 0.8462436333278345}, {'task': 'store_dept', 'fold': -1, 'model': 'DeepSets', 'base_model': 'DeepSets', 'agg_id': 'WI_1__HOBBIES_2', 'origin_time': 1708, 'row_id': 53, 'revenue_28': 163.74000549316406, 'weight': 0.0004678112028861254, 'metric': 'rmsse', 'metric_value': 0.8466351966739731}, {'task': 'store_dept', 'fold': -1, 'model': 'DeepSets', 'base_model': 'DeepSets', 'agg_id': 'WI_1__HOUSEHOLD_1', 'origin_time': 1708, 'row_id': 54, 'revenue_28': 5966.89013671875, 'weight': 0.017047624030184193, 'metric': 'rmsse', 'metric_value': 0.8851090345879139}, {'task': 'store_dept', 'fold': -1, 'model': 'DeepSets', 'base_model': 'DeepSets', 'agg_id': 'WI_1__HOUSEHOLD_2', 'origin_time': 1708, 'row_id': 55, 'revenue_28': 1234.610107421875, 'weight': 0.003527326371517121, 'metric': 'rmsse', 'metric_value': 0.7653399013876223}, {'task': 'store_dept', 'fold': -1, 'model': 'DeepSets', 'base_model': 'DeepSets', 'agg_id': 'WI_2__FOODS_1', 'origin_time': 1708, 'row_id': 56, 'revenue_28': 10760.2900390625, 'weight': 0.030742543408474328, 'metric': 'rmsse', 'metric_value': 1.0305715654354033}, {'task': 'store_dept', 'fold': -1, 'model': 'DeepSets', 'base_model': 'DeepSets', 'agg_id': 'WI_2__FOODS_2', 'origin_time': 1708, 'row_id': 57, 'revenue_28': 5265.87060546875, 'weight': 0.015044785510831502, 'metric': 'rmsse', 'metric_value': 1.491934830144329}, {'task': 'store_dept', 'fold': -1, 'model': 'DeepSets', 'base_model': 'DeepSets', 'agg_id': 'WI_2__FOODS_3', 'origin_time': 1708, 'row_id': 58, 'revenue_28': 10658.37890625, 'weight': 0.03045137956317634, 'metric': 'rmsse', 'metric_value': 0.702837963551364}, {'task': 'store_dept', 'fold': -1, 'model': 'DeepSets', 'base_model': 'DeepSets', 'agg_id': 'WI_2__HOBBIES_1', 'origin_time': 1708, 'row_id': 59, 'revenue_28': 3197.070068359375, 'weight': 0.00913414647743411, 'metric': 'rmsse', 'metric_value': 0.5555559066279742}, {'task': 'store_dept', 'fold': -1, 'model': 'DeepSets', 'base_model': 'DeepSets', 'agg_id': 'WI_2__HOBBIES_2', 'origin_time': 1708, 'row_id': 60, 'revenue_28': 263.59002685546875, 'weight': 0.0007530863771541218, 'metric': 'rmsse', 'metric_value': 1.3565981806449912}, {'task': 'store_dept', 'fold': -1, 'model': 'DeepSets', 'base_model': 'DeepSets', 'agg_id': 'WI_2__HOUSEHOLD_1', 'origin_time': 1708, 'row_id': 61, 'revenue_28': 9898.310546875, 'weight': 0.0282798363755236, 'metric': 'rmsse', 'metric_value': 1.3258254392030615}, {'task': 'store_dept', 'fold': -1, 'model': 'DeepSets', 'base_model': 'DeepSets', 'agg_id': 'WI_2__HOUSEHOLD_2', 'origin_time': 1708, 'row_id': 62, 'revenue_28': 1296.1199951171875, 'weight': 0.003703062377299385, 'metric': 'rmsse', 'metric_value': 0.8475368375148823}, {'task': 'store_dept', 'fold': -1, 'model': 'DeepSets', 'base_model': 'DeepSets', 'agg_id': 'WI_3__FOODS_1', 'origin_time': 1708, 'row_id': 63, 'revenue_28': 1197.5599365234375, 'weight': 0.003421472673986506, 'metric': 'rmsse', 'metric_value': 0.952993810595231}, {'task': 'store_dept', 'fold': -1, 'model': 'DeepSets', 'base_model': 'DeepSets', 'agg_id': 'WI_3__FOODS_2', 'origin_time': 1708, 'row_id': 64, 'revenue_28': 2744.72998046875, 'weight': 0.007841794251156926, 'metric': 'rmsse', 'metric_value': 0.7958888322374446}, {'task': 'store_dept', 'fold': -1, 'model': 'DeepSets', 'base_model': 'DeepSets', 'agg_id': 'WI_3__FOODS_3', 'origin_time': 1708, 'row_id': 65, 'revenue_28': 9562.7109375, 'weight': 0.027321015979268105, 'metric': 'rmsse', 'metric_value': 0.5939036830532016}, {'task': 'store_dept', 'fold': -1, 'model': 'DeepSets', 'base_model': 'DeepSets', 'agg_id': 'WI_3__HOBBIES_1', 'origin_time': 1708, 'row_id': 66, 'revenue_28': 2060.580078125, 'weight': 0.0058871528804919126, 'metric': 'rmsse', 'metric_value': 0.8152892836430672}, {'task': 'store_dept', 'fold': -1, 'model': 'DeepSets', 'base_model': 'DeepSets', 'agg_id': 'WI_3__HOBBIES_2', 'origin_time': 1708, 'row_id': 67, 'revenue_28': 177.99000549316406, 'weight': 0.0005085239756813211, 'metric': 'rmsse', 'metric_value': 0.9145834820975277}, {'task': 'store_dept', 'fold': -1, 'model': 'DeepSets', 'base_model': 'DeepSets', 'agg_id': 'WI_3__HOUSEHOLD_1', 'origin_time': 1708, 'row_id': 68, 'revenue_28': 5443.83056640625, 'weight': 0.015553223648115035, 'metric': 'rmsse', 'metric_value': 0.7895763208426817}, {'task': 'store_dept', 'fold': -1, 'model': 'DeepSets', 'base_model': 'DeepSets', 'agg_id': 'WI_3__HOUSEHOLD_2', 'origin_time': 1708, 'row_id': 69, 'revenue_28': 1166.4700927734375, 'weight': 0.0033326478497877773, 'metric': 'rmsse', 'metric_value': 0.8192585302441159}, {'task': 'store_dept', 'fold': -1, 'model': 'DeepSets', 'base_model': 'DeepSets', 'agg_id': 'CA_1__FOODS_1', 'origin_time': 1736, 'row_id': 70, 'revenue_28': 2498.89990234375, 'weight': 0.006916084871210092, 'metric': 'rmsse', 'metric_value': 1.068425452701295}, {'task': 'store_dept', 'fold': -1, 'model': 'DeepSets', 'base_model': 'DeepSets', 'agg_id': 'CA_1__FOODS_2', 'origin_time': 1736, 'row_id': 71, 'revenue_28': 3230.419921875, 'weight': 0.0089406775871177, 'metric': 'rmsse', 'metric_value': 0.8733046165878067}, {'task': 'store_dept', 'fold': -1, 'model': 'DeepSets', 'base_model': 'DeepSets', 'agg_id': 'CA_1__FOODS_3', 'origin_time': 1736, 'row_id': 72, 'revenue_28': 18167.908203125, 'weight': 0.050282444265701505, 'metric': 'rmsse', 'metric_value': 0.38697318227149596}, {'task': 'store_dept', 'fold': -1, 'model': 'DeepSets', 'base_model': 'DeepSets', 'agg_id': 'CA_1__HOBBIES_1', 'origin_time': 1736, 'row_id': 73, 'revenue_28': 6597.3095703125, 'weight': 0.01825905586179469, 'metric': 'rmsse', 'metric_value': 0.7360742954519195}, {'task': 'store_dept', 'fold': -1, 'model': 'DeepSets', 'base_model': 'DeepSets', 'agg_id': 'CA_1__HOBBIES_2', 'origin_time': 1736, 'row_id': 74, 'revenue_28': 184.1699981689453, 'weight': 0.0005097184312474383, 'metric': 'rmsse', 'metric_value': 1.0925956885038692}, {'task': 'store_dept', 'fold': -1, 'model': 'DeepSets', 'base_model': 'DeepSets', 'agg_id': 'CA_1__HOUSEHOLD_1', 'origin_time': 1736, 'row_id': 75, 'revenue_28': 10063.9697265625, 'weight': 0.027853564164340268, 'metric': 'rmsse', 'metric_value': 0.829946615117823}, {'task': 'store_dept', 'fold': -1, 'model': 'DeepSets', 'base_model': 'DeepSets', 'agg_id': 'CA_1__HOUSEHOLD_2', 'origin_time': 1736, 'row_id': 76, 'revenue_28': 2519.610107421875, 'weight': 0.006973403508057505, 'metric': 'rmsse', 'metric_value': 0.9255281310961357}, {'task': 'store_dept', 'fold': -1, 'model': 'DeepSets', 'base_model': 'DeepSets', 'agg_id': 'CA_2__FOODS_1', 'origin_time': 1736, 'row_id': 77, 'revenue_28': 7140.60986328125, 'weight': 0.019762721908282176, 'metric': 'rmsse', 'metric_value': 1.064095631542625}, {'task': 'store_dept', 'fold': -1, 'model': 'DeepSets', 'base_model': 'DeepSets', 'agg_id': 'CA_2__FOODS_2', 'origin_time': 1736, 'row_id': 78, 'revenue_28': 4534.32958984375, 'weight': 0.012549445557217341, 'metric': 'rmsse', 'metric_value': 1.2751026041446212}, {'task': 'store_dept', 'fold': -1, 'model': 'DeepSets', 'base_model': 'DeepSets', 'agg_id': 'CA_2__FOODS_3', 'origin_time': 1736, 'row_id': 79, 'revenue_28': 11968.970703125, 'wei