number,value,state,params_batch_size,params_cnn_kernel_size,params_cnn_num_blocks,params_dropout,params_hidden_dim,params_lr,params_weight_decay,user_attrs_latest_running_objective,user_attrs_params,user_attrs_rows
46,0.09282012305089406,PRUNED,32,5,2,0.05043329511710136,160,0.0003868390565185938,0.00014366026399287613,,"{'model_name': 'DeepSets', 'hidden_dim': 160, 'dropout': 0.05043329511710136, 'lr': 0.0003868390565185938, 'weight_decay': 0.00014366026399287613, 'batch_size': 32, 'num_heads': 4, 'num_sab_layers': 2, 'num_seeds': 1, 'num_inducing_points': 32, 'cnn_num_blocks': 2, 'cnn_kernel_size': 5}",
