number,value,state,params_batch_size,params_cnn_kernel_size,params_cnn_num_blocks,params_dropout,params_hidden_dim,params_lr,params_weight_decay,user_attrs_latest_running_objective,user_attrs_params,user_attrs_rows
76,0.09300027500305857,PRUNED,16,5,2,0.055841228016303215,96,0.0009044426988524713,0.00013538650509800073,,"{'model_name': 'DeepSets', 'hidden_dim': 96, 'dropout': 0.055841228016303215, 'lr': 0.0009044426988524713, 'weight_decay': 0.00013538650509800073, 'batch_size': 16, 'num_heads': 4, 'num_sab_layers': 2, 'num_seeds': 1, 'num_inducing_points': 32, 'cnn_num_blocks': 2, 'cnn_kernel_size': 5}",
77,0.10586851515940257,PRUNED,16,5,2,0.0729360902187421,64,0.001104396237723789,0.00016194942916724093,,"{'model_name': 'DeepSets', 'hidden_dim': 64, 'dropout': 0.0729360902187421, 'lr': 0.001104396237723789, 'weight_decay': 0.00016194942916724093, 'batch_size': 16, 'num_heads': 4, 'num_sab_layers': 2, 'num_seeds': 1, 'num_inducing_points': 32, 'cnn_num_blocks': 2, 'cnn_kernel_size': 5}",
78,0.09765600590478807,PRUNED,64,5,2,0.04049737566716245,160,0.00045964829860475247,0.00020945365267229348,,"{'model_name': 'DeepSets', 'hidden_dim': 160, 'dropout': 0.04049737566716245, 'lr': 0.00045964829860475247, 'weight_decay': 0.00020945365267229348, 'batch_size': 64, 'num_heads': 4, 'num_sab_layers': 2, 'num_seeds': 1, 'num_inducing_points': 32, 'cnn_num_blocks': 2, 'cnn_kernel_size': 5}",
79,0.09149226634984925,PRUNED,16,3,2,0.04892772046249884,160,0.0011763723061771734,6.227910802780497e-05,,"{'model_name': 'DeepSets', 'hidden_dim': 160, 'dropout': 0.04892772046249884, 'lr': 0.0011763723061771734, 'weight_decay': 6.227910802780497e-05, 'batch_size': 16, 'num_heads': 4, 'num_sab_layers': 2, 'num_seeds': 1, 'num_inducing_points': 32, 'cnn_num_blocks': 2, 'cnn_kernel_size': 3}",
80,0.0991538086107799,PRUNED,32,5,3,0.08658011623955118,160,0.0002646810063300404,0.00011568292812308153,,"{'model_name': 'DeepSets', 'hidden_dim': 160, 'dropout': 0.08658011623955118, 'lr': 0.0002646810063300404, 'weight_decay': 0.00011568292812308153, 'batch_size': 32, 'num_heads': 4, 'num_sab_layers': 2, 'num_seeds': 1, 'num_inducing_points': 32, 'cnn_num_blocks': 3, 'cnn_kernel_size': 5}",
81,0.09232706438217844,PRUNED,16,5,2,0.024819175827986904,160,0.0007347247564218301,0.000145783888073478,,"{'model_name': 'DeepSets', 'hidden_dim': 160, 'dropout': 0.024819175827986904, 'lr': 0.0007347247564218301, 'weight_decay': 0.000145783888073478, 'batch_size': 16, 'num_heads': 4, 'num_sab_layers': 2, 'num_seeds': 1, 'num_inducing_points': 32, 'cnn_num_blocks': 2, 'cnn_kernel_size': 5}",
82,0.09320028363948776,PRUNED,16,5,2,0.008510868196959268,160,0.0005286385885535985,0.00026915258968030235,,"{'model_name': 'DeepSets', 'hidden_dim': 160, 'dropout': 0.008510868196959268, 'lr': 0.0005286385885535985, 'weight_decay': 0.00026915258968030235, 'batch_size': 16, 'num_heads': 4, 'num_sab_layers': 2, 'num_seeds': 1, 'num_inducing_points': 32, 'cnn_num_blocks': 2, 'cnn_kernel_size': 5}",
