number,value,state,params_batch_size,params_cnn_kernel_size,params_cnn_num_blocks,params_dropout,params_hidden_dim,params_lr,params_weight_decay,user_attrs_latest_running_objective,user_attrs_params,user_attrs_rows
9,0.13386944876540274,PRUNED,16,5,3,0.24294552068024017,128,0.0027099161086213226,4.781375634172092e-06,,"{'model_name': 'DeepSets', 'hidden_dim': 128, 'dropout': 0.24294552068024017, 'lr': 0.0027099161086213226, 'weight_decay': 4.781375634172092e-06, 'batch_size': 16, 'num_heads': 4, 'num_sab_layers': 2, 'num_seeds': 1, 'num_inducing_points': 32, 'cnn_num_blocks': 3, 'cnn_kernel_size': 5}",
10,0.10146558171226865,PRUNED,32,5,4,0.13077861084046968,96,0.0002041297632817653,0.00036805877922834476,,"{'model_name': 'DeepSets', 'hidden_dim': 96, 'dropout': 0.13077861084046968, 'lr': 0.0002041297632817653, 'weight_decay': 0.00036805877922834476, 'batch_size': 32, 'num_heads': 4, 'num_sab_layers': 2, 'num_seeds': 1, 'num_inducing_points': 32, 'cnn_num_blocks': 4, 'cnn_kernel_size': 5}",
11,0.09566030452648798,PRUNED,16,5,4,0.12191654259259979,96,0.00028099057216246737,0.00047446330391074444,,"{'model_name': 'DeepSets', 'hidden_dim': 96, 'dropout': 0.12191654259259979, 'lr': 0.00028099057216246737, 'weight_decay': 0.00047446330391074444, 'batch_size': 16, 'num_heads': 4, 'num_sab_layers': 2, 'num_seeds': 1, 'num_inducing_points': 32, 'cnn_num_blocks': 4, 'cnn_kernel_size': 5}",
12,0.1106669579233442,PRUNED,16,3,2,0.11272127945884289,96,0.0005506094028565433,0.00010128937552287358,,"{'model_name': 'DeepSets', 'hidden_dim': 96, 'dropout': 0.11272127945884289, 'lr': 0.0005506094028565433, 'weight_decay': 0.00010128937552287358, 'batch_size': 16, 'num_heads': 4, 'num_sab_layers': 2, 'num_seeds': 1, 'num_inducing_points': 32, 'cnn_num_blocks': 2, 'cnn_kernel_size': 3}",
13,0.09559675483476548,PRUNED,32,5,3,0.07973598695988499,96,0.0004205807329137078,1.200300650204457e-05,,"{'model_name': 'DeepSets', 'hidden_dim': 96, 'dropout': 0.07973598695988499, 'lr': 0.0004205807329137078, 'weight_decay': 1.200300650204457e-05, 'batch_size': 32, 'num_heads': 4, 'num_sab_layers': 2, 'num_seeds': 1, 'num_inducing_points': 32, 'cnn_num_blocks': 3, 'cnn_kernel_size': 5}",
14,0.09423830601431074,PRUNED,16,3,4,0.0006872144374315686,64,0.00028208225107298035,0.0001733825575962882,,"{'model_name': 'DeepSets', 'hidden_dim': 64, 'dropout': 0.0006872144374315686, 'lr': 0.00028208225107298035, 'weight_decay': 0.0001733825575962882, 'batch_size': 16, 'num_heads': 4, 'num_sab_layers': 2, 'num_seeds': 1, 'num_inducing_points': 32, 'cnn_num_blocks': 4, 'cnn_kernel_size': 3}",
15,0.09871994774966013,PRUNED,64,5,3,0.15380202389439296,160,0.0006286846035664726,3.9237028815663604e-05,,"{'model_name': 'DeepSets', 'hidden_dim': 160, 'dropout': 0.15380202389439296, 'lr': 0.0006286846035664726, 'weight_decay': 3.9237028815663604e-05, 'batch_size': 64, 'num_heads': 4, 'num_sab_layers': 2, 'num_seeds': 1, 'num_inducing_points': 32, 'cnn_num_blocks': 3, 'cnn_kernel_size': 5}",
16,0.09686522171610877,PRUNED,16,5,2,0.04354222573171699,96,0.0012371664251417443,1.4081638741368157e-05,,"{'model_name': 'DeepSets', 'hidden_dim': 96, 'dropout': 0.04354222573171699, 'lr': 0.0012371664251417443, 'weight_decay': 1.4081638741368157e-05, 'batch_size': 16, 'num_heads': 4, 'num_sab_layers': 2, 'num_seeds': 1, 'num_inducing_points': 32, 'cnn_num_blocks': 2, 'cnn_kernel_size': 5}",
17,0.09231181229863848,PRUNED,16,3,2,0.09742244517061889,96,0.000338478034960754,1.0334965949539553e-06,,"{'model_name': 'DeepSets', 'hidden_dim': 96, 'dropout': 0.09742244517061889, 'lr': 0.000338478034960754, 'weight_decay': 1.0334965949539553e-06, 'batch_size': 16, 'num_heads': 4, 'num_sab_layers': 2, 'num_seeds': 1, 'num_inducing_points': 32, 'cnn_num_blocks': 2, 'cnn_kernel_size': 3}",
18,0.11777343515838895,PRUNED,64,5,3,0.0014990418053866111,96,0.00020377480750144884,6.250130663954408e-05,,"{'model_name': 'DeepSets', 'hidden_dim': 96, 'dropout': 0.0014990418053866111, 'lr': 0.00020377480750144884, 'weight_decay': 6.250130663954408e-05, 'batch_size': 64, 'num_heads': 4, 'num_sab_layers': 2, 'num_seeds': 1, 'num_inducing_points': 32, 'cnn_num_blocks': 3, 'cnn_kernel_size': 5}",
19,0.09710844521011625,PRUNED,32,3,4,0.05558658922528191,64,0.00046603671729816,0.00019871007327359062,,"{'model_name': 'DeepSets', 'hidden_dim': 64, 'dropout': 0.05558658922528191, 'lr': 0.00046603671729816, 'weight_decay': 0.00019871007327359062, 'batch_size': 32, 'num_heads': 4, 'num_sab_layers': 2, 'num_seeds': 1, 'num_inducing_points': 32, 'cnn_num_blocks': 4, 'cnn_kernel_size': 3}",
20,0.32377566872608093,PRUNED,16,5,3,0.1634690323691243,160,0.0013870107597302721,1.3582289462910538e-06,,"{'model_name': 'DeepSets', 'hidden_dim': 160, 'dropout': 0.1634690323691243, 'lr': 0.0013870107597302721, 'weight_decay': 1.3582289462910538e-06, 'batch_size': 16, 'num_heads': 4, 'num_sab_layers': 2, 'num_seeds': 1, 'num_inducing_points': 32, 'cnn_num_blocks': 3, 'cnn_kernel_size': 5}",
21,0.1052799824447859,PRUNED,64,3,2,0.08961722588102508,128,0.00102631794330168,2.2642778309501566e-06,,"{'model_name': 'DeepSets', 'hidden_dim': 128, 'dropout': 0.08961722588102508, 'lr': 0.00102631794330168, 'weight_decay': 2.2642778309501566e-06, 'batch_size': 64, 'num_heads': 4, 'num_sab_layers': 2, 'num_seeds': 1, 'num_inducing_points': 32, 'cnn_num_blocks': 2, 'cnn_kernel_size': 3}",
22,0.09956962430760974,PRUNED,64,3,2,0.06501688232958908,128,0.0007069764152017227,5.730521122051363e-06,,"{'model_name': 'DeepSets', 'hidden_dim': 128, 'dropout': 0.06501688232958908, 'lr': 0.0007069764152017227, 'weight_decay': 5.730521122051363e-06, 'batch_size': 64, 'num_heads': 4, 'num_sab_layers': 2, 'num_seeds': 1, 'num_inducing_points': 32, 'cnn_num_blocks': 2, 'cnn_kernel_size': 3}",
23,0.10301519334316253,PRUNED,64,3,2,0.028593139647315045,96,0.000992988621787392,1.7295138042782573e-06,,"{'model_name': 'DeepSets', 'hidden_dim': 96, 'dropout': 0.028593139647315045, 'lr': 0.000992988621787392, 'weight_decay': 1.7295138042782573e-06, 'batch_size': 64, 'num_heads': 4, 'num_sab_layers': 2, 'num_seeds': 1, 'num_inducing_points': 32, 'cnn_num_blocks': 2, 'cnn_kernel_size': 3}",
24,0.1046749716713315,PRUNED,64,3,2,0.09538352712472187,96,0.0014515470397791109,3.566820374795672e-06,,"{'model_name': 'DeepSets', 'hidden_dim': 96, 'dropout': 0.09538352712472187, 'lr': 0.0014515470397791109, 'weight_decay': 3.566820374795672e-06, 'batch_size': 64, 'num_heads': 4, 'num_sab_layers': 2, 'num_seeds': 1, 'num_inducing_points': 32, 'cnn_num_blocks': 2, 'cnn_kernel_size': 3}",
25,0.10259953914653687,PRUNED,64,3,2,0.047047809649506625,128,0.000571431669156462,9.602063076784058e-06,,"{'model_name': 'DeepSets', 'hidden_dim': 128, 'dropout': 0.047047809649506625, 'lr': 0.000571431669156462, 'weight_decay': 9.602063076784058e-06, 'batch_size': 64, 'num_heads': 4, 'num_sab_layers': 2, 'num_seeds': 1, 'num_inducing_points': 32, 'cnn_num_blocks': 2, 'cnn_kernel_size': 3}",
