number,value,state,params_batch_size,params_cnn_kernel_size,params_cnn_num_blocks,params_dropout,params_hidden_dim,params_lr,params_weight_decay,user_attrs_latest_running_objective,user_attrs_params,user_attrs_rows
89,0.10861901041297685,PRUNED,16,5,2,0.0606485664700222,96,0.0008089831105622671,0.00018359494579150848,,"{'model_name': 'DeepSets', 'hidden_dim': 96, 'dropout': 0.0606485664700222, 'lr': 0.0008089831105622671, 'weight_decay': 0.00018359494579150848, 'batch_size': 16, 'num_heads': 4, 'num_sab_layers': 2, 'num_seeds': 1, 'num_inducing_points': 32, 'cnn_num_blocks': 2, 'cnn_kernel_size': 5}",
