number,value,state,params_batch_size,params_cnn_kernel_size,params_cnn_num_blocks,params_dropout,params_hidden_dim,params_lr,params_weight_decay,user_attrs_latest_running_objective,user_attrs_params,user_attrs_rows
60,0.09116301721050626,PRUNED,16,5,3,0.11750885012856463,128,0.0002975539656202377,5.234122383397232e-05,,"{'model_name': 'DeepSets', 'hidden_dim': 128, 'dropout': 0.11750885012856463, 'lr': 0.0002975539656202377, 'weight_decay': 5.234122383397232e-05, 'batch_size': 16, 'num_heads': 4, 'num_sab_layers': 2, 'num_seeds': 1, 'num_inducing_points': 32, 'cnn_num_blocks': 3, 'cnn_kernel_size': 5}",
61,0.09939343191328504,PRUNED,16,5,3,0.08399019325021195,160,0.0005273011534324772,7.5399654918361e-05,,"{'model_name': 'DeepSets', 'hidden_dim': 160, 'dropout': 0.08399019325021195, 'lr': 0.0005273011534324772, 'weight_decay': 7.5399654918361e-05, 'batch_size': 16, 'num_heads': 4, 'num_sab_layers': 2, 'num_seeds': 1, 'num_inducing_points': 32, 'cnn_num_blocks': 3, 'cnn_kernel_size': 5}",
62,0.09672868347593716,PRUNED,16,5,3,0.1710250336149503,160,0.00037604301262493577,2.2323171811213673e-05,,"{'model_name': 'DeepSets', 'hidden_dim': 160, 'dropout': 0.1710250336149503, 'lr': 0.00037604301262493577, 'weight_decay': 2.2323171811213673e-05, 'batch_size': 16, 'num_heads': 4, 'num_sab_layers': 2, 'num_seeds': 1, 'num_inducing_points': 32, 'cnn_num_blocks': 3, 'cnn_kernel_size': 5}",
63,0.09231194286119371,PRUNED,16,5,3,0.05258077556982682,160,0.0006180196163902582,3.914276122290857e-05,,"{'model_name': 'DeepSets', 'hidden_dim': 160, 'dropout': 0.05258077556982682, 'lr': 0.0006180196163902582, 'weight_decay': 3.914276122290857e-05, 'batch_size': 16, 'num_heads': 4, 'num_sab_layers': 2, 'num_seeds': 1, 'num_inducing_points': 32, 'cnn_num_blocks': 3, 'cnn_kernel_size': 5}",
64,0.0945410363021351,PRUNED,16,5,3,0.1335916763133416,160,0.0003384982276966572,1.3839402028008642e-05,,"{'model_name': 'DeepSets', 'hidden_dim': 160, 'dropout': 0.1335916763133416, 'lr': 0.0003384982276966572, 'weight_decay': 1.3839402028008642e-05, 'batch_size': 16, 'num_heads': 4, 'num_sab_layers': 2, 'num_seeds': 1, 'num_inducing_points': 32, 'cnn_num_blocks': 3, 'cnn_kernel_size': 5}",
65,0.10829164946363086,PRUNED,16,5,2,0.025351676176096877,160,0.0004552323962967434,0.0004234363660919578,,"{'model_name': 'DeepSets', 'hidden_dim': 160, 'dropout': 0.025351676176096877, 'lr': 0.0004552323962967434, 'weight_decay': 0.0004234363660919578, 'batch_size': 16, 'num_heads': 4, 'num_sab_layers': 2, 'num_seeds': 1, 'num_inducing_points': 32, 'cnn_num_blocks': 2, 'cnn_kernel_size': 5}",
66,0.153979039759863,PRUNED,32,5,2,0.10516985229735273,160,0.002536357083002494,6.042011222578205e-05,,"{'model_name': 'DeepSets', 'hidden_dim': 160, 'dropout': 0.10516985229735273, 'lr': 0.002536357083002494, 'weight_decay': 6.042011222578205e-05, 'batch_size': 32, 'num_heads': 4, 'num_sab_layers': 2, 'num_seeds': 1, 'num_inducing_points': 32, 'cnn_num_blocks': 2, 'cnn_kernel_size': 5}",
67,0.15142014345952443,PRUNED,16,5,2,0.0665467652093545,160,0.0005417896656938827,3.8522524531125655e-05,,"{'model_name': 'DeepSets', 'hidden_dim': 160, 'dropout': 0.0665467652093545, 'lr': 0.0005417896656938827, 'weight_decay': 3.8522524531125655e-05, 'batch_size': 16, 'num_heads': 4, 'num_sab_layers': 2, 'num_seeds': 1, 'num_inducing_points': 32, 'cnn_num_blocks': 2, 'cnn_kernel_size': 5}",
68,0.09748944945278622,PRUNED,64,5,3,0.060403805494345875,128,0.00041802036477601697,0.00011395867550107517,,"{'model_name': 'DeepSets', 'hidden_dim': 128, 'dropout': 0.060403805494345875, 'lr': 0.00041802036477601697, 'weight_decay': 0.00011395867550107517, 'batch_size': 64, 'num_heads': 4, 'num_sab_layers': 2, 'num_seeds': 1, 'num_inducing_points': 32, 'cnn_num_blocks': 3, 'cnn_kernel_size': 5}",
69,0.11011108585766384,PRUNED,16,5,4,0.044640027402751414,160,0.0008200372054353862,0.00018972695024793026,,"{'model_name': 'DeepSets', 'hidden_dim': 160, 'dropout': 0.044640027402751414, 'lr': 0.0008200372054353862, 'weight_decay': 0.00018972695024793026, 'batch_size': 16, 'num_heads': 4, 'num_sab_layers': 2, 'num_seeds': 1, 'num_inducing_points': 32, 'cnn_num_blocks': 4, 'cnn_kernel_size': 5}",
70,0.109058003056617,PRUNED,16,5,2,0.192804693262834,160,0.0006898850745503597,8.763904277942266e-05,,"{'model_name': 'DeepSets', 'hidden_dim': 160, 'dropout': 0.192804693262834, 'lr': 0.0006898850745503597, 'weight_decay': 8.763904277942266e-05, 'batch_size': 16, 'num_heads': 4, 'num_sab_layers': 2, 'num_seeds': 1, 'num_inducing_points': 32, 'cnn_num_blocks': 2, 'cnn_kernel_size': 5}",
71,0.09667873173242524,PRUNED,16,5,2,0.01888844642562677,160,0.000577507794649169,0.00027551786978787483,,"{'model_name': 'DeepSets', 'hidden_dim': 160, 'dropout': 0.01888844642562677, 'lr': 0.000577507794649169, 'weight_decay': 0.00027551786978787483, 'batch_size': 16, 'num_heads': 4, 'num_sab_layers': 2, 'num_seeds': 1, 'num_inducing_points': 32, 'cnn_num_blocks': 2, 'cnn_kernel_size': 5}",
72,0.10199072517099834,PRUNED,16,5,2,0.007114097357195474,160,0.0006086759680354197,0.0003248352265426127,,"{'model_name': 'DeepSets', 'hidden_dim': 160, 'dropout': 0.007114097357195474, 'lr': 0.0006086759680354197, 'weight_decay': 0.0003248352265426127, 'batch_size': 16, 'num_heads': 4, 'num_sab_layers': 2, 'num_seeds': 1, 'num_inducing_points': 32, 'cnn_num_blocks': 2, 'cnn_kernel_size': 5}",
