number,value,state,params_batch_size,params_cnn_kernel_size,params_cnn_num_blocks,params_dropout,params_hidden_dim,params_lr,params_weight_decay,user_attrs_latest_running_objective,user_attrs_params,user_attrs_rows
4,0.09943498557522183,PRUNED,64,3,2,0.07023362742184519,128,0.0008695411021388597,2.400768344815637e-06,,"{'model_name': 'DeepSets', 'hidden_dim': 128, 'dropout': 0.07023362742184519, 'lr': 0.0008695411021388597, 'weight_decay': 2.400768344815637e-06, 'batch_size': 64, 'num_heads': 4, 'num_sab_layers': 2, 'num_seeds': 1, 'num_inducing_points': 32, 'cnn_num_blocks': 2, 'cnn_kernel_size': 3}",
5,0.11521705133574349,PRUNED,16,3,3,0.02896726488128243,96,0.002070705754931531,4.811305657362578e-05,,"{'model_name': 'DeepSets', 'hidden_dim': 96, 'dropout': 0.02896726488128243, 'lr': 0.002070705754931531, 'weight_decay': 4.811305657362578e-05, 'batch_size': 16, 'num_heads': 4, 'num_sab_layers': 2, 'num_seeds': 1, 'num_inducing_points': 32, 'cnn_num_blocks': 3, 'cnn_kernel_size': 3}",
