number,value,state,params_batch_size,params_cnn_kernel_size,params_cnn_num_blocks,params_dropout,params_hidden_dim,params_lr,params_weight_decay,user_attrs_latest_running_objective,user_attrs_params,user_attrs_rows
7,0.11327176143725713,PRUNED,16,3,2,0.019244977457198248,128,0.00043833297869422467,2.723525327483576e-06,,"{'model_name': 'DeepSets', 'hidden_dim': 128, 'dropout': 0.019244977457198248, 'lr': 0.00043833297869422467, 'weight_decay': 2.723525327483576e-06, 'batch_size': 16, 'num_heads': 4, 'num_sab_layers': 2, 'num_seeds': 1, 'num_inducing_points': 32, 'cnn_num_blocks': 2, 'cnn_kernel_size': 3}",
