number,value,state,params_batch_size,params_cnn_kernel_size,params_cnn_num_blocks,params_dropout,params_hidden_dim,params_lr,params_weight_decay,user_attrs_latest_running_objective,user_attrs_params,user_attrs_rows
55,0.10784811065310523,PRUNED,32,5,2,0.033254725999173756,160,0.0004136836721572474,0.00013381967949303058,,"{'model_name': 'DeepSets', 'hidden_dim': 160, 'dropout': 0.033254725999173756, 'lr': 0.0004136836721572474, 'weight_decay': 0.00013381967949303058, 'batch_size': 32, 'num_heads': 4, 'num_sab_layers': 2, 'num_seeds': 1, 'num_inducing_points': 32, 'cnn_num_blocks': 2, 'cnn_kernel_size': 5}",
56,0.10602681182679675,PRUNED,16,5,4,0.08946139812420632,160,0.0006615741591213128,9.701358379294477e-05,,"{'model_name': 'DeepSets', 'hidden_dim': 160, 'dropout': 0.08946139812420632, 'lr': 0.0006615741591213128, 'weight_decay': 9.701358379294477e-05, 'batch_size': 16, 'num_heads': 4, 'num_sab_layers': 2, 'num_seeds': 1, 'num_inducing_points': 32, 'cnn_num_blocks': 4, 'cnn_kernel_size': 5}",
57,0.10469534038787796,PRUNED,16,5,2,0.07001055689277885,160,0.0005032266554656227,0.00023045395942852543,,"{'model_name': 'DeepSets', 'hidden_dim': 160, 'dropout': 0.07001055689277885, 'lr': 0.0005032266554656227, 'weight_decay': 0.00023045395942852543, 'batch_size': 16, 'num_heads': 4, 'num_sab_layers': 2, 'num_seeds': 1, 'num_inducing_points': 32, 'cnn_num_blocks': 2, 'cnn_kernel_size': 5}",
58,0.0960233082373937,PRUNED,16,5,2,0.04357343322761405,64,0.0007659110644705982,0.0001633726875148521,,"{'model_name': 'DeepSets', 'hidden_dim': 64, 'dropout': 0.04357343322761405, 'lr': 0.0007659110644705982, 'weight_decay': 0.0001633726875148521, 'batch_size': 16, 'num_heads': 4, 'num_sab_layers': 2, 'num_seeds': 1, 'num_inducing_points': 32, 'cnn_num_blocks': 2, 'cnn_kernel_size': 5}",
