number,value,state,params_batch_size,params_cnn_kernel_size,params_cnn_num_blocks,params_dropout,params_hidden_dim,params_lr,params_weight_decay,user_attrs_latest_running_objective,user_attrs_params,user_attrs_rows
10,0.9338136622570614,COMPLETE,4,5,2,0.03151892854420011,128,0.00036210716356392593,7.321173243252598e-05,0.9338136622570614,"{'model_name': 'DeepSets', 'hidden_dim': 128, 'dropout': 0.03151892854420011, 'lr': 0.00036210716356392593, 'weight_decay': 7.321173243252598e-05, 'batch_size': 4, 'num_heads': 4, 'num_sab_layers': 2, 'num_seeds': 1, 'num_inducing_points': 32, 'cnn_num_blocks': 2, 'cnn_kernel_size': 5}","[{'stage': 'stage1', 'task': 'store_dept', 'fold': 0, 'model': 'DeepSets', 'train_samples': 1218, 'valid_samples': 210, 'eval_samples': 210, 'base_model': 'DeepSets', 'wrmsse': 0.9338136622570614, 'wape': 0.15038871744473417, 'series_rows': [{'task': 'store_dept', 'fold': -1, 'model': 'DeepSets', 'base_model': 'DeepSets', 'agg_id': 'CA_1__FOODS_1', 'origin_time': 1708, 'row_id': 0, 'revenue_28': 20094.0703125, 'weight': 0.005979414870906137, 'metric': 'rmsse', 'metric_value': 0.9028354526100999}, {'task': 'store_dept', 'fold': -1, 'model': 'DeepSets', 'base_model': 'DeepSets', 'agg_id': 'CA_1__FOODS_2', 'origin_time': 1708, 'row_id': 1, 'revenue_28': 51141.12890625, 'weight': 0.015218122657146891, 'metric': 'rmsse', 'metric_value': 0.8532069714823584}, {'task': 'store_dept', 'fold': -1, 'model': 'DeepSets', 'base_model': 'DeepSets', 'agg_id': 'CA_1__FOODS_3', 'origin_time': 1708, 'row_id': 2, 'revenue_28': 146649.53125, 'weight': 0.04363866425918601, 'metric': 'rmsse', 'metric_value': 0.6604941097609589}, {'task': 'store_dept', 'fold': -1, 'model': 'DeepSets', 'base_model': 'DeepSets', 'agg_id': 'CA_1__HOBBIES_1', 'origin_time': 1708, 'row_id': 3, 'revenue_28': 62278.515625, 'weight': 0.018532287220794266, 'metric': 'rmsse', 'metric_value': 0.5853736199339258}, {'task': 'store_dept', 'fold': -1, 'model': 'DeepSets', 'base_model': 'DeepSets', 'agg_id': 'CA_1__HOBBIES_2', 'origin_time': 1708, 'row_id': 4, 'revenue_28': 2228.699951171875, 'weight': 0.0006631967253809664, 'metric': 'rmsse', 'metric_value': 2.1495153543210983}, {'task': 'store_dept', 'fold': -1, 'model': 'DeepSets', 'base_model': 'DeepSets', 'agg_id': 'CA_1__HOUSEHOLD_1', 'origin_time': 1708, 'row_id': 5, 'revenue_28': 87015.8671875, 'weight': 0.025893408462001017, 'metric': 'rmsse', 'metric_value': 0.7117825667784836}, {'task': 'store_dept', 'fold': -1, 'model': 'DeepSets', 'base_model': 'DeepSets', 'agg_id': 'CA_1__HOUSEHOLD_2', 'origin_time': 1708, 'row_id': 6, 'revenue_28': 28756.0390625, 'weight': 0.008556966554043966, 'metric': 'rmsse', 'metric_value': 0.7594163671844296}, {'task': 'store_dept', 'fold': -1, 'model': 'DeepSets', 'base_model': 'DeepSets', 'agg_id': 'CA_2__FOODS_1', 'origin_time': 1708, 'row_id': 7, 'revenue_28': 33248.16015625, 'weight': 0.009893692028383071, 'metric': 'rmsse', 'metric_value': 0.8410196049197693}, {'task': 'store_dept', 'fold': -1, 'model': 'DeepSets', 'base_model': 'DeepSets', 'agg_id': 'CA_2__FOODS_2', 'origin_time': 1708, 'row_id': 8, 'revenue_28': 41069.9609375, 'weight': 0.012221233993814397, 'metric': 'rmsse', 'metric_value': 2.2254775824033777}, {'task': 'store_dept', 'fold': -1, 'model': 'DeepSets', 'base_model': 'DeepSets', 'agg_id': 'CA_2__FOODS_3', 'origin_time': 1708, 'row_id': 9, 'revenue_28': 119566.7265625, 'weight': 0.03557960392069671, 'metric': 'rmsse', 'metric_value': 0.8852209929150375}, {'task': 'store_dept', 'fold': -1, 'model': 'DeepSets', 'base_model': 'DeepSets', 'agg_id': 'CA_2__HOBBIES_1', 'origin_time': 1708, 'row_id': 10, 'revenue_28': 39882.4296875, 'weight': 0.011867858997833687, 'metric': 'rmsse', 'metric_value': 0.9396145993919607}, {'task': 'store_dept', 'fold': -1, 'model': 'DeepSets', 'base_model': 'DeepSets', 'agg_id': 'CA_2__HOBBIES_2', 'origin_time': 1708, 'row_id': 11, 'revenue_28': 2705.3798828125, 'weight': 0.000805042903262677, 'metric': 'rmsse', 'metric_value': 1.935899741889974}, {'task': 'store_dept', 'fold': -1, 'model': 'DeepSets', 'base_model': 'DeepSets', 'agg_id': 'CA_2__HOUSEHOLD_1', 'origin_time': 1708, 'row_id': 12, 'revenue_28': 87776.3046875, 'weight': 0.026119692695368416, 'metric': 'rmsse', 'metric_value': 0.7917338710437033}, {'task': 'store_dept', 'fold': -1, 'model': 'DeepSets', 'base_model': 'DeepSets', 'agg_id': 'CA_2__HOUSEHOLD_2', 'origin_time': 1708, 'row_id': 13, 'revenue_28': 40965.078125, 'weight': 0.012190023898546896, 'metric': 'rmsse', 'metric_value': 0.8469375384274261}, {'task': 'store_dept', 'fold': -1, 'model': 'DeepSets', 'base_model': 'DeepSets', 'agg_id': 'CA_3__FOODS_1', 'origin_time': 1708, 'row_id': 14, 'revenue_28': 30758.517578125, 'weight': 0.009152846315027467, 'metric': 'rmsse', 'metric_value': 0.5751587232783143}, {'task': 'store_dept', 'fold': -1, 'model': 'DeepSets', 'base_model': 'DeepSets', 'agg_id': 'CA_3__FOODS_2', 'origin_time': 1708, 'row_id': 15, 'revenue_28': 65721.4296875, 'weight': 0.01955679899090378, 'metric': 'rmsse', 'metric_value': 1.0265710228626181}, {'task': 'store_dept', 'fold': -1, 'model': 'DeepSets', 'base_model': 'DeepSets', 'agg_id': 'CA_3__FOODS_3', 'origin_time': 1708, 'row_id': 16, 'revenue_28': 195482.859375, 'weight': 0.05817005206889331, 'metric': 'rmsse', 'metric_value': 0.6507097168659794}, {'task': 'store_dept', 'fold': -1, 'model': 'DeepSets', 'base_model': 'DeepSets', 'agg_id': 'CA_3__HOBBIES_1', 'origin_time': 1708, 'row_id': 17, 'revenue_28': 62691.91015625, 'weight': 0.01865530149163465, 'metric': 'rmsse', 'metric_value': 0.6668494667893224}, {'task': 'store_dept', 'fold': -1, 'model': 'DeepSets', 'base_model': 'DeepSets', 'agg_id': 'CA_3__HOBBIES_2', 'origin_time': 1708, 'row_id': 18, 'revenue_28': 3165.809814453125, 'weight': 0.0009420535505554565, 'metric': 'rmsse', 'metric_value': 1.5466761514537966}, {'task': 'store_dept', 'fold': -1, 'model': 'DeepSets', 'base_model': 'DeepSets', 'agg_id': 'CA_3__HOUSEHOLD_1', 'origin_time': 1708, 'row_id': 19, 'revenue_28': 156067.59375, 'weight': 0.04644120760116842, 'metric': 'rmsse', 'metric_value': 0.646805319488732}, {'task': 'store_dept', 'fold': -1, 'model': 'DeepSets', 'base_model': 'DeepSets', 'agg_id': 'CA_3__HOUSEHOLD_2', 'origin_time': 1708, 'row_id': 20, 'revenue_28': 43907.59765625, 'weight': 0.013065632710970674, 'metric': 'rmsse', 'metric_value': 0.5728397674296851}, {'task': 'store_dept', 'fold': -1, 'model': 'DeepSets', 'base_model': 'DeepSets', 'agg_id': 'CA_4__FOODS_1', 'origin_time': 1708, 'row_id': 21, 'revenue_28': 16169.9208984375, 'weight': 0.004811701361537829, 'metric': 'rmsse', 'metric_value': 1.3351894036532432}, {'task': 'store_dept', 'fold': -1, 'model': 'DeepSets', 'base_model': 'DeepSets', 'agg_id': 'CA_4__FOODS_2', 'origin_time': 1708, 'row_id': 22, 'revenue_28': 34080.58984375, 'weight': 0.010141399057124028, 'metric': 'rmsse', 'metric_value': 0.6710132429256368}, {'task': 'store_dept', 'fold': -1, 'model': 'DeepSets', 'base_model': 'DeepSets', 'agg_id': 'CA_4__FOODS_3', 'origin_time': 1708, 'row_id': 23, 'revenue_28': 74924.90625, 'weight': 0.02229548775659477, 'metric': 'rmsse', 'metric_value': 0.6866203921948857}, {'task': 'store_dept', 'fold': -1, 'model': 'DeepSets', 'base_model': 'DeepSets', 'agg_id': 'CA_4__HOBBIES_1', 'origin_time': 1708, 'row_id': 24, 'revenue_28': 36384.44140625, 'weight': 0.010826958731144047, 'metric': 'rmsse', 'metric_value': 0.906623533171252}, {'task': 'store_dept', 'fold': -1, 'model': 'DeepSets', 'base_model': 'DeepSets', 'agg_id': 'CA_4__HOBBIES_2', 'origin_time': 1708, 'row_id': 25, 'revenue_28': 1014.0499877929688, 'weight': 0.0003017519836724949, 'metric': 'rmsse', 'metric_value': 4.081575577699822}, {'task': 'store_dept', 'fold': -1, 'model': 'DeepSets', 'base_model': 'DeepSets', 'agg_id': 'CA_4__HOUSEHOLD_1', 'origin_time': 1708, 'row_id': 26, 'revenue_28': 43543.71875, 'weight': 0.012957352859780603, 'metric': 'rmsse', 'metric_value': 0.9222292287595311}, {'task': 'store_dept', 'fold': -1, 'model': 'DeepSets', 'base_model': 'DeepSets', 'agg_id': 'CA_4__HOUSEHOLD_2', 'origin_time': 1708, 'row_id': 27, 'revenue_28': 14664.490234375, 'weight': 0.004363728683040045, 'metric': 'rmsse', 'metric_value': 0.8460940797250689}, {'task': 'store_dept', 'fold': -1, 'model': 'DeepSets', 'base_model': 'DeepSets', 'agg_id': 'TX_1__FOODS_1', 'origin_time': 1708, 'row_id': 28, 'revenue_28': 17400.521484375, 'weight': 0.005177892547756736, 'metric': 'rmsse', 'metric_value': 1.2031164290571432}, {'task': 'store_dept', 'fold': -1, 'model': 'DeepSets', 'base_model': 'DeepSets', 'agg_id': 'TX_1__FOODS_2', 'origin_time': 1708, 'row_id': 29, 'revenue_28': 35452.5078125, 'weight': 0.010549642214256012, 'metric': 'rmsse', 'metric_value': 0.775176456956849}, {'task': 'store_dept', 'fold': -1, 'model': 'DeepSets', 'base_model': 'DeepSets', 'agg_id': 'TX_1__FOODS_3', 'origin_time': 1708, 'row_id': 30, 'revenue_28': 86868.2734375, 'weight': 0.02584948882551732, 'metric': 'rmsse', 'metric_value': 0.35039529538136427}, {'task': 'store_dept', 'fold': -1, 'model': 'DeepSets', 'base_model': 'DeepSets', 'agg_id': 'TX_1__HOBBIES_1', 'origin_time': 1708, 'row_id': 31, 'revenue_28': 30838.84765625, 'weight': 0.009176750225795755, 'metric': 'rmsse', 'metric_value': 1.09069225853787}, {'task': 'store_dept', 'fold': -1, 'model': 'DeepSets', 'base_model': 'DeepSets', 'agg_id': 'TX_1__HOBBIES_2', 'origin_time': 1708, 'row_id': 32, 'revenue_28': 1983.1500244140625, 'weight': 0.0005901281603380631, 'metric': 'rmsse', 'metric_value': 2.4759159138226896}, {'task': 'store_dept', 'fold': -1, 'model': 'DeepSets', 'base_model': 'DeepSets', 'agg_id': 'TX_1__HOUSEHOLD_1', 'origin_time': 1708, 'row_id': 33, 'revenue_28': 76191.7890625, 'weight': 0.022672475485359982, 'metric': 'rmsse', 'metric_value': 0.5094626059590975}, {'task': 'store_dept', 'fold': -1, 'model': 'DeepSets', 'base_model': 'DeepSets', 'agg_id': 'TX_1__HOUSEHOLD_2', 'origin_time': 1708, 'row_id': 34, 'revenue_28': 19528.9296875, 'weight': 0.005811245346030131, 'metric': 'rmsse', 'metric_value': 0.54841862676839}, {'task': 'store_dept', 'fold': -1, 'model': 'DeepSets', 'base_model': 'DeepSets', 'agg_id': 'TX_2__FOODS_1', 'origin_time': 1708, 'row_id': 35, 'revenue_28': 20716.2890625, 'weight': 0.006164569196975764, 'metric': 'rmsse', 'metric_value': 1.128717149034608}, {'task': 'store_dept', 'fold': -1, 'model': 'DeepSets', 'base_model': 'DeepSets', 'agg_id': 'TX_2__FOODS_2', 'origin_time': 1708, 'row_id': 36, 'revenue_28': 41457.16796875, 'weight': 0.012336455621128768, 'metric': 'rmsse', 'metric_value': 0.6642533303594261}, {'task': 'store_dept', 'fold': -1, 'model': 'DeepSets', 'base_model': 'DeepSets', 'agg_id': 'TX_2__FOODS_3', 'origin_time': 1708, 'row_id': 37, 'revenue_28': 114994.2109375, 'weight': 0.03421895535620116, 'metric': 'rmsse', 'metric_value': 0.36320004128240313}, {'task': 'store_dept', 'fold': -1, 'model': 'DeepSets', 'base_model': 'DeepSets', 'agg_id': 'TX_2__HOBBIES_1', 'origin_time': 1708, 'row_id': 38, 'revenue_28': 48419.31640625, 'weight': 0.014408189881695517, 'metric': 'rmsse', 'metric_value': 0.6948686079948905}, {'task': 'store_dept', 'fold': -1, 'model': 'DeepSets', 'base_model': 'DeepSets', 'agg_id': 'TX_2__HOBBIES_2', 'origin_time': 1708, 'row_id': 39, 'revenue_28': 2763.60009765625, 'weight': 0.0008223675574024362, 'metric': 'rmsse', 'metric_value': 1.0631466753534835}, {'task': 'store_dept', 'fold': -1, 'model': 'DeepSets', 'base_model': 'DeepSets', 'agg_id': 'TX_2__HOUSEHOLD_1', 'origin_time': 1708, 'row_id': 40, 'revenue_28': 81754.4140625, 'weight': 0.024327751998729368, 'metric': 'rmsse', 'metric_value': 0.520376993126257}, {'task': 'store_dept', 'fold': -1, 'model': 'DeepSets', 'base_model': 'DeepSets', 'agg_id': 'TX_2__HOUSEHOLD_2', 'origin_time': 1708, 'row_id': 41, 'revenue_28': 22166.5703125, 'weight': 0.006596131002940572, 'metric': 'rmsse', 'metric_value': 0.5794162378647117}, {'task': 'store_dept', 'fold': -1, 'model': 'DeepSets', 'base_model': 'DeepSets', 'agg_id': 'TX_3__FOODS_1', 'origin_time': 1708, 'row_id': 42, 'revenue_28': 23854.072265625, 'weight': 0.0070982828376000675, 'metric': 'rmsse', 'metric_value': 1.0336289465201045}, {'task': 'store_dept', 'fold': -1, 'model': 'DeepSets', 'base_model': 'DeepSets', 'agg_id': 'TX_3__FOODS_2', 'origin_time': 1708, 'row_id': 43, 'revenue_28': 47163.9921875, 'weight': 0.014034641656539112, 'metric': 'rmsse', 'metric_value': 1.0764578678292391}, {'task': 'store_dept', 'fold': -1, 'model': 'DeepSets', 'base_model': 'DeepSets', 'agg_id': 'TX_3__FOODS_3', 'origin_time': 1708, 'row_id': 44, 'revenue_28': 103246.6484375, 'weight': 0.030723220106100912, 'metric': 'rmsse', 'metric_value': 0.6277239867999725}, {'task': 'store_dept', 'fold': -1, 'model': 'DeepSets', 'base_model': 'DeepSets', 'agg_id': 'TX_3__HOBBIES_1', 'origin_time': 1708, 'row_id': 45, 'revenue_28': 56582.10546875, 'weight': 0.01683720010955462, 'metric': 'rmsse', 'metric_value': 0.7034677296567428}, {'task': 'store_dept', 'fold': -1, 'model': 'DeepSets', 'base_model': 'DeepSets', 'agg_id': 'TX_3__HOBBIES_2', 'origin_time': 1708, 'row_id': 46, 'revenue_28': 2374.439697265625, 'weight': 0.000706564663858466, 'metric': 'rmsse', 'metric_value': 1.6846357307681776}, {'task': 'store_dept', 'fold': -1, 'model': 'DeepSets', 'base_model': 'DeepSets', 'agg_id': 'TX_3__HOUSEHOLD_1', 'origin_time': 1708, 'row_id': 47, 'revenue_28': 83126.890625, 'weight': 0.024736161377225348, 'metric': 'rmsse', 'metric_value': 0.8567962641825252}, {'task': 'store_dept', 'fold': -1, 'model': 'DeepSets', 'base_model': 'DeepSets', 'agg_id': 'TX_3__HOUSEHOLD_2', 'origin_time': 1708, 'row_id': 48, 'revenue_28': 19398.05078125, 'weight': 0.005772299564207503, 'metric': 'rmsse', 'metric_value': 1.0589684256427785}, {'task': 'store_dept', 'fold': -1, 'model': 'DeepSets', 'base_model': 'DeepSets', 'agg_id': 'WI_1__FOODS_1', 'origin_time': 1708, 'row_id': 49, 'revenue_28': 23188.94921875, 'weight': 0.006900361432149786, 'metric': 'rmsse', 'metric_value': 1.0241373565430036}, {'task': 'store_dept', 'fold': -1, 'model': 'DeepSets', 'base_model': 'DeepSets', 'agg_id': 'WI_1__FOODS_2', 'origin_time': 1708, 'row_id': 50, 'revenue_28': 47648.8046875, 'weight': 0.014178907851840412, 'metric': 'rmsse', 'metric_value': 1.1589306044472794}, {'task': 'store_dept', 'fold': -1, 'model': 'DeepSets', 'base_model': 'DeepSets', 'agg_id': 'WI_1__FOODS_3', 'origin_time': 1708, 'row_id': 51, 'revenue_28': 95323.0234375, 'weight': 0.02836537819454899, 'metric': 'rmsse', 'metric_value': 0.6951105759039384}, {'task': 'store_dept', 'fold': -1, 'model': 'DeepSets', 'base_model': 'DeepSets', 'agg_id': 'WI_1__HOBBIES_1', 'origin_time': 1708, 'row_id': 52, 'revenue_28': 39253.109375, 'weight': 0.011680591451905725, 'metric': 'rmsse', 'metric_value': 0.7248736993340696}, {'task': 'store_dept', 'fold': -1, 'model': 'DeepSets', 'base_model': 'DeepSets', 'agg_id': 'WI_1__HOBBIES_2', 'origin_time': 1708, 'row_id': 53, 'revenue_28': 2028.0198974609375, 'weight': 0.0006034801384081933, 'metric': 'rmsse', 'metric_value': 2.267545363740893}, {'task': 'store_dept', 'fold': -1, 'model': 'DeepSets', 'base_model': 'DeepSets', 'agg_id': 'WI_1__HOUSEHOLD_1', 'origin_time': 1708, 'row_id': 54, 'revenue_28': 57270.859375, 'weight': 0.017042153376134166, 'metric': 'rmsse', 'metric_value': 0.8213553405032866}, {'task': 'store_dept', 'fold': -1, 'model': 'DeepSets', 'base_model': 'DeepSets', 'agg_id': 'WI_1__HOUSEHOLD_2', 'origin_time': 1708, 'row_id': 55, 'revenue_28': 18067.169921875, 'weight': 0.00537626786539331, 'metric': 'rmsse', 'metric_value': 0.6767912642964355}, {'task': 'store_dept', 'fold': -1, 'model': 'DeepSets', 'base_model': 'DeepSets', 'agg_id': 'WI_2__FOODS_1', 'origin_time': 1708, 'row_id': 56, 'revenue_28': 27025.37109375, 'weight': 0.008041969760064042, 'metric': 'rmsse', 'metric_value': 1.3873137111034057}, {'task': 'store_dept', 'fold': -1, 'model': 'DeepSets', 'base_model': 'DeepSets', 'agg_id': 'WI_2__FOODS_2', 'origin_time': 1708, 'row_id': 57, 'revenue_28': 81557.7890625, 'weight': 0.0242692420786033, 'metric': 'rmsse', 'metric_value': 2.078110502973927}, {'task': 'store_dept', 'fold': -1, 'model': 'DeepSets', 'base_model': 'DeepSets', 'agg_id': 'WI_2__FOODS_3', 'origin_time': 1708, 'row_id': 58, 'revenue_28': 111396.6796875, 'weight': 0.03314843397749284, 'metric': 'rmsse', 'metric_value': 0.9421625075895644}, {'task': 'store_dept', 'fold': -1, 'model': 'DeepSets', 'base_model': 'DeepSets', 'agg_id': 'WI_2__HOBBIES_1', 'origin_time': 1708, 'row_id': 59, 'revenue_28': 25681.0390625, 'weight': 0.007641935381061632, 'metric': 'rmsse', 'metric_value': 0.8523278565785519}, {'task': 'store_dept', 'fold': -1, 'model': 'DeepSets', 'base_model': 'DeepSets', 'agg_id': 'WI_2__HOBBIES_2', 'origin_time': 1708, 'row_id': 60, 'revenue_28': 1525.85986328125, 'weight': 0.000454051818050376, 'metric': 'rmsse', 'metric_value': 2.019640370222167}, {'task': 'store_dept', 'fold': -1, 'model': 'DeepSets', 'base_model': 'DeepSets', 'agg_id': 'WI_2__HOUSEHOLD_1', 'origin_time': 1708, 'row_id': 61, 'revenue_28': 85718.9453125, 'weight': 0.025507481975969245, 'metric': 'rmsse', 'metric_value': 1.1283630939005562}, {'task': 'store_dept', 'fold': -1, 'model': 'DeepSets', 'base_model': 'DeepSets', 'agg_id': 'WI_2__HOUSEHOLD_2', 'origin_time': 1708, 'row_id': 62, 'revenue_28': 14203.3193359375, 'weight': 0.004226497545432702, 'metric': 'rmsse', 'metric_value': 1.0106016128262223}, {'task': 'store_dept', 'fold': -1, 'model': 'DeepSets', 'base_model': 'DeepSets', 'agg_id': 'WI_3__FOODS_1', 'origin_time': 1708, 'row_id': 63, 'revenue_28': 16065.431640625, 'weight': 0.0047806083767767795, 'metric': 'rmsse', 'metric_value': 1.0852343137744238}, {'task': 'store_dept', 'fold': -1, 'model': 'DeepSets', 'base_model': 'DeepSets', 'agg_id': 'WI_3__FOODS_2', 'origin_time': 1708, 'row_id': 64, 'revenue_28': 37495.25, 'weight': 0.011157503280899468, 'metric': 'rmsse', 'metric_value': 1.0975284480844785}, {'task': 'store_dept', 'fold': -1, 'model': 'DeepSets', 'base_model': 'DeepSets', 'agg_id': 'WI_3__FOODS_3', 'origin_time': 1708, 'row_id': 65, 'revenue_28': 102297.640625, 'weight': 0.030440822794933018, 'metric': 'rmsse', 'metric_value': 0.6243982534782135}, {'task': 'store_dept', 'fold': -1, 'model': 'DeepSets', 'base_model': 'DeepSets', 'agg_id': 'WI_3__HOBBIES_1', 'origin_time': 1708, 'row_id': 66, 'revenue_28': 24624.810546875, 'weight': 0.007327632285910499, 'metric': 'rmsse', 'metric_value': 0.6387730831671685}, {'task': 'store_dept', 'fold': -1, 'model': 'DeepSets', 'base_model': 'DeepSets', 'agg_id': 'WI_3__HOBBIES_2', 'origin_time': 1708, 'row_id': 67, 'revenue_28': 1506.64013671875, 'weight': 0.0004483325826224462, 'metric': 'rmsse', 'metric_value': 2.859866220350627}, {'task': 'store_dept', 'fold': -1, 'model': 'DeepSets', 'base_model': 'DeepSets', 'agg_id': 'WI_3__HOUSEHOLD_1', 'origin_time': 1708, 'row_id': 68, 'revenue_28': 57292.73046875, 'weight': 0.017048661581847487, 'metric': 'rmsse', 'metric_value': 0.849392883338382}, {'task': 'store_dept', 'fold': -1, 'model': 'DeepSets', 'base_model': 'DeepSets', 'agg_id': 'WI_3__HOUSEHOLD_2', 'origin_time': 1708, 'row_id': 69, 'revenue_28': 13132.2900390625, 'weight': 0.003907790165329295, 'metric': 'rmsse', 'metric_value': 0.6824317801084476}, {'task': 'store_dept', 'fold': -1, 'model': 'DeepSets', 'base_model': 'DeepSets', 'agg_id': 'CA_1__FOODS_1', 'origin_time': 1736, 'row_id': 70, 'revenue_28': 19198.861328125, 'weight': 0.0055487847651129185, 'metric': 'rmsse', 'metric_value': 1.4001030001051713}, {'task': 'store_dept', 'fold': -1, 'model': 'DeepSets', 'base_model': 'DeepSets', 'agg_id': 'CA_1__FOODS_2', 'origin_time': 1736, 'row_id': 71, 'revenue_28': 52354.78515625, 'weight': 0.01513138874700812, 'metric': 'rmsse', 'metric_value': 0.8722690285151903}, {'task': 'store_dept', 'fold': -1, 'model': 'DeepSets', 'base_model': 'DeepSets', 'agg_id': 'CA_1__FOODS_3', 'origin_time': 1736, 'row_id': 72, 'revenue_28': 146952.71875, 'weight': 0.04247173793569757, 'metric': 'rmsse', 'metric_value': 0.5966676171579501}, {'task': 'store_dept', 'fold': -1, 'model': 'DeepSets', 'base_model': 'DeepSets', 'agg_id': 'CA_1__HOBBIES_1', 'origin_time': 1736, 'row_id': 73, 'revenue_28': 61050.875, 'weight': 0.017644700865699567, 'metric': 'rmsse', 'metric_value': 0.6252441241514202}, {'task': 'store_dept', 'fold': -1, 'model': 'DeepSets', 'base_model': 'DeepSets', 'agg_id': 'CA_1__HOBBIES_2', 'origin_time': 1736, 'row_id': 74, 'revenue_28': 2951.48974609375, 'weight': 0.0008530287842394362, 'metric': 'rmsse', 'metric_value': 3.2583984388855023}, {'task': 'store_dept', 'fold': -1, 'model': 'DeepSets', 'base_model': 'DeepSets', 'agg_id': 'CA_1__HOUSEHOLD_1', 'origin_time': 1736, 'row_id': 75, 'revenue_28': 86046.5390625, 'weight': 0.02486885638062592, 'metric': 'rmsse', 'metric_value': 0.8157168881544238}, {'task': 'store_dept', 'fold': -1, 'model': 'DeepSets', 'base_model': 'DeepSets', 'agg_id': 'CA_1__HOUSEHOLD_2', 'origin_time': 1736, 'row_id': 76, 'revenue_28': 29331.708984375, 'weight': 0.00847734337810964, 'metric': 'rmsse', 'metric_value': 0.7256849801675058}, {'task': 'store_dept', 'fold': -1, 'model': 'DeepSets', 'base_model': 'DeepSets', 'agg_id': 'CA_2__FOODS_1', 'origin_time': 1736, 'row_id': 77, 'revenue_28': 34911.921875, 'weight': 0.010090116122513365, 'metric': 'rmsse', 'metric_value': 0.9342234919734221}, {'task': 'store_dept', 'fold': -1, 'model': 'DeepSets', 'base_model': 'DeepSets', 'agg_id': 'CA_2__FOODS_2', 'origin_time': 1736, 'row_id': 78, 'revenue_28': 43473.8984375, 'weight': 0.01256466731059123, 'metric': 'rmsse', 'metric_value': 1.944650115179642}, {'task': 'store_dept', 'fold': -1, 'model': 'DeepSets', 'base_model': 'DeepSets', 'agg_id': 'CA_2__FOODS_3', 'origin_time': 1736, 'row_id': 79, 'revenue_28': 123724.9375, 'weight': 0.03575852945293372, 'metric': 'rmsse', 'metric_value': 0.9516998312358392}, {'task': 'store_dept', 'fold': -1, 'model': 'DeepSets', 'base_model': 'DeepSets', 'agg_i