number,value,state,params_batch_size,params_cnn_kernel_size,params_cnn_num_blocks,params_dropout,params_hidden_dim,params_lr,params_weight_decay,user_attrs_latest_running_objective,user_attrs_params,user_attrs_rows
5,0.07909606702270962,PRUNED,16,3,3,0.07453119645161818,64,0.00011530645080977568,2.4658447214487382e-06,,"{'model_name': 'DeepSets', 'hidden_dim': 64, 'dropout': 0.07453119645161818, 'lr': 0.00011530645080977568, 'weight_decay': 2.4658447214487382e-06, 'batch_size': 16, 'num_heads': 4, 'num_sab_layers': 2, 'num_seeds': 1, 'num_inducing_points': 32, 'cnn_num_blocks': 3, 'cnn_kernel_size': 3}",
6,0.06666637471034413,PRUNED,16,3,3,0.015218545057583958,128,0.0004895582417605458,3.50339849115869e-05,,"{'model_name': 'DeepSets', 'hidden_dim': 128, 'dropout': 0.015218545057583958, 'lr': 0.0004895582417605458, 'weight_decay': 3.50339849115869e-05, 'batch_size': 16, 'num_heads': 4, 'num_sab_layers': 2, 'num_seeds': 1, 'num_inducing_points': 32, 'cnn_num_blocks': 3, 'cnn_kernel_size': 3}",
7,0.08326846297298159,PRUNED,16,3,3,0.05363086887792906,128,0.00017032868513634143,1.3400367243354813e-06,,"{'model_name': 'DeepSets', 'hidden_dim': 128, 'dropout': 0.05363086887792906, 'lr': 0.00017032868513634143, 'weight_decay': 1.3400367243354813e-06, 'batch_size': 16, 'num_heads': 4, 'num_sab_layers': 2, 'num_seeds': 1, 'num_inducing_points': 32, 'cnn_num_blocks': 3, 'cnn_kernel_size': 3}",
8,0.05569061363736789,PRUNED,4,5,3,0.06396770259681928,96,0.00022138506032035843,1.110364731305462e-05,,"{'model_name': 'DeepSets', 'hidden_dim': 96, 'dropout': 0.06396770259681928, 'lr': 0.00022138506032035843, 'weight_decay': 1.110364731305462e-05, 'batch_size': 4, 'num_heads': 4, 'num_sab_layers': 2, 'num_seeds': 1, 'num_inducing_points': 32, 'cnn_num_blocks': 3, 'cnn_kernel_size': 5}",
9,0.06778125635215214,PRUNED,16,3,2,0.06288857969801341,64,0.00014451837004705447,1.4254757044027448e-06,,"{'model_name': 'DeepSets', 'hidden_dim': 64, 'dropout': 0.06288857969801341, 'lr': 0.00014451837004705447, 'weight_decay': 1.4254757044027448e-06, 'batch_size': 16, 'num_heads': 4, 'num_sab_layers': 2, 'num_seeds': 1, 'num_inducing_points': 32, 'cnn_num_blocks': 2, 'cnn_kernel_size': 3}",
