number,value,state,params_batch_size,params_cnn_kernel_size,params_cnn_num_blocks,params_dropout,params_hidden_dim,params_lr,params_weight_decay,user_attrs_latest_running_objective,user_attrs_params,user_attrs_rows
13,0.0657772080351909,PRUNED,8,5,2,0.041730020667860294,64,0.00045388780001412183,3.895998409568381e-05,,"{'model_name': 'SkuTemporalCNN', 'hidden_dim': 64, 'dropout': 0.041730020667860294, 'lr': 0.00045388780001412183, 'weight_decay': 3.895998409568381e-05, 'batch_size': 8, 'num_heads': 4, 'num_sab_layers': 2, 'num_seeds': 1, 'num_inducing_points': 32, 'cnn_num_blocks': 2, 'cnn_kernel_size': 5}",
