number,value,state,params_batch_size,params_cnn_kernel_size,params_cnn_num_blocks,params_dropout,params_hidden_dim,params_lr,params_weight_decay,user_attrs_latest_running_objective,user_attrs_params,user_attrs_rows
28,0.06243343693869455,PRUNED,8,5,3,0.10237960029234712,96,0.00022258602040762095,4.679056804829412e-05,,"{'model_name': 'SkuTemporalCNN', 'hidden_dim': 96, 'dropout': 0.10237960029234712, 'lr': 0.00022258602040762095, 'weight_decay': 4.679056804829412e-05, 'batch_size': 8, 'num_heads': 4, 'num_sab_layers': 2, 'num_seeds': 1, 'num_inducing_points': 32, 'cnn_num_blocks': 3, 'cnn_kernel_size': 5}",
29,0.06761792160215832,PRUNED,8,5,2,0.05073458044276851,64,0.0004050335761245409,0.00015823988166036273,,"{'model_name': 'SkuTemporalCNN', 'hidden_dim': 64, 'dropout': 0.05073458044276851, 'lr': 0.0004050335761245409, 'weight_decay': 0.00015823988166036273, 'batch_size': 8, 'num_heads': 4, 'num_sab_layers': 2, 'num_seeds': 1, 'num_inducing_points': 32, 'cnn_num_blocks': 2, 'cnn_kernel_size': 5}",
