number,value,state,params_batch_size,params_cnn_kernel_size,params_cnn_num_blocks,params_dropout,params_hidden_dim,params_lr,params_weight_decay,user_attrs_latest_running_objective,user_attrs_params,user_attrs_rows
31,0.06813537361366408,PRUNED,16,5,3,0.07315815093983646,128,0.00023243138153694197,0.00010207286325932506,,"{'model_name': 'SkuTemporalCNN', 'hidden_dim': 128, 'dropout': 0.07315815093983646, 'lr': 0.00023243138153694197, 'weight_decay': 0.00010207286325932506, 'batch_size': 16, 'num_heads': 4, 'num_sab_layers': 2, 'num_seeds': 1, 'num_inducing_points': 32, 'cnn_num_blocks': 3, 'cnn_kernel_size': 5}",
32,0.06318640176739011,PRUNED,16,5,3,0.08015376273851219,128,0.00020144558926006736,5.5796589323100864e-05,,"{'model_name': 'SkuTemporalCNN', 'hidden_dim': 128, 'dropout': 0.08015376273851219, 'lr': 0.00020144558926006736, 'weight_decay': 5.5796589323100864e-05, 'batch_size': 16, 'num_heads': 4, 'num_sab_layers': 2, 'num_seeds': 1, 'num_inducing_points': 32, 'cnn_num_blocks': 3, 'cnn_kernel_size': 5}",
33,0.09729481449439412,PRUNED,8,5,3,0.06508668566004987,128,0.0002522077959802969,1.7130790359447757e-05,,"{'model_name': 'SkuTemporalCNN', 'hidden_dim': 128, 'dropout': 0.06508668566004987, 'lr': 0.0002522077959802969, 'weight_decay': 1.7130790359447757e-05, 'batch_size': 8, 'num_heads': 4, 'num_sab_layers': 2, 'num_seeds': 1, 'num_inducing_points': 32, 'cnn_num_blocks': 3, 'cnn_kernel_size': 5}",
34,0.06347920036032087,PRUNED,16,5,3,0.05518867687053999,128,0.00022280047690150987,0.00019395370140380308,,"{'model_name': 'SkuTemporalCNN', 'hidden_dim': 128, 'dropout': 0.05518867687053999, 'lr': 0.00022280047690150987, 'weight_decay': 0.00019395370140380308, 'batch_size': 16, 'num_heads': 4, 'num_sab_layers': 2, 'num_seeds': 1, 'num_inducing_points': 32, 'cnn_num_blocks': 3, 'cnn_kernel_size': 5}",
35,0.09420242816919372,PRUNED,8,5,3,0.04693707235973136,96,0.0002443917846193555,2.3228577740884273e-05,,"{'model_name': 'SkuTemporalCNN', 'hidden_dim': 96, 'dropout': 0.04693707235973136, 'lr': 0.0002443917846193555, 'weight_decay': 2.3228577740884273e-05, 'batch_size': 8, 'num_heads': 4, 'num_sab_layers': 2, 'num_seeds': 1, 'num_inducing_points': 32, 'cnn_num_blocks': 3, 'cnn_kernel_size': 5}",
36,0.06515018748385566,PRUNED,16,3,3,0.06959740171170926,128,0.0002764333753610498,7.098162767859007e-05,,"{'model_name': 'SkuTemporalCNN', 'hidden_dim': 128, 'dropout': 0.06959740171170926, 'lr': 0.0002764333753610498, 'weight_decay': 7.098162767859007e-05, 'batch_size': 16, 'num_heads': 4, 'num_sab_layers': 2, 'num_seeds': 1, 'num_inducing_points': 32, 'cnn_num_blocks': 3, 'cnn_kernel_size': 3}",
37,0.06953511823500906,PRUNED,8,5,3,0.08054545350001781,128,0.0002200193230984379,3.419902126547949e-05,,"{'model_name': 'SkuTemporalCNN', 'hidden_dim': 128, 'dropout': 0.08054545350001781, 'lr': 0.0002200193230984379, 'weight_decay': 3.419902126547949e-05, 'batch_size': 8, 'num_heads': 4, 'num_sab_layers': 2, 'num_seeds': 1, 'num_inducing_points': 32, 'cnn_num_blocks': 3, 'cnn_kernel_size': 5}",
38,0.06457388578426271,PRUNED,16,3,3,0.0607179541489182,96,0.00030534288480678107,5.984050256091125e-05,,"{'model_name': 'SkuTemporalCNN', 'hidden_dim': 96, 'dropout': 0.0607179541489182, 'lr': 0.00030534288480678107, 'weight_decay': 5.984050256091125e-05, 'batch_size': 16, 'num_heads': 4, 'num_sab_layers': 2, 'num_seeds': 1, 'num_inducing_points': 32, 'cnn_num_blocks': 3, 'cnn_kernel_size': 3}",
39,0.06449422985315323,PRUNED,8,5,2,0.026478088893288308,128,0.0002590258183019218,1.3770862929335849e-05,,"{'model_name': 'SkuTemporalCNN', 'hidden_dim': 128, 'dropout': 0.026478088893288308, 'lr': 0.0002590258183019218, 'weight_decay': 1.3770862929335849e-05, 'batch_size': 8, 'num_heads': 4, 'num_sab_layers': 2, 'num_seeds': 1, 'num_inducing_points': 32, 'cnn_num_blocks': 2, 'cnn_kernel_size': 5}",
