number,value,state,params_batch_size,params_cnn_kernel_size,params_cnn_num_blocks,params_dropout,params_hidden_dim,params_lr,params_weight_decay,user_attrs_latest_running_objective,user_attrs_params,user_attrs_rows
15,0.0715384787037259,PRUNED,8,5,2,0.04448717954283078,64,0.0002872220823785432,0.0002359825849354606,,"{'model_name': 'SkuTemporalCNN', 'hidden_dim': 64, 'dropout': 0.04448717954283078, 'lr': 0.0002872220823785432, 'weight_decay': 0.0002359825849354606, 'batch_size': 8, 'num_heads': 4, 'num_sab_layers': 2, 'num_seeds': 1, 'num_inducing_points': 32, 'cnn_num_blocks': 2, 'cnn_kernel_size': 5}",
16,0.06368467506198656,PRUNED,8,5,2,0.028004180746423225,128,0.0003744187350227793,2.203891576775165e-05,,"{'model_name': 'SkuTemporalCNN', 'hidden_dim': 128, 'dropout': 0.028004180746423225, 'lr': 0.0003744187350227793, 'weight_decay': 2.203891576775165e-05, 'batch_size': 8, 'num_heads': 4, 'num_sab_layers': 2, 'num_seeds': 1, 'num_inducing_points': 32, 'cnn_num_blocks': 2, 'cnn_kernel_size': 5}",
17,0.06902235796054204,PRUNED,8,5,2,0.05204762103541448,64,0.00025223415563174387,0.0004851594374858197,,"{'model_name': 'SkuTemporalCNN', 'hidden_dim': 64, 'dropout': 0.05204762103541448, 'lr': 0.00025223415563174387, 'weight_decay': 0.0004851594374858197, 'batch_size': 8, 'num_heads': 4, 'num_sab_layers': 2, 'num_seeds': 1, 'num_inducing_points': 32, 'cnn_num_blocks': 2, 'cnn_kernel_size': 5}",
18,0.07724987410363697,PRUNED,8,3,2,0.033122364968755355,128,0.0003151351417433931,4.495770020300611e-05,,"{'model_name': 'SkuTemporalCNN', 'hidden_dim': 128, 'dropout': 0.033122364968755355, 'lr': 0.0003151351417433931, 'weight_decay': 4.495770020300611e-05, 'batch_size': 8, 'num_heads': 4, 'num_sab_layers': 2, 'num_seeds': 1, 'num_inducing_points': 32, 'cnn_num_blocks': 2, 'cnn_kernel_size': 3}",
