number,value,state,params_batch_size,params_cnn_kernel_size,params_cnn_num_blocks,params_dropout,params_hidden_dim,params_lr,params_weight_decay,user_attrs_latest_running_objective,user_attrs_params,user_attrs_rows
20,0.0806039359420538,PRUNED,8,5,2,0.04733544895328113,64,0.0003505361295694511,8.920285248596386e-05,,"{'model_name': 'SkuTemporalCNN', 'hidden_dim': 64, 'dropout': 0.04733544895328113, 'lr': 0.0003505361295694511, 'weight_decay': 8.920285248596386e-05, 'batch_size': 8, 'num_heads': 4, 'num_sab_layers': 2, 'num_seeds': 1, 'num_inducing_points': 32, 'cnn_num_blocks': 2, 'cnn_kernel_size': 5}",
21,0.06659062958898998,PRUNED,16,5,3,0.06599330434709087,128,0.0002393472920964516,4.768586120510825e-05,,"{'model_name': 'SkuTemporalCNN', 'hidden_dim': 128, 'dropout': 0.06599330434709087, 'lr': 0.0002393472920964516, 'weight_decay': 4.768586120510825e-05, 'batch_size': 16, 'num_heads': 4, 'num_sab_layers': 2, 'num_seeds': 1, 'num_inducing_points': 32, 'cnn_num_blocks': 3, 'cnn_kernel_size': 5}",
