number,value,state,params_batch_size,params_cnn_kernel_size,params_cnn_num_blocks,params_dropout,params_hidden_dim,params_lr,params_weight_decay,user_attrs_latest_running_objective,user_attrs_params,user_attrs_rows
5,0.06980768390709445,PRUNED,16,5,3,0.09751328233611145,128,0.0007356389575148471,0.0003313483615508946,,"{'model_name': 'SkuTemporalCNN', 'hidden_dim': 128, 'dropout': 0.09751328233611145, 'lr': 0.0007356389575148471, 'weight_decay': 0.0003313483615508946, 'batch_size': 16, 'num_heads': 4, 'num_sab_layers': 2, 'num_seeds': 1, 'num_inducing_points': 32, 'cnn_num_blocks': 3, 'cnn_kernel_size': 5}",
6,0.06084548767123903,PRUNED,16,3,3,0.05567533266935892,128,0.00029523607577565034,8.356499023325515e-05,,"{'model_name': 'SkuTemporalCNN', 'hidden_dim': 128, 'dropout': 0.05567533266935892, 'lr': 0.00029523607577565034, 'weight_decay': 8.356499023325515e-05, 'batch_size': 16, 'num_heads': 4, 'num_sab_layers': 2, 'num_seeds': 1, 'num_inducing_points': 32, 'cnn_num_blocks': 3, 'cnn_kernel_size': 3}",
7,0.0627418044422354,PRUNED,8,3,2,0.09290071680409873,96,0.0005826141308619512,1.3359790328445548e-05,,"{'model_name': 'SkuTemporalCNN', 'hidden_dim': 96, 'dropout': 0.09290071680409873, 'lr': 0.0005826141308619512, 'weight_decay': 1.3359790328445548e-05, 'batch_size': 8, 'num_heads': 4, 'num_sab_layers': 2, 'num_seeds': 1, 'num_inducing_points': 32, 'cnn_num_blocks': 2, 'cnn_kernel_size': 3}",
8,0.07211319750973157,PRUNED,16,3,2,0.08375574713552131,128,0.0006842035004800211,6.342770438858346e-05,,"{'model_name': 'SkuTemporalCNN', 'hidden_dim': 128, 'dropout': 0.08375574713552131, 'lr': 0.0006842035004800211, 'weight_decay': 6.342770438858346e-05, 'batch_size': 16, 'num_heads': 4, 'num_sab_layers': 2, 'num_seeds': 1, 'num_inducing_points': 32, 'cnn_num_blocks': 2, 'cnn_kernel_size': 3}",
9,0.07302433067844027,PRUNED,16,5,2,0.030789142699330446,64,0.00020890664330896696,0.0001205708157338913,,"{'model_name': 'SkuTemporalCNN', 'hidden_dim': 64, 'dropout': 0.030789142699330446, 'lr': 0.00020890664330896696, 'weight_decay': 0.0001205708157338913, 'batch_size': 16, 'num_heads': 4, 'num_sab_layers': 2, 'num_seeds': 1, 'num_inducing_points': 32, 'cnn_num_blocks': 2, 'cnn_kernel_size': 5}",
10,0.07176736579054878,PRUNED,8,5,2,0.02059971829558173,64,0.00036299618778697947,3.2820043583457285e-05,,"{'model_name': 'SkuTemporalCNN', 'hidden_dim': 64, 'dropout': 0.02059971829558173, 'lr': 0.00036299618778697947, 'weight_decay': 3.2820043583457285e-05, 'batch_size': 8, 'num_heads': 4, 'num_sab_layers': 2, 'num_seeds': 1, 'num_inducing_points': 32, 'cnn_num_blocks': 2, 'cnn_kernel_size': 5}",
11,0.08995013290217944,PRUNED,8,5,3,0.11469618763901493,64,0.0003121213412347837,5.7314965211448196e-05,,"{'model_name': 'SkuTemporalCNN', 'hidden_dim': 64, 'dropout': 0.11469618763901493, 'lr': 0.0003121213412347837, 'weight_decay': 5.7314965211448196e-05, 'batch_size': 8, 'num_heads': 4, 'num_sab_layers': 2, 'num_seeds': 1, 'num_inducing_points': 32, 'cnn_num_blocks': 3, 'cnn_kernel_size': 5}",
