number,value,state,params_batch_size,params_cnn_kernel_size,params_cnn_num_blocks,params_dropout,params_hidden_dim,params_lr,params_weight_decay,user_attrs_latest_running_objective,user_attrs_params,user_attrs_rows
23,0.06410822701596078,PRUNED,16,5,3,0.060038592087705664,128,0.0002700852886699876,0.0001336899740535456,,"{'model_name': 'SkuTemporalCNN', 'hidden_dim': 128, 'dropout': 0.060038592087705664, 'lr': 0.0002700852886699876, 'weight_decay': 0.0001336899740535456, 'batch_size': 16, 'num_heads': 4, 'num_sab_layers': 2, 'num_seeds': 1, 'num_inducing_points': 32, 'cnn_num_blocks': 3, 'cnn_kernel_size': 5}",
