number,value,state,params_batch_size,params_cnn_kernel_size,params_cnn_num_blocks,params_dropout,params_hidden_dim,params_lr,params_weight_decay,user_attrs_latest_running_objective,user_attrs_params,user_attrs_rows
25,0.06957211726832957,PRUNED,8,5,2,0.07589477736050534,128,0.00021593970419299638,1.7979251787285708e-05,,"{'model_name': 'SkuTemporalCNN', 'hidden_dim': 128, 'dropout': 0.07589477736050534, 'lr': 0.00021593970419299638, 'weight_decay': 1.7979251787285708e-05, 'batch_size': 8, 'num_heads': 4, 'num_sab_layers': 2, 'num_seeds': 1, 'num_inducing_points': 32, 'cnn_num_blocks': 2, 'cnn_kernel_size': 5}",
26,0.07939215664352689,PRUNED,8,3,3,0.03706861781450315,128,0.00026170921147947266,3.324684218645714e-05,,"{'model_name': 'SkuTemporalCNN', 'hidden_dim': 128, 'dropout': 0.03706861781450315, 'lr': 0.00026170921147947266, 'weight_decay': 3.324684218645714e-05, 'batch_size': 8, 'num_heads': 4, 'num_sab_layers': 2, 'num_seeds': 1, 'num_inducing_points': 32, 'cnn_num_blocks': 3, 'cnn_kernel_size': 3}",
