number,value,state,params_batch_size,params_cnn_kernel_size,params_cnn_num_blocks,params_dropout,params_hidden_dim,params_lr,params_weight_decay,user_attrs_latest_running_objective,user_attrs_params,user_attrs_rows
6,0.05058042529438223,PRUNED,16,3,3,0.04854026613548715,128,0.00022142705683173797,6.333268775321844e-05,,"{'model_name': 'SkuTemporalCNN', 'hidden_dim': 128, 'dropout': 0.04854026613548715, 'lr': 0.00022142705683173797, 'weight_decay': 6.333268775321844e-05, 'batch_size': 16, 'num_heads': 4, 'num_sab_layers': 2, 'num_seeds': 1, 'num_inducing_points': 32, 'cnn_num_blocks': 3, 'cnn_kernel_size': 3}",
7,0.05886873939917201,PRUNED,8,3,2,0.07832057344327899,96,0.0004369605981464635,1.2863908101989915e-05,,"{'model_name': 'SkuTemporalCNN', 'hidden_dim': 96, 'dropout': 0.07832057344327899, 'lr': 0.0004369605981464635, 'weight_decay': 1.2863908101989915e-05, 'batch_size': 8, 'num_heads': 4, 'num_sab_layers': 2, 'num_seeds': 1, 'num_inducing_points': 32, 'cnn_num_blocks': 2, 'cnn_kernel_size': 3}",
8,0.061910447088025865,PRUNED,16,3,2,0.07100459770841705,128,0.0005131526253600154,4.9833191601257255e-05,,"{'model_name': 'SkuTemporalCNN', 'hidden_dim': 128, 'dropout': 0.07100459770841705, 'lr': 0.0005131526253600154, 'weight_decay': 4.9833191601257255e-05, 'batch_size': 16, 'num_heads': 4, 'num_sab_layers': 2, 'num_seeds': 1, 'num_inducing_points': 32, 'cnn_num_blocks': 2, 'cnn_kernel_size': 3}",
9,0.058929386646265076,PRUNED,16,5,2,0.028631314159464356,64,0.00015667998248172538,8.71074590049239e-05,,"{'model_name': 'SkuTemporalCNN', 'hidden_dim': 64, 'dropout': 0.028631314159464356, 'lr': 0.00015667998248172538, 'weight_decay': 8.71074590049239e-05, 'batch_size': 16, 'num_heads': 4, 'num_sab_layers': 2, 'num_seeds': 1, 'num_inducing_points': 32, 'cnn_num_blocks': 2, 'cnn_kernel_size': 5}",
10,0.07165977983247666,PRUNED,8,5,2,0.020479774636465373,64,0.00027224714084023464,0.0001568584218965908,,"{'model_name': 'SkuTemporalCNN', 'hidden_dim': 64, 'dropout': 0.020479774636465373, 'lr': 0.00027224714084023464, 'weight_decay': 0.0001568584218965908, 'batch_size': 8, 'num_heads': 4, 'num_sab_layers': 2, 'num_seeds': 1, 'num_inducing_points': 32, 'cnn_num_blocks': 2, 'cnn_kernel_size': 5}",
11,0.06250971197372392,PRUNED,8,5,3,0.09575695011121196,96,0.0002538842656688538,2.3172700995001054e-05,,"{'model_name': 'SkuTemporalCNN', 'hidden_dim': 96, 'dropout': 0.09575695011121196, 'lr': 0.0002538842656688538, 'weight_decay': 2.3172700995001054e-05, 'batch_size': 8, 'num_heads': 4, 'num_sab_layers': 2, 'num_seeds': 1, 'num_inducing_points': 32, 'cnn_num_blocks': 3, 'cnn_kernel_size': 5}",
12,0.050933605006762916,PRUNED,8,5,2,0.03920532665109228,64,0.0003320831348334853,2.3003354207922744e-05,,"{'model_name': 'SkuTemporalCNN', 'hidden_dim': 64, 'dropout': 0.03920532665109228, 'lr': 0.0003320831348334853, 'weight_decay': 2.3003354207922744e-05, 'batch_size': 8, 'num_heads': 4, 'num_sab_layers': 2, 'num_seeds': 1, 'num_inducing_points': 32, 'cnn_num_blocks': 2, 'cnn_kernel_size': 5}",
13,0.058099939816054845,PRUNED,16,5,3,0.06733869743822388,64,0.00017934313060573176,0.00011332120182404907,,"{'model_name': 'SkuTemporalCNN', 'hidden_dim': 64, 'dropout': 0.06733869743822388, 'lr': 0.00017934313060573176, 'weight_decay': 0.00011332120182404907, 'batch_size': 16, 'num_heads': 4, 'num_sab_layers': 2, 'num_seeds': 1, 'num_inducing_points': 32, 'cnn_num_blocks': 3, 'cnn_kernel_size': 5}",
14,0.05095397720024699,PRUNED,16,5,2,0.03402728320562933,96,0.0002232224356980125,3.3582634777717164e-05,,"{'model_name': 'SkuTemporalCNN', 'hidden_dim': 96, 'dropout': 0.03402728320562933, 'lr': 0.0002232224356980125, 'weight_decay': 3.3582634777717164e-05, 'batch_size': 16, 'num_heads': 4, 'num_sab_layers': 2, 'num_seeds': 1, 'num_inducing_points': 32, 'cnn_num_blocks': 2, 'cnn_kernel_size': 5}",
15,0.05326939789312227,PRUNED,8,5,3,0.09397708432209502,64,0.00015487337306419022,1.7818030810618394e-05,,"{'model_name': 'SkuTemporalCNN', 'hidden_dim': 64, 'dropout': 0.09397708432209502, 'lr': 0.00015487337306419022, 'weight_decay': 1.7818030810618394e-05, 'batch_size': 8, 'num_heads': 4, 'num_sab_layers': 2, 'num_seeds': 1, 'num_inducing_points': 32, 'cnn_num_blocks': 3, 'cnn_kernel_size': 5}",
16,0.06465224682220391,PRUNED,16,5,2,0.05199845595069719,96,0.0002887070673238374,3.703535401041805e-05,,"{'model_name': 'SkuTemporalCNN', 'hidden_dim': 96, 'dropout': 0.05199845595069719, 'lr': 0.0002887070673238374, 'weight_decay': 3.703535401041805e-05, 'batch_size': 16, 'num_heads': 4, 'num_sab_layers': 2, 'num_seeds': 1, 'num_inducing_points': 32, 'cnn_num_blocks': 2, 'cnn_kernel_size': 5}",
17,0.05094300992786884,PRUNED,8,5,3,0.06143797900899613,64,0.00019307352540342442,0.00027704408836115157,,"{'model_name': 'SkuTemporalCNN', 'hidden_dim': 64, 'dropout': 0.06143797900899613, 'lr': 0.00019307352540342442, 'weight_decay': 0.00027704408836115157, 'batch_size': 8, 'num_heads': 4, 'num_sab_layers': 2, 'num_seeds': 1, 'num_inducing_points': 32, 'cnn_num_blocks': 3, 'cnn_kernel_size': 5}",
18,0.05528601393813179,PRUNED,16,3,3,0.0839230950677296,96,0.00023962898776189837,0.00010920962351860887,,"{'model_name': 'SkuTemporalCNN', 'hidden_dim': 96, 'dropout': 0.0839230950677296, 'lr': 0.00023962898776189837, 'weight_decay': 0.00010920962351860887, 'batch_size': 16, 'num_heads': 4, 'num_sab_layers': 2, 'num_seeds': 1, 'num_inducing_points': 32, 'cnn_num_blocks': 3, 'cnn_kernel_size': 3}",
19,0.05271190692271505,PRUNED,8,5,2,0.02044371666885709,64,0.00038418336637184033,7.544164654400411e-05,,"{'model_name': 'SkuTemporalCNN', 'hidden_dim': 64, 'dropout': 0.02044371666885709, 'lr': 0.00038418336637184033, 'weight_decay': 7.544164654400411e-05, 'batch_size': 8, 'num_heads': 4, 'num_sab_layers': 2, 'num_seeds': 1, 'num_inducing_points': 32, 'cnn_num_blocks': 2, 'cnn_kernel_size': 5}",
