number,value,state,params_batch_size,params_cnn_kernel_size,params_cnn_num_blocks,params_dropout,params_hidden_dim,params_lr,params_weight_decay,user_attrs_latest_running_objective,user_attrs_params,user_attrs_rows
4,0.055163460402261645,PRUNED,16,5,3,0.0552121994991681,128,0.00017765015783064765,5.3881085778172374e-05,,"{'model_name': 'SkuTemporalCNN', 'hidden_dim': 128, 'dropout': 0.0552121994991681, 'lr': 0.00017765015783064765, 'weight_decay': 5.3881085778172374e-05, 'batch_size': 16, 'num_heads': 4, 'num_sab_layers': 2, 'num_seeds': 1, 'num_inducing_points': 32, 'cnn_num_blocks': 3, 'cnn_kernel_size': 5}",
