number,value,state,params_batch_size,params_cnn_kernel_size,params_cnn_num_blocks,params_dropout,params_hidden_dim,params_lr,params_weight_decay,user_attrs_latest_running_objective,user_attrs_params,user_attrs_rows
38,0.07161890942425955,PRUNED,8,5,3,0.05988217737610846,96,0.00022998059635327575,7.893584618439119e-06,,"{'model_name': 'DeepSets', 'hidden_dim': 96, 'dropout': 0.05988217737610846, 'lr': 0.00022998059635327575, 'weight_decay': 7.893584618439119e-06, 'batch_size': 8, 'num_heads': 4, 'num_sab_layers': 2, 'num_seeds': 1, 'num_inducing_points': 32, 'cnn_num_blocks': 3, 'cnn_kernel_size': 5}",
39,0.06515734837878318,PRUNED,8,5,3,0.07043678438278642,96,0.00018606779991573412,3.689785189928537e-05,,"{'model_name': 'DeepSets', 'hidden_dim': 96, 'dropout': 0.07043678438278642, 'lr': 0.00018606779991573412, 'weight_decay': 3.689785189928537e-05, 'batch_size': 8, 'num_heads': 4, 'num_sab_layers': 2, 'num_seeds': 1, 'num_inducing_points': 32, 'cnn_num_blocks': 3, 'cnn_kernel_size': 5}",
