number,value,state,params_batch_size,params_cnn_kernel_size,params_cnn_num_blocks,params_dropout,params_hidden_dim,params_lr,params_weight_decay,user_attrs_latest_running_objective,user_attrs_params,user_attrs_rows
9,0.0755513472926049,PRUNED,16,5,2,0.019710228429397403,64,0.00010518845058775395,1.874221098555571e-05,,"{'model_name': 'DeepSets', 'hidden_dim': 64, 'dropout': 0.019710228429397403, 'lr': 0.00010518845058775395, 'weight_decay': 1.874221098555571e-05, 'batch_size': 16, 'num_heads': 4, 'num_sab_layers': 2, 'num_seeds': 1, 'num_inducing_points': 32, 'cnn_num_blocks': 2, 'cnn_kernel_size': 5}",
10,0.06869683208919707,PRUNED,8,5,2,0.010539746466023556,64,0.00018102158027741145,4.051265077694369e-06,,"{'model_name': 'DeepSets', 'hidden_dim': 64, 'dropout': 0.010539746466023556, 'lr': 0.00018102158027741145, 'weight_decay': 4.051265077694369e-06, 'batch_size': 8, 'num_heads': 4, 'num_sab_layers': 2, 'num_seeds': 1, 'num_inducing_points': 32, 'cnn_num_blocks': 2, 'cnn_kernel_size': 5}",
11,0.0743407207940306,PRUNED,8,5,2,0.040131565860091284,64,0.00010088552898289816,2.844304553893592e-05,,"{'model_name': 'DeepSets', 'hidden_dim': 64, 'dropout': 0.040131565860091284, 'lr': 0.00010088552898289816, 'weight_decay': 2.844304553893592e-05, 'batch_size': 8, 'num_heads': 4, 'num_sab_layers': 2, 'num_seeds': 1, 'num_inducing_points': 32, 'cnn_num_blocks': 2, 'cnn_kernel_size': 5}",
12,0.0697874322888397,PRUNED,8,5,2,0.09420056884732823,128,0.0001755457446080951,4.490942793485988e-06,,"{'model_name': 'DeepSets', 'hidden_dim': 128, 'dropout': 0.09420056884732823, 'lr': 0.0001755457446080951, 'weight_decay': 4.490942793485988e-06, 'batch_size': 8, 'num_heads': 4, 'num_sab_layers': 2, 'num_seeds': 1, 'num_inducing_points': 32, 'cnn_num_blocks': 2, 'cnn_kernel_size': 5}",
13,0.07558433030332838,PRUNED,8,5,3,0.04083366550832495,64,0.00013849954652524944,6.226922248350616e-06,,"{'model_name': 'DeepSets', 'hidden_dim': 64, 'dropout': 0.04083366550832495, 'lr': 0.00013849954652524944, 'weight_decay': 6.226922248350616e-06, 'batch_size': 8, 'num_heads': 4, 'num_sab_layers': 2, 'num_seeds': 1, 'num_inducing_points': 32, 'cnn_num_blocks': 3, 'cnn_kernel_size': 5}",
