number,value,state,params_batch_size,params_cnn_kernel_size,params_cnn_num_blocks,params_dropout,params_hidden_dim,params_lr,params_weight_decay,user_attrs_latest_running_objective,user_attrs_params,user_attrs_rows
29,0.0643682436574073,PRUNED,8,3,2,0.026400541829443486,96,0.00013682428369597485,2.581162405132839e-05,,"{'model_name': 'DeepSets', 'hidden_dim': 96, 'dropout': 0.026400541829443486, 'lr': 0.00013682428369597485, 'weight_decay': 2.581162405132839e-05, 'batch_size': 8, 'num_heads': 4, 'num_sab_layers': 2, 'num_seeds': 1, 'num_inducing_points': 32, 'cnn_num_blocks': 2, 'cnn_kernel_size': 3}",
30,0.06473867098490398,PRUNED,8,5,2,0.04621600580058591,96,0.00024538154017941674,5.970585125773882e-06,,"{'model_name': 'DeepSets', 'hidden_dim': 96, 'dropout': 0.04621600580058591, 'lr': 0.00024538154017941674, 'weight_decay': 5.970585125773882e-06, 'batch_size': 8, 'num_heads': 4, 'num_sab_layers': 2, 'num_seeds': 1, 'num_inducing_points': 32, 'cnn_num_blocks': 2, 'cnn_kernel_size': 5}",
31,0.06949474158741178,PRUNED,8,5,2,0.023922888989653168,96,0.00017572191268314647,6.123935916016153e-05,,"{'model_name': 'DeepSets', 'hidden_dim': 96, 'dropout': 0.023922888989653168, 'lr': 0.00017572191268314647, 'weight_decay': 6.123935916016153e-05, 'batch_size': 8, 'num_heads': 4, 'num_sab_layers': 2, 'num_seeds': 1, 'num_inducing_points': 32, 'cnn_num_blocks': 2, 'cnn_kernel_size': 5}",
