number,value,state,params_batch_size,params_cnn_kernel_size,params_cnn_num_blocks,params_dropout,params_hidden_dim,params_lr,params_weight_decay,user_attrs_latest_running_objective,user_attrs_params,user_attrs_rows
17,0.06618910541846638,PRUNED,8,5,2,0.03046280062962859,64,0.00031169786812902623,2.1932608435924462e-05,,"{'model_name': 'DeepSets', 'hidden_dim': 64, 'dropout': 0.03046280062962859, 'lr': 0.00031169786812902623, 'weight_decay': 2.1932608435924462e-05, 'batch_size': 8, 'num_heads': 4, 'num_sab_layers': 2, 'num_seeds': 1, 'num_inducing_points': 32, 'cnn_num_blocks': 2, 'cnn_kernel_size': 5}",
