number,value,state,params_batch_size,params_cnn_kernel_size,params_cnn_num_blocks,params_dropout,params_hidden_dim,params_lr,params_weight_decay,user_attrs_latest_running_objective,user_attrs_params,user_attrs_rows
8,0.9194368483785956,COMPLETE,16,3,2,0.06738017242196918,128,0.0004169990777997925,8.798929749689028e-06,0.9194368483785956,"{'model_name': 'DeepSets', 'hidden_dim': 128, 'dropout': 0.06738017242196918, 'lr': 0.0004169990777997925, 'weight_decay': 8.798929749689028e-06, 'batch_size': 16, 'num_heads': 4, 'num_sab_layers': 2, 'num_seeds': 1, 'num_inducing_points': 32, 'cnn_num_blocks': 2, 'cnn_kernel_size': 3}","[{'stage': 'stage1', 'task': 'store_dept', 'fold': 0, 'model': 'DeepSets', 'train_samples': 1624, 'valid_samples': 210, 'eval_samples': 210, 'base_model': 'DeepSets', 'wrmsse': 0.9194368483785956, 'wape': 0.17217171239424023, 'series_rows': [{'task': 'store_dept', 'fold': -1, 'model': 'DeepSets', 'base_model': 'DeepSets', 'agg_id': 'CA_1__FOODS_1', 'origin_time': 1708, 'row_id': 0, 'revenue_28': 7111.1103515625, 'weight': 0.007041395032133488, 'metric': 'rmsse', 'metric_value': 0.8232609157732612}, {'task': 'store_dept', 'fold': -1, 'model': 'DeepSets', 'base_model': 'DeepSets', 'agg_id': 'CA_1__FOODS_2', 'origin_time': 1708, 'row_id': 1, 'revenue_28': 12721.8291015625, 'weight': 0.012597107878618483, 'metric': 'rmsse', 'metric_value': 0.9207143292422671}, {'task': 'store_dept', 'fold': -1, 'model': 'DeepSets', 'base_model': 'DeepSets', 'agg_id': 'CA_1__FOODS_3', 'origin_time': 1708, 'row_id': 2, 'revenue_28': 44294.05859375, 'weight': 0.04385981214122629, 'metric': 'rmsse', 'metric_value': 0.8638876595772182}, {'task': 'store_dept', 'fold': -1, 'model': 'DeepSets', 'base_model': 'DeepSets', 'agg_id': 'CA_1__HOBBIES_1', 'origin_time': 1708, 'row_id': 3, 'revenue_28': 21059.720703125, 'weight': 0.020853257143523294, 'metric': 'rmsse', 'metric_value': 0.6510966236611667}, {'task': 'store_dept', 'fold': -1, 'model': 'DeepSets', 'base_model': 'DeepSets', 'agg_id': 'CA_1__HOBBIES_2', 'origin_time': 1708, 'row_id': 4, 'revenue_28': 439.3800048828125, 'weight': 0.0004350724472895886, 'metric': 'rmsse', 'metric_value': 1.4149666970807775}, {'task': 'store_dept', 'fold': -1, 'model': 'DeepSets', 'base_model': 'DeepSets', 'agg_id': 'CA_1__HOUSEHOLD_1', 'origin_time': 1708, 'row_id': 5, 'revenue_28': 26988.580078125, 'weight': 0.02672399165408676, 'metric': 'rmsse', 'metric_value': 0.7904206350177595}, {'task': 'store_dept', 'fold': -1, 'model': 'DeepSets', 'base_model': 'DeepSets', 'agg_id': 'CA_1__HOUSEHOLD_2', 'origin_time': 1708, 'row_id': 6, 'revenue_28': 7026.640625, 'weight': 0.006957753422936386, 'metric': 'rmsse', 'metric_value': 1.0801977900330733}, {'task': 'store_dept', 'fold': -1, 'model': 'DeepSets', 'base_model': 'DeepSets', 'agg_id': 'CA_2__FOODS_1', 'origin_time': 1708, 'row_id': 7, 'revenue_28': 12955.16015625, 'weight': 0.012828151421482085, 'metric': 'rmsse', 'metric_value': 0.8840897922571914}, {'task': 'store_dept', 'fold': -1, 'model': 'DeepSets', 'base_model': 'DeepSets', 'agg_id': 'CA_2__FOODS_2', 'origin_time': 1708, 'row_id': 8, 'revenue_28': 11167.400390625, 'weight': 0.011057918348168293, 'metric': 'rmsse', 'metric_value': 1.853092227218096}, {'task': 'store_dept', 'fold': -1, 'model': 'DeepSets', 'base_model': 'DeepSets', 'agg_id': 'CA_2__FOODS_3', 'origin_time': 1708, 'row_id': 9, 'revenue_28': 41670.05078125, 'weight': 0.041261529360934864, 'metric': 'rmsse', 'metric_value': 1.0825607489461837}, {'task': 'store_dept', 'fold': -1, 'model': 'DeepSets', 'base_model': 'DeepSets', 'agg_id': 'CA_2__HOBBIES_1', 'origin_time': 1708, 'row_id': 10, 'revenue_28': 11074.1083984375, 'weight': 0.010965540964349103, 'metric': 'rmsse', 'metric_value': 1.0919383266522422}, {'task': 'store_dept', 'fold': -1, 'model': 'DeepSets', 'base_model': 'DeepSets', 'agg_id': 'CA_2__HOBBIES_2', 'origin_time': 1708, 'row_id': 11, 'revenue_28': 916.1300048828125, 'weight': 0.0009071485248084843, 'metric': 'rmsse', 'metric_value': 2.001807423863036}, {'task': 'store_dept', 'fold': -1, 'model': 'DeepSets', 'base_model': 'DeepSets', 'agg_id': 'CA_2__HOUSEHOLD_1', 'origin_time': 1708, 'row_id': 12, 'revenue_28': 26166.20703125, 'weight': 0.025909680920524068, 'metric': 'rmsse', 'metric_value': 0.8748326289597035}, {'task': 'store_dept', 'fold': -1, 'model': 'DeepSets', 'base_model': 'DeepSets', 'agg_id': 'CA_2__HOUSEHOLD_2', 'origin_time': 1708, 'row_id': 13, 'revenue_28': 13207.5908203125, 'weight': 0.013078107326539485, 'metric': 'rmsse', 'metric_value': 0.7062921017901898}, {'task': 'store_dept', 'fold': -1, 'model': 'DeepSets', 'base_model': 'DeepSets', 'agg_id': 'CA_3__FOODS_1', 'origin_time': 1708, 'row_id': 14, 'revenue_28': 10193.6298828125, 'weight': 0.010093694411657106, 'metric': 'rmsse', 'metric_value': 0.6891113678176016}, {'task': 'store_dept', 'fold': -1, 'model': 'DeepSets', 'base_model': 'DeepSets', 'agg_id': 'CA_3__FOODS_2', 'origin_time': 1708, 'row_id': 15, 'revenue_28': 22278.349609375, 'weight': 0.022059938955822492, 'metric': 'rmsse', 'metric_value': 0.9964122865402995}, {'task': 'store_dept', 'fold': -1, 'model': 'DeepSets', 'base_model': 'DeepSets', 'agg_id': 'CA_3__FOODS_3', 'origin_time': 1708, 'row_id': 16, 'revenue_28': 52818.9765625, 'weight': 0.052301154219585706, 'metric': 'rmsse', 'metric_value': 0.5169235087155968}, {'task': 'store_dept', 'fold': -1, 'model': 'DeepSets', 'base_model': 'DeepSets', 'agg_id': 'CA_3__HOBBIES_1', 'origin_time': 1708, 'row_id': 17, 'revenue_28': 18214.169921875, 'weight': 0.01803560333923734, 'metric': 'rmsse', 'metric_value': 0.5166754564462893}, {'task': 'store_dept', 'fold': -1, 'model': 'DeepSets', 'base_model': 'DeepSets', 'agg_id': 'CA_3__HOBBIES_2', 'origin_time': 1708, 'row_id': 18, 'revenue_28': 945.5299682617188, 'weight': 0.000936260259241863, 'metric': 'rmsse', 'metric_value': 1.1953296884805478}, {'task': 'store_dept', 'fold': -1, 'model': 'DeepSets', 'base_model': 'DeepSets', 'agg_id': 'CA_3__HOUSEHOLD_1', 'origin_time': 1708, 'row_id': 19, 'revenue_28': 46545.8671875, 'weight': 0.0460895446388893, 'metric': 'rmsse', 'metric_value': 0.7058296333565891}, {'task': 'store_dept', 'fold': -1, 'model': 'DeepSets', 'base_model': 'DeepSets', 'agg_id': 'CA_3__HOUSEHOLD_2', 'origin_time': 1708, 'row_id': 20, 'revenue_28': 12873.0908203125, 'weight': 0.012746886670157585, 'metric': 'rmsse', 'metric_value': 0.8286130486969603}, {'task': 'store_dept', 'fold': -1, 'model': 'DeepSets', 'base_model': 'DeepSets', 'agg_id': 'CA_4__FOODS_1', 'origin_time': 1708, 'row_id': 21, 'revenue_28': 3983.48974609375, 'weight': 0.003944436736597125, 'metric': 'rmsse', 'metric_value': 0.7327036329174017}, {'task': 'store_dept', 'fold': -1, 'model': 'DeepSets', 'base_model': 'DeepSets', 'agg_id': 'CA_4__FOODS_2', 'origin_time': 1708, 'row_id': 22, 'revenue_28': 12584.7412109375, 'weight': 0.012461363958992706, 'metric': 'rmsse', 'metric_value': 0.7800349632238917}, {'task': 'store_dept', 'fold': -1, 'model': 'DeepSets', 'base_model': 'DeepSets', 'agg_id': 'CA_4__FOODS_3', 'origin_time': 1708, 'row_id': 23, 'revenue_28': 24825.26171875, 'weight': 0.024581881857509175, 'metric': 'rmsse', 'metric_value': 0.5942719294760044}, {'task': 'store_dept', 'fold': -1, 'model': 'DeepSets', 'base_model': 'DeepSets', 'agg_id': 'CA_4__HOBBIES_1', 'origin_time': 1708, 'row_id': 24, 'revenue_28': 10612.8798828125, 'weight': 0.010508834202951909, 'metric': 'rmsse', 'metric_value': 0.8511010728483182}, {'task': 'store_dept', 'fold': -1, 'model': 'DeepSets', 'base_model': 'DeepSets', 'agg_id': 'CA_4__HOBBIES_2', 'origin_time': 1708, 'row_id': 25, 'revenue_28': 233.22000122070312, 'weight': 0.00023093357813365833, 'metric': 'rmsse', 'metric_value': 1.9430697715467014}, {'task': 'store_dept', 'fold': -1, 'model': 'DeepSets', 'base_model': 'DeepSets', 'agg_id': 'CA_4__HOUSEHOLD_1', 'origin_time': 1708, 'row_id': 26, 'revenue_28': 13579.8291015625, 'weight': 0.013446696288710173, 'metric': 'rmsse', 'metric_value': 0.9338103536990703}, {'task': 'store_dept', 'fold': -1, 'model': 'DeepSets', 'base_model': 'DeepSets', 'agg_id': 'CA_4__HOUSEHOLD_2', 'origin_time': 1708, 'row_id': 27, 'revenue_28': 4144.09033203125, 'weight': 0.004103462839704857, 'metric': 'rmsse', 'metric_value': 1.3358957889948866}, {'task': 'store_dept', 'fold': -1, 'model': 'DeepSets', 'base_model': 'DeepSets', 'agg_id': 'TX_1__FOODS_1', 'origin_time': 1708, 'row_id': 28, 'revenue_28': 4189.01025390625, 'weight': 0.004147942379340317, 'metric': 'rmsse', 'metric_value': 0.8346997314399971}, {'task': 'store_dept', 'fold': -1, 'model': 'DeepSets', 'base_model': 'DeepSets', 'agg_id': 'TX_1__FOODS_2', 'origin_time': 1708, 'row_id': 29, 'revenue_28': 11192.5390625, 'weight': 0.011082810567597311, 'metric': 'rmsse', 'metric_value': 0.7795270785040352}, {'task': 'store_dept', 'fold': -1, 'model': 'DeepSets', 'base_model': 'DeepSets', 'agg_id': 'TX_1__FOODS_3', 'origin_time': 1708, 'row_id': 30, 'revenue_28': 27069.3515625, 'weight': 0.026803971277619278, 'metric': 'rmsse', 'metric_value': 0.45352949280218946}, {'task': 'store_dept', 'fold': -1, 'model': 'DeepSets', 'base_model': 'DeepSets', 'agg_id': 'TX_1__HOBBIES_1', 'origin_time': 1708, 'row_id': 31, 'revenue_28': 9645.3798828125, 'weight': 0.009550819299963903, 'metric': 'rmsse', 'metric_value': 0.8547762790602134}, {'task': 'store_dept', 'fold': -1, 'model': 'DeepSets', 'base_model': 'DeepSets', 'agg_id': 'TX_1__HOBBIES_2', 'origin_time': 1708, 'row_id': 32, 'revenue_28': 477.2099914550781, 'weight': 0.0004725315593475386, 'metric': 'rmsse', 'metric_value': 1.7959874261894282}, {'task': 'store_dept', 'fold': -1, 'model': 'DeepSets', 'base_model': 'DeepSets', 'agg_id': 'TX_1__HOUSEHOLD_1', 'origin_time': 1708, 'row_id': 33, 'revenue_28': 30085.0390625, 'weight': 0.02979009382827007, 'metric': 'rmsse', 'metric_value': 0.553761019641888}, {'task': 'store_dept', 'fold': -1, 'model': 'DeepSets', 'base_model': 'DeepSets', 'agg_id': 'TX_1__HOUSEHOLD_2', 'origin_time': 1708, 'row_id': 34, 'revenue_28': 6240.64990234375, 'weight': 0.006179468331551373, 'metric': 'rmsse', 'metric_value': 1.6774358449000917}, {'task': 'store_dept', 'fold': -1, 'model': 'DeepSets', 'base_model': 'DeepSets', 'agg_id': 'TX_2__FOODS_1', 'origin_time': 1708, 'row_id': 35, 'revenue_28': 3445.150146484375, 'weight': 0.0034113748665254174, 'metric': 'rmsse', 'metric_value': 1.1405705717317067}, {'task': 'store_dept', 'fold': -1, 'model': 'DeepSets', 'base_model': 'DeepSets', 'agg_id': 'TX_2__FOODS_2', 'origin_time': 1708, 'row_id': 36, 'revenue_28': 12413.87890625, 'weight': 0.012292176740130173, 'metric': 'rmsse', 'metric_value': 0.6634943218960478}, {'task': 'store_dept', 'fold': -1, 'model': 'DeepSets', 'base_model': 'DeepSets', 'agg_id': 'TX_2__FOODS_3', 'origin_time': 1708, 'row_id': 37, 'revenue_28': 31364.44921875, 'weight': 0.03105696100834419, 'metric': 'rmsse', 'metric_value': 0.41518173284702486}, {'task': 'store_dept', 'fold': -1, 'model': 'DeepSets', 'base_model': 'DeepSets', 'agg_id': 'TX_2__HOBBIES_1', 'origin_time': 1708, 'row_id': 38, 'revenue_28': 16705.5, 'weight': 0.016541723991592896, 'metric': 'rmsse', 'metric_value': 0.8019585192718472}, {'task': 'store_dept', 'fold': -1, 'model': 'DeepSets', 'base_model': 'DeepSets', 'agg_id': 'TX_2__HOBBIES_2', 'origin_time': 1708, 'row_id': 39, 'revenue_28': 670.0299682617188, 'weight': 0.000663461183507294, 'metric': 'rmsse', 'metric_value': 0.9882536631837652}, {'task': 'store_dept', 'fold': -1, 'model': 'DeepSets', 'base_model': 'DeepSets', 'agg_id': 'TX_2__HOUSEHOLD_1', 'origin_time': 1708, 'row_id': 40, 'revenue_28': 24423.669921875, 'weight': 0.024184227153298342, 'metric': 'rmsse', 'metric_value': 0.6829868625654112}, {'task': 'store_dept', 'fold': -1, 'model': 'DeepSets', 'base_model': 'DeepSets', 'agg_id': 'TX_2__HOUSEHOLD_2', 'origin_time': 1708, 'row_id': 41, 'revenue_28': 6289.1396484375, 'weight': 0.006227482697856197, 'metric': 'rmsse', 'metric_value': 0.9268641041314193}, {'task': 'store_dept', 'fold': -1, 'model': 'DeepSets', 'base_model': 'DeepSets', 'agg_id': 'TX_3__FOODS_1', 'origin_time': 1708, 'row_id': 42, 'revenue_28': 5358.0498046875, 'weight': 0.005305520996219739, 'metric': 'rmsse', 'metric_value': 0.8315679976931232}, {'task': 'store_dept', 'fold': -1, 'model': 'DeepSets', 'base_model': 'DeepSets', 'agg_id': 'TX_3__FOODS_2', 'origin_time': 1708, 'row_id': 43, 'revenue_28': 14270.529296875, 'weight': 0.014130625054194514, 'metric': 'rmsse', 'metric_value': 0.9959169110052751}, {'task': 'store_dept', 'fold': -1, 'model': 'DeepSets', 'base_model': 'DeepSets', 'agg_id': 'TX_3__FOODS_3', 'origin_time': 1708, 'row_id': 44, 'revenue_28': 29420.66015625, 'weight': 0.029132228305357024, 'metric': 'rmsse', 'metric_value': 0.5909355027951966}, {'task': 'store_dept', 'fold': -1, 'model': 'DeepSets', 'base_model': 'DeepSets', 'agg_id': 'TX_3__HOBBIES_1', 'origin_time': 1708, 'row_id': 45, 'revenue_28': 9721.53125, 'weight': 0.009626224100634226, 'metric': 'rmsse', 'metric_value': 0.8342860617226984}, {'task': 'store_dept', 'fold': -1, 'model': 'DeepSets', 'base_model': 'DeepSets', 'agg_id': 'TX_3__HOBBIES_2', 'origin_time': 1708, 'row_id': 46, 'revenue_28': 800.739990234375, 'weight': 0.0007928897613054276, 'metric': 'rmsse', 'metric_value': 1.2905736976100257}, {'task': 'store_dept', 'fold': -1, 'model': 'DeepSets', 'base_model': 'DeepSets', 'agg_id': 'TX_3__HOUSEHOLD_1', 'origin_time': 1708, 'row_id': 47, 'revenue_28': 23441.619140625, 'weight': 0.02321180412081409, 'metric': 'rmsse', 'metric_value': 1.1470074845743095}, {'task': 'store_dept', 'fold': -1, 'model': 'DeepSets', 'base_model': 'DeepSets', 'agg_id': 'TX_3__HOUSEHOLD_2', 'origin_time': 1708, 'row_id': 48, 'revenue_28': 6088.66943359375, 'weight': 0.006028977836434471, 'metric': 'rmsse', 'metric_value': 0.8357046888587517}, {'task': 'store_dept', 'fold': -1, 'model': 'DeepSets', 'base_model': 'DeepSets', 'agg_id': 'WI_1__FOODS_1', 'origin_time': 1708, 'row_id': 49, 'revenue_28': 7281.46923828125, 'weight': 0.007210083768394995, 'metric': 'rmsse', 'metric_value': 0.8849568010644557}, {'task': 'store_dept', 'fold': -1, 'model': 'DeepSets', 'base_model': 'DeepSets', 'agg_id': 'WI_1__FOODS_2', 'origin_time': 1708, 'row_id': 50, 'revenue_28': 13905.640625, 'weight': 0.013769313647902267, 'metric': 'rmsse', 'metric_value': 1.262040983970657}, {'task': 'store_dept', 'fold': -1, 'model': 'DeepSets', 'base_model': 'DeepSets', 'agg_id': 'WI_1__FOODS_3', 'origin_time': 1708, 'row_id': 51, 'revenue_28': 29773.16015625, 'weight': 0.029481272494817773, 'metric': 'rmsse', 'metric_value': 0.6403415334987176}, {'task': 'store_dept', 'fold': -1, 'model': 'DeepSets', 'base_model': 'DeepSets', 'agg_id': 'WI_1__HOBBIES_1', 'origin_time': 1708, 'row_id': 52, 'revenue_28': 13423.689453125, 'weight': 0.01329208738932988, 'metric': 'rmsse', 'metric_value': 0.6982367351610121}, {'task': 'store_dept', 'fold': -1, 'model': 'DeepSets', 'base_model': 'DeepSets', 'agg_id': 'WI_1__HOBBIES_2', 'origin_time': 1708, 'row_id': 53, 'revenue_28': 750.1699829101562, 'weight': 0.0007428155280642761, 'metric': 'rmsse', 'metric_value': 1.472620894379451}, {'task': 'store_dept', 'fold': -1, 'model': 'DeepSets', 'base_model': 'DeepSets', 'agg_id': 'WI_1__HOUSEHOLD_1', 'origin_time': 1708, 'row_id': 54, 'revenue_28': 17234.98046875, 'weight': 0.017066013583224498, 'metric': 'rmsse', 'metric_value': 0.7569740855971778}, {'task': 'store_dept', 'fold': -1, 'model': 'DeepSets', 'base_model': 'DeepSets', 'agg_id': 'WI_1__HOUSEHOLD_2', 'origin_time': 1708, 'row_id': 55, 'revenue_28': 5092.84033203125, 'weight': 0.005042911562402398, 'metric': 'rmsse', 'metric_value': 1.1518938121812958}, {'task': 'store_dept', 'fold': -1, 'model': 'DeepSets', 'base_model': 'DeepSets', 'agg_id': 'WI_2__FOODS_1', 'origin_time': 1708, 'row_id': 56, 'revenue_28': 14753.08984375, 'weight': 0.014608454713626342, 'metric': 'rmsse', 'metric_value': 0.9638467350537161}, {'task': 'store_dept', 'fold': -1, 'model': 'DeepSets', 'base_model': 'DeepSets', 'agg_id': 'WI_2__FOODS_2', 'origin_time': 1708, 'row_id': 57, 'revenue_28': 21434.90234375, 'weight': 0.02122476060920416, 'metric': 'rmsse', 'metric_value': 1.027337149091333}, {'task': 'store_dept', 'fold': -1, 'model': 'DeepSets', 'base_model': 'DeepSets', 'agg_id': 'WI_2__FOODS_3', 'origin_time': 1708, 'row_id': 58, 'revenue_28': 32115.990234375, 'weight': 0.031801134127905424, 'metric': 'rmsse', 'metric_value': 1.0346818204959163}, {'task': 'store_dept', 'fold': -1, 'model': 'DeepSets', 'base_model': 'DeepSets', 'agg_id': 'WI_2__HOBBIES_1', 'origin_time': 1708, 'row_id': 59, 'revenue_28': 8587.08984375, 'weight': 0.008502904437839218, 'metric': 'rmsse', 'metric_value': 0.7767094759732204}, {'task': 'store_dept', 'fold': -1, 'model': 'DeepSets', 'base_model': 'DeepSets', 'agg_id': 'WI_2__HOBBIES_2', 'origin_time': 1708, 'row_id': 60, 'revenue_28': 541.4000244140625, 'weight': 0.0005360922913351337, 'metric': 'rmsse', 'metric_value': 1.8913094539514612}, {'task': 'store_dept', 'fold': -1, 'model': 'DeepSets', 'base_model': 'DeepSets', 'agg_id': 'WI_2__HOUSEHOLD_1', 'origin_time': 1708, 'row_id': 61, 'revenue_28': 25276.080078125, 'weight': 0.025028280520890935, 'metric': 'rmsse', 'metric_value': 0.9918949813770389}, {'task': 'store_dept', 'fold': -1, 'model': 'DeepSets', 'base_model': 'DeepSets', 'agg_id': 'WI_2__HOUSEHOLD_2', 'origin_time': 1708, 'row_id': 62, 'revenue_28': 4914.10986328125, 'weight': 0.004865933316737765, 'metric': 'rmsse', 'metric_value': 1.2311025133718114}, {'task': 'store_dept', 'fold': -1, 'model': 'DeepSets', 'base_model': 'DeepSets', 'agg_id': 'WI_3__FOODS_1', 'origin_time': 1708, 'row_id': 63, 'revenue_28': 3652.43017578125, 'weight': 0.0036166227809008144, 'metric': 'rmsse', 'metric_value': 0.8554090938874143}, {'task': 'store_dept', 'fold': -1, 'model': 'DeepSets', 'base_model': 'DeepSets', 'agg_id': 'WI_3__FOODS_2', 'origin_time': 1708, 'row_id': 64, 'revenue_28': 10954.2392578125, 'weight': 0.010846846986956737, 'metric': 'rmsse', 'metric_value': 1.1728149961181664}, {'task': 'store_dept', 'fold': -1, 'model': 'DeepSets', 'base_model': 'DeepSets', 'agg_id': 'WI_3__FOODS_3', 'origin_time': 1708, 'row_id': 65, 'revenue_28': 27691.771484375, 'weight': 0.027420289170201066, 'metric': 'rmsse', 'metric_value': 0.7306552990407605}, {'task': 'store_dept', 'fold': -1, 'model': 'DeepSets', 'base_model': 'DeepSets', 'agg_id': 'WI_3__HOBBIES_1', 'origin_time': 1708, 'row_id': 66, 'revenue_28': 7676.95947265625, 'weight': 0.0076016967281029735, 'metric': 'rmsse', 'metric_value': 0.5997249376064038}, {'task': 'store_dept', 'fold': -1, 'model': 'DeepSets', 'base_model': 'DeepSets', 'agg_id': 'WI_3__HOBBIES_2', 'origin_time': 1708, 'row_id': 67, 'revenue_28': 485.7900085449219, 'weight': 0.0004810274603707552, 'metric': 'rmsse', 'metric_value': 1.8693460911862723}, {'task': 'store_dept', 'fold': -1, 'model': 'DeepSets', 'base_model': 'DeepSets', 'agg_id': 'WI_3__HOUSEHOLD_1', 'origin_time': 1708, 'row_id': 68, 'revenue_28': 16515.919921875, 'weight': 0.01635400250306227, 'metric': 'rmsse', 'metric_value': 0.7898503243608078}, {'task': 'store_dept', 'fold': -1, 'model': 'DeepSets', 'base_model': 'DeepSets', 'agg_id': 'WI_3__HOUSEHOLD_2', 'origin_time': 1708, 'row_id': 69, 'revenue_28': 3895.169921875, 'weight': 0.003856982775014858, 'metric': 'rmsse', 'metric_value': 1.2649987555046}, {'task': 'store_dept', 'fold': -1, 'model': 'DeepSets', 'base_model': 'DeepSets', 'agg_id': 'CA_1__FOODS_1', 'origin_time': 1736, 'row_id': 70, 'revenue_28': 7118.5595703125, 'weight': 0.006837690557908772, 'metric': 'rmsse', 'metric_value': 1.4046252697618833}, {'task': 'store_dept', 'fold': -1, 'model': 'DeepSets', 'base_model': 'DeepSets', 'agg_id': 'CA_1__FOODS_2', 'origin_time': 1736, 'row_id': 71, 'revenue_28': 12784.310546875, 'weight': 0.012279894359569606, 'metric': 'rmsse', 'metric_value': 1.0186041404906299}, {'task': 'store_dept', 'fold': -1, 'model': 'DeepSets', 'base_model': 'DeepSets', 'agg_id': 'CA_1__FOODS_3', 'origin_time': 1736, 'row_id': 72, 'revenue_28': 45678.1171875, 'weight': 0.04387584700401796, 'metric': 'rmsse', 'metric_value': 0.4231325128366452}, {'task': 'store_dept', 'fold': -1, 'model': 'DeepSets', 'base_model': 'DeepSets', 'agg_id': 'CA_1__HOBBIES_1', 'origin_time': 1736, 'row_id': 73, 'revenue_28': 20039.98046875, 'weight': 0.01924928545984376, 'metric': 'rmsse', 'metric_value': 0.585395618645948}, {'task': 'store_dept', 'fold': -1, 'model': 'DeepSets', 'base_model': 'DeepSets', 'agg_id': 'CA_1__HOBBIES_2', 'origin_time': 1736, 'row_id': 74, 'revenue_28': 616.1000366210938, 'weight': 0.0005917912692197034, 'metric': 'rmsse', 'metric_value': 1.712295348477886}, {'task': 'store_dept', 'fold': -1, 'model': 'DeepSets', 'base_model': 'DeepSets', 'agg_id': 'CA_1__HOUSEHOLD_1', 'origin_time': 1736, 'row_id': 75, 'revenue_28': 25649.55078125, 'weight': 0.0246375252548256, 'metric': 'rmsse', 'metric_value': 0.9297589396266065}, {'task': 'store_dept', 'fold': -1, 'model': 'DeepSets', 'base_model': 'DeepSets', 'agg_id': 'CA_1__HOUSEHOLD_2', 'origin_time': 1736, 'row_id': 76, 'revenue_28': 7045.140625, 'weight': 0.00676716842148829, 'metric': 'rmsse', 'metric_value': 1.3923214755503162}, {'task': 'store_dept', 'fold': -1, 'model': 'DeepSets', 'base_model': 'DeepSets', 'agg_id': 'CA_2__FOODS_1', 'origin_time': 1736, 'row_id': 77, 'revenue_28': 12869.9697265625, 'weight': 0.01236217378118042, 'metric': 'rmsse', 'metric_value': 1.054186224496791}, {'task': 'store_dept', 'fold': -1, 'model': 'DeepSets', 'base_model': 'DeepSets', 'agg_id': 'CA_2__FOODS_2', 'origin_time': 1736, 'row_id': 78, 'revenue_28': 12125.8701171875, 'weight': 0.011647433274633856, 'metric': 'rmsse', 'metric_value': 1.5992869821343652}, {'task': 'store_dept', 'fold': -1, 'model': 'DeepSets', 'base_model': 'DeepSets', 'agg_id': 'CA_2__FOODS_3', 'origin_time': 1736, 'row_id': 79, 'revenue_28': 45202.94140625, 'weight': 0.04341941970005183, 'metric': 'rmsse', 'metric_value': 0.9773777882