number,value,state,params_batch_size,params_cnn_kernel_size,params_cnn_num_blocks,params_dropout,params_hidden_dim,params_lr,params_weight_decay,user_attrs_latest_running_objective,user_attrs_params,user_attrs_rows
25,0.07015367675395238,PRUNED,8,5,2,0.019697843740328246,64,0.00015989563195354279,2.94819400433228e-05,,"{'model_name': 'DeepSets', 'hidden_dim': 64, 'dropout': 0.019697843740328246, 'lr': 0.00015989563195354279, 'weight_decay': 2.94819400433228e-05, 'batch_size': 8, 'num_heads': 4, 'num_sab_layers': 2, 'num_seeds': 1, 'num_inducing_points': 32, 'cnn_num_blocks': 2, 'cnn_kernel_size': 5}",
26,0.0660074168372722,PRUNED,8,3,2,0.02304298103997953,128,0.00011902094553249024,1.4330357423264864e-05,,"{'model_name': 'DeepSets', 'hidden_dim': 128, 'dropout': 0.02304298103997953, 'lr': 0.00011902094553249024, 'weight_decay': 1.4330357423264864e-05, 'batch_size': 8, 'num_heads': 4, 'num_sab_layers': 2, 'num_seeds': 1, 'num_inducing_points': 32, 'cnn_num_blocks': 2, 'cnn_kernel_size': 3}",
27,0.06756763408581416,PRUNED,8,5,2,0.014870412672320518,128,0.00014583464407578542,7.413728447019863e-05,,"{'model_name': 'DeepSets', 'hidden_dim': 128, 'dropout': 0.014870412672320518, 'lr': 0.00014583464407578542, 'weight_decay': 7.413728447019863e-05, 'batch_size': 8, 'num_heads': 4, 'num_sab_layers': 2, 'num_seeds': 1, 'num_inducing_points': 32, 'cnn_num_blocks': 2, 'cnn_kernel_size': 5}",
