number,value,state,params_batch_size,params_cnn_kernel_size,params_cnn_num_blocks,params_dropout,params_hidden_dim,params_lr,params_weight_decay,user_attrs_latest_running_objective,user_attrs_params,user_attrs_rows
6,0.06414033327074278,PRUNED,16,3,3,0.04210779940242304,128,0.0001571682420165152,1.2172847081122448e-05,,"{'model_name': 'DeepSets', 'hidden_dim': 128, 'dropout': 0.04210779940242304, 'lr': 0.0001571682420165152, 'weight_decay': 1.2172847081122448e-05, 'batch_size': 16, 'num_heads': 4, 'num_sab_layers': 2, 'num_seeds': 1, 'num_inducing_points': 32, 'cnn_num_blocks': 3, 'cnn_kernel_size': 3}",
7,0.06687259964999698,PRUNED,8,3,2,0.07561064512368885,96,0.00034601492939961235,1.4063366777718187e-06,,"{'model_name': 'DeepSets', 'hidden_dim': 96, 'dropout': 0.07561064512368885, 'lr': 0.00034601492939961235, 'weight_decay': 1.4063366777718187e-06, 'batch_size': 8, 'num_heads': 4, 'num_sab_layers': 2, 'num_seeds': 1, 'num_inducing_points': 32, 'cnn_num_blocks': 2, 'cnn_kernel_size': 3}",
