number,value,state,params_batch_size,params_cnn_kernel_size,params_cnn_num_blocks,params_dropout,params_hidden_dim,params_lr,params_weight_decay,user_attrs_latest_running_objective,user_attrs_params,user_attrs_rows
19,0.06935788041778973,PRUNED,16,5,2,0.010651522742168566,64,0.00015325680430299245,1.6862134671793518e-05,,"{'model_name': 'DeepSets', 'hidden_dim': 64, 'dropout': 0.010651522742168566, 'lr': 0.00015325680430299245, 'weight_decay': 1.6862134671793518e-05, 'batch_size': 16, 'num_heads': 4, 'num_sab_layers': 2, 'num_seeds': 1, 'num_inducing_points': 32, 'cnn_num_blocks': 2, 'cnn_kernel_size': 5}",
20,0.08864509307202839,PRUNED,8,5,2,0.048109333283627924,128,0.00028424887259033524,2.8960600252607246e-06,,"{'model_name': 'DeepSets', 'hidden_dim': 128, 'dropout': 0.048109333283627924, 'lr': 0.00028424887259033524, 'weight_decay': 2.8960600252607246e-06, 'batch_size': 8, 'num_heads': 4, 'num_sab_layers': 2, 'num_seeds': 1, 'num_inducing_points': 32, 'cnn_num_blocks': 2, 'cnn_kernel_size': 5}",
