number,value,state,params_batch_size,params_cnn_kernel_size,params_cnn_num_blocks,params_dropout,params_hidden_dim,params_lr,params_weight_decay,user_attrs_latest_running_objective,user_attrs_params,user_attrs_rows
36,0.06700601620333535,PRUNED,8,3,3,0.03656356007403856,96,0.0001480935922259766,1.7077139126051628e-05,,"{'model_name': 'DeepSets', 'hidden_dim': 96, 'dropout': 0.03656356007403856, 'lr': 0.0001480935922259766, 'weight_decay': 1.7077139126051628e-05, 'batch_size': 8, 'num_heads': 4, 'num_sab_layers': 2, 'num_seeds': 1, 'num_inducing_points': 32, 'cnn_num_blocks': 3, 'cnn_kernel_size': 3}",
