number,value,state,params_batch_size,params_cnn_kernel_size,params_cnn_num_blocks,params_dropout,params_hidden_dim,params_lr,params_weight_decay,user_attrs_latest_running_objective,user_attrs_params,user_attrs_rows
15,0.06386520908701987,PRUNED,8,5,2,0.031240497842392426,64,0.00022820274715021864,9.548064198573355e-05,,"{'model_name': 'DeepSets', 'hidden_dim': 64, 'dropout': 0.031240497842392426, 'lr': 0.00022820274715021864, 'weight_decay': 9.548064198573355e-05, 'batch_size': 8, 'num_heads': 4, 'num_sab_layers': 2, 'num_seeds': 1, 'num_inducing_points': 32, 'cnn_num_blocks': 2, 'cnn_kernel_size': 5}",
