number,value,state,params_batch_size,params_cnn_kernel_size,params_cnn_num_blocks,params_dropout,params_hidden_dim,params_lr,params_weight_decay,user_attrs_latest_running_objective,user_attrs_params,user_attrs_rows
33,0.07658610145250956,PRUNED,8,5,2,0.023130694459026713,96,0.00012938118974969198,2.2305907643372703e-05,,"{'model_name': 'DeepSets', 'hidden_dim': 96, 'dropout': 0.023130694459026713, 'lr': 0.00012938118974969198, 'weight_decay': 2.2305907643372703e-05, 'batch_size': 8, 'num_heads': 4, 'num_sab_layers': 2, 'num_seeds': 1, 'num_inducing_points': 32, 'cnn_num_blocks': 2, 'cnn_kernel_size': 5}",
34,0.07579022997191974,PRUNED,8,5,3,0.05488310483964835,96,0.00011486045700044741,1.166202076784658e-05,,"{'model_name': 'DeepSets', 'hidden_dim': 96, 'dropout': 0.05488310483964835, 'lr': 0.00011486045700044741, 'weight_decay': 1.166202076784658e-05, 'batch_size': 8, 'num_heads': 4, 'num_sab_layers': 2, 'num_seeds': 1, 'num_inducing_points': 32, 'cnn_num_blocks': 3, 'cnn_kernel_size': 5}",
