[I 2026-04-25 13:28:22,308] Trial 36 finished with value: 0.9404520666788487 and parameters: {'hidden_dim': 160, 'dropout': 0.0710205331851152, 'lr': 0.0009186086281055406, 'weight_decay': 1.438208471622791e-06, 'batch_size': 64, 'cnn_num_blocks': 4, 'cnn_kernel_size': 3}. Best is trial 19 with value: 0.919549623261914.
Training samples: 1015 | Validation samples: 210
[I 2026-04-25 13:28:29,422] Trial 37 pruned. Pruned at stage=stage1, task=store_dept, fold=0, epoch=7
Training samples: 1015 | Validation samples: 210
[I 2026-04-25 13:28:34,641] Trial 38 pruned. Pruned at stage=stage1, task=store_dept, fold=0, epoch=4
Training samples: 1015 | Validation samples: 210
Early stopping at epoch 6
[I 2026-04-25 13:28:44,138] Trial 39 finished with value: 0.9514372442995683 and parameters: {'hidden_dim': 160, 'dropout': 0.04255858672722526, 'lr': 0.000755801466384615, 'weight_decay': 4.1860732260358044e-05, 'batch_size': 64, 'cnn_num_blocks': 3, 'cnn_kernel_size': 3}. Best is trial 19 with value: 0.919549623261914.
Training samples: 1015 | Validation samples: 210
[I 2026-04-25 13:28:53,111] Trial 40 pruned. Pruned at stage=stage1, task=store_dept, fold=0, epoch=4
Training samples: 1015 | Validation samples: 210
[I 2026-04-25 13:29:02,638] Trial 41 pruned. Pruned at stage=stage1, task=store_dept, fold=0, epoch=7
Training samples: 1015 | Validation samples: 210
Early stopping at epoch 8
[I 2026-04-25 13:29:11,920] Trial 42 finished with value: 0.9407304585143637 and parameters: {'hidden_dim': 96, 'dropout': 0.15178217027535515, 'lr': 0.00025187793321253266, 'weight_decay': 1.4031701757685804e-06, 'batch_size': 32, 'cnn_num_blocks': 3, 'cnn_kernel_size': 5}. Best is trial 19 with value: 0.919549623261914.
Training samples: 1015 | Validation samples: 210
[I 2026-04-25 13:29:21,205] Trial 43 finished with value: 0.9379601049793708 and parameters: {'hidden_dim': 96, 'dropout': 0.2320681867993078, 'lr': 0.0003074623573108354, 'weight_decay': 2.657435185106353e-06, 'batch_size': 32, 'cnn_num_blocks': 3, 'cnn_kernel_size': 5}. Best is trial 19 with value: 0.919549623261914.
Training samples: 1015 | Validation samples: 210
[I 2026-04-25 13:29:28,962] Trial 44 pruned. Pruned at stage=stage1, task=store_dept, fold=0, epoch=7
Training samples: 1015 | Validation samples: 210
Early stopping at epoch 6
[I 2026-04-25 13:29:41,061] Trial 45 finished with value: 0.9282758718944889 and parameters: {'hidden_dim': 96, 'dropout': 0.12644809867803886, 'lr': 0.0006991303463747705, 'weight_decay': 2.327708856724903e-06, 'batch_size': 16, 'cnn_num_blocks': 3, 'cnn_kernel_size': 5}. Best is trial 19 with value: 0.919549623261914.
Training samples: 1015 | Validation samples: 210
[I 2026-04-25 13:29:53,541] Trial 46 pruned. Pruned at stage=stage1, task=store_dept, fold=0, epoch=7
Training samples: 1015 | Validation samples: 210
[I 2026-04-25 13:30:09,635] Trial 47 finished with value: 0.9397140113083083 and parameters: {'hidden_dim': 128, 'dropout': 0.07925419113352505, 'lr': 0.0009839180221137545, 'weight_decay': 2.161343452555165e-06, 'batch_size': 16, 'cnn_num_blocks': 3, 'cnn_kernel_size': 5}. Best is trial 19 with value: 0.919549623261914.
Training samples: 1015 | Validation samples: 210
[I 2026-04-25 13:30:26,842] Trial 48 finished with value: 0.9122741454277611 and parameters: {'hidden_dim': 160, 'dropout': 0.022338396946090466, 'lr': 0.0013514549974187528, 'weight_decay': 1.0294124411665012e-06, 'batch_size': 16, 'cnn_num_blocks': 3, 'cnn_kernel_size': 3}. Best is trial 48 with value: 0.9122741454277611.
Training samples: 1015 | Validation samples: 210
[I 2026-04-25 13:30:38,877] Trial 49 pruned. Pruned at stage=stage1, task=store_dept, fold=0, epoch=6
Training samples: 1015 | Validation samples: 210
[I 2026-04-25 13:30:48,117] Trial 50 pruned. Pruned at stage=stage1, task=store_dept, fold=0, epoch=4
Training samples: 1015 | Validation samples: 210
[I 2026-04-25 13:31:06,056] Trial 51 finished with value: 0.9292894930432251 and parameters: {'hidden_dim': 160, 'dropout': 0.019510798073561486, 'lr': 0.0012385429510085348, 'weight_decay': 3.0347206618881024e-06, 'batch_size': 16, 'cnn_num_blocks': 3, 'cnn_kernel_size': 3}. Best is trial 48 with value: 0.9122741454277611.
Training samples: 1015 | Validation samples: 210
[I 2026-04-25 13:31:23,971] Trial 52 finished with value: 0.9255974353342066 and parameters: {'hidden_dim': 160, 'dropout': 0.05098186581234786, 'lr': 0.0005606500694593768, 'weight_decay': 1.007820901608471e-06, 'batch_size': 16, 'cnn_num_blocks': 3, 'cnn_kernel_size': 3}. Best is trial 48 with value: 0.9122741454277611.
Training samples: 1015 | Validation samples: 210
Early stopping at epoch 8
[I 2026-04-25 13:31:41,732] Trial 53 finished with value: 0.9273803180582755 and parameters: {'hidden_dim': 160, 'dropout': 0.036138909922185165, 'lr': 0.0005714084139887644, 'weight_decay': 1.2002930103263322e-06, 'batch_size': 16, 'cnn_num_blocks': 3, 'cnn_kernel_size': 3}. Best is trial 48 with value: 0.9122741454277611.
Training samples: 1015 | Validation samples: 210
Early stopping at epoch 7
[I 2026-04-25 13:31:57,394] Trial 54 finished with value: 0.9184819132877227 and parameters: {'hidden_dim': 160, 'dropout': 0.05837114671865981, 'lr': 0.0014518645724315299, 'weight_decay': 1.700309566926663e-06, 'batch_size': 16, 'cnn_num_blocks': 3, 'cnn_kernel_size': 3}. Best is trial 48 with value: 0.9122741454277611.
Training samples: 1015 | Validation samples: 210
[I 2026-04-25 13:32:15,193] Trial 55 finished with value: 0.9128684680881166 and parameters: {'hidden_dim': 160, 'dropout': 0.018718023502549624, 'lr': 0.001745867370020516, 'weight_decay': 1.8480938282884609e-06, 'batch_size': 16, 'cnn_num_blocks': 3, 'cnn_kernel_size': 3}. Best is trial 48 with value: 0.9122741454277611.
Training samples: 1015 | Validation samples: 210
Early stopping at epoch 6
[I 2026-04-25 13:32:28,692] Trial 56 finished with value: 0.9423582916888521 and parameters: {'hidden_dim': 160, 'dropout': 0.0017648552880163947, 'lr': 0.00210570359054155, 'weight_decay': 0.00017035588303278393, 'batch_size': 16, 'cnn_num_blocks': 3, 'cnn_kernel_size': 3}. Best is trial 48 with value: 0.9122741454277611.
Training samples: 1015 | Validation samples: 210
[I 2026-04-25 13:32:47,081] Trial 57 finished with value: 0.9458807842444893 and parameters: {'hidden_dim': 160, 'dropout': 0.019572598789387316, 'lr': 0.00153658647747905, 'weight_decay': 1.7790838980639623e-06, 'batch_size': 16, 'cnn_num_blocks': 4, 'cnn_kernel_size': 3}. Best is trial 48 with value: 0.9122741454277611.
Training samples: 1015 | Validation samples: 210
[I 2026-04-25 13:32:55,987] Trial 58 pruned. Pruned at stage=stage1, task=store_dept, fold=0, epoch=4
Training samples: 1015 | Validation samples: 210
[I 2026-04-25 13:33:14,154] Trial 59 finished with value: 0.9232685797011291 and parameters: {'hidden_dim': 64, 'dropout': 0.030708197853106252, 'lr': 0.0013702551213977206, 'weight_decay': 4.030793025746539e-06, 'batch_size': 16, 'cnn_num_blocks': 4, 'cnn_kernel_size': 3}. Best is trial 48 with value: 0.9122741454277611.
Training samples: 1015 | Validation samples: 210
[I 2026-04-25 13:33:20,642] Trial 60 pruned. Pruned at stage=stage1, task=store_dept, fold=0, epoch=4
Training samples: 1015 | Validation samples: 210
[I 2026-04-25 13:33:35,462] Trial 61 pruned. Pruned at stage=stage1, task=store_dept, fold=0, epoch=7
Training samples: 1015 | Validation samples: 210
[I 2026-04-25 13:33:53,430] Trial 62 finished with value: 0.9129930454476601 and parameters: {'hidden_dim': 160, 'dropout': 0.027253104339686005, 'lr': 0.0002212762869084367, 'weight_decay': 1.2408441289871888e-06, 'batch_size': 16, 'cnn_num_blocks': 3, 'cnn_kernel_size': 3}. Best is trial 48 with value: 0.9122741454277611.
Training samples: 1015 | Validation samples: 210
[I 2026-04-25 13:34:06,399] Trial 63 pruned. Pruned at stage=stage1, task=store_dept, fold=0, epoch=6
Training samples: 1015 | Validation samples: 210
[I 2026-04-25 13:34:23,029] Trial 64 finished with value: 0.8976331498698426 and parameters: {'hidden_dim': 160, 'dropout': 0.008832545464488084, 'lr': 0.001913341572880058, 'weight_decay': 3.170937618819265e-06, 'batch_size': 16, 'cnn_num_blocks': 2, 'cnn_kernel_size': 3}. Best is trial 64 with value: 0.8976331498698426.
Training samples: 1015 | Validation samples: 210
[I 2026-04-25 13:34:31,334] Trial 65 pruned. Pruned at stage=stage1, task=store_dept, fold=0, epoch=4
Training samples: 1015 | Validation samples: 210
[I 2026-04-25 13:34:48,321] Trial 66 finished with value: 0.9337855309009276 and parameters: {'hidden_dim': 160, 'dropout': 0.01878329575609434, 'lr': 0.001986948669974921, 'weight_decay': 1.179017965343917e-06, 'batch_size': 16, 'cnn_num_blocks': 2, 'cnn_kernel_size': 3}. Best is trial 64 with value: 0.8976331498698426.
Training samples: 1015 | Validation samples: 210
[I 2026-04-25 13:34:58,483] Trial 67 pruned. Pruned at stage=stage1, task=store_dept, fold=0, epoch=5
Training samples: 1015 | Validation samples: 210
[I 2026-04-25 13:35:06,643] Trial 68 pruned. Pruned at stage=stage1, task=store_dept, fold=0, epoch=4
Training samples: 1015 | Validation samples: 210
[I 2026-04-25 13:35:14,684] Trial 69 pruned. Pruned at stage=stage1, task=store_dept, fold=0, epoch=4
Training samples: 1015 | Validation samples: 210
[I 2026-04-25 13:35:32,640] Trial 70 finished with value: 0.9259878941713359 and parameters: {'hidden_dim': 160, 'dropout': 0.03662493085487962, 'lr': 0.0012648413175526984, 'weight_decay': 1.520251500784334e-06, 'batch_size': 16, 'cnn_num_blocks': 3, 'cnn_kernel_size': 3}. Best is trial 64 with value: 0.8976331498698426.
Training samples: 1015 | Validation samples: 210
[I 2026-04-25 13:35:46,897] Trial 71 finished with value: 0.946499373586492 and parameters: {'hidden_dim': 160, 'dropout': 0.2176206797998797, 'lr': 0.001564967548113015, 'weight_decay': 1.7520036906188081e-06, 'batch_size': 32, 'cnn_num_blocks': 4, 'cnn_kernel_size': 3}. Best is trial 64 with value: 0.8976331498698426.
Training samples: 1015 | Validation samples: 210
[I 2026-04-25 13:35:55,802] Trial 72 pruned. Pruned at stage=stage1, task=store_dept, fold=0, epoch=4
Training samples: 1015 | Validation samples: 210
[I 2026-04-25 13:36:02,759] Trial 73 pruned. Pruned at stage=stage1, task=store_dept, fold=0, epoch=4
Training samples: 1015 | Validation samples: 210
Early stopping at epoch 8
[I 2026-04-25 13:36:16,339] Trial 74 finished with value: 0.948728830857683 and parameters: {'hidden_dim': 160, 'dropout': 0.21232218153506682, 'lr': 0.0008442031533191256, 'weight_decay': 1.7712710282140402e-06, 'batch_size': 32, 'cnn_num_blocks': 4, 'cnn_kernel_size': 3}. Best is trial 64 with value: 0.8976331498698426.
Training samples: 1015 | Validation samples: 210
[I 2026-04-25 13:36:29,738] Trial 75 pruned. Pruned at stage=stage1, task=store_dept, fold=0, epoch=6
Training samples: 1015 | Validation samples: 210
[I 2026-04-25 13:36:36,496] Trial 76 pruned. Pruned at stage=stage1, task=store_dept, fold=0, epoch=4
Training samples: 1015 | Validation samples: 210
Early stopping at epoch 7
[I 2026-04-25 13:36:44,289] Trial 77 finished with value: 0.9352618585282553 and parameters: {'hidden_dim': 128, 'dropout': 0.013301212169100865, 'lr': 0.001141489083065948, 'weight_decay': 9.947170674261408e-05, 'batch_size': 32, 'cnn_num_blocks': 2, 'cnn_kernel_size': 3}. Best is trial 64 with value: 0.8976331498698426.
Training samples: 1015 | Validation samples: 210
Early stopping at epoch 7
[I 2026-04-25 13:36:59,817] Trial 78 finished with value: 0.9330982298710699 and parameters: {'hidden_dim': 160, 'dropout': 0.04669929196650672, 'lr': 0.0008266684167425305, 'weight_decay': 1.0066219288161499e-06, 'batch_size': 16, 'cnn_num_blocks': 4, 'cnn_kernel_size': 3}. Best is trial 64 with value: 0.8976331498698426.
Training samples: 1015 | Validation samples: 210
[I 2026-04-25 13:37:12,376] Trial 79 finished with value: 0.9369267394221197 and parameters: {'hidden_dim': 160, 'dropout': 0.03481267965942805, 'lr': 0.0018787180716181321, 'weight_decay': 0.0004893464844106012, 'batch_size': 32, 'cnn_num_blocks': 3, 'cnn_kernel_size': 3}. Best is trial 64 with value: 0.8976331498698426.
Training samples: 1015 | Validation samples: 210
[I 2026-04-25 13:37:22,320] Trial 80 pruned. Pruned at stage=stage1, task=store_dept, fold=0, epoch=5
Training samples: 1015 | Validation samples: 210
[I 2026-04-25 13:37:33,717] Trial 81 pruned. Pruned at stage=stage1, task=store_dept, fold=0, epoch=6
Training samples: 1015 | Validation samples: 210
[I 2026-04-25 13:37:46,303] Trial 82 pruned. Pruned at stage=stage1, task=store_dept, fold=0, epoch=6
Training samples: 1015 | Validation samples: 210
Early stopping at epoch 7
[I 2026-04-25 13:38:02,208] Trial 83 finished with value: 0.9416246881438295 and parameters: {'hidden_dim': 160, 'dropout': 0.04121174180300432, 'lr': 0.0002025824301127288, 'weight_decay': 1.4144852860329565e-06, 'batch_size': 16, 'cnn_num_blocks': 3, 'cnn_kernel_size': 3}. Best is trial 64 with value: 0.8976331498698426.
Training samples: 1015 | Validation samples: 210
[I 2026-04-25 13:38:09,221] Trial 84 pruned. Pruned at stage=stage1, task=store_dept, fold=0, epoch=5
Training samples: 1015 | Validation samples: 210
[I 2026-04-25 13:38:18,079] Trial 85 pruned. Pruned at stage=stage1, task=store_dept, fold=0, epoch=4
Training samples: 1015 | Validation samples: 210
[I 2026-04-25 13:38:26,267] Trial 86 pruned. Pruned at stage=stage1, task=store_dept, fold=0, epoch=6
Training samples: 1015 | Validation samples: 210
[I 2026-04-25 13:38:39,829] Trial 87 pruned. Pruned at stage=stage1, task=store_dept, fold=0, epoch=6
Training samples: 1015 | Validation samples: 210
[I 2026-04-25 13:38:50,843] Trial 88 finished with value: 0.9446716791838984 and parameters: {'hidden_dim': 160, 'dropout': 0.23275422201249296, 'lr': 0.0023624974577300404, 'weight_decay': 2.023506730971007e-06, 'batch_size': 64, 'cnn_num_blocks': 2, 'cnn_kernel_size': 3}. Best is trial 64 with value: 0.8976331498698426.
Training samples: 1015 | Validation samples: 210
Early stopping at epoch 5
[I 2026-04-25 13:39:02,167] Trial 89 finished with value: 0.9362362607575978 and parameters: {'hidden_dim': 160, 'dropout': 0.0048684890032506985, 'lr': 0.0021941232697651196, 'weight_decay': 2.9129144556072414e-06, 'batch_size': 16, 'cnn_num_blocks': 3, 'cnn_kernel_size': 3}. Best is trial 64 with value: 0.8976331498698426.
Training samples: 1015 | Validation samples: 210
[I 2026-04-25 13:39:08,234] Trial 90 pruned. Pruned at stage=stage1, task=store_dept, fold=0, epoch=4
Training samples: 1015 | Validation samples: 210
[I 2026-04-25 13:39:26,245] Trial 91 finished with value: 0.9310023342895314 and parameters: {'hidden_dim': 64, 'dropout': 0.032761994087480574, 'lr': 0.0014320270508112417, 'weight_decay': 1.5193879514904001e-06, 'batch_size': 16, 'cnn_num_blocks': 4, 'cnn_kernel_size': 3}. Best is trial 64 with value: 0.8976331498698426.
Training samples: 1015 | Validation samples: 210
[I 2026-04-25 13:39:37,431] Trial 92 pruned. Pruned at stage=stage1, task=store_dept, fold=0, epoch=5
Training samples: 1015 | Validation samples: 210
[I 2026-04-25 13:39:55,259] Trial 93 pruned. Pruned at stage=stage1, task=store_dept, fold=0, epoch=8
Training samples: 1015 | Validation samples: 210
[I 2026-04-25 13:40:04,436] Trial 94 pruned. Pruned at stage=stage1, task=store_dept, fold=0, epoch=4
Training samples: 1015 | Validation samples: 210
[I 2026-04-25 13:40:22,484] Trial 95 finished with value: 0.9373659207037068 and parameters: {'hidden_dim': 64, 'dropout': 0.1995831538222091, 'lr': 0.0019004287609889882, 'weight_decay': 1.2780172675225396e-06, 'batch_size': 16, 'cnn_num_blocks': 4, 'cnn_kernel_size': 3}. Best is trial 64 with value: 0.8976331498698426.
Training samples: 2436 | Validation samples: 210
Early stopping at epoch 16
Training samples: 1044 | Validation samples: 90
Early stopping at epoch 16
Training samples: 731 | Validation samples: 63
Training samples: 2436 | Validation samples: 210
Early stopping at epoch 7
Training samples: 1044 | Validation samples: 90
Early stopping at epoch 16
Training samples: 731 | Validation samples: 63
Training samples: 2436 | Validation samples: 210
Training samples: 1044 | Validation samples: 90
Training samples: 731 | Validation samples: 63
Early stopping at epoch 15
Training samples: 2436 | Validation samples: 210
Training samples: 1044 | Validation samples: 90
Training samples: 731 | Validation samples: 63
Training samples: 2436 | Validation samples: 210
Training samples: 1044 | Validation samples: 90
Early stopping at epoch 11
Training samples: 731 | Validation samples: 63
Training samples: 2436 | Validation samples: 210
Early stopping at epoch 14
Training samples: 1044 | Validation samples: 90
Training samples: 731 | Validation samples: 63
Training samples: 2436 | Validation samples: 210
Early stopping at epoch 10
Training samples: 1044 | Validation samples: 90
Early stopping at epoch 8
Training samples: 731 | Validation samples: 63
Early stopping at epoch 13
Training samples: 2436 | Validation samples: 210
Early stopping at epoch 12
Training samples: 1044 | Validation samples: 90
Early stopping at epoch 12
Training samples: 731 | Validation samples: 63
Early stopping at epoch 11
Training samples: 4060 | Validation samples: 210
Early stopping at epoch 19
Training samples: 1740 | Validation samples: 90
Early stopping at epoch 22
Training samples: 1218 | Validation samples: 63
Early stopping at epoch 21
Multistage tuning summary:
{'stage1_trials_csv': '/root/autodl-tmp/m5/work/holdout/01_tuning/M3_FullSkuTemporalCNN/stage1_trials.csv', 'stage2_confirmation_csv': '/root/autodl-tmp/m5/work/holdout/01_tuning/M3_FullSkuTemporalCNN/stage2_confirmation.csv', 'best_params_json': '/root/autodl-tmp/m5/work/holdout/01_tuning/M3_FullSkuTemporalCNN/best_params.json', 'best_params': {'model_name': 'SkuTemporalCNN', 'hidden_dim': 160, 'dropout': 0.018718023502549624, 'lr': 0.001745867370020516, 'weight_decay': 1.8480938282884609e-06, 'batch_size': 16, 'cnn_num_blocks': 3, 'cnn_kernel_size': 3, 'recent_window': 14, 'lag_windows': [7, 14, 28, 56], 'stat_windows': [7, 28, 56], 'epochs': 24, 'patience': 6, 'use_permreg': False, 'stage1_objective': 0.9128684680881166, 'stage2_objective': 0.8624739370110478, 'trial_number': 55}, 'final_retrain_results_csv': '/root/autodl-tmp/m5/work/holdout/01_tuning/M3_FullSkuTemporalCNN/final_retrain_results.csv', 'final_mean_metric': 0.7962714296323018}

$ /root/miniconda3/bin/python /root/autodl-tmp/m5/scripts/tune_m5_proposed_models.py --data-dir /root/autodl-tmp/m5/data --output-dir /root/autodl-tmp/m5/work/holdout/01_tuning/DeepSets --mode holdout --tasks store_dept,store_cat,state_dept --model-name DeepSets --recent-window 14 --lag-windows 7,14,28,56 --stat-windows 7,28,56 --stage1-n-trials 96 --stage1-train-frac 0.25 --stage1-epochs 8 --stage2-top-k 8 --stage2-train-frac 0.6 --stage2-epochs 16 --final-epochs 24 --final-patience 6 --t-hist 56 --horizon 28 --valid-size 4 --test-size 4 --internal-valid-size 3 --gap 0 --min-train-origins 20 --min-final-train-origins 20 --sku-universe-mode history --store-sku-sample-frac 0.1 --store-sku-sample-seed 42 --cache-dir /root/autodl-tmp/m5/cache
Using cache directory: /root/autodl-tmp/m5/cache
Building/loading cached experiment artifacts...
[M5-PREP] Loading cached task package for task=store_dept...
[M5-PREP] Loaded cached task package for task=store_dept | stage 00:00 | total 00:00
[M5-PREP] Loading cached samples: task=store_dept split=final_train_samples...
[M5-PREP] Loaded cached samples: task=store_dept split=final_train_samples n=4060 | stage 00:01 | total 00:01
[M5-PREP] Loading cached samples: task=store_dept split=internal_valid_samples...
[M5-PREP] Loaded cached samples: task=store_dept split=internal_valid_samples n=210 | stage 00:00 | total 00:00
[M5-PREP] Loading cached samples: task=store_dept split=test_samples...
[M5-PREP] Loaded cached samples: task=store_dept split=test_samples n=280 | stage 00:00 | total 00:00
[M5-PREP] Loading cached task package for task=store_cat...
[M5-PREP] Loaded cached task package for task=store_cat | stage 00:00 | total 00:00
[M5-PREP] Loading cached samples: task=store_cat split=final_train_samples...
[M5-PREP] Loaded cached samples: task=store_cat split=final_train_samples n=1740 | stage 00:00 | total 00:00
[M5-PREP] Loading cached samples: task=store_cat split=internal_valid_samples...
[M5-PREP] Loaded cached samples: task=store_cat split=internal_valid_samples n=90 | stage 00:00 | total 00:00
[M5-PREP] Loading cached samples: task=store_cat split=test_samples...
[M5-PREP] Loaded cached samples: task=store_cat split=test_samples n=120 | stage 00:00 | total 00:00
[M5-PREP] Loading cached task package for task=state_dept...
[M5-PREP] Loaded cached task package for task=state_dept | stage 00:00 | total 00:00
[M5-PREP] Loading cached samples: task=state_dept split=final_train_samples...
[M5-PREP] Loaded cached samples: task=state_dept split=final_train_samples n=1218 | stage 00:00 | total 00:00
[M5-PREP] Loading cached samples: task=state_dept split=internal_valid_samples...
[M5-PREP] Loaded cached samples: task=state_dept split=internal_valid_samples n=63 | stage 00:00 | total 00:00
[M5-PREP] Loading cached samples: task=state_dept split=test_samples...
[M5-PREP] Loaded cached samples: task=state_dept split=test_samples n=84 | stage 00:00 | total 00:00
[I 2026-04-25 14:05:34,592] A new study created in memory with name: m5_multistage_tuning
Training samples: 1015 | Validation samples: 210
[I 2026-04-25 14:05:52,632] Trial 0 finished with value: 0.9235898400683137 and parameters: {'hidden_dim': 96, 'dropout': 0.03900466011060913, 'lr': 0.0003051362379613694, 'weight_decay': 1.4347159517201402e-06, 'batch_size': 16, 'cnn_num_blocks': 3, 'cnn_kernel_size': 3}. Best is trial 0 with value: 0.9235898400683137.
Training samples: 1015 | Validation samples: 210
