[I 2026-04-25 15:05:12,444] Trial 95 pruned. Pruned at stage=stage1, task=store_dept, fold=0, epoch=4
Training samples: 2436 | Validation samples: 210
Training samples: 1044 | Validation samples: 90
Training samples: 731 | Validation samples: 63
Training samples: 2436 | Validation samples: 210
Training samples: 1044 | Validation samples: 90
Training samples: 731 | Validation samples: 63
Training samples: 2436 | Validation samples: 210
Early stopping at epoch 10
Training samples: 1044 | Validation samples: 90
Training samples: 731 | Validation samples: 63
Early stopping at epoch 9
Training samples: 2436 | Validation samples: 210
Training samples: 1044 | Validation samples: 90
Training samples: 731 | Validation samples: 63
Training samples: 2436 | Validation samples: 210
Training samples: 1044 | Validation samples: 90
Training samples: 731 | Validation samples: 63
Training samples: 2436 | Validation samples: 210
Training samples: 1044 | Validation samples: 90
Training samples: 731 | Validation samples: 63
Training samples: 2436 | Validation samples: 210
Early stopping at epoch 9
Training samples: 1044 | Validation samples: 90
Training samples: 731 | Validation samples: 63
Training samples: 2436 | Validation samples: 210
Training samples: 1044 | Validation samples: 90
Training samples: 731 | Validation samples: 63
Training samples: 4060 | Validation samples: 210
Early stopping at epoch 8
Training samples: 1740 | Validation samples: 90
Training samples: 1218 | Validation samples: 63
Multistage tuning summary:
{'stage1_trials_csv': '/root/autodl-tmp/m5/work/holdout/01_tuning/SetTransformer/stage1_trials.csv', 'stage2_confirmation_csv': '/root/autodl-tmp/m5/work/holdout/01_tuning/SetTransformer/stage2_confirmation.csv', 'best_params_json': '/root/autodl-tmp/m5/work/holdout/01_tuning/SetTransformer/best_params.json', 'best_params': {'model_name': 'SetTransformer', 'hidden_dim': 96, 'dropout': 0.03900466011060913, 'lr': 0.0003051362379613694, 'weight_decay': 1.4347159517201402e-06, 'batch_size': 16, 'cnn_num_blocks': 3, 'cnn_kernel_size': 3, 'recent_window': 14, 'lag_windows': [7, 14, 28, 56], 'stat_windows': [7, 28, 56], 'epochs': 24, 'patience': 6, 'use_permreg': False, 'stage1_objective': 0.9233754848790211, 'stage2_objective': 0.8899626831715278, 'trial_number': 0}, 'final_retrain_results_csv': '/root/autodl-tmp/m5/work/holdout/01_tuning/SetTransformer/final_retrain_results.csv', 'final_mean_metric': 0.7984778131605793}

$ /root/miniconda3/bin/python /root/autodl-tmp/m5/scripts/run_m5_ablation.py --data-dir /root/autodl-tmp/m5/data --output-dir /root/autodl-tmp/m5/work/holdout/02_ablation --mode holdout --tasks store_dept,store_cat,state_dept --recent-window 14 --lag-windows 7,14,28,56 --stat-windows 7,28,56 --params-json /root/autodl-tmp/m5/work/holdout/01_tuning/M3_FullSkuTemporalCNN/best_params.json --quantiles 0.005,0.025,0.165,0.25,0.5,0.75,0.835,0.975,0.995 --epochs 24 --patience 6 --t-hist 56 --horizon 28 --valid-size 4 --test-size 4 --internal-valid-size 3 --gap 0 --min-train-origins 20 --min-final-train-origins 20 --sku-universe-mode history --store-sku-sample-frac 0.1 --store-sku-sample-seed 42 --cache-dir /root/autodl-tmp/m5/cache
Using cache directory: /root/autodl-tmp/m5/cache
Building/loading cached experiment artifacts...
[M5-PREP] Loading cached task package for task=store_dept...
[M5-PREP] Loaded cached task package for task=store_dept | stage 00:00 | total 00:00
[M5-PREP] Loading cached samples: task=store_dept split=final_train_samples...
[M5-PREP] Loaded cached samples: task=store_dept split=final_train_samples n=4060 | stage 00:01 | total 00:01
[M5-PREP] Loading cached samples: task=store_dept split=internal_valid_samples...
[M5-PREP] Loaded cached samples: task=store_dept split=internal_valid_samples n=210 | stage 00:00 | total 00:00
[M5-PREP] Loading cached samples: task=store_dept split=test_samples...
[M5-PREP] Loaded cached samples: task=store_dept split=test_samples n=280 | stage 00:00 | total 00:00
[M5-PREP] Loading cached task package for task=store_cat...
[M5-PREP] Loaded cached task package for task=store_cat | stage 00:00 | total 00:00
[M5-PREP] Loading cached samples: task=store_cat split=final_train_samples...
[M5-PREP] Loaded cached samples: task=store_cat split=final_train_samples n=1740 | stage 00:00 | total 00:00
[M5-PREP] Loading cached samples: task=store_cat split=internal_valid_samples...
[M5-PREP] Loaded cached samples: task=store_cat split=internal_valid_samples n=90 | stage 00:00 | total 00:00
[M5-PREP] Loading cached samples: task=store_cat split=test_samples...
[M5-PREP] Loaded cached samples: task=store_cat split=test_samples n=120 | stage 00:00 | total 00:00
[M5-PREP] Loading cached task package for task=state_dept...
[M5-PREP] Loaded cached task package for task=state_dept | stage 00:00 | total 00:00
[M5-PREP] Loading cached samples: task=state_dept split=final_train_samples...
[M5-PREP] Loaded cached samples: task=state_dept split=final_train_samples n=1218 | stage 00:00 | total 00:00
[M5-PREP] Loading cached samples: task=state_dept split=internal_valid_samples...
[M5-PREP] Loaded cached samples: task=state_dept split=internal_valid_samples n=63 | stage 00:00 | total 00:00
[M5-PREP] Loading cached samples: task=state_dept split=test_samples...
[M5-PREP] Loaded cached samples: task=state_dept split=test_samples n=84 | stage 00:00 | total 00:00

=== Ablation task: store_dept ===
[Ablation] Task=store_dept Holdout Model=M0_AggHistOnly Metric=point
Training samples: 4060 | Validation samples: 210
[Epoch 001] train=0.132535 valid=0.097896 lr=0.00174587 time=4.2s
[Epoch 002] train=0.113541 valid=0.093024 lr=0.00174587 time=3.9s
[Epoch 003] train=0.111114 valid=0.100945 lr=0.00174587 time=4.0s
[Epoch 004] train=0.109120 valid=0.092926 lr=0.00174587 time=4.0s
[Epoch 005] train=0.111448 valid=0.108017 lr=0.00174587 time=3.9s
[Epoch 006] train=0.112734 valid=0.148032 lr=0.00174587 time=3.7s
[Epoch 007] train=0.112256 valid=0.109198 lr=0.000872934 time=3.8s
[Epoch 008] train=0.093362 valid=0.099461 lr=0.000872934 time=2.6s
[Epoch 009] train=0.097571 valid=0.121231 lr=0.000872934 time=3.5s
[Epoch 010] train=0.096276 valid=0.091253 lr=0.000872934 time=3.6s
[Epoch 011] train=0.097605 valid=0.103309 lr=0.000872934 time=3.7s
[Epoch 012] train=0.098316 valid=0.092355 lr=0.000872934 time=3.7s
[Epoch 013] train=0.103012 valid=0.091464 lr=0.000436467 time=3.7s
[Epoch 014] train=0.089454 valid=0.094976 lr=0.000436467 time=3.7s
[Epoch 015] train=0.089204 valid=0.093657 lr=0.000436467 time=3.6s
[Epoch 016] train=0.089227 valid=0.099361 lr=0.000218233 time=3.7s
Early stopping at epoch 16
[Ablation] Task=store_dept Holdout Model=M0_AggHistOnly Metric=quantile
Training samples: 4060 | Validation samples: 210
[Epoch 001] train=0.049970 valid=0.049189 lr=0.00174587 time=4.4s
[Epoch 002] train=0.041966 valid=0.045525 lr=0.00174587 time=4.2s
[Epoch 003] train=0.040376 valid=0.043027 lr=0.00174587 time=4.1s
[Epoch 004] train=0.040914 valid=0.053560 lr=0.00174587 time=4.1s
[Epoch 005] train=0.039603 valid=0.047907 lr=0.00174587 time=4.2s
[Epoch 006] train=0.040017 valid=0.045802 lr=0.000872934 time=4.6s
[Epoch 007] train=0.038146 valid=0.043377 lr=0.000872934 time=4.4s
[Epoch 008] train=0.038135 valid=0.042810 lr=0.000872934 time=4.4s
[Epoch 009] train=0.037952 valid=0.046373 lr=0.000872934 time=4.6s
[Epoch 010] train=0.037975 valid=0.043539 lr=0.000872934 time=4.6s
[Epoch 011] train=0.037711 valid=0.043491 lr=0.000436467 time=4.5s
[Epoch 012] train=0.036918 valid=0.042385 lr=0.000436467 time=4.6s
[Epoch 013] train=0.036796 valid=0.042401 lr=0.000436467 time=4.6s
[Epoch 014] train=0.036934 valid=0.042236 lr=0.000436467 time=4.2s
[Epoch 015] train=0.036535 valid=0.042478 lr=0.000436467 time=4.5s
[Epoch 016] train=0.036606 valid=0.042489 lr=0.000436467 time=4.5s
[Epoch 017] train=0.036712 valid=0.042393 lr=0.000218233 time=4.5s
[Epoch 018] train=0.036048 valid=0.042111 lr=0.000218233 time=4.4s
[Epoch 019] train=0.036064 valid=0.044626 lr=0.000218233 time=4.5s
[Epoch 020] train=0.036174 valid=0.043089 lr=0.000218233 time=4.5s
[Epoch 021] train=0.035855 valid=0.042020 lr=0.000218233 time=4.4s
[Epoch 022] train=0.035980 valid=0.043163 lr=0.000218233 time=4.5s
[Epoch 023] train=0.035634 valid=0.042466 lr=0.000218233 time=4.4s
[Epoch 024] train=0.035768 valid=0.042238 lr=0.000109117 time=4.4s
[Ablation] Task=store_dept Holdout Model=M1_AggHistFutureSummary Metric=point
Training samples: 4060 | Validation samples: 210
[Epoch 001] train=0.164980 valid=0.098673 lr=0.00174587 time=4.9s
[Epoch 002] train=0.100954 valid=0.117146 lr=0.00174587 time=4.8s
[Epoch 003] train=0.110632 valid=0.137236 lr=0.00174587 time=4.9s
[Epoch 004] train=0.104527 valid=0.151648 lr=0.000872934 time=4.8s
[Epoch 005] train=0.090796 valid=0.095285 lr=0.000872934 time=4.9s
[Epoch 006] train=0.097888 valid=0.121652 lr=0.000872934 time=4.9s
[Epoch 007] train=0.090994 valid=0.085249 lr=0.000872934 time=4.9s
[Epoch 008] train=0.097895 valid=0.100551 lr=0.000872934 time=4.9s
[Epoch 009] train=0.091318 valid=0.087861 lr=0.000872934 time=4.9s
[Epoch 010] train=0.088746 valid=0.107014 lr=0.000436467 time=4.7s
[Epoch 011] train=0.083962 valid=0.083933 lr=0.000436467 time=4.7s
[Epoch 012] train=0.083873 valid=0.150114 lr=0.000436467 time=4.7s
[Epoch 013] train=0.083165 valid=0.086416 lr=0.000436467 time=4.7s
[Epoch 014] train=0.083027 valid=0.125750 lr=0.000218233 time=4.6s
[Epoch 015] train=0.080082 valid=0.087261 lr=0.000218233 time=4.6s
[Epoch 016] train=0.077092 valid=0.085605 lr=0.000218233 time=4.7s
[Epoch 017] train=0.077401 valid=0.083976 lr=0.000109117 time=4.7s
Early stopping at epoch 17
[Ablation] Task=store_dept Holdout Model=M1_AggHistFutureSummary Metric=quantile
Training samples: 4060 | Validation samples: 210
[Epoch 001] train=0.048975 valid=0.049065 lr=0.00174587 time=5.1s
[Epoch 002] train=0.041490 valid=0.045045 lr=0.00174587 time=5.1s
[Epoch 003] train=0.039652 valid=0.043068 lr=0.00174587 time=5.0s
[Epoch 004] train=0.039211 valid=0.046944 lr=0.00174587 time=4.9s
[Epoch 005] train=0.039867 valid=0.042111 lr=0.00174587 time=5.0s
[Epoch 006] train=0.038919 valid=0.043047 lr=0.00174587 time=5.0s
[Epoch 007] train=0.038863 valid=0.048264 lr=0.00174587 time=5.0s
[Epoch 008] train=0.039919 valid=0.046199 lr=0.000872934 time=5.0s
[Epoch 009] train=0.036745 valid=0.041232 lr=0.000872934 time=5.0s
[Epoch 010] train=0.036757 valid=0.041017 lr=0.000872934 time=5.1s
[Epoch 011] train=0.037352 valid=0.043505 lr=0.000872934 time=5.1s
[Epoch 012] train=0.036671 valid=0.040969 lr=0.000872934 time=5.0s
[Epoch 013] train=0.036409 valid=0.040782 lr=0.000872934 time=5.0s
[Epoch 014] train=0.036215 valid=0.042553 lr=0.000872934 time=5.1s
[Epoch 015] train=0.037020 valid=0.046658 lr=0.000872934 time=5.0s
[Epoch 016] train=0.036235 valid=0.041859 lr=0.000436467 time=5.0s
[Epoch 017] train=0.035369 valid=0.039873 lr=0.000436467 time=5.0s
[Epoch 018] train=0.035387 valid=0.040880 lr=0.000436467 time=5.0s
[Epoch 019] train=0.035134 valid=0.041792 lr=0.000436467 time=5.1s
[Epoch 020] train=0.035161 valid=0.041175 lr=0.000218233 time=5.1s
[Epoch 021] train=0.034535 valid=0.040484 lr=0.000218233 time=5.1s
[Epoch 022] train=0.034387 valid=0.039986 lr=0.000218233 time=5.1s
[Epoch 023] train=0.034103 valid=0.039920 lr=0.000109117 time=5.0s
Early stopping at epoch 23
[Ablation] Task=store_dept Holdout Model=M3_FullSkuTemporalCNN Metric=point
Training samples: 4060 | Validation samples: 210
[Epoch 001] train=0.130117 valid=0.097006 lr=0.00174587 time=8.3s
[Epoch 002] train=0.102903 valid=0.091452 lr=0.00174587 time=8.0s
[Epoch 003] train=0.105069 valid=0.089403 lr=0.00174587 time=8.0s
[Epoch 004] train=0.100646 valid=0.087544 lr=0.00174587 time=7.9s
[Epoch 005] train=0.095571 valid=0.090081 lr=0.00174587 time=8.0s
[Epoch 006] train=0.089915 valid=0.091980 lr=0.00174587 time=7.9s
[Epoch 007] train=0.095558 valid=0.085745 lr=0.00174587 time=8.0s
[Epoch 008] train=0.087972 valid=0.128108 lr=0.00174587 time=8.0s
[Epoch 009] train=0.096450 valid=0.187487 lr=0.00174587 time=8.1s
[Epoch 010] train=0.094179 valid=0.100205 lr=0.000872934 time=8.1s
[Epoch 011] train=0.079616 valid=0.085964 lr=0.000872934 time=8.2s
[Epoch 012] train=0.078202 valid=0.098889 lr=0.000872934 time=8.2s
[Epoch 013] train=0.076953 valid=0.086561 lr=0.000436467 time=8.2s
Early stopping at epoch 13
[Ablation] Task=store_dept Holdout Model=M3_FullSkuTemporalCNN Metric=quantile
Training samples: 4060 | Validation samples: 210
[Epoch 001] train=0.047723 valid=0.044797 lr=0.00174587 time=8.4s
[Epoch 002] train=0.040209 valid=0.042944 lr=0.00174587 time=8.4s
[Epoch 003] train=0.040025 valid=0.042968 lr=0.00174587 time=8.4s
[Epoch 004] train=0.038795 valid=0.043329 lr=0.00174587 time=8.2s
[Epoch 005] train=0.038497 valid=0.045390 lr=0.000872934 time=8.3s
[Epoch 006] train=0.036429 valid=0.041739 lr=0.000872934 time=8.2s
[Epoch 007] train=0.035916 valid=0.041644 lr=0.000872934 time=8.2s
[Epoch 008] train=0.035799 valid=0.040959 lr=0.000872934 time=8.1s
[Epoch 009] train=0.035491 valid=0.041390 lr=0.000872934 time=8.2s
[Epoch 010] train=0.034760 valid=0.042484 lr=0.000872934 time=8.3s
[Epoch 011] train=0.035906 valid=0.050041 lr=0.000436467 time=8.3s
[Epoch 012] train=0.033797 valid=0.042575 lr=0.000436467 time=8.3s
[Epoch 013] train=0.033510 valid=0.040430 lr=0.000436467 time=8.5s
[Epoch 014] train=0.033412 valid=0.040244 lr=0.000436467 time=8.4s
[Epoch 015] train=0.033573 valid=0.040969 lr=0.000436467 time=8.4s
[Epoch 016] train=0.033200 valid=0.040611 lr=0.000436467 time=8.3s
[Epoch 017] train=0.032772 valid=0.042546 lr=0.000218233 time=8.2s
[Epoch 018] train=0.031861 valid=0.040316 lr=0.000218233 time=8.1s
[Epoch 019] train=0.031440 valid=0.040288 lr=0.000218233 time=8.0s
[Epoch 020] train=0.031366 valid=0.040792 lr=0.000109117 time=7.9s
Early stopping at epoch 20

=== Ablation task: store_cat ===
[Ablation] Task=store_cat Holdout Model=M0_AggHistOnly Metric=point
Training samples: 1740 | Validation samples: 90
[Epoch 001] train=0.150895 valid=0.110259 lr=0.00174587 time=1.9s
[Epoch 002] train=0.116705 valid=0.111097 lr=0.00174587 time=1.9s
[Epoch 003] train=0.114590 valid=0.126391 lr=0.00174587 time=2.2s
[Epoch 004] train=0.115581 valid=0.112275 lr=0.000872934 time=2.2s
[Epoch 005] train=0.107523 valid=0.114800 lr=0.000872934 time=2.3s
[Epoch 006] train=0.101035 valid=0.102446 lr=0.000872934 time=2.2s
[Epoch 007] train=0.106554 valid=0.104257 lr=0.000872934 time=2.2s
[Epoch 008] train=0.098967 valid=0.114415 lr=0.000872934 time=2.2s
[Epoch 009] train=0.098191 valid=0.115197 lr=0.000436467 time=2.2s
[Epoch 010] train=0.093436 valid=0.102206 lr=0.000436467 time=2.1s
[Epoch 011] train=0.094696 valid=0.100437 lr=0.000436467 time=1.9s
[Epoch 012] train=0.092326 valid=0.108332 lr=0.000436467 time=1.9s
[Epoch 013] train=0.093016 valid=0.101057 lr=0.000436467 time=1.7s
[Epoch 014] train=0.092722 valid=0.101667 lr=0.000218233 time=1.6s
[Epoch 015] train=0.088723 valid=0.100429 lr=0.000218233 time=1.6s
[Epoch 016] train=0.088778 valid=0.101237 lr=0.000218233 time=1.6s
[Epoch 017] train=0.086788 valid=0.106200 lr=0.000109117 time=1.6s
[Epoch 018] train=0.085924 valid=0.105495 lr=0.000109117 time=1.6s
[Epoch 019] train=0.084645 valid=0.114605 lr=0.000109117 time=1.8s
[Epoch 020] train=0.085252 valid=0.098813 lr=0.000109117 time=1.7s
[Epoch 021] train=0.084226 valid=0.097700 lr=0.000109117 time=1.6s
[Epoch 022] train=0.082482 valid=0.098292 lr=0.000109117 time=1.6s
[Epoch 023] train=0.082979 valid=0.096950 lr=0.000109117 time=1.7s
[Epoch 024] train=0.083454 valid=0.098371 lr=0.000109117 time=1.6s
[Ablation] Task=store_cat Holdout Model=M0_AggHistOnly Metric=quantile
Training samples: 1740 | Validation samples: 90
[Epoch 001] train=0.064916 valid=0.052549 lr=0.00174587 time=2.0s
[Epoch 002] train=0.049314 valid=0.054481 lr=0.00174587 time=2.0s
[Epoch 003] train=0.047534 valid=0.055770 lr=0.00174587 time=1.9s
[Epoch 004] train=0.048264 valid=0.051967 lr=0.00174587 time=1.9s
[Epoch 005] train=0.049079 valid=0.050125 lr=0.00174587 time=2.3s
[Epoch 006] train=0.049733 valid=0.054098 lr=0.00174587 time=2.2s
[Epoch 007] train=0.047553 valid=0.050448 lr=0.00174587 time=2.0s
[Epoch 008] train=0.048885 valid=0.052669 lr=0.000872934 time=2.2s
[Epoch 009] train=0.046170 valid=0.054935 lr=0.000872934 time=2.2s
[Epoch 010] train=0.045259 valid=0.052713 lr=0.000872934 time=2.2s
[Epoch 011] train=0.044760 valid=0.051323 lr=0.000436467 time=2.1s
Early stopping at epoch 11
[Ablation] Task=store_cat Holdout Model=M1_AggHistFutureSummary Metric=point
Training samples: 1740 | Validation samples: 90
[Epoch 001] train=0.240534 valid=0.141473 lr=0.00174587 time=2.0s
[Epoch 002] train=0.120442 valid=0.110607 lr=0.00174587 time=2.3s
[Epoch 003] train=0.108298 valid=0.111185 lr=0.00174587 time=2.5s
[Epoch 004] train=0.110083 valid=0.163503 lr=0.00174587 time=2.5s
[Epoch 005] train=0.114070 valid=0.134360 lr=0.000872934 time=2.4s
[Epoch 006] train=0.097415 valid=0.098390 lr=0.000872934 time=2.3s
[Epoch 007] train=0.093047 valid=0.093801 lr=0.000872934 time=2.4s
[Epoch 008] train=0.093280 valid=0.097497 lr=0.000872934 time=2.4s
[Epoch 009] train=0.088295 valid=0.103526 lr=0.000872934 time=2.5s
[Epoch 010] train=0.089564 valid=0.119151 lr=0.000436467 time=2.2s
[Epoch 011] train=0.087903 valid=0.094799 lr=0.000436467 time=2.4s
[Epoch 012] train=0.084105 valid=0.093836 lr=0.000436467 time=2.4s
[Epoch 013] train=0.083141 valid=0.096545 lr=0.000218233 time=2.5s
Early stopping at epoch 13
[Ablation] Task=store_cat Holdout Model=M1_AggHistFutureSummary Metric=quantile
Training samples: 1740 | Validation samples: 90
[Epoch 001] train=0.067742 valid=0.053533 lr=0.00174587 time=2.3s
[Epoch 002] train=0.050802 valid=0.056972 lr=0.00174587 time=2.0s
[Epoch 003] train=0.047714 valid=0.050108 lr=0.00174587 time=2.0s
[Epoch 004] train=0.046932 valid=0.052419 lr=0.00174587 time=2.4s
[Epoch 005] train=0.047591 valid=0.050797 lr=0.00174587 time=2.6s
[Epoch 006] train=0.046738 valid=0.050072 lr=0.00174587 time=2.6s
[Epoch 007] train=0.044368 valid=0.049284 lr=0.00174587 time=2.6s
[Epoch 008] train=0.045699 valid=0.048936 lr=0.00174587 time=2.6s
[Epoch 009] train=0.044897 valid=0.051674 lr=0.00174587 time=2.6s
[Epoch 010] train=0.044917 valid=0.049133 lr=0.00174587 time=2.5s
[Epoch 011] train=0.044951 valid=0.048792 lr=0.00174587 time=2.4s
[Epoch 012] train=0.044522 valid=0.048367 lr=0.00174587 time=2.6s
[Epoch 013] train=0.044254 valid=0.049849 lr=0.00174587 time=2.6s
[Epoch 014] train=0.045137 valid=0.048117 lr=0.00174587 time=2.6s
[Epoch 015] train=0.044462 valid=0.048172 lr=0.00174587 time=2.8s
[Epoch 016] train=0.044570 valid=0.047444 lr=0.00174587 time=2.6s
[Epoch 017] train=0.044602 valid=0.047918 lr=0.00174587 time=2.6s
[Epoch 018] train=0.044240 valid=0.049219 lr=0.00174587 time=2.6s
[Epoch 019] train=0.043919 valid=0.049618 lr=0.000872934 time=2.6s
[Epoch 020] train=0.042501 valid=0.050735 lr=0.000872934 time=2.5s
[Epoch 021] train=0.042714 valid=0.049073 lr=0.000872934 time=2.5s
[Epoch 022] train=0.042332 valid=0.047960 lr=0.000436467 time=2.5s
Early stopping at epoch 22
[Ablation] Task=store_cat Holdout Model=M3_FullSkuTemporalCNN Metric=point
Training samples: 1740 | Validation samples: 90
[Epoch 001] train=0.196013 valid=0.111785 lr=0.00174587 time=4.8s
[Epoch 002] train=0.113073 valid=0.124104 lr=0.00174587 time=4.7s
[Epoch 003] train=0.104964 valid=0.124211 lr=0.00174587 time=4.8s
[Epoch 004] train=0.098799 valid=0.094593 lr=0.00174587 time=4.7s
[Epoch 005] train=0.101905 valid=0.096891 lr=0.00174587 time=4.7s
[Epoch 006] train=0.093406 valid=0.106113 lr=0.00174587 time=4.7s
[Epoch 007] train=0.096703 valid=0.093108 lr=0.00174587 time=4.7s
[Epoch 008] train=0.091459 valid=0.118065 lr=0.00174587 time=4.7s
[Epoch 009] train=0.093768 valid=0.090865 lr=0.00174587 time=4.7s
[Epoch 010] train=0.085776 valid=0.092570 lr=0.00174587 time=4.8s
[Epoch 011] train=0.084048 valid=0.092960 lr=0.00174587 time=4.6s
[Epoch 012] train=0.086096 valid=0.086679 lr=0.00174587 time=4.4s
[Epoch 013] train=0.089839 valid=0.085154 lr=0.00174587 time=4.3s
[Epoch 014] train=0.082966 valid=0.120082 lr=0.00174587 time=3.9s
[Epoch 015] train=0.081874 valid=0.083088 lr=0.00174587 time=3.9s
[Epoch 016] train=0.076385 valid=0.115605 lr=0.00174587 time=4.0s
[Epoch 017] train=0.078130 valid=0.106749 lr=0.00174587 time=3.9s
[Epoch 018] train=0.077243 valid=0.089770 lr=0.000872934 time=4.0s
[Epoch 019] train=0.066468 valid=0.090873 lr=0.000872934 time=4.0s
[Epoch 020] train=0.064958 valid=0.085108 lr=0.000872934 time=4.0s
[Epoch 021] train=0.064811 valid=0.082605 lr=0.000872934 time=3.9s
[Epoch 022] train=0.062479 valid=0.089484 lr=0.000872934 time=4.2s
[Epoch 023] train=0.064111 valid=0.082811 lr=0.000872934 time=4.4s
[Epoch 024] train=0.063999 valid=0.086057 lr=0.000436467 time=4.4s
[Ablation] Task=store_cat Holdout Model=M3_FullSkuTemporalCNN Metric=quantile
Training samples: 1740 | Validation samples: 90
[Epoch 001] train=0.064900 valid=0.058274 lr=0.00174587 time=4.9s
[Epoch 002] train=0.050672 valid=0.049610 lr=0.00174587 time=5.0s
[Epoch 003] train=0.046430 valid=0.048834 lr=0.00174587 time=5.1s
[Epoch 004] train=0.044509 valid=0.053911 lr=0.00174587 time=5.1s
[Epoch 005] train=0.044061 valid=0.050745 lr=0.00174587 time=5.1s
[Epoch 006] train=0.043853 valid=0.047451 lr=0.00174587 time=5.1s
[Epoch 007] train=0.044351 valid=0.047579 lr=0.00174587 time=5.1s
[Epoch 008] train=0.042326 valid=0.046776 lr=0.00174587 time=5.1s
[Epoch 009] train=0.044125 valid=0.047955 lr=0.00174587 time=5.0s
[Epoch 010] train=0.041780 valid=0.051856 lr=0.00174587 time=5.1s
[Epoch 011] train=0.042493 valid=0.057461 lr=0.000872934 time=5.1s
[Epoch 012] train=0.040728 valid=0.046371 lr=0.000872934 time=5.1s
[Epoch 013] train=0.039263 valid=0.050388 lr=0.000872934 time=5.1s
[Epoch 014] train=0.038944 valid=0.046680 lr=0.000872934 time=5.1s
[Epoch 015] train=0.038797 valid=0.049848 lr=0.000436467 time=5.1s
[Epoch 016] train=0.037416 valid=0.047944 lr=0.000436467 