
$ /root/miniconda3/bin/python /root/autodl-tmp/m5/scripts/warm_m5_cache.py --data-dir /root/autodl-tmp/m5/data --tasks store_dept,store_cat,state_dept --t-hist 56 --horizon 28 --valid-size 4 --test-size 4 --internal-valid-size 3 --gap 0 --min-train-origins 20 --min-final-train-origins 20 --sku-universe-mode history --store-sku-sample-frac 0.1 --store-sku-sample-seed 42 --holdout --cache-dir /root/autodl-tmp/m5/cache
Using cache directory: /root/autodl-tmp/m5/cache
[M5-PREP] Loading cached task package for task=store_dept...
[M5-PREP] Loaded cached task package for task=store_dept | stage 00:00 | total 00:00
[M5-PREP] Loading cached samples: task=store_dept split=final_train_samples...
[M5-PREP] Loaded cached samples: task=store_dept split=final_train_samples n=4060 | stage 00:01 | total 00:01
[M5-PREP] Loading cached samples: task=store_dept split=internal_valid_samples...
[M5-PREP] Loaded cached samples: task=store_dept split=internal_valid_samples n=210 | stage 00:00 | total 00:00
[M5-PREP] Loading cached samples: task=store_dept split=test_samples...
[M5-PREP] Loaded cached samples: task=store_dept split=test_samples n=280 | stage 00:00 | total 00:00
[M5-PREP] Loading cached item-store panel...
[M5-PREP] Loaded cached panel with shape=(5918109, 26) | stage 00:02 | total 00:02
[M5-PREP] Building fast task arrays for task=store_cat...
[M5-PREP] task=store_cat aggregate tensor build: 1/30 (  3.3%) | elapsed 00:05 | ETA 02:32
[M5-PREP] task=store_cat aggregate tensor build: 30/30 (100.0%) | elapsed 00:06 | ETA 00:00
[M5-PREP] Fast task arrays ready for task=store_cat with 30 aggregates | stage 00:06 | total 00:06
[M5-PREP] task=store_cat split=final_train_samples started...
[M5-PREP] task=store_cat split=final_train_samples: 1740/1740 (100.0%) | elapsed 00:00 | ETA 00:00
[M5-PREP] task=store_cat split=final_train_samples finished with 1740 samples | stage 00:00 | total 00:00
[M5-PREP] task=store_cat split=internal_valid_samples started...
[M5-PREP] task=store_cat split=internal_valid_samples: 90/90 (100.0%) | elapsed 00:00 | ETA 00:00
[M5-PREP] task=store_cat split=internal_valid_samples finished with 90 samples | stage 00:00 | total 00:00
[M5-PREP] task=store_cat split=test_samples started...
[M5-PREP] task=store_cat split=test_samples: 120/120 (100.0%) | elapsed 00:00 | ETA 00:00
[M5-PREP] task=store_cat split=test_samples finished with 120 samples | stage 00:00 | total 00:00
[M5-PREP] Loading cached item-store panel...
[M5-PREP] Loaded cached panel with shape=(5918109, 26) | stage 00:02 | total 00:02
[M5-PREP] Building fast task arrays for task=state_dept...
[M5-PREP] task=state_dept aggregate tensor build: 1/21 (  4.8%) | elapsed 00:07 | ETA 02:16
[M5-PREP] task=state_dept aggregate tensor build: 21/21 (100.0%) | elapsed 00:09 | ETA 00:00
[M5-PREP] Fast task arrays ready for task=state_dept with 21 aggregates | stage 00:09 | total 00:09
[M5-PREP] task=state_dept split=final_train_samples started...
[M5-PREP] task=state_dept split=final_train_samples: 1218/1218 (100.0%) | elapsed 00:00 | ETA 00:00
[M5-PREP] task=state_dept split=final_train_samples finished with 1218 samples | stage 00:00 | total 00:00
[M5-PREP] task=state_dept split=internal_valid_samples started...
[M5-PREP] task=state_dept split=internal_valid_samples: 63/63 (100.0%) | elapsed 00:00 | ETA 00:00
[M5-PREP] task=state_dept split=internal_valid_samples finished with 63 samples | stage 00:00 | total 00:00
[M5-PREP] task=state_dept split=test_samples started...
[M5-PREP] task=state_dept split=test_samples: 84/84 (100.0%) | elapsed 00:00 | ETA 00:00
[M5-PREP] task=state_dept split=test_samples finished with 84 samples | stage 00:00 | total 00:00
====================================================================================================
M5 EXPERIMENT SUMMARY
====================================================================================================

Task: store_dept
  # aggregate units: 70
  # child sku ids:    3049
  # time points:      1941
  sampled store-SKUs: frac=0.1 seed=42
  hist features:      ['sell_price', 'price_change_ratio', 'snap_flag', 'event_flag', 'wday', 'month']
  future features:    ['sell_price', 'price_change_ratio', 'snap_flag', 'event_flag', 'wday', 'month']
  final train samples: 4060
  internal valid samples: 210
  test samples: 280

Task: store_cat
  # aggregate units: 30
  # child sku ids:    3049
  # time points:      1941
  sampled store-SKUs: frac=0.1 seed=42
  hist features:      ['sell_price', 'price_change_ratio', 'snap_flag', 'event_flag', 'wday', 'month']
  future features:    ['sell_price', 'price_change_ratio', 'snap_flag', 'event_flag', 'wday', 'month']
  final train samples: 1740
  internal valid samples: 90
  test samples: 120

Task: state_dept
  # aggregate units: 21
  # child sku ids:    3049
  # time points:      1941
  sampled store-SKUs: frac=0.1 seed=42
  hist features:      ['sell_price', 'price_change_ratio', 'snap_flag', 'event_flag', 'wday', 'month']
  future features:    ['sell_price', 'price_change_ratio', 'snap_flag', 'event_flag', 'wday', 'month']
  final train samples: 1218
  internal valid samples: 63
  test samples: 84

Cache ready at: /root/autodl-tmp/m5/cache

$ /root/miniconda3/bin/python /root/autodl-tmp/m5/scripts/run_m5_proposed_models.py --data-dir /root/autodl-tmp/m5/data --output-dir /root/autodl-tmp/m5/work/holdout/00_sanity --mode holdout --tasks store_dept --model-names M3_FullSkuTemporalCNN,DeepSets,SetTransformer --epochs 6 --patience 3 --batch-size 16 --hidden-dim 64 --dropout 0.10 --cnn-num-blocks 3 --cnn-kernel-size 3 --quantiles '' --recent-window 14 --lag-windows 7,14,28,56 --stat-windows 7,28,56 --t-hist 56 --horizon 28 --valid-size 4 --test-size 4 --internal-valid-size 3 --gap 0 --min-train-origins 20 --min-final-train-origins 20 --sku-universe-mode history --store-sku-sample-frac 0.1 --store-sku-sample-seed 42 --cache-dir /root/autodl-tmp/m5/cache
Using cache directory: /root/autodl-tmp/m5/cache
Building/loading cached task artifacts lazily...

=== Proposed models on task: store_dept ===
[M5-PREP] Loading cached task package for task=store_dept...
[M5-PREP] Loaded cached task package for task=store_dept | stage 00:00 | total 00:00
[M5-PREP] Loading cached samples: task=store_dept split=final_train_samples...
[M5-PREP] Loaded cached samples: task=store_dept split=final_train_samples n=4060 | stage 00:01 | total 00:01
[M5-PREP] Loading cached samples: task=store_dept split=internal_valid_samples...
[M5-PREP] Loaded cached samples: task=store_dept split=internal_valid_samples n=210 | stage 00:00 | total 00:00
[M5-PREP] Loading cached samples: task=store_dept split=test_samples...
[M5-PREP] Loaded cached samples: task=store_dept split=test_samples n=280 | stage 00:00 | total 00:00
Task=store_dept Mode=holdout Model=M3_FullSkuTemporalCNN
Training samples: 4060 | Validation samples: 210
[Epoch 001] train=0.162791 valid=0.120087 lr=0.001 time=8.1s
[Epoch 002] train=0.122142 valid=0.229382 lr=0.001 time=7.1s
[Epoch 003] train=0.118918 valid=0.096591 lr=0.001 time=7.2s
[Epoch 004] train=0.114569 valid=0.087685 lr=0.001 time=7.1s
[Epoch 005] train=0.114729 valid=0.088186 lr=0.001 time=7.0s
[Epoch 006] train=0.100314 valid=0.086146 lr=0.001 time=6.8s
Task=store_dept Mode=holdout Model=DeepSets
Training samples: 4060 | Validation samples: 210
[Epoch 001] train=0.165047 valid=0.089830 lr=0.001 time=7.3s
[Epoch 002] train=0.121847 valid=0.095601 lr=0.001 time=7.6s
[Epoch 003] train=0.109899 valid=0.108201 lr=0.001 time=7.4s
[Epoch 004] train=0.110419 valid=0.091512 lr=0.0005 time=7.2s
Early stopping at epoch 4
Task=store_dept Mode=holdout Model=SetTransformer
Training samples: 4060 | Validation samples: 210
[Epoch 001] train=0.179331 valid=0.097021 lr=0.001 time=13.5s
[Epoch 002] train=0.125334 valid=0.115417 lr=0.001 time=13.5s
[Epoch 003] train=0.116705 valid=0.096392 lr=0.001 time=13.6s
[Epoch 004] train=0.109601 valid=0.094623 lr=0.001 time=13.5s
[Epoch 005] train=0.110144 valid=0.090972 lr=0.001 time=13.6s
[Epoch 006] train=0.102180 valid=0.083852 lr=0.001 time=13.6s

Proposed-model point summary:
         task                  model  wrmsse_mean  ...  wape_mean  wape_std  n_folds
0  store_dept               DeepSets     0.894908  ...   0.216968       NaN        1
1  store_dept  M3_FullSkuTemporalCNN     0.930035  ...   0.212686       NaN        1
2  store_dept         SetTransformer     0.839930  ...   0.185367       NaN        1

[3 rows x 7 columns]

Proposed-model main point table:
task                   store_dept      Mean
model                                      
SetTransformer           0.839930  0.839930
DeepSets                 0.894908  0.894908
M3_FullSkuTemporalCNN    0.930035  0.930035

Done. Outputs written to: /root/autodl-tmp/m5/work/holdout/00_sanity

$ /root/miniconda3/bin/python /root/autodl-tmp/m5/scripts/tune_m5_proposed_models.py --data-dir /root/autodl-tmp/m5/data --output-dir /root/autodl-tmp/m5/work/holdout/01_tuning/M3_FullSkuTemporalCNN --mode holdout --tasks store_dept,store_cat,state_dept --model-name M3_FullSkuTemporalCNN --recent-window 14 --lag-windows 7,14,28,56 --stat-windows 7,28,56 --stage1-n-trials 96 --stage1-train-frac 0.25 --stage1-epochs 8 --stage2-top-k 8 --stage2-train-frac 0.6 --stage2-epochs 16 --final-epochs 24 --final-patience 6 --t-hist 56 --horizon 28 --valid-size 4 --test-size 4 --internal-valid-size 3 --gap 0 --min-train-origins 20 --min-final-train-origins 20 --sku-universe-mode history --store-sku-sample-frac 0.1 --store-sku-sample-seed 42 --cache-dir /root/autodl-tmp/m5/cache
Using cache directory: /root/autodl-tmp/m5/cache
Building/loading cached experiment artifacts...
[M5-PREP] Loading cached task package for task=store_dept...
[M5-PREP] Loaded cached task package for task=store_dept | stage 00:00 | total 00:00
[M5-PREP] Loading cached samples: task=store_dept split=final_train_samples...
[M5-PREP] Loaded cached samples: task=store_dept split=final_train_samples n=4060 | stage 00:01 | total 00:01
[M5-PREP] Loading cached samples: task=store_dept split=internal_valid_samples...
[M5-PREP] Loaded cached samples: task=store_dept split=internal_valid_samples n=210 | stage 00:00 | total 00:00
[M5-PREP] Loading cached samples: task=store_dept split=test_samples...
[M5-PREP] Loaded cached samples: task=store_dept split=test_samples n=280 | stage 00:00 | total 00:00
[M5-PREP] Loading cached task package for task=store_cat...
[M5-PREP] Loaded cached task package for task=store_cat | stage 00:00 | total 00:00
[M5-PREP] Loading cached samples: task=store_cat split=final_train_samples...
[M5-PREP] Loaded cached samples: task=store_cat split=final_train_samples n=1740 | stage 00:00 | total 00:00
[M5-PREP] Loading cached samples: task=store_cat split=internal_valid_samples...
[M5-PREP] Loaded cached samples: task=store_cat split=internal_valid_samples n=90 | stage 00:00 | total 00:00
[M5-PREP] Loading cached samples: task=store_cat split=test_samples...
[M5-PREP] Loaded cached samples: task=store_cat split=test_samples n=120 | stage 00:00 | total 00:00
[M5-PREP] Loading cached task package for task=state_dept...
[M5-PREP] Loaded cached task package for task=state_dept | stage 00:00 | total 00:00
[M5-PREP] Loading cached samples: task=state_dept split=final_train_samples...
[M5-PREP] Loaded cached samples: task=state_dept split=final_train_samples n=1218 | stage 00:00 | total 00:00
[M5-PREP] Loading cached samples: task=state_dept split=internal_valid_samples...
[M5-PREP] Loaded cached samples: task=state_dept split=internal_valid_samples n=63 | stage 00:00 | total 00:00
[M5-PREP] Loading cached samples: task=state_dept split=test_samples...
[M5-PREP] Loaded cached samples: task=state_dept split=test_samples n=84 | stage 00:00 | total 00:00
[I 2026-04-25 13:21:26,687] A new study created in memory with name: m5_multistage_tuning
Training samples: 1015 | Validation samples: 210
[I 2026-04-25 13:21:44,894] Trial 0 finished with value: 0.9230461939361269 and parameters: {'hidden_dim': 96, 'dropout': 0.03900466011060913, 'lr': 0.0003051362379613694, 'weight_decay': 1.4347159517201402e-06, 'batch_size': 16, 'cnn_num_blocks': 3, 'cnn_kernel_size': 3}. Best is trial 0 with value: 0.9230461939361269.
Training samples: 1015 | Validation samples: 210
[I 2026-04-25 13:21:53,099] Trial 1 finished with value: 0.9754394804592366 and parameters: {'hidden_dim': 128, 'dropout': 0.07280728504951048, 'lr': 0.0010486361783805694, 'weight_decay': 2.379522116387725e-06, 'batch_size': 64, 'cnn_num_blocks': 2, 'cnn_kernel_size': 3}. Best is trial 0 with value: 0.9230461939361269.
Training samples: 1015 | Validation samples: 210
Early stopping at epoch 6
[I 2026-04-25 13:22:03,585] Trial 2 finished with value: 1.0262247325466414 and parameters: {'hidden_dim': 160, 'dropout': 0.24140800826863984, 'lr': 0.0017855789220062087, 'weight_decay': 6.639623079859462e-06, 'batch_size': 32, 'cnn_num_blocks': 3, 'cnn_kernel_size': 3}. Best is trial 0 with value: 0.9230461939361269.
Training samples: 1015 | Validation samples: 210
Early stopping at epoch 5
[I 2026-04-25 13:22:14,153] Trial 3 finished with value: 0.9942221829078465 and parameters: {'hidden_dim': 64, 'dropout': 0.04621361388138176, 'lr': 0.0027628035240548827, 'weight_decay': 0.0001236118879733733, 'batch_size': 16, 'cnn_num_blocks': 2, 'cnn_kernel_size': 5}. Best is trial 0 with value: 0.9230461939361269.
Training samples: 1015 | Validation samples: 210
Early stopping at epoch 8
[I 2026-04-25 13:22:22,374] Trial 4 finished with value: 0.9478637254080479 and parameters: {'hidden_dim': 128, 'dropout': 0.07023362742184519, 'lr': 0.0008695411021388597, 'weight_decay': 2.400768344815637e-06, 'batch_size': 64, 'cnn_num_blocks': 2, 'cnn_kernel_size': 3}. Best is trial 0 with value: 0.9230461939361269.
Training samples: 1015 | Validation samples: 210
Early stopping at epoch 4
[I 2026-04-25 13:22:31,358] Trial 5 finished with value: 0.9984044355726311 and parameters: {'hidden_dim': 96, 'dropout': 0.02896726488128243, 'lr': 0.002070705754931531, 'weight_decay': 4.811305657362578e-05, 'batch_size': 16, 'cnn_num_blocks': 3, 'cnn_kernel_size': 3}. Best is trial 0 with value: 0.9230461939361269.
Training samples: 1015 | Validation samples: 210
Early stopping at epoch 5
[I 2026-04-25 13:22:43,032] Trial 6 finished with value: 0.9547227438892397 and parameters: {'hidden_dim': 128, 'dropout': 0.19274179498864025, 'lr': 0.0007616907478441681, 'weight_decay': 2.5753735248615608e-05, 'batch_size': 16, 'cnn_num_blocks': 3, 'cnn_kernel_size': 5}. Best is trial 0 with value: 0.9230461939361269.
Training samples: 1015 | Validation samples: 210
Early stopping at epoch 7
[I 2026-04-25 13:22:57,324] Trial 7 finished with value: 0.9429012410256092 and parameters: {'hidden_dim': 128, 'dropout': 0.019244977457198248, 'lr': 0.00043833297869422467, 'weight_decay': 2.723525327483576e-06, 'batch_size': 16, 'cnn_num_blocks': 2, 'cnn_kernel_size': 3}. Best is trial 0 with value: 0.9230461939361269.
Training samples: 1015 | Validation samples: 210
[I 2026-04-25 13:23:12,631] Trial 8 pruned. Pruned at stage=stage1, task=store_dept, fold=0, epoch=8
Training samples: 1015 | Validation samples: 210
[I 2026-04-25 13:23:21,103] Trial 9 pruned. Pruned at stage=stage1, task=store_dept, fold=0, epoch=4
Training samples: 1015 | Validation samples: 210
[I 2026-04-25 13:23:32,447] Trial 10 pruned. Pruned at stage=stage1, task=store_dept, fold=0, epoch=8
Training samples: 1015 | Validation samples: 210
Early stopping at epoch 4
[I 2026-04-25 13:23:42,517] Trial 11 finished with value: 0.9746203622403966 and parameters: {'hidden_dim': 160, 'dropout': 0.008984633894981341, 'lr': 0.00028099057216246737, 'weight_decay': 9.474217871569528e-06, 'batch_size': 16, 'cnn_num_blocks': 4, 'cnn_kernel_size': 3}. Best is trial 0 with value: 0.9230461939361269.
Training samples: 1015 | Validation samples: 210
[I 2026-04-25 13:23:58,156] Trial 12 finished with value: 0.9386505486263971 and parameters: {'hidden_dim': 64, 'dropout': 0.1133938829967057, 'lr': 0.0003602856425489245, 'weight_decay': 1.0534129257463037e-06, 'batch_size': 16, 'cnn_num_blocks': 2, 'cnn_kernel_size': 3}. Best is trial 0 with value: 0.9230461939361269.
Training samples: 1015 | Validation samples: 210
[I 2026-04-25 13:24:06,101] Trial 13 pruned. Pruned at stage=stage1, task=store_dept, fold=0, epoch=7
Training samples: 1015 | Validation samples: 210
[I 2026-04-25 13:24:21,235] Trial 14 pruned. Pruned at stage=stage1, task=store_dept, fold=0, epoch=7
Training samples: 1015 | Validation samples: 210
[I 2026-04-25 13:24:24,583] Trial 15 pruned. Pruned at stage=stage1, task=store_dept, fold=0, epoch=4
Training samples: 1015 | Validation samples: 210
Early stopping at epoch 4
[I 2026-04-25 13:24:33,867] Trial 16 finished with value: 0.9744103253061963 and parameters: {'hidden_dim': 96, 'dropout': 0.15738509472127982, 'lr': 0.0005232437019153551, 'weight_decay': 5.473959123775359e-05, 'batch_size': 16, 'cnn_num_blocks': 3, 'cnn_kernel_size': 3}. Best is trial 0 with value: 0.9230461939361269.
Training samples: 1015 | Validation samples: 210
[I 2026-04-25 13:24:47,157] Trial 17 pruned. Pruned at stage=stage1, task=store_dept, fold=0, epoch=7
Training samples: 1015 | Validation samples: 210
[I 2026-04-25 13:24:52,292] Trial 18 pruned. Pruned at stage=stage1, task=store_dept, fold=0, epoch=4
Training samples: 1015 | Validation samples: 210
[I 2026-04-25 13:25:06,746] Trial 19 finished with value: 0.919549623261914 and parameters: {'hidden_dim': 160, 'dropout': 0.19445378661437207, 'lr': 0.0002795148044484119, 'weight_decay': 1.952365796638203e-06, 'batch_size': 32, 'cnn_num_blocks': 4, 'cnn_kernel_size': 3}. Best is trial 19 with value: 0.919549623261914.
Training samples: 1015 | Validation samples: 210
[I 2026-04-25 13:25:17,947] Trial 20 pruned. Pruned at stage=stage1, task=store_dept, fold=0, epoch=7
Training samples: 1015 | Validation samples: 210
Early stopping at epoch 6
[I 2026-04-25 13:25:28,178] Trial 21 finished with value: 0.9498455162395368 and parameters: {'hidden_dim': 160, 'dropout': 0.20468920952053227, 'lr': 0.000372019852201129, 'weight_decay': 1.786226828557837e-06, 'batch_size': 32, 'cnn_num_blocks': 4, 'cnn_kernel_size': 3}. Best is trial 19 with value: 0.919549623261914.
Training samples: 1015 | Validation samples: 210
[I 2026-04-25 13:25:41,473] Trial 22 finished with value: 0.9206190473313912 and parameters: {'hidden_dim': 160, 'dropout': 0.14415110143087645, 'lr': 0.0005291678444321827, 'weight_decay': 1.629196862703027e-06, 'batch_size': 32, 'cnn_num_blocks': 4, 'cnn_kernel_size': 3}. Best is trial 19 with value: 0.919549623261914.
Training samples: 1015 | Validation samples: 210
[I 2026-04-25 13:25:52,746] Trial 23 pruned. Pruned at stage=stage1, task=store_dept, fold=0, epoch=7
Training samples: 1015 | Validation samples: 210
[I 2026-04-25 13:26:03,982] Trial 24 pruned. Pruned at stage=stage1, task=store_dept, fold=0, epoch=7
Training samples: 1015 | Validation samples: 210
[I 2026-04-25 13:26:10,515] Trial 25 pruned. Pruned at stage=stage1, task=store_dept, fold=0, epoch=4
Training samples: 1015 | Validation samples: 210
[I 2026-04-25 13:26:25,257] Trial 26 finished with value: 0.9209670615511166 and parameters: {'hidden_dim': 160, 'dropout': 0.2214786548746336, 'lr': 0.0007053613860596606, 'weight_decay': 1.7023543089690807e-06, 'batch_size': 32, 'cnn_num_blocks': 4, 'cnn_kernel_size': 5}. Best is trial 19 with value: 0.919549623261914.
Training samples: 1015 | Validation samples: 210
[I 2026-04-25 13:26:38,546] Trial 27 pruned. Pruned at stage=stage1, task=store_dept, fold=0, epoch=7
Training samples: 1015 | Validation samples: 210
[I 2026-04-25 13:26:51,300] Trial 28 pruned. Pruned at stage=stage1, task=store_dept, fold=0, epoch=7
Training samples: 1015 | Validation samples: 210
[I 2026-04-25 13:27:05,937] Trial 29 finished with value: 0.9548448613380275 and parameters: {'hidden_dim': 160, 'dropout': 0.17792794772726328, 'lr': 0.001108587331426905, 'weight_decay': 1.671755584529444e-06, 'batch_size': 32, 'cnn_num_blocks': 4, 'cnn_kernel_size': 5}. Best is trial 19 with value: 0.919549623261914.
Training samples: 1015 | Validation samples: 210
[I 2026-04-25 13:27:13,192] Trial 30 pruned. Pruned at stage=stage1, task=store_dept, fold=0, epoch=4
Training samples: 1015 | Validation samples: 210
Early stopping at epoch 6
[I 2026-04-25 13:27:21,463] Trial 31 finished with value: 0.966758642061155 and parameters: {'hidden_dim': 96, 'dropout': 0.2072508441853617, 'lr': 0.00090515224403786, 'weight_decay': 1.8526650922813533e-06, 'batch_size': 32, 'cnn_num_blocks': 4, 'cnn_kernel_size': 3}. Best is trial 19 with value: 0.919549623261914.
Training samples: 1015 | Validation samples: 210
[I 2026-04-25 13:27:36,638] Trial 32 finished with value: 0.94583945505936 and parameters: {'hidden_dim': 160, 'dropout': 0.2204505141242903, 'lr': 0.0006579680176159484, 'weight_decay': 2.6289931884500316e-06, 'batch_size': 32, 'cnn_num_blocks': 4, 'cnn_kernel_size': 5}. Best is trial 19 with value: 0.919549623261914.
Training samples: 1015 | Validation samples: 210
[I 2026-04-25 13:27:46,662] Trial 33 pruned. Pruned at stage=stage1, task=store_dept, fold=0, epoch=7
Training samples: 1015 | Validation samples: 210
[I 2026-04-25 13:27:58,024] Trial 34 pruned. Pruned at stage=stage1, task=store_dept, fold=0, epoch=7
Training samples: 1015 | Validation samples: 210
Early stopping at epoch 8
[I 2026-04-25 13:28:08,159] Trial 35 finished with value: 0.9311572440890586 and parameters: {'hidden_dim': 96, 'dropout': 0.14377340424617568, 'lr': 0.0004317714269667739, 'weight_decay': 2.5569484957908534e-06, 'batch_size': 32, 'cnn_num_blocks': 3, 'cnn_kernel_size': 5}. Best is trial 19 with value: 0.919549623261914.
Training samples: 1015 | Validation samples: 210
