[I 2026-04-25 14:19:14,849] Trial 95 pruned. Pruned at stage=stage1, task=store_dept, fold=0, epoch=4
Training samples: 2436 | Validation samples: 210
Training samples: 1044 | Validation samples: 90
Early stopping at epoch 15
Training samples: 731 | Validation samples: 63
Early stopping at epoch 15
Training samples: 2436 | Validation samples: 210
Early stopping at epoch 15
Training samples: 1044 | Validation samples: 90
Training samples: 731 | Validation samples: 63
Early stopping at epoch 13
Training samples: 2436 | Validation samples: 210
Early stopping at epoch 14
Training samples: 1044 | Validation samples: 90
Early stopping at epoch 12
Training samples: 731 | Validation samples: 63
Training samples: 2436 | Validation samples: 210
Training samples: 1044 | Validation samples: 90
Early stopping at epoch 10
Training samples: 731 | Validation samples: 63
Early stopping at epoch 14
Training samples: 2436 | Validation samples: 210
Training samples: 1044 | Validation samples: 90
Early stopping at epoch 14
Training samples: 731 | Validation samples: 63
Training samples: 2436 | Validation samples: 210
Early stopping at epoch 9
Training samples: 1044 | Validation samples: 90
Training samples: 731 | Validation samples: 63
Training samples: 2436 | Validation samples: 210
Early stopping at epoch 12
Training samples: 1044 | Validation samples: 90
Early stopping at epoch 12
Training samples: 731 | Validation samples: 63
Early stopping at epoch 15
Training samples: 2436 | Validation samples: 210
Training samples: 1044 | Validation samples: 90
Training samples: 731 | Validation samples: 63
Training samples: 4060 | Validation samples: 210
Early stopping at epoch 12
Training samples: 1740 | Validation samples: 90
Training samples: 1218 | Validation samples: 63
Early stopping at epoch 18
Multistage tuning summary:
{'stage1_trials_csv': '/root/autodl-tmp/m5/work/holdout/01_tuning/DeepSets/stage1_trials.csv', 'stage2_confirmation_csv': '/root/autodl-tmp/m5/work/holdout/01_tuning/DeepSets/stage2_confirmation.csv', 'best_params_json': '/root/autodl-tmp/m5/work/holdout/01_tuning/DeepSets/best_params.json', 'best_params': {'model_name': 'DeepSets', 'hidden_dim': 96, 'dropout': 0.03900466011060913, 'lr': 0.0003051362379613694, 'weight_decay': 1.4347159517201402e-06, 'batch_size': 16, 'cnn_num_blocks': 3, 'cnn_kernel_size': 3, 'recent_window': 14, 'lag_windows': [7, 14, 28, 56], 'stat_windows': [7, 28, 56], 'epochs': 24, 'patience': 6, 'use_permreg': False, 'stage1_objective': 0.9235898400683137, 'stage2_objective': 0.8761591609528677, 'trial_number': 0}, 'final_retrain_results_csv': '/root/autodl-tmp/m5/work/holdout/01_tuning/DeepSets/final_retrain_results.csv', 'final_mean_metric': 0.789091146291458}

$ /root/miniconda3/bin/python /root/autodl-tmp/m5/scripts/tune_m5_proposed_models.py --data-dir /root/autodl-tmp/m5/data --output-dir /root/autodl-tmp/m5/work/holdout/01_tuning/SetTransformer --mode holdout --tasks store_dept,store_cat,state_dept --model-name SetTransformer --recent-window 14 --lag-windows 7,14,28,56 --stat-windows 7,28,56 --stage1-n-trials 96 --stage1-train-frac 0.25 --stage1-epochs 8 --stage2-top-k 8 --stage2-train-frac 0.6 --stage2-epochs 16 --final-epochs 24 --final-patience 6 --t-hist 56 --horizon 28 --valid-size 4 --test-size 4 --internal-valid-size 3 --gap 0 --min-train-origins 20 --min-final-train-origins 20 --sku-universe-mode history --store-sku-sample-frac 0.1 --store-sku-sample-seed 42 --cache-dir /root/autodl-tmp/m5/cache
Using cache directory: /root/autodl-tmp/m5/cache
Building/loading cached experiment artifacts...
[M5-PREP] Loading cached task package for task=store_dept...
[M5-PREP] Loaded cached task package for task=store_dept | stage 00:00 | total 00:00
[M5-PREP] Loading cached samples: task=store_dept split=final_train_samples...
[M5-PREP] Loaded cached samples: task=store_dept split=final_train_samples n=4060 | stage 00:01 | total 00:01
[M5-PREP] Loading cached samples: task=store_dept split=internal_valid_samples...
[M5-PREP] Loaded cached samples: task=store_dept split=internal_valid_samples n=210 | stage 00:00 | total 00:00
[M5-PREP] Loading cached samples: task=store_dept split=test_samples...
[M5-PREP] Loaded cached samples: task=store_dept split=test_samples n=280 | stage 00:00 | total 00:00
[M5-PREP] Loading cached task package for task=store_cat...
[M5-PREP] Loaded cached task package for task=store_cat | stage 00:00 | total 00:00
[M5-PREP] Loading cached samples: task=store_cat split=final_train_samples...
[M5-PREP] Loaded cached samples: task=store_cat split=final_train_samples n=1740 | stage 00:00 | total 00:00
[M5-PREP] Loading cached samples: task=store_cat split=internal_valid_samples...
[M5-PREP] Loaded cached samples: task=store_cat split=internal_valid_samples n=90 | stage 00:00 | total 00:00
[M5-PREP] Loading cached samples: task=store_cat split=test_samples...
[M5-PREP] Loaded cached samples: task=store_cat split=test_samples n=120 | stage 00:00 | total 00:00
[M5-PREP] Loading cached task package for task=state_dept...
[M5-PREP] Loaded cached task package for task=state_dept | stage 00:00 | total 00:00
[M5-PREP] Loading cached samples: task=state_dept split=final_train_samples...
[M5-PREP] Loaded cached samples: task=state_dept split=final_train_samples n=1218 | stage 00:00 | total 00:00
[M5-PREP] Loading cached samples: task=state_dept split=internal_valid_samples...
[M5-PREP] Loaded cached samples: task=state_dept split=internal_valid_samples n=63 | stage 00:00 | total 00:00
[M5-PREP] Loading cached samples: task=state_dept split=test_samples...
[M5-PREP] Loaded cached samples: task=state_dept split=test_samples n=84 | stage 00:00 | total 00:00
[I 2026-04-25 14:40:16,559] A new study created in memory with name: m5_multistage_tuning
Training samples: 1015 | Validation samples: 210
[I 2026-04-25 14:40:51,912] Trial 0 finished with value: 0.9233754848790211 and parameters: {'hidden_dim': 96, 'dropout': 0.03900466011060913, 'lr': 0.0003051362379613694, 'weight_decay': 1.4347159517201402e-06, 'batch_size': 16, 'cnn_num_blocks': 3, 'cnn_kernel_size': 3, 'num_heads': 8, 'num_sab_layers': 3, 'num_seeds': 2, 'num_inducing_points': 64}. Best is trial 0 with value: 0.9233754848790211.
Training samples: 1015 | Validation samples: 210
Early stopping at epoch 8
[I 2026-04-25 14:41:14,579] Trial 1 finished with value: 0.9403900818205152 and parameters: {'hidden_dim': 128, 'dropout': 0.1518862129753596, 'lr': 0.0003173817328542999, 'weight_decay': 1.4982086432155468e-06, 'batch_size': 32, 'cnn_num_blocks': 4, 'cnn_kernel_size': 3, 'num_heads': 8, 'num_sab_layers': 2, 'num_seeds': 2, 'num_inducing_points': 32}. Best is trial 0 with value: 0.9233754848790211.
Training samples: 1015 | Validation samples: 210
[I 2026-04-25 14:41:27,461] Trial 2 finished with value: 0.9539620738777957 and parameters: {'hidden_dim': 64, 'dropout': 0.022123125512979874, 'lr': 0.0003400350826442215, 'weight_decay': 1.3245461546001878e-06, 'batch_size': 32, 'cnn_num_blocks': 2, 'cnn_kernel_size': 3, 'num_heads': 8, 'num_sab_layers': 1, 'num_seeds': 1, 'num_inducing_points': 32}. Best is trial 0 with value: 0.9233754848790211.
Training samples: 1015 | Validation samples: 210
[I 2026-04-25 14:41:41,328] Trial 3 finished with value: 0.9294973024569705 and parameters: {'hidden_dim': 128, 'dropout': 0.0827245062131623, 'lr': 0.00023756388334765505, 'weight_decay': 6.907675985896197e-06, 'batch_size': 32, 'cnn_num_blocks': 2, 'cnn_kernel_size': 5, 'num_heads': 4, 'num_sab_layers': 1, 'num_seeds': 1, 'num_inducing_points': 16}. Best is trial 0 with value: 0.9233754848790211.
Training samples: 1015 | Validation samples: 210
[I 2026-04-25 14:41:54,479] Trial 4 finished with value: 0.9360191016161693 and parameters: {'hidden_dim': 64, 'dropout': 0.057199541372905616, 'lr': 0.00024635727675700333, 'weight_decay': 6.053833609355688e-06, 'batch_size': 32, 'cnn_num_blocks': 3, 'cnn_kernel_size': 5, 'num_heads': 8, 'num_sab_layers': 1, 'num_seeds': 2, 'num_inducing_points': 16}. Best is trial 0 with value: 0.9233754848790211.
Training samples: 1015 | Validation samples: 210
[I 2026-04-25 14:42:01,981] Trial 5 pruned. Pruned at stage=stage1, task=store_dept, fold=0, epoch=4
Training samples: 1015 | Validation samples: 210
[I 2026-04-25 14:42:12,832] Trial 6 pruned. Pruned at stage=stage1, task=store_dept, fold=0, epoch=4
Training samples: 1015 | Validation samples: 210
[I 2026-04-25 14:42:17,622] Trial 7 pruned. Pruned at stage=stage1, task=store_dept, fold=0, epoch=4
Training samples: 1015 | Validation samples: 210
[I 2026-04-25 14:42:28,057] Trial 8 pruned. Pruned at stage=stage1, task=store_dept, fold=0, epoch=4
Training samples: 1015 | Validation samples: 210
[I 2026-04-25 14:42:46,750] Trial 9 pruned. Pruned at stage=stage1, task=store_dept, fold=0, epoch=6
Training samples: 1015 | Validation samples: 210
[I 2026-04-25 14:43:04,472] Trial 10 pruned. Pruned at stage=stage1, task=store_dept, fold=0, epoch=4
Training samples: 1015 | Validation samples: 210
Early stopping at epoch 5
[I 2026-04-25 14:43:24,415] Trial 11 finished with value: 0.9517199593197923 and parameters: {'hidden_dim': 128, 'dropout': 0.0857164339367497, 'lr': 0.00021887362287630437, 'weight_decay': 5.103434960881744e-06, 'batch_size': 16, 'cnn_num_blocks': 3, 'cnn_kernel_size': 5, 'num_heads': 4, 'num_sab_layers': 2, 'num_seeds': 1, 'num_inducing_points': 16}. Best is trial 0 with value: 0.9233754848790211.
Training samples: 1015 | Validation samples: 210
[I 2026-04-25 14:43:46,034] Trial 12 pruned. Pruned at stage=stage1, task=store_dept, fold=0, epoch=5
Training samples: 1015 | Validation samples: 210
[I 2026-04-25 14:44:07,697] Trial 13 pruned. Pruned at stage=stage1, task=store_dept, fold=0, epoch=4
Training samples: 1015 | Validation samples: 210
[I 2026-04-25 14:44:22,021] Trial 14 pruned. Pruned at stage=stage1, task=store_dept, fold=0, epoch=6
Training samples: 1015 | Validation samples: 210
Early stopping at epoch 8
[I 2026-04-25 14:44:46,999] Trial 15 finished with value: 0.9321815040212785 and parameters: {'hidden_dim': 128, 'dropout': 0.12117894333100225, 'lr': 0.00020165431733339172, 'weight_decay': 2.8828384310943797e-06, 'batch_size': 16, 'cnn_num_blocks': 2, 'cnn_kernel_size': 5, 'num_heads': 8, 'num_sab_layers': 1, 'num_seeds': 1, 'num_inducing_points': 64}. Best is trial 0 with value: 0.9233754848790211.
Training samples: 1015 | Validation samples: 210
[I 2026-04-25 14:45:04,743] Trial 16 pruned. Pruned at stage=stage1, task=store_dept, fold=0, epoch=4
Training samples: 1015 | Validation samples: 210
[I 2026-04-25 14:45:13,333] Trial 17 pruned. Pruned at stage=stage1, task=store_dept, fold=0, epoch=4
Training samples: 1015 | Validation samples: 210
Early stopping at epoch 8
[I 2026-04-25 14:45:45,527] Trial 18 finished with value: 0.9387252454602225 and parameters: {'hidden_dim': 160, 'dropout': 0.0801875668295837, 'lr': 0.0002704994123558611, 'weight_decay': 8.214928530155189e-06, 'batch_size': 32, 'cnn_num_blocks': 3, 'cnn_kernel_size': 3, 'num_heads': 4, 'num_sab_layers': 3, 'num_seeds': 1, 'num_inducing_points': 16}. Best is trial 0 with value: 0.9233754848790211.
Training samples: 1015 | Validation samples: 210
[I 2026-04-25 14:46:01,267] Trial 19 pruned. Pruned at stage=stage1, task=store_dept, fold=0, epoch=4
Training samples: 1015 | Validation samples: 210
[I 2026-04-25 14:46:18,793] Trial 20 pruned. Pruned at stage=stage1, task=store_dept, fold=0, epoch=4
Training samples: 1015 | Validation samples: 210
[I 2026-04-25 14:46:34,063] Trial 21 pruned. Pruned at stage=stage1, task=store_dept, fold=0, epoch=5
Training samples: 1015 | Validation samples: 210
[I 2026-04-25 14:46:46,325] Trial 22 pruned. Pruned at stage=stage1, task=store_dept, fold=0, epoch=4
Training samples: 1015 | Validation samples: 210
[I 2026-04-25 14:47:11,448] Trial 23 finished with value: 0.9393862179802338 and parameters: {'hidden_dim': 128, 'dropout': 0.17967735111934852, 'lr': 0.00020014201305130984, 'weight_decay': 8.602767241085451e-06, 'batch_size': 16, 'cnn_num_blocks': 2, 'cnn_kernel_size': 5, 'num_heads': 8, 'num_sab_layers': 1, 'num_seeds': 1, 'num_inducing_points': 64}. Best is trial 0 with value: 0.9233754848790211.
Training samples: 1015 | Validation samples: 210
[I 2026-04-25 14:47:26,708] Trial 24 pruned. Pruned at stage=stage1, task=store_dept, fold=0, epoch=5
Training samples: 1015 | Validation samples: 210
[I 2026-04-25 14:47:44,375] Trial 25 finished with value: 0.9248058384285178 and parameters: {'hidden_dim': 128, 'dropout': 0.05995508674356256, 'lr': 0.00024125566520852027, 'weight_decay': 1.5700789733121385e-05, 'batch_size': 32, 'cnn_num_blocks': 2, 'cnn_kernel_size': 5, 'num_heads': 8, 'num_sab_layers': 1, 'num_seeds': 1, 'num_inducing_points': 64}. Best is trial 0 with value: 0.9233754848790211.
Training samples: 1015 | Validation samples: 210
Early stopping at epoch 8
[I 2026-04-25 14:48:00,478] Trial 26 finished with value: 0.9272213693441702 and parameters: {'hidden_dim': 96, 'dropout': 0.05878867810408353, 'lr': 0.00042050697627847914, 'weight_decay': 4.1690096369782735e-05, 'batch_size': 32, 'cnn_num_blocks': 2, 'cnn_kernel_size': 5, 'num_heads': 8, 'num_sab_layers': 1, 'num_seeds': 2, 'num_inducing_points': 16}. Best is trial 0 with value: 0.9233754848790211.
Training samples: 1015 | Validation samples: 210
[I 2026-04-25 14:48:08,821] Trial 27 pruned. Pruned at stage=stage1, task=store_dept, fold=0, epoch=4
Training samples: 1015 | Validation samples: 210
[I 2026-04-25 14:48:22,493] Trial 28 pruned. Pruned at stage=stage1, task=store_dept, fold=0, epoch=5
Training samples: 1015 | Validation samples: 210
[I 2026-04-25 14:48:36,581] Trial 29 pruned. Pruned at stage=stage1, task=store_dept, fold=0, epoch=5
Training samples: 1015 | Validation samples: 210
[I 2026-04-25 14:48:49,270] Trial 30 pruned. Pruned at stage=stage1, task=store_dept, fold=0, epoch=5
Training samples: 1015 | Validation samples: 210
[I 2026-04-25 14:48:58,523] Trial 31 pruned. Pruned at stage=stage1, task=store_dept, fold=0, epoch=5
Training samples: 1015 | Validation samples: 210
[I 2026-04-25 14:49:18,203] Trial 32 finished with value: 0.9254350963770999 and parameters: {'hidden_dim': 160, 'dropout': 0.09241574023308309, 'lr': 0.0003189543996717882, 'weight_decay': 5.048253530847886e-05, 'batch_size': 32, 'cnn_num_blocks': 2, 'cnn_kernel_size': 5, 'num_heads': 8, 'num_sab_layers': 1, 'num_seeds': 2, 'num_inducing_points': 16}. Best is trial 0 with value: 0.9233754848790211.
Training samples: 1015 | Validation samples: 210
[I 2026-04-25 14:49:27,916] Trial 33 pruned. Pruned at stage=stage1, task=store_dept, fold=0, epoch=4
Training samples: 1015 | Validation samples: 210
[I 2026-04-25 14:49:47,578] Trial 34 finished with value: 0.9156108429748958 and parameters: {'hidden_dim': 160, 'dropout': 0.055303726013942456, 'lr': 0.00031964718776886453, 'weight_decay': 8.91507801935422e-05, 'batch_size': 32, 'cnn_num_blocks': 2, 'cnn_kernel_size': 5, 'num_heads': 8, 'num_sab_layers': 1, 'num_seeds': 2, 'num_inducing_points': 16}. Best is trial 34 with value: 0.9156108429748958.
Training samples: 1015 | Validation samples: 210
[I 2026-04-25 14:49:57,268] Trial 35 pruned. Pruned at stage=stage1, task=store_dept, fold=0, epoch=4
Training samples: 1015 | Validation samples: 210
[I 2026-04-25 14:50:17,578] Trial 36 finished with value: 0.9272305216408392 and parameters: {'hidden_dim': 160, 'dropout': 0.04583134086647614, 'lr': 0.00030003890737323463, 'weight_decay': 0.00021965644814651112, 'batch_size': 32, 'cnn_num_blocks': 2, 'cnn_kernel_size': 5, 'num_heads': 8, 'num_sab_layers': 1, 'num_seeds': 2, 'num_inducing_points': 32}. Best is trial 34 with value: 0.9156108429748958.
Training samples: 1015 | Validation samples: 210
[I 2026-04-25 14:50:29,435] Trial 37 pruned. Pruned at stage=stage1, task=store_dept, fold=0, epoch=5
Training samples: 1015 | Validation samples: 210
[I 2026-04-25 14:50:38,293] Trial 38 pruned. Pruned at stage=stage1, task=store_dept, fold=0, epoch=4
Training samples: 1015 | Validation samples: 210
[I 2026-04-25 14:50:48,905] Trial 39 pruned. Pruned at stage=stage1, task=store_dept, fold=0, epoch=4
Training samples: 1015 | Validation samples: 210
[I 2026-04-25 14:50:59,889] Trial 40 pruned. Pruned at stage=stage1, task=store_dept, fold=0, epoch=4
Training samples: 1015 | Validation samples: 210
[I 2026-04-25 14:51:10,672] Trial 41 pruned. Pruned at stage=stage1, task=store_dept, fold=0, epoch=7
Training samples: 1015 | Validation samples: 210
[I 2026-04-25 14:51:30,408] Trial 42 finished with value: 0.9123226160039678 and parameters: {'hidden_dim': 160, 'dropout': 0.07543487127449208, 'lr': 0.0002827154298903734, 'weight_decay': 3.6051903771119274e-05, 'batch_size': 32, 'cnn_num_blocks': 2, 'cnn_kernel_size': 5, 'num_heads': 8, 'num_sab_layers': 1, 'num_seeds': 2, 'num_inducing_points': 16}. Best is trial 42 with value: 0.9123226160039678.
Training samples: 1015 | Validation samples: 210
[I 2026-04-25 14:51:40,149] Trial 43 pruned. Pruned at stage=stage1, task=store_dept, fold=0, epoch=4
Training samples: 1015 | Validation samples: 210
[I 2026-04-25 14:51:49,352] Trial 44 pruned. Pruned at stage=stage1, task=store_dept, fold=0, epoch=4
Training samples: 1015 | Validation samples: 210
[I 2026-04-25 14:52:11,961] Trial 45 pruned. Pruned at stage=stage1, task=store_dept, fold=0, epoch=5
Training samples: 1015 | Validation samples: 210
[I 2026-04-25 14:52:32,994] Trial 46 finished with value: 0.9125957617204717 and parameters: {'hidden_dim': 160, 'dropout': 0.02804948118467082, 'lr': 0.0005196803712076605, 'weight_decay': 9.845206316055929e-05, 'batch_size': 32, 'cnn_num_blocks': 2, 'cnn_kernel_size': 5, 'num_heads': 8, 'num_sab_layers': 1, 'num_seeds': 2, 'num_inducing_points': 32}. Best is trial 42 with value: 0.9123226160039678.
Training samples: 1015 | Validation samples: 210
[I 2026-04-25 14:52:43,066] Trial 47 pruned. Pruned at stage=stage1, task=store_dept, fold=0, epoch=4
Training samples: 1015 | Validation samples: 210
[I 2026-04-25 14:52:55,592] Trial 48 pruned. Pruned at stage=stage1, task=store_dept, fold=0, epoch=5
Training samples: 1015 | Validation samples: 210
[I 2026-04-25 14:53:10,551] Trial 49 pruned. Pruned at stage=stage1, task=store_dept, fold=0, epoch=4
Training samples: 1015 | Validation samples: 210
[I 2026-04-25 14:53:23,445] Trial 50 pruned. Pruned at stage=stage1, task=store_dept, fold=0, epoch=5
Training samples: 1015 | Validation samples: 210
[I 2026-04-25 14:53:46,651] Trial 51 finished with value: 0.9162586442020673 and parameters: {'hidden_dim': 160, 'dropout': 0.08439512256643994, 'lr': 0.00034083749716976394, 'weight_decay': 5.867682115310558e-05, 'batch_size': 32, 'cnn_num_blocks': 2, 'cnn_kernel_size': 5, 'num_heads': 8, 'num_sab_layers': 1, 'num_seeds': 2, 'num_inducing_points': 64}. Best is trial 42 with value: 0.9123226160039678.
Training samples: 1015 | Validation samples: 210
[I 2026-04-25 14:53:57,944] Trial 52 pruned. Pruned at stage=stage1, task=store_dept, fold=0, epoch=4
Training samples: 1015 | Validation samples: 210
[I 2026-04-25 14:54:20,899] Trial 53 finished with value: 0.9344479770047047 and parameters: {'hidden_dim': 160, 'dropout': 0.08004526386629995, 'lr': 0.0002658303051308134, 'weight_decay': 3.19090573851418e-05, 'batch_size': 32, 'cnn_num_blocks': 2, 'cnn_kernel_size': 5, 'num_heads': 8, 'num_sab_layers': 1, 'num_seeds': 2, 'num_inducing_points': 64}. Best is trial 42 with value: 0.9123226160039678.
Training samples: 1015 | Validation samples: 210
[I 2026-04-25 14:54:32,234] Trial 54 pruned. Pruned at stage=stage1, task=store_dept, fold=0, epoch=4
Training samples: 1015 | Validation samples: 210
Early stopping at epoch 7
[I 2026-04-25 14:55:10,820] Trial 55 finished with value: 0.9483360443155716 and parameters: {'hidden_dim': 160, 'dropout': 0.06448145976650793, 'lr': 0.00034080059042172783, 'weight_decay': 1.3005834620365027e-06, 'batch_size': 32, 'cnn_num_blocks': 3, 'cnn_kernel_size': 5, 'num_heads': 8, 'num_sab_layers': 3, 'num_seeds': 1, 'num_inducing_points': 64}. Best is trial 42 with value: 0.9123226160039678.
Training samples: 1015 | Validation samples: 210
Early stopping at epoch 5
[I 2026-04-25 14:55:27,495] Trial 56 finished with value: 0.9366562217458823 and parameters: {'hidden_dim': 160, 'dropout': 0.016608782934568616, 'lr': 0.00022617082719892542, 'weight_decay': 0.00015995302913384958, 'batch_size': 16, 'cnn_num_blocks': 2, 'cnn_kernel_size': 5, 'num_heads': 4, 'num_sab_layers': 1, 'num_seeds': 2, 'num_inducing_points': 64}. Best is trial 42 with value: 0.9123226160039678.
Training samples: 1015 | Validation samples: 210
[I 2026-04-25 14:55:37,879] Trial 57 pruned. Pruned at stage=stage1, task=store_dept, fold=0, epoch=5
Training samples: 1015 | Validation samples: 210
[I 2026-04-25 14:55:55,430] Trial 58 pruned. Pruned at stage=stage1, task=store_dept, fold=0, epoch=4
Training samples: 1015 | Validation samples: 210
[I 2026-04-25 14:56:04,866] Trial 59 pruned. Pruned at stage=stage1, task=store_dept, fold=0, epoch=5
Training samples: 1015 | Validation samples: 210
[I 2026-04-25 14:56:20,381] Trial 60 pruned. Pruned at stage=stage1, task=store_dept, fold=0, epoch=4
Training samples: 1015 | Validation samples: 210
[I 2026-04-25 14:56:32,930] Trial 61 pruned. Pruned at stage=stage1, task=store_dept, fold=0, epoch=5
Training samples: 1015 | Validation samples: 210
[I 2026-04-25 14:56:43,028] Trial 62 pruned. Pruned at stage=stage1, task=store_dept, fold=0, epoch=4
Training samples: 1015 | Validation samples: 210
[I 2026-04-25 14:56:53,176] Trial 63 pruned. Pruned at stage=stage1, task=store_dept, fold=0, epoch=4
Training samples: 1015 | Validation samples: 210
[I 2026-04-25 14:57:07,163] Trial 64 pruned. Pruned at stage=stage1, task=store_dept, fold=0, epoch=5
Training samples: 1015 | Validation samples: 210
