[I 2026-04-25 14:57:19,675] Trial 65 pruned. Pruned at stage=stage1, task=store_dept, fold=0, epoch=5
Training samples: 1015 | Validation samples: 210
Early stopping at epoch 7
[I 2026-04-25 14:57:34,212] Trial 66 finished with value: 0.9272177142306751 and parameters: {'hidden_dim': 96, 'dropout': 0.053143830285384976, 'lr': 0.0003904072570800713, 'weight_decay': 4.420261002548545e-05, 'batch_size': 32, 'cnn_num_blocks': 2, 'cnn_kernel_size': 5, 'num_heads': 8, 'num_sab_layers': 1, 'num_seeds': 2, 'num_inducing_points': 32}. Best is trial 42 with value: 0.9123226160039678.
Training samples: 1015 | Validation samples: 210
[I 2026-04-25 14:58:06,082] Trial 67 finished with value: 0.9381537428368659 and parameters: {'hidden_dim': 128, 'dropout': 0.08366082813294384, 'lr': 0.0003092900705011952, 'weight_decay': 1.0008278677941507e-05, 'batch_size': 32, 'cnn_num_blocks': 3, 'cnn_kernel_size': 5, 'num_heads': 8, 'num_sab_layers': 3, 'num_seeds': 1, 'num_inducing_points': 64}. Best is trial 42 with value: 0.9123226160039678.
Training samples: 1015 | Validation samples: 210
[I 2026-04-25 14:58:18,063] Trial 68 pruned. Pruned at stage=stage1, task=store_dept, fold=0, epoch=4
Training samples: 1015 | Validation samples: 210
[I 2026-04-25 14:58:25,981] Trial 69 pruned. Pruned at stage=stage1, task=store_dept, fold=0, epoch=4
Training samples: 1015 | Validation samples: 210
[I 2026-04-25 14:58:52,532] Trial 70 finished with value: 0.928292120059291 and parameters: {'hidden_dim': 160, 'dropout': 0.09868662452457064, 'lr': 0.0003520097178874023, 'weight_decay': 8.416284364557052e-05, 'batch_size': 32, 'cnn_num_blocks': 2, 'cnn_kernel_size': 5, 'num_heads': 8, 'num_sab_layers': 2, 'num_seeds': 2, 'num_inducing_points': 16}. Best is trial 42 with value: 0.9123226160039678.
Training samples: 1015 | Validation samples: 210
[I 2026-04-25 14:59:06,160] Trial 71 pruned. Pruned at stage=stage1, task=store_dept, fold=0, epoch=7
Training samples: 1015 | Validation samples: 210
[I 2026-04-25 14:59:22,457] Trial 72 finished with value: 0.9261218119863944 and parameters: {'hidden_dim': 96, 'dropout': 0.05342610726603639, 'lr': 0.0002591000662595332, 'weight_decay': 5.787857354472282e-05, 'batch_size': 32, 'cnn_num_blocks': 2, 'cnn_kernel_size': 5, 'num_heads': 8, 'num_sab_layers': 1, 'num_seeds': 2, 'num_inducing_points': 32}. Best is trial 42 with value: 0.9123226160039678.
Training samples: 1015 | Validation samples: 210
[I 2026-04-25 14:59:32,265] Trial 73 pruned. Pruned at stage=stage1, task=store_dept, fold=0, epoch=5
Training samples: 1015 | Validation samples: 210
[I 2026-04-25 14:59:40,189] Trial 74 pruned. Pruned at stage=stage1, task=store_dept, fold=0, epoch=4
Training samples: 1015 | Validation samples: 210
[I 2026-04-25 14:59:50,996] Trial 75 pruned. Pruned at stage=stage1, task=store_dept, fold=0, epoch=5
Training samples: 1015 | Validation samples: 210
[I 2026-04-25 14:59:58,475] Trial 76 pruned. Pruned at stage=stage1, task=store_dept, fold=0, epoch=4
Training samples: 1015 | Validation samples: 210
[I 2026-04-25 15:00:34,629] Trial 77 finished with value: 0.9165465589095144 and parameters: {'hidden_dim': 160, 'dropout': 0.09173299336889429, 'lr': 0.00023287474177994326, 'weight_decay': 1.0238814894449773e-06, 'batch_size': 16, 'cnn_num_blocks': 3, 'cnn_kernel_size': 3, 'num_heads': 8, 'num_sab_layers': 3, 'num_seeds': 2, 'num_inducing_points': 16}. Best is trial 42 with value: 0.9123226160039678.
Training samples: 1015 | Validation samples: 210
[I 2026-04-25 15:00:52,173] Trial 78 pruned. Pruned at stage=stage1, task=store_dept, fold=0, epoch=4
Training samples: 1015 | Validation samples: 210
[I 2026-04-25 15:01:13,497] Trial 79 pruned. Pruned at stage=stage1, task=store_dept, fold=0, epoch=5
Training samples: 1015 | Validation samples: 210
[I 2026-04-25 15:01:34,956] Trial 80 pruned. Pruned at stage=stage1, task=store_dept, fold=0, epoch=5
Training samples: 1015 | Validation samples: 210
[I 2026-04-25 15:01:56,429] Trial 81 pruned. Pruned at stage=stage1, task=store_dept, fold=0, epoch=5
Training samples: 1015 | Validation samples: 210
[I 2026-04-25 15:02:17,776] Trial 82 pruned. Pruned at stage=stage1, task=store_dept, fold=0, epoch=5
Training samples: 1015 | Validation samples: 210
[I 2026-04-25 15:02:24,237] Trial 83 pruned. Pruned at stage=stage1, task=store_dept, fold=0, epoch=4
Training samples: 1015 | Validation samples: 210
[I 2026-04-25 15:02:31,742] Trial 84 pruned. Pruned at stage=stage1, task=store_dept, fold=0, epoch=4
Training samples: 1015 | Validation samples: 210
[I 2026-04-25 15:02:43,753] Trial 85 pruned. Pruned at stage=stage1, task=store_dept, fold=0, epoch=5
Training samples: 1015 | Validation samples: 210
[I 2026-04-25 15:03:00,371] Trial 86 pruned. Pruned at stage=stage1, task=store_dept, fold=0, epoch=4
Training samples: 1015 | Validation samples: 210
[I 2026-04-25 15:03:20,805] Trial 87 pruned. Pruned at stage=stage1, task=store_dept, fold=0, epoch=7
Training samples: 1015 | Validation samples: 210
[I 2026-04-25 15:03:33,398] Trial 88 pruned. Pruned at stage=stage1, task=store_dept, fold=0, epoch=4
Training samples: 1015 | Validation samples: 210
[I 2026-04-25 15:03:45,290] Trial 89 pruned. Pruned at stage=stage1, task=store_dept, fold=0, epoch=5
Training samples: 1015 | Validation samples: 210
[I 2026-04-25 15:04:15,362] Trial 90 pruned. Pruned at stage=stage1, task=store_dept, fold=0, epoch=7
Training samples: 1015 | Validation samples: 210
[I 2026-04-25 15:04:31,905] Trial 91 finished with value: 0.9347331005488906 and parameters: {'hidden_dim': 96, 'dropout': 0.05390781435754409, 'lr': 0.001344256322759325, 'weight_decay': 4.782025227941273e-05, 'batch_size': 32, 'cnn_num_blocks': 2, 'cnn_kernel_size': 5, 'num_heads': 8, 'num_sab_layers': 1, 'num_seeds': 2, 'num_inducing_points': 32}. Best is trial 42 with value: 0.9123226160039678.
Training samples: 1015 | Validation samples: 210
Early stopping at epoch 7
[I 2026-04-25 15:04:46,392] Trial 92 finished with value: 0.9426078155274203 and parameters: {'hidden_dim': 96, 'dropout': 0.04829942600473611, 'lr': 0.00040884901962470586, 'weight_decay': 4.128460776812416e-05, 'batch_size': 32, 'cnn_num_blocks': 2, 'cnn_kernel_size': 5, 'num_heads': 8, 'num_sab_layers': 1, 'num_seeds': 2, 'num_inducing_points': 32}. Best is trial 42 with value: 0.9123226160039678.
Training samples: 1015 | Validation samples: 210
[I 2026-04-25 15:04:54,490] Trial 93 pruned. Pruned at stage=stage1, task=store_dept, fold=0, epoch=4
Training samples: 1015 | Validation samples: 210
[I 2026-04-25 15:05:04,422] Trial 94 pruned. Pruned at stage=stage1, task=store_dept, fold=0, epoch=5
Training samples: 1015 | Validation samples: 210
