[I 2026-04-25 14:06:00,861] Trial 1 finished with value: 0.9315047468396503 and parameters: {'hidden_dim': 128, 'dropout': 0.07280728504951048, 'lr': 0.0010486361783805694, 'weight_decay': 2.379522116387725e-06, 'batch_size': 64, 'cnn_num_blocks': 2, 'cnn_kernel_size': 3}. Best is trial 0 with value: 0.9235898400683137.
Training samples: 1015 | Validation samples: 210
[I 2026-04-25 14:06:13,499] Trial 2 finished with value: 0.9338786545635264 and parameters: {'hidden_dim': 160, 'dropout': 0.24140800826863984, 'lr': 0.0017855789220062087, 'weight_decay': 6.639623079859462e-06, 'batch_size': 32, 'cnn_num_blocks': 3, 'cnn_kernel_size': 3}. Best is trial 0 with value: 0.9235898400683137.
Training samples: 1015 | Validation samples: 210
[I 2026-04-25 14:06:28,678] Trial 3 finished with value: 0.9431063129121714 and parameters: {'hidden_dim': 64, 'dropout': 0.04621361388138176, 'lr': 0.0027628035240548827, 'weight_decay': 0.0001236118879733733, 'batch_size': 16, 'cnn_num_blocks': 2, 'cnn_kernel_size': 5}. Best is trial 0 with value: 0.9235898400683137.
Training samples: 1015 | Validation samples: 210
[I 2026-04-25 14:06:32,795] Trial 4 pruned. Pruned at stage=stage1, task=store_dept, fold=0, epoch=4
Training samples: 1015 | Validation samples: 210
[I 2026-04-25 14:06:40,983] Trial 5 pruned. Pruned at stage=stage1, task=store_dept, fold=0, epoch=4
Training samples: 1015 | Validation samples: 210
Early stopping at epoch 5
[I 2026-04-25 14:06:51,570] Trial 6 finished with value: 0.9542414200357648 and parameters: {'hidden_dim': 128, 'dropout': 0.19274179498864025, 'lr': 0.0007616907478441681, 'weight_decay': 2.5753735248615608e-05, 'batch_size': 16, 'cnn_num_blocks': 3, 'cnn_kernel_size': 5}. Best is trial 0 with value: 0.9235898400683137.
Training samples: 1015 | Validation samples: 210
[I 2026-04-25 14:06:59,174] Trial 7 pruned. Pruned at stage=stage1, task=store_dept, fold=0, epoch=4
Training samples: 1015 | Validation samples: 210
[I 2026-04-25 14:07:14,548] Trial 8 finished with value: 0.9208648719300946 and parameters: {'hidden_dim': 96, 'dropout': 0.05698379063548542, 'lr': 0.0006358398347237379, 'weight_decay': 0.000161360531728048, 'batch_size': 16, 'cnn_num_blocks': 2, 'cnn_kernel_size': 5}. Best is trial 8 with value: 0.9208648719300946.
Training samples: 1015 | Validation samples: 210
[I 2026-04-25 14:07:22,564] Trial 9 pruned. Pruned at stage=stage1, task=store_dept, fold=0, epoch=4
Training samples: 1015 | Validation samples: 210
[I 2026-04-25 14:07:28,332] Trial 10 pruned. Pruned at stage=stage1, task=store_dept, fold=0, epoch=4
Training samples: 1015 | Validation samples: 210
[I 2026-04-25 14:07:45,293] Trial 11 finished with value: 0.9112519740501054 and parameters: {'hidden_dim': 96, 'dropout': 0.12191654259259979, 'lr': 0.00028099057216246737, 'weight_decay': 0.00047446330391074444, 'batch_size': 16, 'cnn_num_blocks': 4, 'cnn_kernel_size': 5}. Best is trial 11 with value: 0.9112519740501054.
Training samples: 1015 | Validation samples: 210
[I 2026-04-25 14:07:54,106] Trial 12 pruned. Pruned at stage=stage1, task=store_dept, fold=0, epoch=4
Training samples: 1015 | Validation samples: 210
[I 2026-04-25 14:07:59,798] Trial 13 pruned. Pruned at stage=stage1, task=store_dept, fold=0, epoch=4
Training samples: 1015 | Validation samples: 210
[I 2026-04-25 14:08:08,696] Trial 14 pruned. Pruned at stage=stage1, task=store_dept, fold=0, epoch=4
Training samples: 1015 | Validation samples: 210
[I 2026-04-25 14:08:15,114] Trial 15 pruned. Pruned at stage=stage1, task=store_dept, fold=0, epoch=4
Training samples: 1015 | Validation samples: 210
[I 2026-04-25 14:08:33,052] Trial 16 finished with value: 0.9189076579795733 and parameters: {'hidden_dim': 96, 'dropout': 0.0962419757805966, 'lr': 0.001349238036051849, 'weight_decay': 6.007564418258408e-05, 'batch_size': 16, 'cnn_num_blocks': 4, 'cnn_kernel_size': 5}. Best is trial 11 with value: 0.9112519740501054.
Training samples: 1015 | Validation samples: 210
[I 2026-04-25 14:08:41,804] Trial 17 pruned. Pruned at stage=stage1, task=store_dept, fold=0, epoch=4
Training samples: 1015 | Validation samples: 210
[I 2026-04-25 14:08:47,621] Trial 18 pruned. Pruned at stage=stage1, task=store_dept, fold=0, epoch=4
Training samples: 1015 | Validation samples: 210
[I 2026-04-25 14:08:52,558] Trial 19 pruned. Pruned at stage=stage1, task=store_dept, fold=0, epoch=4
Training samples: 1015 | Validation samples: 210
[I 2026-04-25 14:09:01,912] Trial 20 pruned. Pruned at stage=stage1, task=store_dept, fold=0, epoch=4
Training samples: 1015 | Validation samples: 210
[I 2026-04-25 14:09:17,751] Trial 21 finished with value: 0.9039604842040353 and parameters: {'hidden_dim': 96, 'dropout': 0.06430001547464287, 'lr': 0.0006831084499697945, 'weight_decay': 0.0002365988352463804, 'batch_size': 16, 'cnn_num_blocks': 2, 'cnn_kernel_size': 5}. Best is trial 21 with value: 0.9039604842040353.
Training samples: 1015 | Validation samples: 210
[I 2026-04-25 14:09:26,491] Trial 22 pruned. Pruned at stage=stage1, task=store_dept, fold=0, epoch=4
Training samples: 1015 | Validation samples: 210
[I 2026-04-25 14:09:35,294] Trial 23 pruned. Pruned at stage=stage1, task=store_dept, fold=0, epoch=4
Training samples: 1015 | Validation samples: 210
[I 2026-04-25 14:09:44,821] Trial 24 pruned. Pruned at stage=stage1, task=store_dept, fold=0, epoch=5
Training samples: 1015 | Validation samples: 210
[I 2026-04-25 14:09:53,830] Trial 25 pruned. Pruned at stage=stage1, task=store_dept, fold=0, epoch=4
Training samples: 1015 | Validation samples: 210
[I 2026-04-25 14:10:01,625] Trial 26 pruned. Pruned at stage=stage1, task=store_dept, fold=0, epoch=4
Training samples: 1015 | Validation samples: 210
[I 2026-04-25 14:10:12,631] Trial 27 pruned. Pruned at stage=stage1, task=store_dept, fold=0, epoch=5
Training samples: 1015 | Validation samples: 210
[I 2026-04-25 14:10:16,505] Trial 28 pruned. Pruned at stage=stage1, task=store_dept, fold=0, epoch=4
Training samples: 1015 | Validation samples: 210
[I 2026-04-25 14:10:21,879] Trial 29 pruned. Pruned at stage=stage1, task=store_dept, fold=0, epoch=4
Training samples: 1015 | Validation samples: 210
[I 2026-04-25 14:10:30,834] Trial 30 pruned. Pruned at stage=stage1, task=store_dept, fold=0, epoch=4
Training samples: 1015 | Validation samples: 210
[I 2026-04-25 14:10:38,697] Trial 31 pruned. Pruned at stage=stage1, task=store_dept, fold=0, epoch=4
Training samples: 1015 | Validation samples: 210
[I 2026-04-25 14:10:46,551] Trial 32 pruned. Pruned at stage=stage1, task=store_dept, fold=0, epoch=4
Training samples: 1015 | Validation samples: 210
[I 2026-04-25 14:10:54,399] Trial 33 pruned. Pruned at stage=stage1, task=store_dept, fold=0, epoch=4
Training samples: 1015 | Validation samples: 210
[I 2026-04-25 14:11:10,211] Trial 34 finished with value: 0.9216566732338599 and parameters: {'hidden_dim': 96, 'dropout': 0.025241935162690292, 'lr': 0.0008841732997273973, 'weight_decay': 0.00010210605593024087, 'batch_size': 16, 'cnn_num_blocks': 2, 'cnn_kernel_size': 3}. Best is trial 21 with value: 0.9039604842040353.
Training samples: 1015 | Validation samples: 210
[I 2026-04-25 14:11:17,958] Trial 35 pruned. Pruned at stage=stage1, task=store_dept, fold=0, epoch=4
Training samples: 1015 | Validation samples: 210
[I 2026-04-25 14:11:24,124] Trial 36 pruned. Pruned at stage=stage1, task=store_dept, fold=0, epoch=4
Training samples: 1015 | Validation samples: 210
[I 2026-04-25 14:11:41,162] Trial 37 finished with value: 0.9300517768585289 and parameters: {'hidden_dim': 96, 'dropout': 0.08221754103280515, 'lr': 0.0002615900991384774, 'weight_decay': 0.00013701256157121742, 'batch_size': 16, 'cnn_num_blocks': 3, 'cnn_kernel_size': 5}. Best is trial 21 with value: 0.9039604842040353.
Training samples: 1015 | Validation samples: 210
[I 2026-04-25 14:11:51,059] Trial 38 pruned. Pruned at stage=stage1, task=store_dept, fold=0, epoch=5
Training samples: 1015 | Validation samples: 210
[I 2026-04-25 14:11:55,512] Trial 39 pruned. Pruned at stage=stage1, task=store_dept, fold=0, epoch=4
Training samples: 1015 | Validation samples: 210
[I 2026-04-25 14:12:03,342] Trial 40 pruned. Pruned at stage=stage1, task=store_dept, fold=0, epoch=4
Training samples: 1015 | Validation samples: 210
[I 2026-04-25 14:12:12,247] Trial 41 pruned. Pruned at stage=stage1, task=store_dept, fold=0, epoch=5
Training samples: 1015 | Validation samples: 210
Early stopping at epoch 8
[I 2026-04-25 14:12:26,964] Trial 42 finished with value: 0.9507965309195695 and parameters: {'hidden_dim': 96, 'dropout': 0.03412026428388062, 'lr': 0.0012166524719888709, 'weight_decay': 8.817424043063035e-05, 'batch_size': 16, 'cnn_num_blocks': 2, 'cnn_kernel_size': 3}. Best is trial 21 with value: 0.9039604842040353.
Training samples: 1015 | Validation samples: 210
[I 2026-04-25 14:12:34,516] Trial 43 pruned. Pruned at stage=stage1, task=store_dept, fold=0, epoch=4
Training samples: 1015 | Validation samples: 210
[I 2026-04-25 14:12:43,855] Trial 44 pruned. Pruned at stage=stage1, task=store_dept, fold=0, epoch=5
Training samples: 1015 | Validation samples: 210
[I 2026-04-25 14:12:54,686] Trial 45 pruned. Pruned at stage=stage1, task=store_dept, fold=0, epoch=5
Training samples: 1015 | Validation samples: 210
[I 2026-04-25 14:13:02,270] Trial 46 pruned. Pruned at stage=stage1, task=store_dept, fold=0, epoch=4
Training samples: 1015 | Validation samples: 210
[I 2026-04-25 14:13:07,925] Trial 47 pruned. Pruned at stage=stage1, task=store_dept, fold=0, epoch=4
Training samples: 1015 | Validation samples: 210
[I 2026-04-25 14:13:13,074] Trial 48 pruned. Pruned at stage=stage1, task=store_dept, fold=0, epoch=4
Training samples: 1015 | Validation samples: 210
[I 2026-04-25 14:13:19,281] Trial 49 pruned. Pruned at stage=stage1, task=store_dept, fold=0, epoch=4
Training samples: 1015 | Validation samples: 210
[I 2026-04-25 14:13:27,622] Trial 50 pruned. Pruned at stage=stage1, task=store_dept, fold=0, epoch=4
Training samples: 1015 | Validation samples: 210
[I 2026-04-25 14:13:35,494] Trial 51 pruned. Pruned at stage=stage1, task=store_dept, fold=0, epoch=4
Training samples: 1015 | Validation samples: 210
[I 2026-04-25 14:13:45,342] Trial 52 pruned. Pruned at stage=stage1, task=store_dept, fold=0, epoch=5
Training samples: 1015 | Validation samples: 210
[I 2026-04-25 14:13:53,157] Trial 53 pruned. Pruned at stage=stage1, task=store_dept, fold=0, epoch=4
Training samples: 1015 | Validation samples: 210
[I 2026-04-25 14:14:01,666] Trial 54 pruned. Pruned at stage=stage1, task=store_dept, fold=0, epoch=4
Training samples: 1015 | Validation samples: 210
[I 2026-04-25 14:14:10,211] Trial 55 pruned. Pruned at stage=stage1, task=store_dept, fold=0, epoch=4
Training samples: 1015 | Validation samples: 210
[I 2026-04-25 14:14:15,867] Trial 56 pruned. Pruned at stage=stage1, task=store_dept, fold=0, epoch=4
Training samples: 1015 | Validation samples: 210
[I 2026-04-25 14:14:23,184] Trial 57 pruned. Pruned at stage=stage1, task=store_dept, fold=0, epoch=4
Training samples: 1015 | Validation samples: 210
[I 2026-04-25 14:14:28,648] Trial 58 pruned. Pruned at stage=stage1, task=store_dept, fold=0, epoch=4
Training samples: 1015 | Validation samples: 210
[I 2026-04-25 14:14:36,589] Trial 59 pruned. Pruned at stage=stage1, task=store_dept, fold=0, epoch=4
Training samples: 1015 | Validation samples: 210
[I 2026-04-25 14:14:43,938] Trial 60 pruned. Pruned at stage=stage1, task=store_dept, fold=0, epoch=4
Training samples: 1015 | Validation samples: 210
[I 2026-04-25 14:14:51,811] Trial 61 pruned. Pruned at stage=stage1, task=store_dept, fold=0, epoch=4
Training samples: 1015 | Validation samples: 210
[I 2026-04-25 14:14:59,987] Trial 62 pruned. Pruned at stage=stage1, task=store_dept, fold=0, epoch=4
Training samples: 1015 | Validation samples: 210
[I 2026-04-25 14:15:09,533] Trial 63 pruned. Pruned at stage=stage1, task=store_dept, fold=0, epoch=5
Training samples: 1015 | Validation samples: 210
[I 2026-04-25 14:15:17,677] Trial 64 pruned. Pruned at stage=stage1, task=store_dept, fold=0, epoch=4
Training samples: 1015 | Validation samples: 210
[I 2026-04-25 14:15:26,197] Trial 65 pruned. Pruned at stage=stage1, task=store_dept, fold=0, epoch=4
Training samples: 1015 | Validation samples: 210
[I 2026-04-25 14:15:34,649] Trial 66 pruned. Pruned at stage=stage1, task=store_dept, fold=0, epoch=4
Training samples: 1015 | Validation samples: 210
[I 2026-04-25 14:15:39,248] Trial 67 pruned. Pruned at stage=stage1, task=store_dept, fold=0, epoch=4
Training samples: 1015 | Validation samples: 210
[I 2026-04-25 14:15:47,783] Trial 68 pruned. Pruned at stage=stage1, task=store_dept, fold=0, epoch=4
Training samples: 1015 | Validation samples: 210
[I 2026-04-25 14:15:56,878] Trial 69 pruned. Pruned at stage=stage1, task=store_dept, fold=0, epoch=5
Training samples: 1015 | Validation samples: 210
[I 2026-04-25 14:16:02,142] Trial 70 pruned. Pruned at stage=stage1, task=store_dept, fold=0, epoch=4
Training samples: 1015 | Validation samples: 210
[I 2026-04-25 14:16:06,329] Trial 71 pruned. Pruned at stage=stage1, task=store_dept, fold=0, epoch=4
Training samples: 1015 | Validation samples: 210
[I 2026-04-25 14:16:09,988] Trial 72 pruned. Pruned at stage=stage1, task=store_dept, fold=0, epoch=4
Training samples: 1015 | Validation samples: 210
[I 2026-04-25 14:16:13,539] Trial 73 pruned. Pruned at stage=stage1, task=store_dept, fold=0, epoch=4
Training samples: 1015 | Validation samples: 210
[I 2026-04-25 14:16:20,871] Trial 74 finished with value: 0.9382780708303565 and parameters: {'hidden_dim': 128, 'dropout': 0.052984187103399666, 'lr': 0.0017731472297687024, 'weight_decay': 1.9551607468300877e-06, 'batch_size': 64, 'cnn_num_blocks': 2, 'cnn_kernel_size': 3}. Best is trial 21 with value: 0.9039604842040353.
Training samples: 1015 | Validation samples: 210
Early stopping at epoch 6
[I 2026-04-25 14:16:32,237] Trial 75 finished with value: 0.9229962836514304 and parameters: {'hidden_dim': 96, 'dropout': 0.18096498315104562, 'lr': 0.0008572801388064043, 'weight_decay': 1.129791735198344e-06, 'batch_size': 16, 'cnn_num_blocks': 2, 'cnn_kernel_size': 3}. Best is trial 21 with value: 0.9039604842040353.
Training samples: 1015 | Validation samples: 210
[I 2026-04-25 14:16:39,744] Trial 76 pruned. Pruned at stage=stage1, task=store_dept, fold=0, epoch=4
Training samples: 1015 | Validation samples: 210
[I 2026-04-25 14:16:48,406] Trial 77 pruned. Pruned at stage=stage1, task=store_dept, fold=0, epoch=4
Training samples: 1015 | Validation samples: 210
[I 2026-04-25 14:16:57,593] Trial 78 pruned. Pruned at stage=stage1, task=store_dept, fold=0, epoch=5
Training samples: 1015 | Validation samples: 210
[I 2026-04-25 14:17:04,947] Trial 79 pruned. Pruned at stage=stage1, task=store_dept, fold=0, epoch=4
Training samples: 1015 | Validation samples: 210
[I 2026-04-25 14:17:15,727] Trial 80 pruned. Pruned at stage=stage1, task=store_dept, fold=0, epoch=5
Training samples: 1015 | Validation samples: 210
[I 2026-04-25 14:17:23,409] Trial 81 pruned. Pruned at stage=stage1, task=store_dept, fold=0, epoch=4
Training samples: 1015 | Validation samples: 210
[I 2026-04-25 14:17:30,836] Trial 82 pruned. Pruned at stage=stage1, task=store_dept, fold=0, epoch=4
Training samples: 1015 | Validation samples: 210
[I 2026-04-25 14:17:38,611] Trial 83 pruned. Pruned at stage=stage1, task=store_dept, fold=0, epoch=4
Training samples: 1015 | Validation samples: 210
[I 2026-04-25 14:17:43,123] Trial 84 pruned. Pruned at stage=stage1, task=store_dept, fold=0, epoch=4
Training samples: 1015 | Validation samples: 210
[I 2026-04-25 14:17:50,562] Trial 85 pruned. Pruned at stage=stage1, task=store_dept, fold=0, epoch=4
Training samples: 1015 | Validation samples: 210
[I 2026-04-25 14:17:55,729] Trial 86 pruned. Pruned at stage=stage1, task=store_dept, fold=0, epoch=4
Training samples: 1015 | Validation samples: 210
[I 2026-04-25 14:18:03,681] Trial 87 pruned. Pruned at stage=stage1, task=store_dept, fold=0, epoch=4
Training samples: 1015 | Validation samples: 210
[I 2026-04-25 14:18:18,724] Trial 88 finished with value: 0.9162598243305619 and parameters: {'hidden_dim': 96, 'dropout': 0.07870231579821856, 'lr': 0.001104160440514681, 'weight_decay': 0.0004837119548553882, 'batch_size': 16, 'cnn_num_blocks': 2, 'cnn_kernel_size': 5}. Best is trial 21 with value: 0.9039604842040353.
Training samples: 1015 | Validation samples: 210
[I 2026-04-25 14:18:26,333] Trial 89 pruned. Pruned at stage=stage1, task=store_dept, fold=0, epoch=4
Training samples: 1015 | Validation samples: 210
[I 2026-04-25 14:18:34,021] Trial 90 pruned. Pruned at stage=stage1, task=store_dept, fold=0, epoch=4
Training samples: 1015 | Validation samples: 210
[I 2026-04-25 14:18:41,869] Trial 91 pruned. Pruned at stage=stage1, task=store_dept, fold=0, epoch=4
Training samples: 1015 | Validation samples: 210
[I 2026-04-25 14:18:49,711] Trial 92 pruned. Pruned at stage=stage1, task=store_dept, fold=0, epoch=4
Training samples: 1015 | Validation samples: 210
[I 2026-04-25 14:18:57,578] Trial 93 pruned. Pruned at stage=stage1, task=store_dept, fold=0, epoch=4
Training samples: 1015 | Validation samples: 210
[I 2026-04-25 14:19:05,894] Trial 94 pruned. Pruned at stage=stage1, task=store_dept, fold=0, epoch=4
Training samples: 1015 | Validation samples: 210
