number,value,state,params_batch_size,params_cnn_kernel_size,params_cnn_num_blocks,params_dropout,params_hidden_dim,params_lr,params_num_heads,params_num_inducing_points,params_num_sab_layers,params_weight_decay,user_attrs_latest_running_objective,user_attrs_params,user_attrs_rows
6,0.06316042911438714,PRUNED,8,3,2,0.054629022994864926,128,0.0004169990777997925,2,32,2,8.798929749689028e-06,,"{'model_name': 'SetTransformer', 'hidden_dim': 128, 'dropout': 0.054629022994864926, 'lr': 0.0004169990777997925, 'weight_decay': 8.798929749689028e-06, 'batch_size': 8, 'num_heads': 2, 'num_sab_layers': 2, 'num_seeds': 1, 'num_inducing_points': 32, 'cnn_num_blocks': 2, 'cnn_kernel_size': 3}",
7,0.06283066810241768,PRUNED,4,5,3,0.07352965317482651,128,0.00014936463794227426,2,32,1,6.618595597183478e-06,,"{'model_name': 'SetTransformer', 'hidden_dim': 128, 'dropout': 0.07352965317482651, 'lr': 0.00014936463794227426, 'weight_decay': 6.618595597183478e-06, 'batch_size': 4, 'num_heads': 2, 'num_sab_layers': 1, 'num_seeds': 1, 'num_inducing_points': 32, 'cnn_num_blocks': 3, 'cnn_kernel_size': 5}",
8,0.06434910299167747,PRUNED,8,5,3,0.07272639099464452,128,0.00016683028444973273,2,16,2,1.6599837974449216e-06,,"{'model_name': 'SetTransformer', 'hidden_dim': 128, 'dropout': 0.07272639099464452, 'lr': 0.00016683028444973273, 'weight_decay': 1.6599837974449216e-06, 'batch_size': 8, 'num_heads': 2, 'num_sab_layers': 2, 'num_seeds': 1, 'num_inducing_points': 16, 'cnn_num_blocks': 3, 'cnn_kernel_size': 5}",
9,0.09297051436844327,PRUNED,8,5,2,0.03545407216655058,128,0.0004778004193421508,2,16,2,8.411909465645726e-05,,"{'model_name': 'SetTransformer', 'hidden_dim': 128, 'dropout': 0.03545407216655058, 'lr': 0.0004778004193421508, 'weight_decay': 8.411909465645726e-05, 'batch_size': 8, 'num_heads': 2, 'num_sab_layers': 2, 'num_seeds': 1, 'num_inducing_points': 16, 'cnn_num_blocks': 2, 'cnn_kernel_size': 5}",
