number,value,state,params_batch_size,params_cnn_kernel_size,params_cnn_num_blocks,params_dropout,params_hidden_dim,params_lr,params_num_heads,params_num_inducing_points,params_num_sab_layers,params_weight_decay,user_attrs_latest_running_objective,user_attrs_params,user_attrs_rows
11,0.05895390030706213,PRUNED,4,5,2,0.01064337435429032,96,0.00019499528511535534,4,16,2,4.779203831423885e-06,,"{'model_name': 'SetTransformer', 'hidden_dim': 96, 'dropout': 0.01064337435429032, 'lr': 0.00019499528511535534, 'weight_decay': 4.779203831423885e-06, 'batch_size': 4, 'num_heads': 4, 'num_sab_layers': 2, 'num_seeds': 1, 'num_inducing_points': 16, 'cnn_num_blocks': 2, 'cnn_kernel_size': 5}",
