number,value,state,params_batch_size,params_cnn_kernel_size,params_cnn_num_blocks,params_dropout,params_hidden_dim,params_lr,params_num_heads,params_num_inducing_points,params_num_sab_layers,params_num_seeds,params_weight_decay,user_attrs_latest_running_objective,user_attrs_params,user_attrs_rows
33,0.10016935162601016,PRUNED,32,5,2,0.0951616654260562,160,0.00037620636702629295,8,16,1,2,4.713857098507383e-05,,"{'model_name': 'SetTransformer', 'hidden_dim': 160, 'dropout': 0.0951616654260562, 'lr': 0.00037620636702629295, 'weight_decay': 4.713857098507383e-05, 'batch_size': 32, 'num_heads': 8, 'num_sab_layers': 1, 'num_seeds': 2, 'num_inducing_points': 16, 'cnn_num_blocks': 2, 'cnn_kernel_size': 5}",
