number,value,state,params_batch_size,params_cnn_kernel_size,params_cnn_num_blocks,params_dropout,params_hidden_dim,params_lr,params_num_heads,params_num_inducing_points,params_num_sab_layers,params_num_seeds,params_weight_decay,user_attrs_latest_running_objective,user_attrs_params,user_attrs_rows
16,0.11073316796904518,PRUNED,16,3,3,0.04977288152529702,128,0.0004575096845880598,4,16,3,2,1.5049658095758384e-05,,"{'model_name': 'SetTransformer', 'hidden_dim': 128, 'dropout': 0.04977288152529702, 'lr': 0.0004575096845880598, 'weight_decay': 1.5049658095758384e-05, 'batch_size': 16, 'num_heads': 4, 'num_sab_layers': 3, 'num_seeds': 2, 'num_inducing_points': 16, 'cnn_num_blocks': 3, 'cnn_kernel_size': 3}",
17,0.11092837225823175,PRUNED,32,5,2,0.0035401562637570605,96,0.0007394419208777397,8,64,1,1,2.307626581640749e-06,,"{'model_name': 'SetTransformer', 'hidden_dim': 96, 'dropout': 0.0035401562637570605, 'lr': 0.0007394419208777397, 'weight_decay': 2.307626581640749e-06, 'batch_size': 32, 'num_heads': 8, 'num_sab_layers': 1, 'num_seeds': 1, 'num_inducing_points': 64, 'cnn_num_blocks': 2, 'cnn_kernel_size': 5}",
