number,value,state,params_batch_size,params_cnn_kernel_size,params_cnn_num_blocks,params_dropout,params_hidden_dim,params_lr,params_num_heads,params_num_inducing_points,params_num_sab_layers,params_num_seeds,params_weight_decay,user_attrs_latest_running_objective,user_attrs_params,user_attrs_rows
68,0.10281262692241441,PRUNED,16,5,2,0.06806374403103074,160,0.0006130262768917612,8,16,1,2,1.846857992430712e-05,,"{'model_name': 'SetTransformer', 'hidden_dim': 160, 'dropout': 0.06806374403103074, 'lr': 0.0006130262768917612, 'weight_decay': 1.846857992430712e-05, 'batch_size': 16, 'num_heads': 8, 'num_sab_layers': 1, 'num_seeds': 2, 'num_inducing_points': 16, 'cnn_num_blocks': 2, 'cnn_kernel_size': 5}",
69,0.09859608518225806,PRUNED,64,3,2,0.034878883956808784,96,0.00044956540366263047,8,64,1,2,7.059679466195789e-06,,"{'model_name': 'SetTransformer', 'hidden_dim': 96, 'dropout': 0.034878883956808784, 'lr': 0.00044956540366263047, 'weight_decay': 7.059679466195789e-06, 'batch_size': 64, 'num_heads': 8, 'num_sab_layers': 1, 'num_seeds': 2, 'num_inducing_points': 64, 'cnn_num_blocks': 2, 'cnn_kernel_size': 3}",
