number,value,state,params_batch_size,params_cnn_kernel_size,params_cnn_num_blocks,params_dropout,params_hidden_dim,params_lr,params_num_heads,params_num_inducing_points,params_num_sab_layers,params_num_seeds,params_weight_decay,user_attrs_latest_running_objective,user_attrs_params,user_attrs_rows
47,0.13421386295840854,PRUNED,32,3,2,0.028780951150207273,160,0.001084680660577675,8,32,1,2,0.00019165194739247844,,"{'model_name': 'SetTransformer', 'hidden_dim': 160, 'dropout': 0.028780951150207273, 'lr': 0.001084680660577675, 'weight_decay': 0.00019165194739247844, 'batch_size': 32, 'num_heads': 8, 'num_sab_layers': 1, 'num_seeds': 2, 'num_inducing_points': 32, 'cnn_num_blocks': 2, 'cnn_kernel_size': 3}",
48,0.09954804934206463,PRUNED,32,5,3,0.014832012443219838,64,0.0005092565614577174,8,32,3,2,0.00011062853650934709,,"{'model_name': 'SetTransformer', 'hidden_dim': 64, 'dropout': 0.014832012443219838, 'lr': 0.0005092565614577174, 'weight_decay': 0.00011062853650934709, 'batch_size': 32, 'num_heads': 8, 'num_sab_layers': 3, 'num_seeds': 2, 'num_inducing_points': 32, 'cnn_num_blocks': 3, 'cnn_kernel_size': 5}",
49,0.0986886020927202,PRUNED,64,3,4,0.04207007713466125,160,0.0006786357475840322,2,32,2,1,1.874588757780195e-05,,"{'model_name': 'SetTransformer', 'hidden_dim': 160, 'dropout': 0.04207007713466125, 'lr': 0.0006786357475840322, 'weight_decay': 1.874588757780195e-05, 'batch_size': 64, 'num_heads': 2, 'num_sab_layers': 2, 'num_seeds': 1, 'num_inducing_points': 32, 'cnn_num_blocks': 4, 'cnn_kernel_size': 3}",
50,0.09460782664162772,PRUNED,32,5,2,0.007673363929942282,160,0.0008412605231668277,8,32,1,2,0.00027480694490695286,,"{'model_name': 'SetTransformer', 'hidden_dim': 160, 'dropout': 0.007673363929942282, 'lr': 0.0008412605231668277, 'weight_decay': 0.00027480694490695286, 'batch_size': 32, 'num_heads': 8, 'num_sab_layers': 1, 'num_seeds': 2, 'num_inducing_points': 32, 'cnn_num_blocks': 2, 'cnn_kernel_size': 5}",
