number,value,state,params_batch_size,params_cnn_kernel_size,params_cnn_num_blocks,params_dropout,params_hidden_dim,params_lr,params_num_heads,params_num_inducing_points,params_num_sab_layers,params_num_seeds,params_weight_decay,user_attrs_latest_running_objective,user_attrs_params,user_attrs_rows
24,0.09675163137061256,PRUNED,16,5,2,0.10659189350436417,128,0.0002763547930147465,8,64,1,1,2.0741647004757143e-06,,"{'model_name': 'SetTransformer', 'hidden_dim': 128, 'dropout': 0.10659189350436417, 'lr': 0.0002763547930147465, 'weight_decay': 2.0741647004757143e-06, 'batch_size': 16, 'num_heads': 8, 'num_sab_layers': 1, 'num_seeds': 1, 'num_inducing_points': 64, 'cnn_num_blocks': 2, 'cnn_kernel_size': 5}",
