number,value,state,params_batch_size,params_cnn_kernel_size,params_cnn_num_blocks,params_dropout,params_hidden_dim,params_lr,params_num_heads,params_num_inducing_points,params_num_sab_layers,params_num_seeds,params_weight_decay,user_attrs_latest_running_objective,user_attrs_params,user_attrs_rows
37,0.1026433595589229,PRUNED,64,3,2,0.07130119785781956,160,0.00034385949492486337,8,16,1,2,6.932629055493448e-05,,"{'model_name': 'SetTransformer', 'hidden_dim': 160, 'dropout': 0.07130119785781956, 'lr': 0.00034385949492486337, 'weight_decay': 6.932629055493448e-05, 'batch_size': 64, 'num_heads': 8, 'num_sab_layers': 1, 'num_seeds': 2, 'num_inducing_points': 16, 'cnn_num_blocks': 2, 'cnn_kernel_size': 3}",
38,0.09896071659667151,PRUNED,32,5,2,0.05252298291310311,64,0.00024442544732088475,2,32,3,2,0.0004936439308496053,,"{'model_name': 'SetTransformer', 'hidden_dim': 64, 'dropout': 0.05252298291310311, 'lr': 0.00024442544732088475, 'weight_decay': 0.0004936439308496053, 'batch_size': 32, 'num_heads': 2, 'num_sab_layers': 3, 'num_seeds': 2, 'num_inducing_points': 32, 'cnn_num_blocks': 2, 'cnn_kernel_size': 5}",
39,0.11020046735093707,PRUNED,64,3,3,0.09635985829890935,160,0.0004986479972596523,8,16,1,2,0.00012677755387422186,,"{'model_name': 'SetTransformer', 'hidden_dim': 160, 'dropout': 0.09635985829890935, 'lr': 0.0004986479972596523, 'weight_decay': 0.00012677755387422186, 'batch_size': 64, 'num_heads': 8, 'num_sab_layers': 1, 'num_seeds': 2, 'num_inducing_points': 16, 'cnn_num_blocks': 3, 'cnn_kernel_size': 3}",
40,0.10630067473366148,PRUNED,32,5,2,0.23081175927870967,160,0.0003632567081942743,8,64,1,2,2.2711118336323654e-05,,"{'model_name': 'SetTransformer', 'hidden_dim': 160, 'dropout': 0.23081175927870967, 'lr': 0.0003632567081942743, 'weight_decay': 2.2711118336323654e-05, 'batch_size': 32, 'num_heads': 8, 'num_sab_layers': 1, 'num_seeds': 2, 'num_inducing_points': 64, 'cnn_num_blocks': 2, 'cnn_kernel_size': 5}",
41,0.09750082989533743,PRUNED,32,5,2,0.05721047855856305,64,0.00041776208279544836,8,16,1,2,3.640400174287311e-05,,"{'model_name': 'SetTransformer', 'hidden_dim': 64, 'dropout': 0.05721047855856305, 'lr': 0.00041776208279544836, 'weight_decay': 3.640400174287311e-05, 'batch_size': 32, 'num_heads': 8, 'num_sab_layers': 1, 'num_seeds': 2, 'num_inducing_points': 16, 'cnn_num_blocks': 2, 'cnn_kernel_size': 5}",
