number,value,state,params_batch_size,params_cnn_kernel_size,params_cnn_num_blocks,params_dropout,params_hidden_dim,params_lr,params_num_heads,params_num_inducing_points,params_num_sab_layers,params_num_seeds,params_weight_decay,user_attrs_latest_running_objective,user_attrs_params,user_attrs_rows
12,0.0962211939905371,PRUNED,16,5,2,0.0684395639990047,128,0.0005552489504415043,4,64,3,1,3.217872258350567e-06,,"{'model_name': 'SetTransformer', 'hidden_dim': 128, 'dropout': 0.0684395639990047, 'lr': 0.0005552489504415043, 'weight_decay': 3.217872258350567e-06, 'batch_size': 16, 'num_heads': 4, 'num_sab_layers': 3, 'num_seeds': 1, 'num_inducing_points': 64, 'cnn_num_blocks': 2, 'cnn_kernel_size': 5}",
13,0.11766591937769028,PRUNED,32,5,3,0.037394533922950376,160,0.0015077126844668675,8,64,3,1,1.1572147415450193e-05,,"{'model_name': 'SetTransformer', 'hidden_dim': 160, 'dropout': 0.037394533922950376, 'lr': 0.0015077126844668675, 'weight_decay': 1.1572147415450193e-05, 'batch_size': 32, 'num_heads': 8, 'num_sab_layers': 3, 'num_seeds': 1, 'num_inducing_points': 64, 'cnn_num_blocks': 3, 'cnn_kernel_size': 5}",
14,0.09895669016100112,PRUNED,32,3,4,0.1124679915360315,96,0.0006110888553853472,4,16,2,2,1.0132299443779244e-06,,"{'model_name': 'SetTransformer', 'hidden_dim': 96, 'dropout': 0.1124679915360315, 'lr': 0.0006110888553853472, 'weight_decay': 1.0132299443779244e-06, 'batch_size': 32, 'num_heads': 4, 'num_sab_layers': 2, 'num_seeds': 2, 'num_inducing_points': 16, 'cnn_num_blocks': 4, 'cnn_kernel_size': 3}",
