number,value,state,params_batch_size,params_cnn_kernel_size,params_cnn_num_blocks,params_dropout,params_hidden_dim,params_lr,params_num_heads,params_num_inducing_points,params_num_sab_layers,params_num_seeds,params_weight_decay,user_attrs_latest_running_objective,user_attrs_params,user_attrs_rows
78,0.10302646213344165,PRUNED,16,3,3,0.10680921083438205,160,0.0002319610879945031,8,16,3,2,1.1208472758934514e-06,,"{'model_name': 'SetTransformer', 'hidden_dim': 160, 'dropout': 0.10680921083438205, 'lr': 0.0002319610879945031, 'weight_decay': 1.1208472758934514e-06, 'batch_size': 16, 'num_heads': 8, 'num_sab_layers': 3, 'num_seeds': 2, 'num_inducing_points': 16, 'cnn_num_blocks': 3, 'cnn_kernel_size': 3}",
79,0.10526734533764068,PRUNED,16,3,3,0.09169878977727247,160,0.00031738367431353445,2,16,3,2,1.677012677744971e-06,,"{'model_name': 'SetTransformer', 'hidden_dim': 160, 'dropout': 0.09169878977727247, 'lr': 0.00031738367431353445, 'weight_decay': 1.677012677744971e-06, 'batch_size': 16, 'num_heads': 2, 'num_sab_layers': 3, 'num_seeds': 2, 'num_inducing_points': 16, 'cnn_num_blocks': 3, 'cnn_kernel_size': 3}",
80,0.09632744278226579,PRUNED,16,3,3,0.13016236941290263,160,0.00021259957036392528,8,16,3,1,1.3390538359890547e-06,,"{'model_name': 'SetTransformer', 'hidden_dim': 160, 'dropout': 0.13016236941290263, 'lr': 0.00021259957036392528, 'weight_decay': 1.3390538359890547e-06, 'batch_size': 16, 'num_heads': 8, 'num_sab_layers': 3, 'num_seeds': 1, 'num_inducing_points': 16, 'cnn_num_blocks': 3, 'cnn_kernel_size': 3}",
81,0.09397843643313362,PRUNED,16,3,3,0.07385256256716931,160,0.0002573445595228895,8,16,3,2,0.00011356836696126257,,"{'model_name': 'SetTransformer', 'hidden_dim': 160, 'dropout': 0.07385256256716931, 'lr': 0.0002573445595228895, 'weight_decay': 0.00011356836696126257, 'batch_size': 16, 'num_heads': 8, 'num_sab_layers': 3, 'num_seeds': 2, 'num_inducing_points': 16, 'cnn_num_blocks': 3, 'cnn_kernel_size': 3}",
82,0.10946618669799396,PRUNED,16,3,3,0.11650996278731345,160,0.0002845398431643502,8,16,3,2,1.0362092451871148e-06,,"{'model_name': 'SetTransformer', 'hidden_dim': 160, 'dropout': 0.11650996278731345, 'lr': 0.0002845398431643502, 'weight_decay': 1.0362092451871148e-06, 'batch_size': 16, 'num_heads': 8, 'num_sab_layers': 3, 'num_seeds': 2, 'num_inducing_points': 16, 'cnn_num_blocks': 3, 'cnn_kernel_size': 3}",
83,0.09794001309644608,PRUNED,32,5,2,0.08479688615215032,64,0.0002320023579643313,8,64,1,2,2.442656735434172e-06,,"{'model_name': 'SetTransformer', 'hidden_dim': 64, 'dropout': 0.08479688615215032, 'lr': 0.0002320023579643313, 'weight_decay': 2.442656735434172e-06, 'batch_size': 32, 'num_heads': 8, 'num_sab_layers': 1, 'num_seeds': 2, 'num_inducing_points': 64, 'cnn_num_blocks': 2, 'cnn_kernel_size': 5}",
84,0.09962876921608335,PRUNED,32,5,2,0.029116135888271624,96,0.000273487446338395,8,16,1,2,3.0788143945082766e-05,,"{'model_name': 'SetTransformer', 'hidden_dim': 96, 'dropout': 0.029116135888271624, 'lr': 0.000273487446338395, 'weight_decay': 3.0788143945082766e-05, 'batch_size': 32, 'num_heads': 8, 'num_sab_layers': 1, 'num_seeds': 2, 'num_inducing_points': 16, 'cnn_num_blocks': 2, 'cnn_kernel_size': 5}",
85,0.0941486683629808,PRUNED,32,3,2,0.1803560023817386,160,0.0010023302319039184,8,32,1,2,1.5761791750962113e-06,,"{'model_name': 'SetTransformer', 'hidden_dim': 160, 'dropout': 0.1803560023817386, 'lr': 0.0010023302319039184, 'weight_decay': 1.5761791750962113e-06, 'batch_size': 32, 'num_heads': 8, 'num_sab_layers': 1, 'num_seeds': 2, 'num_inducing_points': 32, 'cnn_num_blocks': 2, 'cnn_kernel_size': 3}",
86,0.10632088148877734,PRUNED,64,5,3,0.05681266312564707,128,0.0002527934584545072,8,64,3,2,4.274498550240293e-06,,"{'model_name': 'SetTransformer', 'hidden_dim': 128, 'dropout': 0.05681266312564707, 'lr': 0.0002527934584545072, 'weight_decay': 4.274498550240293e-06, 'batch_size': 64, 'num_heads': 8, 'num_sab_layers': 3, 'num_seeds': 2, 'num_inducing_points': 64, 'cnn_num_blocks': 3, 'cnn_kernel_size': 5}",
87,0.10112191318046479,PRUNED,16,5,2,0.04149444965331557,160,0.0003026435366903084,8,16,1,2,6.031725264228347e-05,,"{'model_name': 'SetTransformer', 'hidden_dim': 160, 'dropout': 0.04149444965331557, 'lr': 0.0003026435366903084, 'weight_decay': 6.031725264228347e-05, 'batch_size': 16, 'num_heads': 8, 'num_sab_layers': 1, 'num_seeds': 2, 'num_inducing_points': 16, 'cnn_num_blocks': 2, 'cnn_kernel_size': 5}",
88,0.10058384807336898,PRUNED,32,3,4,0.07985594375967846,160,0.00037281577490972805,8,64,1,2,3.589306925318192e-05,,"{'model_name': 'SetTransformer', 'hidden_dim': 160, 'dropout': 0.07985594375967846, 'lr': 0.00037281577490972805, 'weight_decay': 3.589306925318192e-05, 'batch_size': 32, 'num_heads': 8, 'num_sab_layers': 1, 'num_seeds': 2, 'num_inducing_points': 64, 'cnn_num_blocks': 4, 'cnn_kernel_size': 3}",
89,0.11226598719755808,PRUNED,32,5,2,0.06406490000421552,96,0.0003311707041743936,8,16,2,2,7.265076171474312e-05,,"{'model_name': 'SetTransformer', 'hidden_dim': 96, 'dropout': 0.06406490000421552, 'lr': 0.0003311707041743936, 'weight_decay': 7.265076171474312e-05, 'batch_size': 32, 'num_heads': 8, 'num_sab_layers': 2, 'num_seeds': 2, 'num_inducing_points': 16, 'cnn_num_blocks': 2, 'cnn_kernel_size': 5}",
90,0.09588984236830757,PRUNED,32,5,3,0.09441252389318232,160,0.00020061272291928937,4,32,3,1,9.577340131937101e-05,,"{'model_name': 'SetTransformer', 'hidden_dim': 160, 'dropout': 0.09441252389318232, 'lr': 0.00020061272291928937, 'weight_decay': 9.577340131937101e-05, 'batch_size': 32, 'num_heads': 4, 'num_sab_layers': 3, 'num_seeds': 1, 'num_inducing_points': 32, 'cnn_num_blocks': 3, 'cnn_kernel_size': 5}",
