number,value,state,params_batch_size,params_cnn_kernel_size,params_cnn_num_blocks,params_dropout,params_hidden_dim,params_lr,params_num_heads,params_num_inducing_points,params_num_sab_layers,params_num_seeds,params_weight_decay,user_attrs_latest_running_objective,user_attrs_params,user_attrs_rows
35,0.09918723901112875,PRUNED,32,5,2,0.025049760736132538,160,0.0003124493168744192,8,16,1,2,9.094161612230382e-05,,"{'model_name': 'SetTransformer', 'hidden_dim': 160, 'dropout': 0.025049760736132538, 'lr': 0.0003124493168744192, 'weight_decay': 9.094161612230382e-05, 'batch_size': 32, 'num_heads': 8, 'num_sab_layers': 1, 'num_seeds': 2, 'num_inducing_points': 16, 'cnn_num_blocks': 2, 'cnn_kernel_size': 5}",
