number,value,state,params_batch_size,params_cnn_kernel_size,params_cnn_num_blocks,params_dropout,params_hidden_dim,params_lr,params_num_heads,params_num_inducing_points,params_num_sab_layers,params_num_seeds,params_weight_decay,user_attrs_latest_running_objective,user_attrs_params,user_attrs_rows
54,0.1113048078758376,PRUNED,32,5,2,0.030934772461807196,160,0.0003879665390432945,8,64,1,2,6.778127103462386e-05,,"{'model_name': 'SetTransformer', 'hidden_dim': 160, 'dropout': 0.030934772461807196, 'lr': 0.0003879665390432945, 'weight_decay': 6.778127103462386e-05, 'batch_size': 32, 'num_heads': 8, 'num_sab_layers': 1, 'num_seeds': 2, 'num_inducing_points': 64, 'cnn_num_blocks': 2, 'cnn_kernel_size': 5}",
