number,value,state,params_batch_size,params_cnn_kernel_size,params_cnn_num_blocks,params_dropout,params_hidden_dim,params_lr,params_num_heads,params_num_inducing_points,params_num_sab_layers,params_num_seeds,params_weight_decay,user_attrs_latest_running_objective,user_attrs_params,user_attrs_rows
73,0.09684004961025147,PRUNED,32,5,2,0.07202722632418401,96,0.00021141613981927567,8,32,1,2,6.027105983546835e-05,,"{'model_name': 'SetTransformer', 'hidden_dim': 96, 'dropout': 0.07202722632418401, 'lr': 0.00021141613981927567, 'weight_decay': 6.027105983546835e-05, 'batch_size': 32, 'num_heads': 8, 'num_sab_layers': 1, 'num_seeds': 2, 'num_inducing_points': 32, 'cnn_num_blocks': 2, 'cnn_kernel_size': 5}",
74,0.10957333736476443,PRUNED,32,5,2,0.04294351334588111,96,0.00024652058621748587,8,32,1,2,5.171763455233077e-05,,"{'model_name': 'SetTransformer', 'hidden_dim': 96, 'dropout': 0.04294351334588111, 'lr': 0.00024652058621748587, 'weight_decay': 5.171763455233077e-05, 'batch_size': 32, 'num_heads': 8, 'num_sab_layers': 1, 'num_seeds': 2, 'num_inducing_points': 32, 'cnn_num_blocks': 2, 'cnn_kernel_size': 5}",
75,0.10139104397523971,PRUNED,32,5,4,0.059463178736450906,96,0.0002931528321805672,8,32,1,2,2.328095472810635e-05,,"{'model_name': 'SetTransformer', 'hidden_dim': 96, 'dropout': 0.059463178736450906, 'lr': 0.0002931528321805672, 'weight_decay': 2.328095472810635e-05, 'batch_size': 32, 'num_heads': 8, 'num_sab_layers': 1, 'num_seeds': 2, 'num_inducing_points': 32, 'cnn_num_blocks': 4, 'cnn_kernel_size': 5}",
76,0.13001453032096227,PRUNED,32,5,2,0.02059897036262502,128,0.00026615085061089817,4,32,1,1,7.819341734245759e-05,,"{'model_name': 'SetTransformer', 'hidden_dim': 128, 'dropout': 0.02059897036262502, 'lr': 0.00026615085061089817, 'weight_decay': 7.819341734245759e-05, 'batch_size': 32, 'num_heads': 4, 'num_sab_layers': 1, 'num_seeds': 1, 'num_inducing_points': 32, 'cnn_num_blocks': 2, 'cnn_kernel_size': 5}",
