number,value,state,params_batch_size,params_cnn_kernel_size,params_cnn_num_blocks,params_dropout,params_hidden_dim,params_lr,params_num_heads,params_num_inducing_points,params_num_sab_layers,params_num_seeds,params_weight_decay,user_attrs_latest_running_objective,user_attrs_params,user_attrs_rows
93,0.12568451506750924,PRUNED,32,5,2,0.007197643745414553,96,0.00047328681515334175,8,32,1,2,6.561378314265112e-05,,"{'model_name': 'SetTransformer', 'hidden_dim': 96, 'dropout': 0.007197643745414553, 'lr': 0.00047328681515334175, 'weight_decay': 6.561378314265112e-05, 'batch_size': 32, 'num_heads': 8, 'num_sab_layers': 1, 'num_seeds': 2, 'num_inducing_points': 32, 'cnn_num_blocks': 2, 'cnn_kernel_size': 5}",
94,0.09564310170355297,PRUNED,32,5,2,0.03680845954964936,96,0.0003527342139538556,8,32,1,2,3.5881336599779026e-05,,"{'model_name': 'SetTransformer', 'hidden_dim': 96, 'dropout': 0.03680845954964936, 'lr': 0.0003527342139538556, 'weight_decay': 3.5881336599779026e-05, 'batch_size': 32, 'num_heads': 8, 'num_sab_layers': 1, 'num_seeds': 2, 'num_inducing_points': 32, 'cnn_num_blocks': 2, 'cnn_kernel_size': 5}",
95,0.11362323541016806,PRUNED,32,5,2,0.061843113306001465,96,0.00039098975870267014,8,32,1,2,5.189546787973403e-05,,"{'model_name': 'SetTransformer', 'hidden_dim': 96, 'dropout': 0.061843113306001465, 'lr': 0.00039098975870267014, 'weight_decay': 5.189546787973403e-05, 'batch_size': 32, 'num_heads': 8, 'num_sab_layers': 1, 'num_seeds': 2, 'num_inducing_points': 32, 'cnn_num_blocks': 2, 'cnn_kernel_size': 5}",
