number,value,state,params_batch_size,params_cnn_kernel_size,params_cnn_num_blocks,params_dropout,params_hidden_dim,params_lr,params_num_heads,params_num_inducing_points,params_num_sab_layers,params_num_seeds,params_weight_decay,user_attrs_latest_running_objective,user_attrs_params,user_attrs_rows
57,0.10600628363234656,PRUNED,32,3,2,0.0373330312564138,128,0.0005338324860785866,8,64,1,1,4.387987268447964e-06,,"{'model_name': 'SetTransformer', 'hidden_dim': 128, 'dropout': 0.0373330312564138, 'lr': 0.0005338324860785866, 'weight_decay': 4.387987268447964e-06, 'batch_size': 32, 'num_heads': 8, 'num_sab_layers': 1, 'num_seeds': 1, 'num_inducing_points': 64, 'cnn_num_blocks': 2, 'cnn_kernel_size': 3}",
58,0.10144543683245069,PRUNED,16,5,3,0.12263640729614797,64,0.00045473186274155343,8,32,3,2,7.918857233570795e-05,,"{'model_name': 'SetTransformer', 'hidden_dim': 64, 'dropout': 0.12263640729614797, 'lr': 0.00045473186274155343, 'weight_decay': 7.918857233570795e-05, 'batch_size': 16, 'num_heads': 8, 'num_sab_layers': 3, 'num_seeds': 2, 'num_inducing_points': 32, 'cnn_num_blocks': 3, 'cnn_kernel_size': 5}",
59,0.09387236954200835,PRUNED,32,5,2,0.049088695421417694,96,0.0002830040899255872,2,64,1,2,5.8568823817365676e-05,,"{'model_name': 'SetTransformer', 'hidden_dim': 96, 'dropout': 0.049088695421417694, 'lr': 0.0002830040899255872, 'weight_decay': 5.8568823817365676e-05, 'batch_size': 32, 'num_heads': 2, 'num_sab_layers': 1, 'num_seeds': 2, 'num_inducing_points': 64, 'cnn_num_blocks': 2, 'cnn_kernel_size': 5}",
60,0.09907067166197868,PRUNED,16,3,4,0.07723137736158608,128,0.002329449429485116,4,64,2,1,0.00015579903190254067,,"{'model_name': 'SetTransformer', 'hidden_dim': 128, 'dropout': 0.07723137736158608, 'lr': 0.002329449429485116, 'weight_decay': 0.00015579903190254067, 'batch_size': 16, 'num_heads': 4, 'num_sab_layers': 2, 'num_seeds': 1, 'num_inducing_points': 64, 'cnn_num_blocks': 4, 'cnn_kernel_size': 3}",
61,0.09354657119228726,PRUNED,32,5,2,0.10164849789864326,160,0.0003206198608260313,8,16,1,2,4.704732724536788e-05,,"{'model_name': 'SetTransformer', 'hidden_dim': 160, 'dropout': 0.10164849789864326, 'lr': 0.0003206198608260313, 'weight_decay': 4.704732724536788e-05, 'batch_size': 32, 'num_heads': 8, 'num_sab_layers': 1, 'num_seeds': 2, 'num_inducing_points': 16, 'cnn_num_blocks': 2, 'cnn_kernel_size': 5}",
62,0.10681593340067637,PRUNED,32,5,2,0.08877227140225008,160,0.0002592939280047387,8,16,1,2,2.901250840886247e-05,,"{'model_name': 'SetTransformer', 'hidden_dim': 160, 'dropout': 0.08877227140225008, 'lr': 0.0002592939280047387, 'weight_decay': 2.901250840886247e-05, 'batch_size': 32, 'num_heads': 8, 'num_sab_layers': 1, 'num_seeds': 2, 'num_inducing_points': 16, 'cnn_num_blocks': 2, 'cnn_kernel_size': 5}",
63,0.09764291856970106,PRUNED,32,5,2,0.06322549263196858,160,0.00033309529487001436,8,16,1,2,5.4856254431357755e-05,,"{'model_name': 'SetTransformer', 'hidden_dim': 160, 'dropout': 0.06322549263196858, 'lr': 0.00033309529487001436, 'weight_decay': 5.4856254431357755e-05, 'batch_size': 32, 'num_heads': 8, 'num_sab_layers': 1, 'num_seeds': 2, 'num_inducing_points': 16, 'cnn_num_blocks': 2, 'cnn_kernel_size': 5}",
64,0.09916450076159977,PRUNED,32,5,2,0.11186972455672092,160,0.0002887414606544994,8,64,1,2,0.00010233150465918259,,"{'model_name': 'SetTransformer', 'hidden_dim': 160, 'dropout': 0.11186972455672092, 'lr': 0.0002887414606544994, 'weight_decay': 0.00010233150465918259, 'batch_size': 32, 'num_heads': 8, 'num_sab_layers': 1, 'num_seeds': 2, 'num_inducing_points': 64, 'cnn_num_blocks': 2, 'cnn_kernel_size': 5}",
65,0.09937485860926765,PRUNED,32,5,2,0.14136306046215005,160,0.00021739626169017446,8,16,1,2,3.907399803694483e-05,,"{'model_name': 'SetTransformer', 'hidden_dim': 160, 'dropout': 0.14136306046215005, 'lr': 0.00021739626169017446, 'weight_decay': 3.907399803694483e-05, 'batch_size': 32, 'num_heads': 8, 'num_sab_layers': 1, 'num_seeds': 2, 'num_inducing_points': 16, 'cnn_num_blocks': 2, 'cnn_kernel_size': 5}",
