number,value,state,params_batch_size,params_cnn_kernel_size,params_cnn_num_blocks,params_dropout,params_hidden_dim,params_lr,params_num_heads,params_num_inducing_points,params_num_sab_layers,params_num_seeds,params_weight_decay,user_attrs_latest_running_objective,user_attrs_params,user_attrs_rows
19,0.10443299820735341,PRUNED,16,5,4,0.03454407162308333,128,0.00040580852147114335,2,64,2,2,0.00018610770415671482,,"{'model_name': 'SetTransformer', 'hidden_dim': 128, 'dropout': 0.03454407162308333, 'lr': 0.00040580852147114335, 'weight_decay': 0.00018610770415671482, 'batch_size': 16, 'num_heads': 2, 'num_sab_layers': 2, 'num_seeds': 2, 'num_inducing_points': 64, 'cnn_num_blocks': 4, 'cnn_kernel_size': 5}",
20,0.10133255407923744,PRUNED,16,3,3,0.10476559185411971,96,0.0017751704931088291,4,16,3,1,2.062228211481753e-06,,"{'model_name': 'SetTransformer', 'hidden_dim': 96, 'dropout': 0.10476559185411971, 'lr': 0.0017751704931088291, 'weight_decay': 2.062228211481753e-06, 'batch_size': 16, 'num_heads': 4, 'num_sab_layers': 3, 'num_seeds': 1, 'num_inducing_points': 16, 'cnn_num_blocks': 3, 'cnn_kernel_size': 3}",
21,0.11386796727421739,PRUNED,16,5,2,0.12667228738439068,128,0.00020097691532938088,8,64,1,1,2.9462408289452178e-06,,"{'model_name': 'SetTransformer', 'hidden_dim': 128, 'dropout': 0.12667228738439068, 'lr': 0.00020097691532938088, 'weight_decay': 2.9462408289452178e-06, 'batch_size': 16, 'num_heads': 8, 'num_sab_layers': 1, 'num_seeds': 1, 'num_inducing_points': 64, 'cnn_num_blocks': 2, 'cnn_kernel_size': 5}",
22,0.11451722057092757,PRUNED,16,5,2,0.13747645278019452,128,0.00026757767354425603,8,64,1,1,3.3556304892637623e-06,,"{'model_name': 'SetTransformer', 'hidden_dim': 128, 'dropout': 0.13747645278019452, 'lr': 0.00026757767354425603, 'weight_decay': 3.3556304892637623e-06, 'batch_size': 16, 'num_heads': 8, 'num_sab_layers': 1, 'num_seeds': 1, 'num_inducing_points': 64, 'cnn_num_blocks': 2, 'cnn_kernel_size': 5}",
