number,value,state,params_batch_size,params_cnn_kernel_size,params_cnn_num_blocks,params_dropout,params_hidden_dim,params_lr,params_num_heads,params_num_inducing_points,params_num_sab_layers,params_num_seeds,params_weight_decay,user_attrs_latest_running_objective,user_attrs_params,user_attrs_rows
27,0.10002012153466543,PRUNED,32,5,2,0.05905880953753373,96,0.00043428325694689544,8,64,1,2,5.8115015021711375e-05,,"{'model_name': 'SetTransformer', 'hidden_dim': 96, 'dropout': 0.05905880953753373, 'lr': 0.00043428325694689544, 'weight_decay': 5.8115015021711375e-05, 'batch_size': 32, 'num_heads': 8, 'num_sab_layers': 1, 'num_seeds': 2, 'num_inducing_points': 64, 'cnn_num_blocks': 2, 'cnn_kernel_size': 5}",
28,0.09863628567684264,PRUNED,32,3,4,0.023106409226948496,96,0.0005812147984984682,8,64,2,2,0.00012807030457371292,,"{'model_name': 'SetTransformer', 'hidden_dim': 96, 'dropout': 0.023106409226948496, 'lr': 0.0005812147984984682, 'weight_decay': 0.00012807030457371292, 'batch_size': 32, 'num_heads': 8, 'num_sab_layers': 2, 'num_seeds': 2, 'num_inducing_points': 64, 'cnn_num_blocks': 4, 'cnn_kernel_size': 3}",
29,0.10606268034094855,PRUNED,32,3,3,0.039684786414680796,96,0.0003134287060271523,8,16,3,2,3.4527838536604184e-05,,"{'model_name': 'SetTransformer', 'hidden_dim': 96, 'dropout': 0.039684786414680796, 'lr': 0.0003134287060271523, 'weight_decay': 3.4527838536604184e-05, 'batch_size': 32, 'num_heads': 8, 'num_sab_layers': 3, 'num_seeds': 2, 'num_inducing_points': 16, 'cnn_num_blocks': 3, 'cnn_kernel_size': 3}",
30,0.0939726588271913,PRUNED,32,5,4,0.01383253580850348,96,0.000736758964248178,8,32,2,2,1.284045150472559e-05,,"{'model_name': 'SetTransformer', 'hidden_dim': 96, 'dropout': 0.01383253580850348, 'lr': 0.000736758964248178, 'weight_decay': 1.284045150472559e-05, 'batch_size': 32, 'num_heads': 8, 'num_sab_layers': 2, 'num_seeds': 2, 'num_inducing_points': 32, 'cnn_num_blocks': 4, 'cnn_kernel_size': 5}",
31,0.09443780921754383,PRUNED,32,5,2,0.07116342706210373,128,0.00024187096452102868,8,16,1,2,1.6167151060494455e-05,,"{'model_name': 'SetTransformer', 'hidden_dim': 128, 'dropout': 0.07116342706210373, 'lr': 0.00024187096452102868, 'weight_decay': 1.6167151060494455e-05, 'batch_size': 32, 'num_heads': 8, 'num_sab_layers': 1, 'num_seeds': 2, 'num_inducing_points': 16, 'cnn_num_blocks': 2, 'cnn_kernel_size': 5}",
