number,value,state,params_batch_size,params_cnn_kernel_size,params_cnn_num_blocks,params_dropout,params_hidden_dim,params_lr,params_num_heads,params_num_inducing_points,params_num_sab_layers,params_num_seeds,params_weight_decay,user_attrs_latest_running_objective,user_attrs_params,user_attrs_rows
52,0.11012269329457056,PRUNED,32,5,2,0.04676491145021952,160,0.00036098405988160115,8,64,1,2,9.613413205304729e-05,,"{'model_name': 'SetTransformer', 'hidden_dim': 160, 'dropout': 0.04676491145021952, 'lr': 0.00036098405988160115, 'weight_decay': 9.613413205304729e-05, 'batch_size': 32, 'num_heads': 8, 'num_sab_layers': 1, 'num_seeds': 2, 'num_inducing_points': 64, 'cnn_num_blocks': 2, 'cnn_kernel_size': 5}",
