number,value,state,params_batch_size,params_cnn_kernel_size,params_cnn_num_blocks,params_dropout,params_hidden_dim,params_lr,params_num_heads,params_num_inducing_points,params_num_sab_layers,params_num_seeds,params_weight_decay,user_attrs_latest_running_objective,user_attrs_params,user_attrs_rows
43,0.09779747767107827,PRUNED,32,5,2,0.07669858540686482,160,0.00028847162660466003,8,16,1,2,2.6784548179836813e-05,,"{'model_name': 'SetTransformer', 'hidden_dim': 160, 'dropout': 0.07669858540686482, 'lr': 0.00028847162660466003, 'weight_decay': 2.6784548179836813e-05, 'batch_size': 32, 'num_heads': 8, 'num_sab_layers': 1, 'num_seeds': 2, 'num_inducing_points': 16, 'cnn_num_blocks': 2, 'cnn_kernel_size': 5}",
44,0.09940533247731981,PRUNED,32,5,2,0.0881518168910129,160,0.00024797251979581983,2,16,1,2,7.123378572627365e-05,,"{'model_name': 'SetTransformer', 'hidden_dim': 160, 'dropout': 0.0881518168910129, 'lr': 0.00024797251979581983, 'weight_decay': 7.123378572627365e-05, 'batch_size': 32, 'num_heads': 2, 'num_sab_layers': 1, 'num_seeds': 2, 'num_inducing_points': 16, 'cnn_num_blocks': 2, 'cnn_kernel_size': 5}",
45,0.0968626694310279,PRUNED,64,5,3,0.0649546042055791,160,0.0002280351480805198,8,16,3,2,0.00012671809491126648,,"{'model_name': 'SetTransformer', 'hidden_dim': 160, 'dropout': 0.0649546042055791, 'lr': 0.0002280351480805198, 'weight_decay': 0.00012671809491126648, 'batch_size': 64, 'num_heads': 8, 'num_sab_layers': 3, 'num_seeds': 2, 'num_inducing_points': 16, 'cnn_num_blocks': 3, 'cnn_kernel_size': 5}",
