number,value,state,params_batch_size,params_cnn_kernel_size,params_cnn_num_blocks,params_dropout,params_hidden_dim,params_lr,params_num_heads,params_num_inducing_points,params_num_sab_layers,params_num_seeds,params_weight_decay,user_attrs_latest_running_objective,user_attrs_params,user_attrs_rows
71,0.10350681855565026,PRUNED,32,5,2,0.05193093781746799,96,0.00039095274510364346,8,32,1,2,4.349185489568303e-05,,"{'model_name': 'SetTransformer', 'hidden_dim': 96, 'dropout': 0.05193093781746799, 'lr': 0.00039095274510364346, 'weight_decay': 4.349185489568303e-05, 'batch_size': 32, 'num_heads': 8, 'num_sab_layers': 1, 'num_seeds': 2, 'num_inducing_points': 32, 'cnn_num_blocks': 2, 'cnn_kernel_size': 5}",
