number,value,state,params_batch_size,params_cnn_kernel_size,params_cnn_num_blocks,params_dropout,params_hidden_dim,params_lr,params_num_heads,params_num_inducing_points,params_num_sab_layers,params_num_seeds,params_weight_decay,user_attrs_latest_running_objective,user_attrs_params,user_attrs_rows
5,0.10611805809395654,PRUNED,64,3,2,0.2357274259781298,64,0.00047989490480371857,4,32,3,1,2.513045354320345e-05,,"{'model_name': 'SetTransformer', 'hidden_dim': 64, 'dropout': 0.2357274259781298, 'lr': 0.00047989490480371857, 'weight_decay': 2.513045354320345e-05, 'batch_size': 64, 'num_heads': 4, 'num_sab_layers': 3, 'num_seeds': 1, 'num_inducing_points': 32, 'cnn_num_blocks': 2, 'cnn_kernel_size': 3}",
6,0.10059833363408134,PRUNED,64,5,2,0.0919457831798133,96,0.0011083562027233587,4,32,3,2,5.1271696310885596e-05,,"{'model_name': 'SetTransformer', 'hidden_dim': 96, 'dropout': 0.0919457831798133, 'lr': 0.0011083562027233587, 'weight_decay': 5.1271696310885596e-05, 'batch_size': 64, 'num_heads': 4, 'num_sab_layers': 3, 'num_seeds': 2, 'num_inducing_points': 32, 'cnn_num_blocks': 2, 'cnn_kernel_size': 5}",
7,0.10386945598182223,PRUNED,64,5,2,0.20430555005030396,64,0.0008994909894491341,2,64,1,1,2.688506084952369e-05,,"{'model_name': 'SetTransformer', 'hidden_dim': 64, 'dropout': 0.20430555005030396, 'lr': 0.0008994909894491341, 'weight_decay': 2.688506084952369e-05, 'batch_size': 64, 'num_heads': 2, 'num_sab_layers': 1, 'num_seeds': 1, 'num_inducing_points': 64, 'cnn_num_blocks': 2, 'cnn_kernel_size': 5}",
8,0.10648400819017774,PRUNED,64,3,3,0.16299031487565013,160,0.00036710573584683936,2,32,1,2,8.35892360580422e-05,,"{'model_name': 'SetTransformer', 'hidden_dim': 160, 'dropout': 0.16299031487565013, 'lr': 0.00036710573584683936, 'weight_decay': 8.35892360580422e-05, 'batch_size': 64, 'num_heads': 2, 'num_sab_layers': 1, 'num_seeds': 2, 'num_inducing_points': 32, 'cnn_num_blocks': 3, 'cnn_kernel_size': 3}",
9,0.09461486144434839,PRUNED,16,3,3,0.16136807397679195,96,0.0003230935718935459,2,16,1,2,0.0003453579911513905,,"{'model_name': 'SetTransformer', 'hidden_dim': 96, 'dropout': 0.16136807397679195, 'lr': 0.0003230935718935459, 'weight_decay': 0.0003453579911513905, 'batch_size': 16, 'num_heads': 2, 'num_sab_layers': 1, 'num_seeds': 2, 'num_inducing_points': 16, 'cnn_num_blocks': 3, 'cnn_kernel_size': 3}",
10,0.10064688864208403,PRUNED,16,3,4,0.0014992957389542844,96,0.002688782321112557,8,64,3,2,4.7177104257442774e-06,,"{'model_name': 'SetTransformer', 'hidden_dim': 96, 'dropout': 0.0014992957389542844, 'lr': 0.002688782321112557, 'weight_decay': 4.7177104257442774e-06, 'batch_size': 16, 'num_heads': 8, 'num_sab_layers': 3, 'num_seeds': 2, 'num_inducing_points': 64, 'cnn_num_blocks': 4, 'cnn_kernel_size': 3}",
