number,value,state,params_batch_size,params_cnn_kernel_size,params_cnn_num_blocks,params_dropout,params_hidden_dim,params_lr,params_num_heads,params_num_inducing_points,params_num_sab_layers,params_weight_decay,user_attrs_latest_running_objective,user_attrs_params,user_attrs_rows
4,0.09484102736626353,PRUNED,8,3,2,0.05567533266935892,160,0.0001571682420165152,2,32,2,1.2172847081122448e-05,,"{'model_name': 'SetTransformer', 'hidden_dim': 160, 'dropout': 0.05567533266935892, 'lr': 0.0001571682420165152, 'weight_decay': 1.2172847081122448e-05, 'batch_size': 8, 'num_heads': 2, 'num_sab_layers': 2, 'num_seeds': 1, 'num_inducing_points': 32, 'cnn_num_blocks': 2, 'cnn_kernel_size': 3}",
