number,value,state,params_batch_size,params_cnn_kernel_size,params_cnn_num_blocks,params_dropout,params_hidden_dim,params_lr,params_num_heads,params_num_inducing_points,params_num_sab_layers,params_weight_decay,user_attrs_latest_running_objective,user_attrs_params,user_attrs_rows
20,0.06534105881693818,PRUNED,4,5,3,0.043056262816354045,96,0.00013494239503145333,2,16,2,4.453378430170962e-06,,"{'model_name': 'SetTransformer', 'hidden_dim': 96, 'dropout': 0.043056262816354045, 'lr': 0.00013494239503145333, 'weight_decay': 4.453378430170962e-06, 'batch_size': 4, 'num_heads': 2, 'num_sab_layers': 2, 'num_seeds': 1, 'num_inducing_points': 16, 'cnn_num_blocks': 3, 'cnn_kernel_size': 5}",
