number,value,state,params_batch_size,params_cnn_kernel_size,params_cnn_num_blocks,params_dropout,params_hidden_dim,params_lr,params_num_heads,params_num_inducing_points,params_num_sab_layers,params_weight_decay,user_attrs_latest_running_objective,user_attrs_params,user_attrs_rows
37,0.06877380693774848,PRUNED,4,3,2,0.05989465420715619,160,0.00020019767014196532,4,32,2,3.963343298820502e-06,,"{'model_name': 'SetTransformer', 'hidden_dim': 160, 'dropout': 0.05989465420715619, 'lr': 0.00020019767014196532, 'weight_decay': 3.963343298820502e-06, 'batch_size': 4, 'num_heads': 4, 'num_sab_layers': 2, 'num_seeds': 1, 'num_inducing_points': 32, 'cnn_num_blocks': 2, 'cnn_kernel_size': 3}",
38,0.09027539108480725,PRUNED,8,3,2,0.0468411260493164,128,0.00016768555996830598,4,16,2,1.5718858748263713e-05,,"{'model_name': 'SetTransformer', 'hidden_dim': 128, 'dropout': 0.0468411260493164, 'lr': 0.00016768555996830598, 'weight_decay': 1.5718858748263713e-05, 'batch_size': 8, 'num_heads': 4, 'num_sab_layers': 2, 'num_seeds': 1, 'num_inducing_points': 16, 'cnn_num_blocks': 2, 'cnn_kernel_size': 3}",
39,0.06781669073693809,PRUNED,4,3,2,0.08081529137869194,160,0.00015449293652795918,4,32,2,2.8009130184150128e-05,,"{'model_name': 'SetTransformer', 'hidden_dim': 160, 'dropout': 0.08081529137869194, 'lr': 0.00015449293652795918, 'weight_decay': 2.8009130184150128e-05, 'batch_size': 4, 'num_heads': 4, 'num_sab_layers': 2, 'num_seeds': 1, 'num_inducing_points': 32, 'cnn_num_blocks': 2, 'cnn_kernel_size': 3}",
