number,value,state,params_batch_size,params_cnn_kernel_size,params_cnn_num_blocks,params_dropout,params_hidden_dim,params_lr,params_num_heads,params_num_inducing_points,params_num_sab_layers,params_weight_decay,user_attrs_latest_running_objective,user_attrs_params,user_attrs_rows
6,0.07266577531894049,PRUNED,8,5,3,0.07085706911647027,128,0.00043088536367742996,2,32,1,3.1519872951938878e-06,,"{'model_name': 'SetTransformer', 'hidden_dim': 128, 'dropout': 0.07085706911647027, 'lr': 0.00043088536367742996, 'weight_decay': 3.1519872951938878e-06, 'batch_size': 8, 'num_heads': 2, 'num_sab_layers': 1, 'num_seeds': 1, 'num_inducing_points': 32, 'cnn_num_blocks': 3, 'cnn_kernel_size': 5}",
