number,value,state,params_batch_size,params_cnn_kernel_size,params_cnn_num_blocks,params_dropout,params_hidden_dim,params_lr,params_num_heads,params_num_inducing_points,params_num_sab_layers,params_weight_decay,user_attrs_latest_running_objective,user_attrs_params,user_attrs_rows
23,0.0630693572262923,PRUNED,4,5,3,0.06122527620128922,96,0.00024784082788257633,2,16,2,2.337563907446333e-06,,"{'model_name': 'SetTransformer', 'hidden_dim': 96, 'dropout': 0.06122527620128922, 'lr': 0.00024784082788257633, 'weight_decay': 2.337563907446333e-06, 'batch_size': 4, 'num_heads': 2, 'num_sab_layers': 2, 'num_seeds': 1, 'num_inducing_points': 16, 'cnn_num_blocks': 3, 'cnn_kernel_size': 5}",
24,0.06520501839085704,PRUNED,4,5,3,0.027234174667842975,96,0.00012286810774788263,2,16,2,1.3906234692982161e-06,,"{'model_name': 'SetTransformer', 'hidden_dim': 96, 'dropout': 0.027234174667842975, 'lr': 0.00012286810774788263, 'weight_decay': 1.3906234692982161e-06, 'batch_size': 4, 'num_heads': 2, 'num_sab_layers': 2, 'num_seeds': 1, 'num_inducing_points': 16, 'cnn_num_blocks': 3, 'cnn_kernel_size': 5}",
