number,value,state,params_batch_size,params_cnn_kernel_size,params_cnn_num_blocks,params_dropout,params_hidden_dim,params_lr,params_num_heads,params_num_inducing_points,params_num_sab_layers,params_weight_decay,user_attrs_latest_running_objective,user_attrs_params,user_attrs_rows
30,0.06901415075574602,PRUNED,16,5,2,0.06327439078058725,160,0.00014076177928293358,4,16,2,1.0799578974575437e-05,,"{'model_name': 'SetTransformer', 'hidden_dim': 160, 'dropout': 0.06327439078058725, 'lr': 0.00014076177928293358, 'weight_decay': 1.0799578974575437e-05, 'batch_size': 16, 'num_heads': 4, 'num_sab_layers': 2, 'num_seeds': 1, 'num_inducing_points': 16, 'cnn_num_blocks': 2, 'cnn_kernel_size': 5}",
31,0.06799592737640653,PRUNED,4,3,2,0.0470025017794642,160,0.00030194377721467824,4,16,2,3.6726376567861927e-06,,"{'model_name': 'SetTransformer', 'hidden_dim': 160, 'dropout': 0.0470025017794642, 'lr': 0.00030194377721467824, 'weight_decay': 3.6726376567861927e-06, 'batch_size': 4, 'num_heads': 4, 'num_sab_layers': 2, 'num_seeds': 1, 'num_inducing_points': 16, 'cnn_num_blocks': 2, 'cnn_kernel_size': 3}",
32,0.0733569444467624,PRUNED,4,3,2,0.024889705244487165,160,0.00027004783288480505,4,16,2,2.79974967374638e-06,,"{'model_name': 'SetTransformer', 'hidden_dim': 160, 'dropout': 0.024889705244487165, 'lr': 0.00027004783288480505, 'weight_decay': 2.79974967374638e-06, 'batch_size': 4, 'num_heads': 4, 'num_sab_layers': 2, 'num_seeds': 1, 'num_inducing_points': 16, 'cnn_num_blocks': 2, 'cnn_kernel_size': 3}",
33,0.08066891795467762,PRUNED,4,3,2,0.043482073737917744,160,0.00033652903774405676,4,16,2,4.942913712565145e-06,,"{'model_name': 'SetTransformer', 'hidden_dim': 160, 'dropout': 0.043482073737917744, 'lr': 0.00033652903774405676, 'weight_decay': 4.942913712565145e-06, 'batch_size': 4, 'num_heads': 4, 'num_sab_layers': 2, 'num_seeds': 1, 'num_inducing_points': 16, 'cnn_num_blocks': 2, 'cnn_kernel_size': 3}",
34,0.0692545409358683,PRUNED,4,3,2,0.03041974821743121,160,0.0004989075279042941,4,32,2,1.618330641784907e-06,,"{'model_name': 'SetTransformer', 'hidden_dim': 160, 'dropout': 0.03041974821743121, 'lr': 0.0004989075279042941, 'weight_decay': 1.618330641784907e-06, 'batch_size': 4, 'num_heads': 4, 'num_sab_layers': 2, 'num_seeds': 1, 'num_inducing_points': 32, 'cnn_num_blocks': 2, 'cnn_kernel_size': 3}",
35,0.07191189236584164,PRUNED,8,3,2,0.05371146385170945,160,0.00022581205167121298,4,16,2,2.7899822192790338e-06,,"{'model_name': 'SetTransformer', 'hidden_dim': 160, 'dropout': 0.05371146385170945, 'lr': 0.00022581205167121298, 'weight_decay': 2.7899822192790338e-06, 'batch_size': 8, 'num_heads': 4, 'num_sab_layers': 2, 'num_seeds': 1, 'num_inducing_points': 16, 'cnn_num_blocks': 2, 'cnn_kernel_size': 3}",
