number,value,state,params_batch_size,params_cnn_kernel_size,params_cnn_num_blocks,params_dropout,params_hidden_dim,params_lr,params_num_heads,params_num_inducing_points,params_num_sab_layers,params_weight_decay,user_attrs_latest_running_objective,user_attrs_params,user_attrs_rows
17,0.0759891157881135,PRUNED,4,5,2,0.03487060489157788,96,0.00018771591956840176,4,16,2,8.520499116629801e-05,,"{'model_name': 'SetTransformer', 'hidden_dim': 96, 'dropout': 0.03487060489157788, 'lr': 0.00018771591956840176, 'weight_decay': 8.520499116629801e-05, 'batch_size': 4, 'num_heads': 4, 'num_sab_layers': 2, 'num_seeds': 1, 'num_inducing_points': 16, 'cnn_num_blocks': 2, 'cnn_kernel_size': 5}",
18,0.06646227480045387,PRUNED,4,5,2,0.020447356292211956,96,0.0003770450037093997,4,16,2,3.766572159934339e-05,,"{'model_name': 'SetTransformer', 'hidden_dim': 96, 'dropout': 0.020447356292211956, 'lr': 0.0003770450037093997, 'weight_decay': 3.766572159934339e-05, 'batch_size': 4, 'num_heads': 4, 'num_sab_layers': 2, 'num_seeds': 1, 'num_inducing_points': 16, 'cnn_num_blocks': 2, 'cnn_kernel_size': 5}",
