number,value,state,params_batch_size,params_cnn_kernel_size,params_cnn_num_blocks,params_dropout,params_hidden_dim,params_lr,params_num_heads,params_num_inducing_points,params_num_sab_layers,params_weight_decay,user_attrs_latest_running_objective,user_attrs_params,user_attrs_rows
10,0.07078894894747507,PRUNED,16,5,2,0.02059971829558173,96,0.00023019317289585416,4,16,1,7.930277947427229e-06,,"{'model_name': 'SetTransformer', 'hidden_dim': 96, 'dropout': 0.02059971829558173, 'lr': 0.00023019317289585416, 'weight_decay': 7.930277947427229e-06, 'batch_size': 16, 'num_heads': 4, 'num_sab_layers': 1, 'num_seeds': 1, 'num_inducing_points': 16, 'cnn_num_blocks': 2, 'cnn_kernel_size': 5}",
11,0.08144828549453191,PRUNED,16,5,2,0.11458097199737133,96,0.0002104577861136812,2,64,1,2.3492201111814107e-05,,"{'model_name': 'SetTransformer', 'hidden_dim': 96, 'dropout': 0.11458097199737133, 'lr': 0.0002104577861136812, 'weight_decay': 2.3492201111814107e-05, 'batch_size': 16, 'num_heads': 2, 'num_sab_layers': 1, 'num_seeds': 1, 'num_inducing_points': 64, 'cnn_num_blocks': 2, 'cnn_kernel_size': 5}",
12,0.06688436177514848,PRUNED,16,5,2,0.11987524270874557,128,0.00018757731064486874,2,64,1,1.7009708800049608e-05,,"{'model_name': 'SetTransformer', 'hidden_dim': 128, 'dropout': 0.11987524270874557, 'lr': 0.00018757731064486874, 'weight_decay': 1.7009708800049608e-05, 'batch_size': 16, 'num_heads': 2, 'num_sab_layers': 1, 'num_seeds': 1, 'num_inducing_points': 64, 'cnn_num_blocks': 2, 'cnn_kernel_size': 5}",
13,0.06742577843722843,PRUNED,16,5,3,0.09752375990489995,96,0.0001041977474558866,2,64,1,9.633400485573321e-05,,"{'model_name': 'SetTransformer', 'hidden_dim': 96, 'dropout': 0.09752375990489995, 'lr': 0.0001041977474558866, 'weight_decay': 9.633400485573321e-05, 'batch_size': 16, 'num_heads': 2, 'num_sab_layers': 1, 'num_seeds': 1, 'num_inducing_points': 64, 'cnn_num_blocks': 3, 'cnn_kernel_size': 5}",
14,0.07954136828581491,PRUNED,16,5,3,0.09187283248374195,160,0.00025667159830755425,4,16,2,5.579716318021874e-06,,"{'model_name': 'SetTransformer', 'hidden_dim': 160, 'dropout': 0.09187283248374195, 'lr': 0.00025667159830755425, 'weight_decay': 5.579716318021874e-06, 'batch_size': 16, 'num_heads': 4, 'num_sab_layers': 2, 'num_seeds': 1, 'num_inducing_points': 16, 'cnn_num_blocks': 3, 'cnn_kernel_size': 5}",
15,0.0727122317467417,PRUNED,16,5,2,0.09976856268906592,128,0.000294232702832241,2,64,1,1.2685982241117103e-05,,"{'model_name': 'SetTransformer', 'hidden_dim': 128, 'dropout': 0.09976856268906592, 'lr': 0.000294232702832241, 'weight_decay': 1.2685982241117103e-05, 'batch_size': 16, 'num_heads': 2, 'num_sab_layers': 1, 'num_seeds': 1, 'num_inducing_points': 64, 'cnn_num_blocks': 2, 'cnn_kernel_size': 5}",
