number,value,state,params_batch_size,params_cnn_kernel_size,params_cnn_num_blocks,params_dropout,params_hidden_dim,params_lr,params_num_heads,params_num_inducing_points,params_num_sab_layers,params_weight_decay,user_attrs_latest_running_objective,user_attrs_params,user_attrs_rows
28,0.07643832355028107,PRUNED,8,5,2,0.0510099931101649,160,0.00016121837323874774,4,16,2,5.74733337524409e-06,,"{'model_name': 'SetTransformer', 'hidden_dim': 160, 'dropout': 0.0510099931101649, 'lr': 0.00016121837323874774, 'weight_decay': 5.74733337524409e-06, 'batch_size': 8, 'num_heads': 4, 'num_sab_layers': 2, 'num_seeds': 1, 'num_inducing_points': 16, 'cnn_num_blocks': 2, 'cnn_kernel_size': 5}",
