number,value,state,params_batch_size,params_cnn_kernel_size,params_cnn_num_blocks,params_dropout,params_hidden_dim,params_lr,params_num_heads,params_num_inducing_points,params_num_sab_layers,params_weight_decay,user_attrs_latest_running_objective,user_attrs_params,user_attrs_rows
8,0.06560442655214242,PRUNED,4,3,3,0.05008783098167696,96,0.00015815938282502925,4,16,2,1.1851515660043111e-06,,"{'model_name': 'SetTransformer', 'hidden_dim': 96, 'dropout': 0.05008783098167696, 'lr': 0.00015815938282502925, 'weight_decay': 1.1851515660043111e-06, 'batch_size': 4, 'num_heads': 4, 'num_sab_layers': 2, 'num_seeds': 1, 'num_inducing_points': 16, 'cnn_num_blocks': 3, 'cnn_kernel_size': 3}",
