number,value,state,params_batch_size,params_cnn_kernel_size,params_cnn_num_blocks,params_dropout,params_hidden_dim,params_lr,params_num_heads,params_num_inducing_points,params_num_sab_layers,params_weight_decay,user_attrs_latest_running_objective,user_attrs_params,user_attrs_rows
4,0.059838711612281346,PRUNED,8,3,3,0.09158618803421191,128,0.00030812039772373757,2,32,2,6.97828126512603e-05,,"{'model_name': 'SetTransformer', 'hidden_dim': 128, 'dropout': 0.09158618803421191, 'lr': 0.00030812039772373757, 'weight_decay': 6.97828126512603e-05, 'batch_size': 8, 'num_heads': 2, 'num_sab_layers': 2, 'num_seeds': 1, 'num_inducing_points': 32, 'cnn_num_blocks': 3, 'cnn_kernel_size': 3}",
