number,value,state,params_batch_size,params_cnn_kernel_size,params_cnn_num_blocks,params_dropout,params_hidden_dim,params_lr,params_num_heads,params_num_inducing_points,params_num_sab_layers,params_weight_decay,user_attrs_latest_running_objective,user_attrs_params,user_attrs_rows
8,0.058907896422204516,PRUNED,8,5,3,0.09168730399387946,128,0.0002199725640349529,2,16,2,1.6599837974449216e-06,,"{'model_name': 'SetTransformer', 'hidden_dim': 128, 'dropout': 0.09168730399387946, 'lr': 0.0002199725640349529, 'weight_decay': 1.6599837974449216e-06, 'batch_size': 8, 'num_heads': 2, 'num_sab_layers': 2, 'num_seeds': 1, 'num_inducing_points': 16, 'cnn_num_blocks': 3, 'cnn_kernel_size': 5}",
9,0.08204043603369168,PRUNED,8,5,2,0.04909036819034352,128,0.00048329850881517603,2,16,2,8.411909465645726e-05,,"{'model_name': 'SetTransformer', 'hidden_dim': 128, 'dropout': 0.04909036819034352, 'lr': 0.00048329850881517603, 'weight_decay': 8.411909465645726e-05, 'batch_size': 8, 'num_heads': 2, 'num_sab_layers': 2, 'num_seeds': 1, 'num_inducing_points': 16, 'cnn_num_blocks': 2, 'cnn_kernel_size': 5}",
10,0.05569519711037477,PRUNED,4,5,2,0.020479774636465373,96,0.00015136922658061855,4,16,2,4.842815409991511e-06,,"{'model_name': 'SetTransformer', 'hidden_dim': 96, 'dropout': 0.020479774636465373, 'lr': 0.00015136922658061855, 'weight_decay': 4.842815409991511e-06, 'batch_size': 4, 'num_heads': 4, 'num_sab_layers': 2, 'num_seeds': 1, 'num_inducing_points': 16, 'cnn_num_blocks': 2, 'cnn_kernel_size': 5}",
11,0.05926762680922236,PRUNED,4,5,3,0.02069979653497537,128,0.000218688675194897,4,16,1,5.022117413554359e-06,,"{'model_name': 'SetTransformer', 'hidden_dim': 128, 'dropout': 0.02069979653497537, 'lr': 0.000218688675194897, 'weight_decay': 5.022117413554359e-06, 'batch_size': 4, 'num_heads': 4, 'num_sab_layers': 1, 'num_seeds': 1, 'num_inducing_points': 16, 'cnn_num_blocks': 3, 'cnn_kernel_size': 5}",
