number,value,state,params_batch_size,params_cnn_kernel_size,params_cnn_num_blocks,params_dropout,params_hidden_dim,params_lr,params_num_heads,params_num_inducing_points,params_num_sab_layers,params_weight_decay,user_attrs_latest_running_objective,user_attrs_params,user_attrs_rows
6,0.056869819015264514,PRUNED,8,3,2,0.07100459770841705,128,0.0004365117562076232,2,32,2,8.798929749689028e-06,,"{'model_name': 'SetTransformer', 'hidden_dim': 128, 'dropout': 0.07100459770841705, 'lr': 0.0004365117562076232, 'weight_decay': 8.798929749689028e-06, 'batch_size': 8, 'num_heads': 2, 'num_sab_layers': 2, 'num_seeds': 1, 'num_inducing_points': 32, 'cnn_num_blocks': 2, 'cnn_kernel_size': 3}",
