number,value,state,params_batch_size,params_cnn_kernel_size,params_cnn_num_blocks,params_dropout,params_hidden_dim,params_lr,params_num_heads,params_num_inducing_points,params_num_sab_layers,params_weight_decay,user_attrs_latest_running_objective,user_attrs_params,user_attrs_rows
15,0.05551242152495044,PRUNED,4,5,2,0.09835404734181957,128,0.00015073666819359632,4,16,1,1.926300832284279e-05,,"{'model_name': 'SetTransformer', 'hidden_dim': 128, 'dropout': 0.09835404734181957, 'lr': 0.00015073666819359632, 'weight_decay': 1.926300832284279e-05, 'batch_size': 4, 'num_heads': 4, 'num_sab_layers': 1, 'num_seeds': 1, 'num_inducing_points': 16, 'cnn_num_blocks': 2, 'cnn_kernel_size': 5}",
16,0.06290320817913328,PRUNED,4,5,2,0.03625399424225749,128,0.00018777950655221554,4,32,2,3.289569025667756e-06,,"{'model_name': 'SetTransformer', 'hidden_dim': 128, 'dropout': 0.03625399424225749, 'lr': 0.00018777950655221554, 'weight_decay': 3.289569025667756e-06, 'batch_size': 4, 'num_heads': 4, 'num_sab_layers': 2, 'num_seeds': 1, 'num_inducing_points': 32, 'cnn_num_blocks': 2, 'cnn_kernel_size': 5}",
17,0.059884415841883136,PRUNED,4,5,3,0.05778990117590331,128,0.0002711112805178871,2,16,1,3.906029543583405e-05,,"{'model_name': 'SetTransformer', 'hidden_dim': 128, 'dropout': 0.05778990117590331, 'lr': 0.0002711112805178871, 'weight_decay': 3.906029543583405e-05, 'batch_size': 4, 'num_heads': 2, 'num_sab_layers': 1, 'num_seeds': 1, 'num_inducing_points': 16, 'cnn_num_blocks': 3, 'cnn_kernel_size': 5}",
18,0.06064830589152518,PRUNED,4,3,2,0.06966803327364379,96,0.00036913830437377854,4,16,1,7.361765150850814e-06,,"{'model_name': 'SetTransformer', 'hidden_dim': 96, 'dropout': 0.06966803327364379, 'lr': 0.00036913830437377854, 'weight_decay': 7.361765150850814e-06, 'batch_size': 4, 'num_heads': 4, 'num_sab_layers': 1, 'num_seeds': 1, 'num_inducing_points': 16, 'cnn_num_blocks': 2, 'cnn_kernel_size': 3}",
19,0.07559437143305937,PRUNED,4,5,3,0.031674269123229834,128,0.00020216483970974622,2,32,2,1.3942321129455231e-05,,"{'model_name': 'SetTransformer', 'hidden_dim': 128, 'dropout': 0.031674269123229834, 'lr': 0.00020216483970974622, 'weight_decay': 1.3942321129455231e-05, 'batch_size': 4, 'num_heads': 2, 'num_sab_layers': 2, 'num_seeds': 1, 'num_inducing_points': 32, 'cnn_num_blocks': 3, 'cnn_kernel_size': 5}",
